Namespace(withAug=False, AugDirect=20, method_name='SAGE', GPUdevice=1, IsDirectedData=True, dataset='cora_ml/', undirect_dataset='Amazon-Computers', MakeImbalance=True, CustomizeMask=False, seed=100, K=2, heads=8, log_root='../logs/', log_path='test', data_path='../dataset/data/tmp/', epochs=1500, num_filter=2, p_q=0.95, p_inter=0.1, dropout=0.0, debug=False, new_setting=False, layer=2, lr=0.005, l2=0.0005, to_undirected=False, alpha=0.1, randomseed=-1, imb_ratio=100, n_layer=2, feat_dim=64, warmup=5, epoch=900, tau=2, max=False, no_mask=False, gdc='ppr')
CUDA Device Index: 1
01-01-10:48:16
excel_file_path is  FalseAug_SAGE_cora_ml01-01-10:48:16_dir.xlsx
dataset is  cora_ml 
Dataset is  [Data(x=[2995, 2879], edge_index=[2, 8416], y=[2995], train_mask=[2995, 10], val_mask=[2995, 10], test_mask=[2995, 10])] 
Chosen from DirectedData:  True
Num of bidrected edges: 258, total num of edges: 8416
This is directed graph:  True
data_x torch.Size([2995, 2879])
splits 10
GraphSAGE2(
  (conv1): SAGEConv(2879, 64)
  (conv2): SAGEConv(64, 7)
)
Beginning for split:  0 01-10:49:08
Early stop at epoch:  510
split:   0, val_loss:   5.12, test_Acc:  30.40, test_bacc:  34.59, test_f1:  31.52
Beginning for split:  1 01-10:52:27
Early stop at epoch:  506
split:   1, val_loss:   3.21, test_Acc:  36.90, test_bacc:  35.77, test_f1:  34.09
Beginning for split:  2 01-10:57:43
Early stop at epoch:  511
split:   2, val_loss:   4.03, test_Acc:  34.31, test_bacc:  35.46, test_f1:  32.96
Beginning for split:  3 01-11:05:44
Early stop at epoch:  510
split:   3, val_loss:   3.72, test_Acc:  29.60, test_bacc:  34.06, test_f1:  29.66
Beginning for split:  4 01-11:15:53
Early stop at epoch:  515
split:   4, val_loss:   3.70, test_Acc:  31.34, test_bacc:  34.83, test_f1:  31.44
Beginning for split:  5 01-11:28:47
Early stop at epoch:  507
split:   5, val_loss:   3.94, test_Acc:  35.92, test_bacc:  37.82, test_f1:  35.35
Beginning for split:  6 01-11:43:45
Early stop at epoch:  516
split:   6, val_loss:   3.81, test_Acc:  29.98, test_bacc:  33.96, test_f1:  28.74
Beginning for split:  7 01-12:01:29
Early stop at epoch:  506
split:   7, val_loss:   3.51, test_Acc:  32.48, test_bacc:  36.47, test_f1:  30.98
Beginning for split:  8 01-12:21:29
Early stop at epoch:  516
split:   8, val_loss:   3.86, test_Acc:  38.56, test_bacc:  43.27, test_f1:  41.98
Beginning for split:  9 01-12:44:46
Early stop at epoch:  513
split:   9, val_loss:   3.97, test_Acc:  34.82, test_bacc:  34.07, test_f1:  30.88
Total time(all splits):  8509.941042900085
