Namespace(withAug=False, AugDirect=20, method_name='DiG', GPUdevice=0, IsDirectedData=True, dataset='cora_ml/', undirect_dataset='Amazon-Computers', MakeImbalance=True, CustomizeMask=False, seed=100, K=2, heads=8, log_root='../logs/', log_path='test', data_path='../dataset/data/tmp/', epochs=1500, num_filter=2, p_q=0.95, p_inter=0.1, dropout=0.0, debug=False, new_setting=False, layer=2, lr=0.005, l2=0.0005, to_undirected=False, alpha=0.1, randomseed=-1, imb_ratio=100, n_layer=2, feat_dim=64, warmup=5, epoch=900, tau=2, max=False, no_mask=False, gdc='ppr')
CUDA Device Index: 0
01-01-10:46:35
excel_file_path is  FalseAug_DiG_cora_ml01-01-10:46:35_dir.xlsx
dataset is  cora_ml 
Dataset is  [Data(x=[2995, 2879], edge_index=[2, 8416], y=[2995], train_mask=[2995, 10], val_mask=[2995, 10], test_mask=[2995, 10])] 
Chosen from DirectedData:  True
Num of bidrected edges: 258, total num of edges: 8416
This is directed graph:  True
data_x torch.Size([2995, 2879])
splits 10
DiModel(
  (conv1): DIGCNConv(2879, 2)
  (conv2): DIGCNConv(2, 2)
  (Conv): Conv1d(2, 7, kernel_size=(1,), stride=(1,))
)
Beginning for split:  0 01-10:47:31
Early stop at epoch:  516
split:   0, val_loss:   3.67, test_Acc:  27.69, test_bacc:  30.71, test_f1:  22.33
Beginning for split:  1 01-10:50:41
Early stop at epoch:  514
split:   1, val_loss:   2.68, test_Acc:  34.31, test_bacc:  36.53, test_f1:  29.74
Beginning for split:  2 01-10:56:07
Early stop at epoch:  517
split:   2, val_loss:   2.41, test_Acc:  47.13, test_bacc:  45.34, test_f1:  40.38
Beginning for split:  3 01-11:04:01
Early stop at epoch:  502
split:   3, val_loss:   2.96, test_Acc:  38.13, test_bacc:  39.74, test_f1:  35.17
Beginning for split:  4 01-11:14:04
Early stop at epoch:  512
split:   4, val_loss:   2.20, test_Acc:  41.83, test_bacc:  44.27, test_f1:  38.73
Beginning for split:  5 01-11:26:54
Early stop at epoch:  518
split:   5, val_loss:   1.90, test_Acc:  45.31, test_bacc:  48.73, test_f1:  44.99
Beginning for split:  6 01-11:41:57
Early stop at epoch:  508
split:   6, val_loss:   3.32, test_Acc:  38.47, test_bacc:  41.00, test_f1:  35.95
Beginning for split:  7 01-11:59:15
Early stop at epoch:  516
split:   7, val_loss:   2.97, test_Acc:  42.46, test_bacc:  47.93, test_f1:  41.70
Beginning for split:  8 01-12:19:45
Early stop at epoch:  506
split:   8, val_loss:   6.70, test_Acc:  40.64, test_bacc:  47.56, test_f1:  40.44
Beginning for split:  9 01-12:42:59
Early stop at epoch:  509
split:   9, val_loss:   2.63, test_Acc:  47.52, test_bacc:  47.95, test_f1:  44.01
Total time(all splits):  8487.676948785782
