Namespace(withAug=False, AugDirect=20, method_name='Cheb', GPUdevice=2, IsDirectedData=True, dataset='cora_ml/', undirect_dataset='Amazon-Computers', MakeImbalance=True, CustomizeMask=False, seed=100, K=2, heads=8, log_root='../logs/', log_path='test', data_path='../dataset/data/tmp/', epochs=1500, num_filter=2, p_q=0.95, p_inter=0.1, dropout=0.0, debug=False, new_setting=False, layer=2, lr=0.005, l2=0.0005, to_undirected=False, alpha=0.1, randomseed=-1, imb_ratio=100, n_layer=2, feat_dim=64, warmup=5, epoch=900, tau=2, max=False, no_mask=False, gdc='ppr')
CUDA Device Index: 2
01-01-10:49:31
excel_file_path is  FalseAug_Cheb_cora_ml01-01-10:49:31_dir.xlsx
dataset is  cora_ml 
Dataset is  [Data(x=[2995, 2879], edge_index=[2, 8416], y=[2995], train_mask=[2995, 10], val_mask=[2995, 10], test_mask=[2995, 10])] 
Chosen from DirectedData:  True
Num of bidrected edges: 258, total num of edges: 8416
This is directed graph:  True
data_x torch.Size([2995, 2879])
splits 10
ChebModelBen(
  (conv1): ChebConv(2879, 2, K=2, normalization=sym)
  (conv2): ChebConv(2, 2, K=2, normalization=sym)
  (Conv): Conv1d(2, 7, kernel_size=(1,), stride=(1,))
)
Beginning for split:  0 01-10:50:43
Early stop at epoch:  521
split:   0, val_loss:   3.13, test_Acc:  17.92, test_bacc:  19.01, test_f1:  12.64
Beginning for split:  1 01-10:54:27
Early stop at epoch:  516
split:   1, val_loss:   3.94, test_Acc:  17.96, test_bacc:  19.79, test_f1:  12.04
Beginning for split:  2 01-11:00:21
Early stop at epoch:  520
split:   2, val_loss:   6.12, test_Acc:  21.19, test_bacc:  21.67, test_f1:  15.80
Beginning for split:  3 01-11:08:49
Early stop at epoch:  526
split:   3, val_loss:   4.32, test_Acc:  20.21, test_bacc:  22.70, test_f1:  12.45
Beginning for split:  4 01-11:19:58
Early stop at epoch:  514
split:   4, val_loss:  11.33, test_Acc:  21.57, test_bacc:  23.58, test_f1:  16.43
Beginning for split:  5 01-11:33:14
Early stop at epoch:  528
split:   5, val_loss:  14.03, test_Acc:  19.07, test_bacc:  20.31, test_f1:  14.30
Beginning for split:  6 01-11:49:47
Early stop at epoch:  507
split:   6, val_loss:   9.63, test_Acc:  14.90, test_bacc:  17.60, test_f1:   9.38
Beginning for split:  7 01-12:07:52
Early stop at epoch:  526
split:   7, val_loss:  14.00, test_Acc:  16.77, test_bacc:  19.51, test_f1:  11.52
Beginning for split:  8 01-12:30:42
Early stop at epoch:  521
split:   8, val_loss:   7.51, test_Acc:  22.25, test_bacc:  16.84, test_f1:  12.19
Beginning for split:  9 01-12:54:28
Early stop at epoch:  512
split:   9, val_loss:   4.36, test_Acc:  34.69, test_bacc:  24.98, test_f1:  18.57
Total time(all splits):  9047.44351887703
