Namespace(withAug=False, AugDirect=20, method_name='APPNP', GPUdevice=2, IsDirectedData=True, dataset='cora_ml/', undirect_dataset='Amazon-Computers', MakeImbalance=True, CustomizeMask=False, seed=100, K=2, heads=8, log_root='../logs/', log_path='test', data_path='../dataset/data/tmp/', epochs=1500, num_filter=2, p_q=0.95, p_inter=0.1, dropout=0.0, debug=False, new_setting=False, layer=2, lr=0.005, l2=0.0005, to_undirected=False, alpha=0.1, randomseed=-1, imb_ratio=100, n_layer=2, feat_dim=64, warmup=5, epoch=900, tau=2, max=False, no_mask=False, gdc='ppr')
CUDA Device Index: 2
01-01-13:55:59
excel_file_path is  FalseAug_APPNP_cora_ml01-01-13:55:59_dir.xlsx
dataset is  cora_ml 
Dataset is  [Data(x=[2995, 2879], edge_index=[2, 8416], y=[2995], train_mask=[2995, 10], val_mask=[2995, 10], test_mask=[2995, 10])] 
Chosen from DirectedData:  True
Num of bidrected edges: 258, total num of edges: 8416
This is directed graph:  True
data_x torch.Size([2995, 2879])
splits 10
APPNP_ModelBen(
  (line1): Linear(in_features=2879, out_features=2, bias=True)
  (line2): Linear(in_features=2, out_features=2, bias=True)
  (conv1): APPNP(K=10, alpha=0.1)
  (conv2): APPNP(K=10, alpha=0.1)
  (Conv): Conv1d(2, 7, kernel_size=(1,), stride=(1,))
)
Beginning for split:  0 01-13:56:50
Early stop at epoch:  506
split:   0, val_loss:   2.13, test_Acc:  22.17, test_bacc:  26.17, test_f1:  15.58
Beginning for split:  1 01-14:00:15
Early stop at epoch:  521
split:   1, val_loss:   2.46, test_Acc:  20.55, test_bacc:  23.54, test_f1:  13.82
Beginning for split:  2 01-14:06:34
Early stop at epoch:  526
split:   2, val_loss:   2.98, test_Acc:  26.92, test_bacc:  29.16, test_f1:  22.80
Beginning for split:  3 01-14:15:43
Early stop at epoch:  508
split:   3, val_loss:   2.93, test_Acc:  28.24, test_bacc:  31.78, test_f1:  26.64
Beginning for split:  4 01-14:27:23
Early stop at epoch:  508
split:   4, val_loss:   6.28, test_Acc:  27.01, test_bacc:  29.86, test_f1:  23.95
Beginning for split:  5 01-14:41:03
Early stop at epoch:  511
split:   5, val_loss:   3.43, test_Acc:  28.96, test_bacc:  31.80, test_f1:  24.85
Beginning for split:  6 01-14:57:50
Early stop at epoch:  509
split:   6, val_loss:   2.97, test_Acc:  30.32, test_bacc:  34.12, test_f1:  27.72
Beginning for split:  7 01-15:17:07
Early stop at epoch:  512
split:   7, val_loss:   8.18, test_Acc:  33.25, test_bacc:  36.93, test_f1:  31.91
Beginning for split:  8 01-15:39:17
Early stop at epoch:  503
split:   8, val_loss:   6.57, test_Acc:  28.96, test_bacc:  32.45, test_f1:  24.62
Beginning for split:  9 01-16:03:43
Early stop at epoch:  511
split:   9, val_loss:   7.47, test_Acc:  30.66, test_bacc:  33.89, test_f1:  26.54
Total time(all splits):  9305.632665395737
