Namespace(withAug=False, AugDirect=20, method_name='DiG', GPUdevice=2, IsDirectedData=True, dataset='WikipediaNetwork/chameleon', undirect_dataset='Amazon-Computers', MakeImbalance=True, CustomizeMask=False, seed=100, K=2, heads=8, log_root='../logs/', log_path='test', data_path='../dataset/data/tmp/', epochs=1500, num_filter=2, p_q=0.95, p_inter=0.1, dropout=0.0, debug=False, new_setting=False, layer=2, lr=0.005, l2=0.0005, to_undirected=False, alpha=0.1, randomseed=-1, imb_ratio=100, n_layer=2, feat_dim=64, warmup=5, epoch=900, tau=2, max=False, no_mask=False, gdc='ppr')
CUDA Device Index: 2
12-31-12:48:36
excel_file_path is  FalseAug_DiG_WikipediaNetworkchameleon12-31-12:48:36_dir.xlsx
dataset is  WikipediaNetwork chameleon
Dataset is  WikipediaNetwork() 
Chosen from DirectedData:  True
Num of bidrected edges: 4680, total num of edges: 36101
This is directed graph:  True
data_x torch.Size([2277, 2325])
splits 10
DiModel(
  (conv1): DIGCNConv(2325, 2)
  (conv2): DIGCNConv(2, 2)
  (Conv): Conv1d(2, 5, kernel_size=(1,), stride=(1,))
)
Beginning for split:  0 31-12:48:47
Early stop at epoch:  506
split:   0, val_loss:   3.15, test_Acc:  29.39, test_bacc:  28.16, test_f1:  16.12
Beginning for split:  1 31-12:49:33
Early stop at epoch:  508
split:   1, val_loss:   3.29, test_Acc:  35.09, test_bacc:  34.11, test_f1:  19.86
Beginning for split:  2 31-12:50:48
Early stop at epoch:  526
split:   2, val_loss:   2.01, test_Acc:  31.58, test_bacc:  29.78, test_f1:  21.35
Beginning for split:  3 31-12:52:43
Early stop at epoch:  507
split:   3, val_loss:   2.12, test_Acc:  35.96, test_bacc:  34.40, test_f1:  25.59
Beginning for split:  4 31-12:55:14
Early stop at epoch:  508
split:   4, val_loss:   2.49, test_Acc:  39.91, test_bacc:  34.17, test_f1:  21.87
Beginning for split:  5 31-12:58:10
Early stop at epoch:  501
split:   5, val_loss:   1.95, test_Acc:  40.13, test_bacc:  33.26, test_f1:  22.27
Beginning for split:  6 31-13:01:35
Early stop at epoch:  508
split:   6, val_loss:   2.03, test_Acc:  28.29, test_bacc:  27.35, test_f1:  20.22
Beginning for split:  7 31-13:05:40
Early stop at epoch:  502
split:   7, val_loss:   6.37, test_Acc:  25.88, test_bacc:  26.39, test_f1:  14.34
Beginning for split:  8 31-13:10:08
Early stop at epoch:  508
split:   8, val_loss:   2.12, test_Acc:  29.17, test_bacc:  26.54, test_f1:  15.80
Beginning for split:  9 31-13:15:07
Early stop at epoch:  505
split:   9, val_loss:   5.32, test_Acc:  38.16, test_bacc:  34.89, test_f1:  23.79
Total time(all splits):  2009.4927060604095
