Namespace(withAug=False, AugDirect=20, method_name='APPNP', GPUdevice=0, IsDirectedData=True, dataset='WikipediaNetwork/chameleon', undirect_dataset='Amazon-Computers', MakeImbalance=True, CustomizeMask=False, seed=100, K=2, heads=8, log_root='../logs/', log_path='test', data_path='../dataset/data/tmp/', epochs=1500, num_filter=2, p_q=0.95, p_inter=0.1, dropout=0.0, debug=False, new_setting=False, layer=2, lr=0.005, l2=0.0005, to_undirected=False, alpha=0.1, randomseed=-1, imb_ratio=100, n_layer=2, feat_dim=64, warmup=5, epoch=900, tau=2, max=False, no_mask=False, gdc='ppr')
CUDA Device Index: 0
12-31-13:40:03
excel_file_path is  FalseAug_APPNP_WikipediaNetworkchameleon12-31-13:40:03_dir.xlsx
dataset is  WikipediaNetwork chameleon
Dataset is  WikipediaNetwork() 
Chosen from DirectedData:  True
Num of bidrected edges: 4680, total num of edges: 36101
This is directed graph:  True
data_x torch.Size([2277, 2325])
splits 10
APPNP_ModelBen(
  (line1): Linear(in_features=2325, out_features=2, bias=True)
  (line2): Linear(in_features=2, out_features=2, bias=True)
  (conv1): APPNP(K=10, alpha=0.1)
  (conv2): APPNP(K=10, alpha=0.1)
  (Conv): Conv1d(2, 5, kernel_size=(1,), stride=(1,))
)
Beginning for split:  0 31-13:40:19
Early stop at epoch:  509
split:   0, val_loss:   2.30, test_Acc:  32.46, test_bacc:  30.20, test_f1:  20.85
Beginning for split:  1 31-13:42:04
Early stop at epoch:  506
split:   1, val_loss:   2.82, test_Acc:  26.32, test_bacc:  24.55, test_f1:  16.53
Beginning for split:  2 31-13:44:56
Early stop at epoch:  502
split:   2, val_loss:   3.16, test_Acc:  31.36, test_bacc:  27.38, test_f1:  20.74
Beginning for split:  3 31-13:48:57
Early stop at epoch:  516
split:   3, val_loss:   2.54, test_Acc:  27.85, test_bacc:  26.19, test_f1:  18.37
Beginning for split:  4 31-13:54:06
Early stop at epoch:  520
split:   4, val_loss:   2.52, test_Acc:  32.68, test_bacc:  29.67, test_f1:  23.14
Beginning for split:  5 31-14:00:30
Early stop at epoch:  504
split:   5, val_loss:   2.94, test_Acc:  34.43, test_bacc:  28.60, test_f1:  18.49
Beginning for split:  6 31-14:07:34
Early stop at epoch:  509
split:   6, val_loss:   3.23, test_Acc:  20.39, test_bacc:  20.15, test_f1:  10.83
Beginning for split:  7 31-14:15:48
Early stop at epoch:  533
split:   7, val_loss:   3.34, test_Acc:  22.15, test_bacc:  22.20, test_f1:  14.67
Beginning for split:  8 31-14:26:45
Early stop at epoch:  503
split:   8, val_loss:   3.94, test_Acc:  26.32, test_bacc:  23.19, test_f1:  14.28
Beginning for split:  9 31-14:39:08
Early stop at epoch:  521
split:   9, val_loss:   3.12, test_Acc:  32.89, test_bacc:  30.08, test_f1:  20.34
Total time(all splits):  4708.83139705658
