Namespace(withAug=False, AugDirect=20, method_name='GCN', GPUdevice=1, IsDirectedData=True, dataset='WikipediaNetwork/chameleon', undirect_dataset='Amazon-Computers', MakeImbalance=True, CustomizeMask=False, seed=100, K=2, heads=8, log_root='../logs/', log_path='test', data_path='../dataset/data/tmp/', epochs=1500, num_filter=2, p_q=0.95, p_inter=0.1, dropout=0.0, debug=False, new_setting=False, layer=2, lr=0.005, l2=0.0005, to_undirected=False, alpha=0.1, randomseed=-1, imb_ratio=100, n_layer=2, feat_dim=64, warmup=5, epoch=900, tau=2, max=False, no_mask=False, gdc='ppr')
CUDA Device Index: 1
12-31-14:30:42
excel_file_path is  FalseAug_GCN_WikipediaNetworkchameleon12-31-14:30:42_dir.xlsx
dataset is  WikipediaNetwork chameleon
Dataset is  WikipediaNetwork() 
Chosen from DirectedData:  True
Num of bidrected edges: 4680, total num of edges: 36101
This is directed graph:  True
data_x torch.Size([2277, 2325])
splits 10
StandGCN2(
  (conv1): GCNConv(2325, 64)
  (conv2): GCNConv(64, 5)
)
Beginning for split:  0 31-14:31:01
Early stop at epoch:  511
split:   0, val_loss:   4.18, test_Acc:  32.68, test_bacc:  32.20, test_f1:  28.46
Beginning for split:  1 31-14:32:35
Early stop at epoch:  511
split:   1, val_loss:   3.99, test_Acc:  33.55, test_bacc:  34.00, test_f1:  25.43
Beginning for split:  2 31-14:35:28
Early stop at epoch:  508
split:   2, val_loss:   7.23, test_Acc:  35.75, test_bacc:  33.06, test_f1:  26.12
Beginning for split:  3 31-14:40:42
Early stop at epoch:  505
split:   3, val_loss:   3.69, test_Acc:  34.87, test_bacc:  33.54, test_f1:  24.84
Beginning for split:  4 31-14:48:20
Early stop at epoch:  507
split:   4, val_loss:  43.35, test_Acc:  36.40, test_bacc:  31.75, test_f1:  24.70
Beginning for split:  5 31-14:57:49
Early stop at epoch:  506
split:   5, val_loss:   6.54, test_Acc:  33.33, test_bacc:  30.08, test_f1:  26.89
Beginning for split:  6 31-15:08:45
Early stop at epoch:  507
split:   6, val_loss:   8.37, test_Acc:  31.58, test_bacc:  30.29, test_f1:  24.90
Beginning for split:  7 31-15:22:04
Early stop at epoch:  505
split:   7, val_loss:   6.89, test_Acc:  34.21, test_bacc:  33.04, test_f1:  27.77
Beginning for split:  8 31-15:38:54
Early stop at epoch:  505
split:   8, val_loss:  12.27, test_Acc:  40.35, test_bacc:  37.92, test_f1:  31.23
Beginning for split:  9 31-15:57:58
Early stop at epoch:  512
split:   9, val_loss:  14.32, test_Acc:  29.82, test_bacc:  27.48, test_f1:  22.75
Total time(all splits):  6526.559921503067
