Namespace(withAug=False, AugDirect=20, method_name='GAT', GPUdevice=2, IsDirectedData=True, dataset='WikipediaNetwork/chameleon', undirect_dataset='Amazon-Computers', MakeImbalance=True, CustomizeMask=False, seed=100, K=2, heads=8, log_root='../logs/', log_path='test', data_path='../dataset/data/tmp/', epochs=1500, num_filter=2, p_q=0.95, p_inter=0.1, dropout=0.0, debug=False, new_setting=False, layer=2, lr=0.005, l2=0.0005, to_undirected=False, alpha=0.1, randomseed=-1, imb_ratio=100, n_layer=2, feat_dim=64, warmup=5, epoch=900, tau=2, max=False, no_mask=False, gdc='ppr')
CUDA Device Index: 2
12-31-13:41:06
excel_file_path is  FalseAug_GAT_WikipediaNetworkchameleon12-31-13:41:06_dir.xlsx
dataset is  WikipediaNetwork chameleon
Dataset is  WikipediaNetwork() 
Chosen from DirectedData:  True
Num of bidrected edges: 4680, total num of edges: 36101
This is directed graph:  True
data_x torch.Size([2277, 2325])
splits 10
StandGAT2(
  (conv1): GATConv(2325, 16, heads=4)
  (conv2): GATConv(64, 5, heads=1)
)
Beginning for split:  0 31-13:41:28
Early stop at epoch:  522
split:   0, val_loss:   5.72, test_Acc:  33.55, test_bacc:  32.78, test_f1:  24.38
Beginning for split:  1 31-13:43:07
Early stop at epoch:  509
split:   1, val_loss:   8.60, test_Acc:  30.92, test_bacc:  31.06, test_f1:  24.06
Beginning for split:  2 31-13:45:50
Early stop at epoch:  513
split:   2, val_loss:   8.20, test_Acc:  35.31, test_bacc:  33.32, test_f1:  24.43
Beginning for split:  3 31-13:49:46
Early stop at epoch:  509
split:   3, val_loss:   8.54, test_Acc:  37.94, test_bacc:  35.92, test_f1:  27.75
Beginning for split:  4 31-13:54:52
Early stop at epoch:  506
split:   4, val_loss:   5.60, test_Acc:  35.96, test_bacc:  31.49, test_f1:  24.78
Beginning for split:  5 31-14:00:54
Early stop at epoch:  512
split:   5, val_loss:   5.45, test_Acc:  41.67, test_bacc:  36.18, test_f1:  30.61
Beginning for split:  6 31-14:08:05
Early stop at epoch:  511
split:   6, val_loss:   8.26, test_Acc:  29.82, test_bacc:  28.60, test_f1:  21.98
Beginning for split:  7 31-14:16:13
Early stop at epoch:  514
split:   7, val_loss:   5.91, test_Acc:  30.26, test_bacc:  31.13, test_f1:  23.03
Beginning for split:  8 31-14:26:45
Early stop at epoch:  501
split:   8, val_loss:   8.67, test_Acc:  32.68, test_bacc:  29.88, test_f1:  22.64
Beginning for split:  9 31-14:38:34
Early stop at epoch:  503
split:   9, val_loss:   8.44, test_Acc:  35.75, test_bacc:  32.53, test_f1:  25.22
Total time(all splits):  4555.678772926331
