Downloading https://raw.githubusercontent.com/graphdml-uiuc-jlu/geom-gcn/f1fc0d14b3b019c562737240d06ec83b07d16a8f/new_data/chameleon/out1_node_feature_label.txt
Downloading https://raw.githubusercontent.com/graphdml-uiuc-jlu/geom-gcn/f1fc0d14b3b019c562737240d06ec83b07d16a8f/new_data/chameleon/out1_graph_edges.txt
Downloading https://raw.githubusercontent.com/graphdml-uiuc-jlu/geom-gcn/f1fc0d14b3b019c562737240d06ec83b07d16a8f/splits/chameleon_split_0.6_0.2_0.npz
Downloading https://raw.githubusercontent.com/graphdml-uiuc-jlu/geom-gcn/f1fc0d14b3b019c562737240d06ec83b07d16a8f/splits/chameleon_split_0.6_0.2_1.npz
Downloading https://raw.githubusercontent.com/graphdml-uiuc-jlu/geom-gcn/f1fc0d14b3b019c562737240d06ec83b07d16a8f/splits/chameleon_split_0.6_0.2_2.npz
Downloading https://raw.githubusercontent.com/graphdml-uiuc-jlu/geom-gcn/f1fc0d14b3b019c562737240d06ec83b07d16a8f/splits/chameleon_split_0.6_0.2_3.npz
Downloading https://raw.githubusercontent.com/graphdml-uiuc-jlu/geom-gcn/f1fc0d14b3b019c562737240d06ec83b07d16a8f/splits/chameleon_split_0.6_0.2_4.npz
Downloading https://raw.githubusercontent.com/graphdml-uiuc-jlu/geom-gcn/f1fc0d14b3b019c562737240d06ec83b07d16a8f/splits/chameleon_split_0.6_0.2_5.npz
Downloading https://raw.githubusercontent.com/graphdml-uiuc-jlu/geom-gcn/f1fc0d14b3b019c562737240d06ec83b07d16a8f/splits/chameleon_split_0.6_0.2_6.npz
Downloading https://raw.githubusercontent.com/graphdml-uiuc-jlu/geom-gcn/f1fc0d14b3b019c562737240d06ec83b07d16a8f/splits/chameleon_split_0.6_0.2_7.npz
Downloading https://raw.githubusercontent.com/graphdml-uiuc-jlu/geom-gcn/f1fc0d14b3b019c562737240d06ec83b07d16a8f/splits/chameleon_split_0.6_0.2_8.npz
Downloading https://raw.githubusercontent.com/graphdml-uiuc-jlu/geom-gcn/f1fc0d14b3b019c562737240d06ec83b07d16a8f/splits/chameleon_split_0.6_0.2_9.npz
Processing...
Done!
Namespace(withAug=False, AugDirect=20, method_name='GIN', GPUdevice=0, IsDirectedData=True, dataset='WikipediaNetwork/chameleon', undirect_dataset='Amazon-Computers', MakeImbalance=True, CustomizeMask=False, seed=100, K=2, heads=8, log_root='../logs/', log_path='test', data_path='../dataset/data/tmp/', epochs=1500, num_filter=2, p_q=0.95, p_inter=0.1, dropout=0.0, debug=False, new_setting=False, layer=2, lr=0.005, l2=0.0005, to_undirected=False, alpha=0.1, randomseed=-1, imb_ratio=100, n_layer=2, feat_dim=64, warmup=5, epoch=900, tau=2, max=False, no_mask=False, gdc='ppr')
CUDA Device Index: 0
12-31-12:46:30
excel_file_path is  FalseAug_GIN_WikipediaNetworkchameleon12-31-12:46:30_dir.xlsx
dataset is  WikipediaNetwork chameleon
Dataset is  WikipediaNetwork() 
Chosen from DirectedData:  True
Num of bidrected edges: 4680, total num of edges: 36101
This is directed graph:  True
data_x torch.Size([2277, 2325])
splits 10
GIN_ModelBen(
  (line1): Linear(in_features=2325, out_features=2, bias=True)
  (line2): Linear(in_features=2, out_features=2, bias=True)
  (conv1): GINConv(nn=Linear(in_features=2325, out_features=2, bias=True))
  (conv2): GINConv(nn=Linear(in_features=2, out_features=2, bias=True))
  (Conv): Conv1d(2, 5, kernel_size=(1,), stride=(1,))
)
Beginning for split:  0 31-12:46:41
Early stop at epoch:  502
split:   0, val_loss:  44.72, test_Acc:  22.59, test_bacc:  20.30, test_f1:   8.54
Beginning for split:  1 31-12:47:21
Early stop at epoch:  514
split:   1, val_loss: 103.96, test_Acc:  23.03, test_bacc:  21.71, test_f1:  12.70
Beginning for split:  2 31-12:48:41
Early stop at epoch:  501
split:   2, val_loss:  41.47, test_Acc:  23.46, test_bacc:  20.40, test_f1:  12.40
Beginning for split:  3 31-12:50:34
Early stop at epoch:  501
split:   3, val_loss:   4.29, test_Acc:  21.49, test_bacc:  20.00, test_f1:   7.08
Beginning for split:  4 31-12:52:56
Early stop at epoch:  502
split:   4, val_loss:   4.16, test_Acc:  21.05, test_bacc:  21.98, test_f1:  11.92
Beginning for split:  5 31-12:55:53
Early stop at epoch:  528
split:   5, val_loss:   4.24, test_Acc:  33.55, test_bacc:  27.83, test_f1:  19.58
Beginning for split:  6 31-12:59:24
Early stop at epoch:  507
split:   6, val_loss:   4.14, test_Acc:  23.68, test_bacc:  22.41, test_f1:  13.29
Beginning for split:  7 31-13:03:35
Early stop at epoch:  510
split:   7, val_loss:  10.22, test_Acc:  21.27, test_bacc:  22.42, test_f1:  12.90
Beginning for split:  8 31-13:08:01
Early stop at epoch:  503
split:   8, val_loss:  12.33, test_Acc:  27.85, test_bacc:  25.48, test_f1:  17.38
Beginning for split:  9 31-13:13:08
Early stop at epoch:  503
split:   9, val_loss:   2.69, test_Acc:  30.70, test_bacc:  27.66, test_f1:  16.97
Total time(all splits):  1968.5853073596954
