Namespace(withAug=False, AugDirect=20, method_name='Cheb', GPUdevice=0, IsDirectedData=True, dataset='WikipediaNetwork/chameleon', undirect_dataset='Amazon-Computers', MakeImbalance=True, CustomizeMask=False, seed=100, K=2, heads=8, log_root='../logs/', log_path='test', data_path='../dataset/data/tmp/', epochs=1500, num_filter=2, p_q=0.95, p_inter=0.1, dropout=0.0, debug=False, new_setting=False, layer=2, lr=0.005, l2=0.0005, to_undirected=False, alpha=0.1, randomseed=-1, imb_ratio=100, n_layer=2, feat_dim=64, warmup=5, epoch=900, tau=2, max=False, no_mask=False, gdc='ppr')
CUDA Device Index: 0
12-31-15:31:12
excel_file_path is  FalseAug_Cheb_WikipediaNetworkchameleon12-31-15:31:12_dir.xlsx
dataset is  WikipediaNetwork chameleon
Dataset is  WikipediaNetwork() 
Chosen from DirectedData:  True
Num of bidrected edges: 4680, total num of edges: 36101
This is directed graph:  True
data_x torch.Size([2277, 2325])
splits 10
ChebModelBen(
  (conv1): ChebConv(2325, 2, K=2, normalization=sym)
  (conv2): ChebConv(2, 2, K=2, normalization=sym)
  (Conv): Conv1d(2, 5, kernel_size=(1,), stride=(1,))
)
Beginning for split:  0 31-15:31:45
Early stop at epoch:  521
split:   0, val_loss:   7.88, test_Acc:  34.43, test_bacc:  31.47, test_f1:  19.09
Beginning for split:  1 31-15:34:36
Early stop at epoch:  517
split:   1, val_loss:   7.47, test_Acc:  32.24, test_bacc:  32.60, test_f1:  27.73
Beginning for split:  2 31-15:39:49
Early stop at epoch:  506
split:   2, val_loss:  10.52, test_Acc:  33.99, test_bacc:  31.78, test_f1:  23.88
Beginning for split:  3 31-15:47:01
Early stop at epoch:  502
split:   3, val_loss:  17.90, test_Acc:  32.68, test_bacc:  31.21, test_f1:  20.85
Beginning for split:  4 31-15:56:06
Early stop at epoch:  505
split:   4, val_loss:  10.72, test_Acc:  26.75, test_bacc:  26.63, test_f1:  23.02
Beginning for split:  5 31-16:07:20
Early stop at epoch:  521
split:   5, val_loss:  11.28, test_Acc:  38.60, test_bacc:  32.66, test_f1:  25.52
Beginning for split:  6 31-16:20:48
Early stop at epoch:  503
split:   6, val_loss:   9.97, test_Acc:  27.41, test_bacc:  26.60, test_f1:  19.54
Beginning for split:  7 31-16:35:42
Early stop at epoch:  510
split:   7, val_loss:  14.33, test_Acc:  24.56, test_bacc:  24.41, test_f1:  16.92
Beginning for split:  8 31-16:54:46
Early stop at epoch:  506
split:   8, val_loss:  12.37, test_Acc:  28.73, test_bacc:  25.78, test_f1:  20.22
Beginning for split:  9 31-17:13:29
Early stop at epoch:  508
split:   9, val_loss:  14.41, test_Acc:  30.04, test_bacc:  28.75, test_f1:  21.32
Total time(all splits):  7378.207868099213
