Namespace(withAug=False, AugDirect=20, method_name='GCN', GPUdevice=0, IsDirectedData=True, dataset='WikipediaNetwork/squirrel', undirect_dataset='Amazon-Computers', MakeImbalance=True, CustomizeMask=False, seed=100, K=2, heads=8, log_root='../logs/', log_path='test', data_path='../dataset/data/tmp/', epochs=1500, num_filter=2, p_q=0.95, p_inter=0.1, dropout=0.0, debug=False, new_setting=False, layer=2, lr=0.005, l2=0.0005, to_undirected=False, alpha=0.1, randomseed=-1, imb_ratio=100, n_layer=2, feat_dim=64, warmup=5, epoch=900, tau=2, max=False, no_mask=False, gdc='ppr')
CUDA Device Index: 0
12-31-12:22:05
excel_file_path is  FalseAug_GCN_WikipediaNetworksquirrel12-31-12:22:05_dir.xlsx
dataset is  WikipediaNetwork squirrel
Dataset is  WikipediaNetwork() 
Chosen from DirectedData:  True
Num of bidrected edges: 18580, total num of edges: 217073
This is directed graph:  True
data_x torch.Size([5201, 2089])
splits 10
StandGCN2(
  (conv1): GCNConv(2089, 64)
  (conv2): GCNConv(64, 5)
)
Beginning for split:  0 31-12:22:38
Early stop at epoch:  517
split:   0, val_loss:   4.67, test_Acc:  21.90, test_bacc:  22.19, test_f1:  15.37
Beginning for split:  1 31-12:23:25
Early stop at epoch:  505
split:   1, val_loss:   5.57, test_Acc:  25.84, test_bacc:  26.61, test_f1:  15.93
Beginning for split:  2 31-12:24:39
Early stop at epoch:  529
split:   2, val_loss:   3.29, test_Acc:  23.15, test_bacc:  23.38, test_f1:  13.94
Beginning for split:  3 31-12:26:40
Early stop at epoch:  506
split:   3, val_loss:   2.70, test_Acc:  26.32, test_bacc:  27.06, test_f1:  20.67
Beginning for split:  4 31-12:29:20
Early stop at epoch:  507
split:   4, val_loss:   2.40, test_Acc:  26.13, test_bacc:  26.30, test_f1:  19.34
Beginning for split:  5 31-12:33:50
Early stop at epoch:  525
split:   5, val_loss:   8.01, test_Acc:  29.39, test_bacc:  27.67, test_f1:  17.22
Beginning for split:  6 31-12:37:22
Early stop at epoch:  509
split:   6, val_loss:   4.40, test_Acc:  24.50, test_bacc:  26.13, test_f1:  18.47
Beginning for split:  7 31-12:41:29
Early stop at epoch:  509
split:   7, val_loss:   2.70, test_Acc:  26.99, test_bacc:  27.08, test_f1:  24.29
Beginning for split:  8 31-12:46:03
Early stop at epoch:  511
split:   8, val_loss:   4.24, test_Acc:  24.98, test_bacc:  25.67, test_f1:  16.86
Beginning for split:  9 31-12:51:43
Early stop at epoch:  507
split:   9, val_loss:   9.50, test_Acc:  27.86, test_bacc:  27.61, test_f1:  18.30
Total time(all splits):  2146.841652393341
