Namespace(withAug=False, AugDirect=20, method_name='GAT', GPUdevice=0, IsDirectedData=True, dataset='cora_ml/', undirect_dataset='Amazon-Computers', MakeImbalance=True, CustomizeMask=False, seed=100, K=2, heads=8, log_root='../logs/', log_path='test', data_path='../dataset/data/tmp/', epochs=1500, num_filter=2, p_q=0.95, p_inter=0.1, dropout=0.0, debug=False, new_setting=False, layer=2, lr=0.005, l2=0.0005, to_undirected=False, alpha=0.1, randomseed=-1, imb_ratio=100, n_layer=2, feat_dim=64, warmup=5, epoch=900, tau=2, max=False, no_mask=False, gdc='ppr')
CUDA Device Index: 0
12-31-20:03:21
excel_file_path is  FalseAug_GAT_cora_ml12-31-20:03:21_dir.xlsx
dataset is  cora_ml 
Dataset is  [Data(x=[2995, 2879], edge_index=[2, 8416], y=[2995], train_mask=[2995, 10], val_mask=[2995, 10], test_mask=[2995, 10])] 
Chosen from DirectedData:  True
Num of bidrected edges: 258, total num of edges: 8416
This is directed graph:  True
data_x torch.Size([2995, 2879])
splits 10
StandGAT2(
  (conv1): GATConv(2879, 16, heads=4)
  (conv2): GATConv(64, 7, heads=1)
)
Beginning for split:  0 31-20:04:17
Early stop at epoch:  534
split:   0, val_loss:   4.63, test_Acc:  36.73, test_bacc:  41.26, test_f1:  29.81
Beginning for split:  1 31-20:07:16
Early stop at epoch:  513
split:   1, val_loss:   3.61, test_Acc:  33.55, test_bacc:  36.41, test_f1:  26.49
Beginning for split:  2 31-20:12:50
Early stop at epoch:  518
split:   2, val_loss:   3.14, test_Acc:  34.14, test_bacc:  36.58, test_f1:  26.16
Beginning for split:  3 31-20:20:54
Early stop at epoch:  517
split:   3, val_loss:   2.99, test_Acc:  34.31, test_bacc:  35.22, test_f1:  25.68
Beginning for split:  4 31-20:31:19
Early stop at epoch:  524
split:   4, val_loss:   5.26, test_Acc:  38.60, test_bacc:  38.32, test_f1:  34.04
Beginning for split:  5 31-20:44:16
Early stop at epoch:  503
split:   5, val_loss:   4.67, test_Acc:  32.06, test_bacc:  35.49, test_f1:  26.28
Beginning for split:  6 31-20:59:21
Early stop at epoch:  520
split:   6, val_loss:   4.67, test_Acc:  35.58, test_bacc:  38.64, test_f1:  31.23
Beginning for split:  7 31-21:17:16
Early stop at epoch:  509
split:   7, val_loss:   3.67, test_Acc:  35.58, test_bacc:  38.40, test_f1:  30.36
Beginning for split:  8 31-21:37:35
Early stop at epoch:  514
split:   8, val_loss:   2.38, test_Acc:  36.26, test_bacc:  41.48, test_f1:  34.26
Beginning for split:  9 31-22:00:05
Early stop at epoch:  531
split:   9, val_loss:   1.78, test_Acc:  47.94, test_bacc:  42.56, test_f1:  36.08
Total time(all splits):  8575.148575544357
