cuda:1
Namespace(withAug=True, AugDirect=20, method_name='SAGE', seed=100, IsDirectedData=False, dataset='WebKB/texas', undirect_dataset='Cora', MakeImbalance=True, CustomizeMask=False, K=2, heads=8, log_root='../logs/', log_path='test', data_path='../dataset/data/tmp/', epochs=1500, num_filter=2, p_q=0.95, p_inter=0.1, dropout=0.0, debug=False, new_setting=False, layer=2, lr=0.005, l2=0.0005, to_undirected=False, alpha=0.1, randomseed=-1, imb_ratio=100, n_layer=2, feat_dim=64, warmup=5, epoch=900, tau=2, max=False, no_mask=False, gdc='ppr')
excel_file_path is  TrueAug_SAGE_Cora_output.xlsx
12-04-19:36:29
Dataset is  Cora() 
Chosen from DirectedData:  False
Num of bidrected edges: 5278, total num of edges: 10556
This is directed graph:  False
data_x torch.Size([2708, 1433])
cuda:1
0
mu  cpu cpu
GraphSAGE2(
  (conv1): SAGEConv(1433, 64)
  (conv2): SAGEConv(64, 7)
)
cuda:1
Epoch:0, test_Acc: 21.90, test_bacc: 25.68, test_f1: 15.14
Epoch:1, test_Acc: 30.10, test_bacc: 21.83, test_f1: 13.71
Epoch:2, test_Acc: 42.00, test_bacc: 26.48, test_f1: 16.00
Epoch:3, test_Acc: 44.80, test_bacc: 27.57, test_f1: 18.50
Epoch:4, test_Acc: 44.90, test_bacc: 27.35, test_f1: 19.35
Epoch:5, test_Acc: 44.90, test_bacc: 27.35, test_f1: 19.35
Epoch:6, test_Acc: 44.90, test_bacc: 27.35, test_f1: 19.35
Epoch:7, test_Acc: 44.90, test_bacc: 27.35, test_f1: 19.35
Epoch:8, test_Acc: 44.90, test_bacc: 27.35, test_f1: 19.35
Epoch:9, test_Acc: 44.90, test_bacc: 27.35, test_f1: 19.35
Epoch:10, test_Acc: 44.90, test_bacc: 27.35, test_f1: 19.35
Epoch:11, test_Acc: 44.90, test_bacc: 27.35, test_f1: 19.35
Epoch:12, test_Acc: 44.90, test_bacc: 27.35, test_f1: 19.35
Epoch:13, test_Acc: 44.90, test_bacc: 27.35, test_f1: 19.35
Epoch:14, test_Acc: 44.90, test_bacc: 27.35, test_f1: 19.35
Epoch:15, test_Acc: 44.90, test_bacc: 27.35, test_f1: 19.35
Epoch:16, test_Acc: 44.90, test_bacc: 27.35, test_f1: 19.35
Epoch:17, test_Acc: 44.90, test_bacc: 27.35, test_f1: 19.35
Epoch:18, test_Acc: 44.90, test_bacc: 27.35, test_f1: 19.35
Epoch:19, test_Acc: 44.90, test_bacc: 27.35, test_f1: 19.35
Epoch:20, test_Acc: 44.90, test_bacc: 27.35, test_f1: 19.35
Epoch:21, test_Acc: 44.90, test_bacc: 27.35, test_f1: 19.35
Epoch:22, test_Acc: 44.90, test_bacc: 27.35, test_f1: 19.35
Epoch:23, test_Acc: 44.90, test_bacc: 27.35, test_f1: 19.35
Epoch:24, test_Acc: 44.90, test_bacc: 27.35, test_f1: 19.35
Epoch:25, test_Acc: 44.90, test_bacc: 27.35, test_f1: 19.35
Epoch:26, test_Acc: 44.90, test_bacc: 27.35, test_f1: 19.35
Epoch:27, test_Acc: 44.90, test_bacc: 27.35, test_f1: 19.35
Epoch:28, test_Acc: 45.30, test_bacc: 27.61, test_f1: 21.24
Epoch:29, test_Acc: 46.40, test_bacc: 28.67, test_f1: 23.07
Epoch:30, test_Acc: 47.50, test_bacc: 29.72, test_f1: 24.71
Epoch:31, test_Acc: 48.30, test_bacc: 30.49, test_f1: 25.74
Epoch:32, test_Acc: 49.00, test_bacc: 31.16, test_f1: 26.63
Epoch:33, test_Acc: 49.20, test_bacc: 31.35, test_f1: 26.87
Epoch:34, test_Acc: 49.30, test_bacc: 31.45, test_f1: 26.99
Epoch:35, test_Acc: 49.30, test_bacc: 31.45, test_f1: 26.99
Epoch:36, test_Acc: 50.10, test_bacc: 32.22, test_f1: 27.75
Epoch:37, test_Acc: 50.50, test_bacc: 32.61, test_f1: 28.13
Epoch:38, test_Acc: 50.80, test_bacc: 32.89, test_f1: 28.45
Epoch:39, test_Acc: 50.80, test_bacc: 33.00, test_f1: 28.35
Epoch:40, test_Acc: 51.00, test_bacc: 33.19, test_f1: 28.48
Epoch:41, test_Acc: 51.70, test_bacc: 33.87, test_f1: 29.09
Epoch:42, test_Acc: 52.00, test_bacc: 34.15, test_f1: 29.29
Epoch:43, test_Acc: 52.50, test_bacc: 34.65, test_f1: 29.79
Epoch:44, test_Acc: 52.80, test_bacc: 35.03, test_f1: 30.45
Epoch:45, test_Acc: 54.10, test_bacc: 36.34, test_f1: 31.98
Epoch:46, test_Acc: 54.10, test_bacc: 36.34, test_f1: 31.98
Epoch:47, test_Acc: 55.20, test_bacc: 37.46, test_f1: 33.25
Epoch:48, test_Acc: 55.60, test_bacc: 37.93, test_f1: 33.84
Epoch:49, test_Acc: 56.20, test_bacc: 38.62, test_f1: 34.91
Epoch:50, test_Acc: 56.60, test_bacc: 39.12, test_f1: 35.68
Epoch:51, test_Acc: 56.80, test_bacc: 39.42, test_f1: 36.00
Epoch:52, test_Acc: 58.10, test_bacc: 40.94, test_f1: 38.04
Epoch:53, test_Acc: 58.70, test_bacc: 41.61, test_f1: 38.89
Epoch:54, test_Acc: 59.70, test_bacc: 43.17, test_f1: 41.48
Epoch:55, test_Acc: 60.40, test_bacc: 44.03, test_f1: 42.56
Epoch:56, test_Acc: 61.50, test_bacc: 45.36, test_f1: 43.95
Epoch:57, test_Acc: 62.20, test_bacc: 46.23, test_f1: 44.99
Epoch:58, test_Acc: 63.10, test_bacc: 47.47, test_f1: 46.77
Epoch:59, test_Acc: 63.40, test_bacc: 47.95, test_f1: 47.33
Epoch:60, test_Acc: 63.40, test_bacc: 48.00, test_f1: 47.30
Epoch:61, test_Acc: 64.10, test_bacc: 48.90, test_f1: 48.48
Epoch:62, test_Acc: 64.50, test_bacc: 49.58, test_f1: 49.64
Epoch:63, test_Acc: 64.90, test_bacc: 50.13, test_f1: 50.51
Epoch:64, test_Acc: 65.60, test_bacc: 51.19, test_f1: 52.29
Epoch:65, test_Acc: 66.10, test_bacc: 51.82, test_f1: 53.09
Epoch:66, test_Acc: 66.80, test_bacc: 52.80, test_f1: 54.36
Epoch:67, test_Acc: 67.40, test_bacc: 53.55, test_f1: 55.02
Epoch:68, test_Acc: 68.10, test_bacc: 54.56, test_f1: 56.34
Epoch:69, test_Acc: 68.40, test_bacc: 55.06, test_f1: 57.02
Epoch:70, test_Acc: 68.40, test_bacc: 55.06, test_f1: 57.02
Epoch:71, test_Acc: 69.10, test_bacc: 56.21, test_f1: 58.52
Epoch:72, test_Acc: 69.70, test_bacc: 57.02, test_f1: 59.41
Epoch:73, test_Acc: 69.80, test_bacc: 57.18, test_f1: 59.64
Epoch:74, test_Acc: 70.10, test_bacc: 57.53, test_f1: 60.01
Epoch:75, test_Acc: 70.10, test_bacc: 57.53, test_f1: 60.01
Epoch:76, test_Acc: 70.10, test_bacc: 57.52, test_f1: 60.11
Epoch:77, test_Acc: 70.00, test_bacc: 57.37, test_f1: 60.01
Epoch:78, test_Acc: 70.00, test_bacc: 57.37, test_f1: 60.01
Epoch:79, test_Acc: 70.00, test_bacc: 57.37, test_f1: 60.01
Epoch:80, test_Acc: 70.00, test_bacc: 57.37, test_f1: 60.01
Epoch:81, test_Acc: 70.50, test_bacc: 57.99, test_f1: 60.51
Epoch:82, test_Acc: 71.00, test_bacc: 58.57, test_f1: 61.11
Epoch:83, test_Acc: 70.90, test_bacc: 58.65, test_f1: 61.08
Epoch:84, test_Acc: 70.90, test_bacc: 58.65, test_f1: 61.08
Epoch:85, test_Acc: 70.90, test_bacc: 58.65, test_f1: 61.08
Epoch:86, test_Acc: 70.90, test_bacc: 58.65, test_f1: 61.08
Epoch:87, test_Acc: 70.90, test_bacc: 58.65, test_f1: 61.08
Epoch:88, test_Acc: 70.90, test_bacc: 58.65, test_f1: 61.08
Epoch:89, test_Acc: 70.90, test_bacc: 58.65, test_f1: 61.08
Epoch:90, test_Acc: 70.90, test_bacc: 58.65, test_f1: 61.08
Epoch:91, test_Acc: 70.90, test_bacc: 58.65, test_f1: 61.08
Epoch:92, test_Acc: 70.90, test_bacc: 58.65, test_f1: 61.08
Epoch:93, test_Acc: 70.90, test_bacc: 58.65, test_f1: 61.08
Epoch:94, test_Acc: 71.40, test_bacc: 59.34, test_f1: 61.83
Epoch:95, test_Acc: 71.80, test_bacc: 59.84, test_f1: 62.29
Epoch:96, test_Acc: 72.00, test_bacc: 60.09, test_f1: 62.44
Epoch:97, test_Acc: 72.00, test_bacc: 60.09, test_f1: 62.44
Epoch:98, test_Acc: 72.30, test_bacc: 60.33, test_f1: 62.38
Epoch:99, test_Acc: 72.30, test_bacc: 60.33, test_f1: 62.38
Epoch:100, test_Acc: 72.30, test_bacc: 60.33, test_f1: 62.38
Epoch:101, test_Acc: 72.30, test_bacc: 60.33, test_f1: 62.38
Epoch:102, test_Acc: 72.30, test_bacc: 60.33, test_f1: 62.38
Epoch:103, test_Acc: 72.30, test_bacc: 60.33, test_f1: 62.38
Epoch:104, test_Acc: 72.30, test_bacc: 60.33, test_f1: 62.38
Epoch:105, test_Acc: 72.30, test_bacc: 60.33, test_f1: 62.38
Epoch:106, test_Acc: 72.30, test_bacc: 60.33, test_f1: 62.38
Epoch:107, test_Acc: 72.40, test_bacc: 60.67, test_f1: 62.77
Epoch:108, test_Acc: 72.50, test_bacc: 60.76, test_f1: 62.84
Epoch:109, test_Acc: 72.50, test_bacc: 60.76, test_f1: 62.84
Epoch:110, test_Acc: 72.50, test_bacc: 60.76, test_f1: 62.84
Epoch:111, test_Acc: 72.50, test_bacc: 60.76, test_f1: 62.84
Epoch:112, test_Acc: 72.50, test_bacc: 60.76, test_f1: 62.84
Epoch:113, test_Acc: 72.50, test_bacc: 60.76, test_f1: 62.84
Epoch:114, test_Acc: 72.50, test_bacc: 60.76, test_f1: 62.84
Epoch:115, test_Acc: 72.50, test_bacc: 60.76, test_f1: 62.84
Epoch:116, test_Acc: 72.50, test_bacc: 60.76, test_f1: 62.84
Epoch:117, test_Acc: 72.50, test_bacc: 60.76, test_f1: 62.84
Epoch:118, test_Acc: 72.50, test_bacc: 60.76, test_f1: 62.84
Epoch:119, test_Acc: 72.90, test_bacc: 61.37, test_f1: 63.39
Epoch:120, test_Acc: 73.00, test_bacc: 61.46, test_f1: 63.46
Epoch:121, test_Acc: 73.00, test_bacc: 61.46, test_f1: 63.46
Epoch:122, test_Acc: 73.00, test_bacc: 61.46, test_f1: 63.46
Epoch:123, test_Acc: 73.00, test_bacc: 61.46, test_f1: 63.46
Epoch:124, test_Acc: 73.00, test_bacc: 61.46, test_f1: 63.46
Epoch:125, test_Acc: 73.00, test_bacc: 61.46, test_f1: 63.46
Epoch:126, test_Acc: 73.00, test_bacc: 61.46, test_f1: 63.46
Epoch:127, test_Acc: 73.00, test_bacc: 61.46, test_f1: 63.46
Epoch:128, test_Acc: 73.00, test_bacc: 61.46, test_f1: 63.46
Epoch:129, test_Acc: 73.00, test_bacc: 61.46, test_f1: 63.46
Epoch:130, test_Acc: 73.00, test_bacc: 61.46, test_f1: 63.46
Epoch:131, test_Acc: 73.00, test_bacc: 61.46, test_f1: 63.46
Epoch:132, test_Acc: 73.00, test_bacc: 61.46, test_f1: 63.46
Epoch:133, test_Acc: 73.00, test_bacc: 61.46, test_f1: 63.46
Epoch:134, test_Acc: 73.00, test_bacc: 61.46, test_f1: 63.46
Epoch:135, test_Acc: 73.00, test_bacc: 61.46, test_f1: 63.46
Epoch:136, test_Acc: 73.00, test_bacc: 61.46, test_f1: 63.46
Epoch:137, test_Acc: 73.00, test_bacc: 61.46, test_f1: 63.46
Epoch:138, test_Acc: 73.00, test_bacc: 61.46, test_f1: 63.46
Epoch:139, test_Acc: 73.00, test_bacc: 61.46, test_f1: 63.46
Epoch:140, test_Acc: 73.00, test_bacc: 61.46, test_f1: 63.46
Epoch:141, test_Acc: 73.00, test_bacc: 61.46, test_f1: 63.46
Epoch:142, test_Acc: 73.00, test_bacc: 61.46, test_f1: 63.46
Epoch:143, test_Acc: 73.00, test_bacc: 61.46, test_f1: 63.46
Epoch:144, test_Acc: 73.00, test_bacc: 61.46, test_f1: 63.46
Epoch:145, test_Acc: 73.00, test_bacc: 61.46, test_f1: 63.46
Epoch:146, test_Acc: 73.00, test_bacc: 61.46, test_f1: 63.46
Epoch:147, test_Acc: 73.00, test_bacc: 61.46, test_f1: 63.46
Epoch:148, test_Acc: 73.00, test_bacc: 61.46, test_f1: 63.46
Epoch:149, test_Acc: 73.00, test_bacc: 61.46, test_f1: 63.46
Epoch:150, test_Acc: 73.00, test_bacc: 61.46, test_f1: 63.46
Epoch:151, test_Acc: 73.00, test_bacc: 61.46, test_f1: 63.46
Epoch:152, test_Acc: 73.00, test_bacc: 61.46, test_f1: 63.46
Epoch:153, test_Acc: 73.00, test_bacc: 61.46, test_f1: 63.46
Epoch:154, test_Acc: 73.00, test_bacc: 61.46, test_f1: 63.46
Epoch:155, test_Acc: 73.00, test_bacc: 61.46, test_f1: 63.46
Epoch:156, test_Acc: 73.00, test_bacc: 61.46, test_f1: 63.46
Epoch:157, test_Acc: 73.00, test_bacc: 61.46, test_f1: 63.46
Epoch:158, test_Acc: 73.00, test_bacc: 61.46, test_f1: 63.46
Epoch:159, test_Acc: 73.00, test_bacc: 61.46, test_f1: 63.46
Epoch:160, test_Acc: 73.00, test_bacc: 61.46, test_f1: 63.46
Epoch:161, test_Acc: 73.00, test_bacc: 61.46, test_f1: 63.46
Epoch:162, test_Acc: 73.00, test_bacc: 61.46, test_f1: 63.46
Epoch:163, test_Acc: 73.00, test_bacc: 61.46, test_f1: 63.46
Epoch:164, test_Acc: 73.00, test_bacc: 61.46, test_f1: 63.46
Epoch:165, test_Acc: 73.00, test_bacc: 61.46, test_f1: 63.46
Epoch:166, test_Acc: 73.00, test_bacc: 61.46, test_f1: 63.46
Epoch:167, test_Acc: 73.00, test_bacc: 61.46, test_f1: 63.46
Epoch:168, test_Acc: 73.00, test_bacc: 61.46, test_f1: 63.46
Epoch:169, test_Acc: 73.00, test_bacc: 61.46, test_f1: 63.46
Epoch:170, test_Acc: 73.00, test_bacc: 61.46, test_f1: 63.46
Epoch:171, test_Acc: 73.00, test_bacc: 61.46, test_f1: 63.46
Epoch:172, test_Acc: 73.00, test_bacc: 61.46, test_f1: 63.46
Epoch:173, test_Acc: 73.00, test_bacc: 61.46, test_f1: 63.46
Epoch:174, test_Acc: 73.00, test_bacc: 61.46, test_f1: 63.46
Epoch:175, test_Acc: 73.00, test_bacc: 61.46, test_f1: 63.46
Epoch:176, test_Acc: 73.00, test_bacc: 61.46, test_f1: 63.46
Epoch:177, test_Acc: 73.00, test_bacc: 61.46, test_f1: 63.46
Epoch:178, test_Acc: 73.00, test_bacc: 61.46, test_f1: 63.46
Epoch:179, test_Acc: 73.00, test_bacc: 61.46, test_f1: 63.46
Epoch:180, test_Acc: 73.00, test_bacc: 61.46, test_f1: 63.46
Epoch:181, test_Acc: 73.00, test_bacc: 61.46, test_f1: 63.46
Epoch:182, test_Acc: 73.00, test_bacc: 61.46, test_f1: 63.46
Epoch:183, test_Acc: 73.00, test_bacc: 61.46, test_f1: 63.46
Epoch:184, test_Acc: 73.00, test_bacc: 61.46, test_f1: 63.46
Epoch:185, test_Acc: 73.00, test_bacc: 61.46, test_f1: 63.46
Epoch:186, test_Acc: 73.00, test_bacc: 61.46, test_f1: 63.46
Epoch:187, test_Acc: 73.00, test_bacc: 61.46, test_f1: 63.46
Epoch:188, test_Acc: 73.00, test_bacc: 61.46, test_f1: 63.46
Epoch:189, test_Acc: 73.00, test_bacc: 61.46, test_f1: 63.46
Epoch:190, test_Acc: 73.00, test_bacc: 61.46, test_f1: 63.46
Epoch:191, test_Acc: 73.00, test_bacc: 61.46, test_f1: 63.46
Epoch:192, test_Acc: 73.00, test_bacc: 61.46, test_f1: 63.46
Epoch:193, test_Acc: 73.00, test_bacc: 61.46, test_f1: 63.46
Epoch:194, test_Acc: 73.00, test_bacc: 61.46, test_f1: 63.46
Epoch:195, test_Acc: 73.00, test_bacc: 61.46, test_f1: 63.46
Epoch:196, test_Acc: 73.00, test_bacc: 61.46, test_f1: 63.46
Epoch:197, test_Acc: 73.00, test_bacc: 61.46, test_f1: 63.46
Epoch:198, test_Acc: 73.00, test_bacc: 61.46, test_f1: 63.46
Epoch:199, test_Acc: 73.00, test_bacc: 61.46, test_f1: 63.46
Epoch:200, test_Acc: 73.00, test_bacc: 61.46, test_f1: 63.46
Epoch:201, test_Acc: 73.00, test_bacc: 61.46, test_f1: 63.46
Epoch:202, test_Acc: 73.00, test_bacc: 61.46, test_f1: 63.46
Epoch:203, test_Acc: 73.00, test_bacc: 61.46, test_f1: 63.46
Epoch:204, test_Acc: 73.00, test_bacc: 61.46, test_f1: 63.46
Epoch:205, test_Acc: 73.00, test_bacc: 61.46, test_f1: 63.46
Epoch:206, test_Acc: 73.00, test_bacc: 61.46, test_f1: 63.46
Epoch:207, test_Acc: 73.00, test_bacc: 61.46, test_f1: 63.46
Epoch:208, test_Acc: 73.00, test_bacc: 61.46, test_f1: 63.46
Epoch:209, test_Acc: 73.00, test_bacc: 61.46, test_f1: 63.46
Epoch:210, test_Acc: 73.00, test_bacc: 61.46, test_f1: 63.46
Epoch:211, test_Acc: 73.00, test_bacc: 61.46, test_f1: 63.46
Epoch:212, test_Acc: 73.00, test_bacc: 61.46, test_f1: 63.46
Epoch:213, test_Acc: 73.00, test_bacc: 61.46, test_f1: 63.46
Epoch:214, test_Acc: 73.00, test_bacc: 61.46, test_f1: 63.46
Epoch:215, test_Acc: 73.00, test_bacc: 61.46, test_f1: 63.46
Epoch:216, test_Acc: 73.00, test_bacc: 61.46, test_f1: 63.46
Epoch:217, test_Acc: 73.00, test_bacc: 61.46, test_f1: 63.46
Epoch:218, test_Acc: 73.00, test_bacc: 61.46, test_f1: 63.46
Epoch:219, test_Acc: 73.00, test_bacc: 61.46, test_f1: 63.46
Epoch:220, test_Acc: 73.00, test_bacc: 61.46, test_f1: 63.46
Epoch:221, test_Acc: 73.00, test_bacc: 61.46, test_f1: 63.46
Epoch:222, test_Acc: 73.00, test_bacc: 61.46, test_f1: 63.46
Epoch:223, test_Acc: 73.00, test_bacc: 61.46, test_f1: 63.46
Epoch:224, test_Acc: 73.00, test_bacc: 61.46, test_f1: 63.46
Epoch:225, test_Acc: 73.00, test_bacc: 61.46, test_f1: 63.46
Epoch:226, test_Acc: 73.00, test_bacc: 61.46, test_f1: 63.46
Epoch:227, test_Acc: 73.00, test_bacc: 61.46, test_f1: 63.46
Epoch:228, test_Acc: 73.00, test_bacc: 61.46, test_f1: 63.46
Epoch:229, test_Acc: 73.00, test_bacc: 61.46, test_f1: 63.46
Epoch:230, test_Acc: 73.00, test_bacc: 61.46, test_f1: 63.46
Epoch:231, test_Acc: 73.00, test_bacc: 61.46, test_f1: 63.46
Epoch:232, test_Acc: 73.00, test_bacc: 61.46, test_f1: 63.46
Epoch:233, test_Acc: 73.00, test_bacc: 61.46, test_f1: 63.46
Epoch:234, test_Acc: 73.00, test_bacc: 61.46, test_f1: 63.46
Epoch:235, test_Acc: 73.00, test_bacc: 61.46, test_f1: 63.46
Epoch:236, test_Acc: 73.00, test_bacc: 61.46, test_f1: 63.46
Epoch:237, test_Acc: 73.00, test_bacc: 61.46, test_f1: 63.46
Epoch:238, test_Acc: 73.00, test_bacc: 61.46, test_f1: 63.46
Epoch:239, test_Acc: 73.00, test_bacc: 61.46, test_f1: 63.46
Epoch:240, test_Acc: 73.00, test_bacc: 61.46, test_f1: 63.46
Epoch:241, test_Acc: 73.00, test_bacc: 61.46, test_f1: 63.46
Epoch:242, test_Acc: 73.00, test_bacc: 61.46, test_f1: 63.46
Epoch:243, test_Acc: 73.00, test_bacc: 61.46, test_f1: 63.46
Epoch:244, test_Acc: 73.00, test_bacc: 61.46, test_f1: 63.46
Epoch:245, test_Acc: 73.00, test_bacc: 61.46, test_f1: 63.46
Epoch:246, test_Acc: 73.00, test_bacc: 61.46, test_f1: 63.46
Epoch:247, test_Acc: 73.00, test_bacc: 61.46, test_f1: 63.46
Epoch:248, test_Acc: 73.00, test_bacc: 61.46, test_f1: 63.46
Epoch:249, test_Acc: 73.00, test_bacc: 61.46, test_f1: 63.46
Epoch:250, test_Acc: 73.00, test_bacc: 61.46, test_f1: 63.46
Epoch:251, test_Acc: 73.00, test_bacc: 61.46, test_f1: 63.46
Epoch:252, test_Acc: 73.00, test_bacc: 61.46, test_f1: 63.46
Epoch:253, test_Acc: 73.00, test_bacc: 61.46, test_f1: 63.46
Epoch:254, test_Acc: 73.00, test_bacc: 61.46, test_f1: 63.46
Epoch:255, test_Acc: 73.00, test_bacc: 61.46, test_f1: 63.46
Epoch:256, test_Acc: 73.00, test_bacc: 61.46, test_f1: 63.46
Epoch:257, test_Acc: 73.80, test_bacc: 62.50, test_f1: 64.61
Epoch:258, test_Acc: 73.80, test_bacc: 62.55, test_f1: 64.57
Epoch:259, test_Acc: 73.80, test_bacc: 62.55, test_f1: 64.57
Epoch:260, test_Acc: 73.80, test_bacc: 62.55, test_f1: 64.57
Epoch:261, test_Acc: 73.80, test_bacc: 62.55, test_f1: 64.57
Epoch:262, test_Acc: 73.80, test_bacc: 62.55, test_f1: 64.57
Epoch:263, test_Acc: 73.80, test_bacc: 62.55, test_f1: 64.57
Epoch:264, test_Acc: 73.80, test_bacc: 62.55, test_f1: 64.57
Epoch:265, test_Acc: 73.80, test_bacc: 62.55, test_f1: 64.57
Epoch:266, test_Acc: 73.80, test_bacc: 62.55, test_f1: 64.57
Epoch:267, test_Acc: 73.80, test_bacc: 62.55, test_f1: 64.57
Epoch:268, test_Acc: 73.80, test_bacc: 62.55, test_f1: 64.57
Epoch:269, test_Acc: 73.80, test_bacc: 62.55, test_f1: 64.57
Epoch:270, test_Acc: 73.80, test_bacc: 62.55, test_f1: 64.57
Epoch:271, test_Acc: 73.80, test_bacc: 62.55, test_f1: 64.57
Epoch:272, test_Acc: 73.80, test_bacc: 62.55, test_f1: 64.57
Epoch:273, test_Acc: 73.80, test_bacc: 62.55, test_f1: 64.57
Epoch:274, test_Acc: 73.80, test_bacc: 62.55, test_f1: 64.57
Epoch:275, test_Acc: 73.80, test_bacc: 62.55, test_f1: 64.57
Epoch:276, test_Acc: 73.80, test_bacc: 62.55, test_f1: 64.57
Epoch:277, test_Acc: 73.80, test_bacc: 62.55, test_f1: 64.57
Epoch:278, test_Acc: 73.80, test_bacc: 62.55, test_f1: 64.57
Epoch:279, test_Acc: 73.80, test_bacc: 62.55, test_f1: 64.57
Epoch:280, test_Acc: 73.80, test_bacc: 62.55, test_f1: 64.57
Epoch:281, test_Acc: 73.80, test_bacc: 62.55, test_f1: 64.57
Epoch:282, test_Acc: 73.80, test_bacc: 62.55, test_f1: 64.57
Epoch:283, test_Acc: 73.80, test_bacc: 62.55, test_f1: 64.57
Epoch:284, test_Acc: 73.80, test_bacc: 62.55, test_f1: 64.57
Epoch:285, test_Acc: 73.80, test_bacc: 62.55, test_f1: 64.57
Epoch:286, test_Acc: 73.80, test_bacc: 62.55, test_f1: 64.57
Epoch:287, test_Acc: 73.80, test_bacc: 62.55, test_f1: 64.57
Epoch:288, test_Acc: 73.80, test_bacc: 62.55, test_f1: 64.57
Epoch:289, test_Acc: 73.80, test_bacc: 62.55, test_f1: 64.57
Epoch:290, test_Acc: 73.80, test_bacc: 62.55, test_f1: 64.57
Epoch:291, test_Acc: 73.80, test_bacc: 62.55, test_f1: 64.57
Epoch:292, test_Acc: 73.80, test_bacc: 62.55, test_f1: 64.57
Epoch:293, test_Acc: 73.80, test_bacc: 62.55, test_f1: 64.57
Epoch:294, test_Acc: 73.80, test_bacc: 62.55, test_f1: 64.57
Epoch:295, test_Acc: 73.80, test_bacc: 62.55, test_f1: 64.57
Epoch:296, test_Acc: 73.80, test_bacc: 62.55, test_f1: 64.57
Epoch:297, test_Acc: 73.80, test_bacc: 62.55, test_f1: 64.57
Epoch:298, test_Acc: 73.80, test_bacc: 62.55, test_f1: 64.57
Epoch:299, test_Acc: 73.80, test_bacc: 62.55, test_f1: 64.57
Epoch:300, test_Acc: 73.80, test_bacc: 62.55, test_f1: 64.57
Epoch:301, test_Acc: 73.80, test_bacc: 62.55, test_f1: 64.57
Epoch:302, test_Acc: 73.80, test_bacc: 62.55, test_f1: 64.57
Epoch:303, test_Acc: 73.80, test_bacc: 62.55, test_f1: 64.57
Epoch:304, test_Acc: 73.80, test_bacc: 62.55, test_f1: 64.57
Epoch:305, test_Acc: 73.80, test_bacc: 62.55, test_f1: 64.57
Epoch:306, test_Acc: 73.80, test_bacc: 62.55, test_f1: 64.57
Epoch:307, test_Acc: 73.80, test_bacc: 62.55, test_f1: 64.57
Epoch:308, test_Acc: 73.80, test_bacc: 62.55, test_f1: 64.57
Epoch:309, test_Acc: 73.80, test_bacc: 62.55, test_f1: 64.57
Epoch:310, test_Acc: 73.80, test_bacc: 62.55, test_f1: 64.57
Epoch:311, test_Acc: 73.80, test_bacc: 62.55, test_f1: 64.57
Epoch:312, test_Acc: 73.80, test_bacc: 62.55, test_f1: 64.57
Epoch:313, test_Acc: 73.80, test_bacc: 62.55, test_f1: 64.57
Epoch:314, test_Acc: 73.80, test_bacc: 62.55, test_f1: 64.57
Epoch:315, test_Acc: 73.80, test_bacc: 62.55, test_f1: 64.57
Epoch:316, test_Acc: 73.80, test_bacc: 62.55, test_f1: 64.57
Epoch:317, test_Acc: 73.80, test_bacc: 62.55, test_f1: 64.57
Epoch:318, test_Acc: 73.80, test_bacc: 62.55, test_f1: 64.57
Epoch:319, test_Acc: 73.80, test_bacc: 62.55, test_f1: 64.57
Epoch:320, test_Acc: 73.80, test_bacc: 62.55, test_f1: 64.57
Epoch:321, test_Acc: 73.80, test_bacc: 62.55, test_f1: 64.57
Epoch:322, test_Acc: 73.80, test_bacc: 62.55, test_f1: 64.57
Epoch:323, test_Acc: 73.80, test_bacc: 62.55, test_f1: 64.57
Epoch:324, test_Acc: 73.80, test_bacc: 62.55, test_f1: 64.57
Epoch:325, test_Acc: 73.80, test_bacc: 62.55, test_f1: 64.57
Epoch:326, test_Acc: 73.80, test_bacc: 62.55, test_f1: 64.57
Epoch:327, test_Acc: 73.80, test_bacc: 62.55, test_f1: 64.57
Epoch:328, test_Acc: 73.80, test_bacc: 62.55, test_f1: 64.57
Epoch:329, test_Acc: 73.80, test_bacc: 62.55, test_f1: 64.57
Epoch:330, test_Acc: 73.80, test_bacc: 62.55, test_f1: 64.57
Epoch:331, test_Acc: 73.80, test_bacc: 62.55, test_f1: 64.57
Epoch:332, test_Acc: 73.80, test_bacc: 62.55, test_f1: 64.57
Epoch:333, test_Acc: 73.80, test_bacc: 62.55, test_f1: 64.57
Epoch:334, test_Acc: 73.80, test_bacc: 62.55, test_f1: 64.57
Epoch:335, test_Acc: 73.80, test_bacc: 62.55, test_f1: 64.57
Epoch:336, test_Acc: 73.80, test_bacc: 62.55, test_f1: 64.57
Epoch:337, test_Acc: 73.80, test_bacc: 62.55, test_f1: 64.57
Epoch:338, test_Acc: 73.80, test_bacc: 62.55, test_f1: 64.57
Epoch:339, test_Acc: 73.80, test_bacc: 62.55, test_f1: 64.57
Epoch:340, test_Acc: 73.80, test_bacc: 62.55, test_f1: 64.57
Epoch:341, test_Acc: 73.80, test_bacc: 62.55, test_f1: 64.57
Epoch:342, test_Acc: 73.80, test_bacc: 62.55, test_f1: 64.57
Epoch:343, test_Acc: 73.80, test_bacc: 62.55, test_f1: 64.57
Epoch:344, test_Acc: 73.80, test_bacc: 62.55, test_f1: 64.57
Epoch:345, test_Acc: 73.80, test_bacc: 62.55, test_f1: 64.57
Epoch:346, test_Acc: 73.80, test_bacc: 62.55, test_f1: 64.57
Epoch:347, test_Acc: 73.80, test_bacc: 62.55, test_f1: 64.57
Epoch:348, test_Acc: 73.80, test_bacc: 62.55, test_f1: 64.57
Epoch:349, test_Acc: 73.80, test_bacc: 62.55, test_f1: 64.57
Epoch:350, test_Acc: 73.80, test_bacc: 62.55, test_f1: 64.57
Epoch:351, test_Acc: 73.80, test_bacc: 62.55, test_f1: 64.57
Epoch:352, test_Acc: 73.80, test_bacc: 62.55, test_f1: 64.57
Epoch:353, test_Acc: 73.80, test_bacc: 62.55, test_f1: 64.57
Epoch:354, test_Acc: 73.80, test_bacc: 62.55, test_f1: 64.57
Epoch:355, test_Acc: 73.80, test_bacc: 62.55, test_f1: 64.57
Epoch:356, test_Acc: 73.80, test_bacc: 62.55, test_f1: 64.57
Epoch:357, test_Acc: 73.80, test_bacc: 62.55, test_f1: 64.57
Epoch:358, test_Acc: 73.80, test_bacc: 62.55, test_f1: 64.57
Epoch:359, test_Acc: 73.80, test_bacc: 62.55, test_f1: 64.57
Epoch:360, test_Acc: 73.80, test_bacc: 62.55, test_f1: 64.57
Epoch:361, test_Acc: 73.80, test_bacc: 62.55, test_f1: 64.57
Epoch:362, test_Acc: 73.80, test_bacc: 62.55, test_f1: 64.57
Epoch:363, test_Acc: 73.80, test_bacc: 62.55, test_f1: 64.57
Epoch:364, test_Acc: 73.80, test_bacc: 62.55, test_f1: 64.57
Epoch:365, test_Acc: 73.80, test_bacc: 62.55, test_f1: 64.57
Epoch:366, test_Acc: 73.80, test_bacc: 62.55, test_f1: 64.57
Epoch:367, test_Acc: 73.80, test_bacc: 62.55, test_f1: 64.57
Epoch:368, test_Acc: 73.80, test_bacc: 62.55, test_f1: 64.57
Epoch:369, test_Acc: 73.80, test_bacc: 62.55, test_f1: 64.57
Epoch:370, test_Acc: 73.90, test_bacc: 62.60, test_f1: 64.46
Epoch:371, test_Acc: 73.90, test_bacc: 62.60, test_f1: 64.46
Epoch:372, test_Acc: 73.90, test_bacc: 62.60, test_f1: 64.46
Epoch:373, test_Acc: 74.00, test_bacc: 62.91, test_f1: 65.15
Epoch:374, test_Acc: 74.00, test_bacc: 62.91, test_f1: 65.15
Epoch:375, test_Acc: 74.00, test_bacc: 62.91, test_f1: 65.15
Epoch:376, test_Acc: 74.00, test_bacc: 62.91, test_f1: 65.15
Epoch:377, test_Acc: 74.00, test_bacc: 62.91, test_f1: 65.15
Epoch:378, test_Acc: 74.00, test_bacc: 62.91, test_f1: 65.15
Epoch:379, test_Acc: 74.00, test_bacc: 62.91, test_f1: 65.15
Epoch:380, test_Acc: 74.00, test_bacc: 62.91, test_f1: 65.15
Epoch:381, test_Acc: 74.00, test_bacc: 62.91, test_f1: 65.15
Epoch:382, test_Acc: 74.00, test_bacc: 62.91, test_f1: 65.15
Epoch:383, test_Acc: 74.00, test_bacc: 62.91, test_f1: 65.15
Epoch:384, test_Acc: 74.00, test_bacc: 62.91, test_f1: 65.15
Epoch:385, test_Acc: 74.00, test_bacc: 62.91, test_f1: 65.15
Epoch:386, test_Acc: 74.00, test_bacc: 62.91, test_f1: 65.15
Epoch:387, test_Acc: 74.00, test_bacc: 62.91, test_f1: 65.15
Epoch:388, test_Acc: 74.00, test_bacc: 62.91, test_f1: 65.15
Epoch:389, test_Acc: 74.00, test_bacc: 62.91, test_f1: 65.15
Epoch:390, test_Acc: 74.00, test_bacc: 62.91, test_f1: 65.15
Epoch:391, test_Acc: 74.00, test_bacc: 62.91, test_f1: 65.15
Epoch:392, test_Acc: 74.00, test_bacc: 62.91, test_f1: 65.15
Epoch:393, test_Acc: 74.00, test_bacc: 62.91, test_f1: 65.15
Epoch:394, test_Acc: 74.00, test_bacc: 62.91, test_f1: 65.15
Epoch:395, test_Acc: 74.00, test_bacc: 62.91, test_f1: 65.15
Epoch:396, test_Acc: 74.00, test_bacc: 62.91, test_f1: 65.15
Epoch:397, test_Acc: 74.00, test_bacc: 62.91, test_f1: 65.15
Epoch:398, test_Acc: 74.00, test_bacc: 62.91, test_f1: 65.15
Epoch:399, test_Acc: 74.00, test_bacc: 62.91, test_f1: 65.15
Epoch:400, test_Acc: 74.00, test_bacc: 62.91, test_f1: 65.15
Epoch:401, test_Acc: 74.00, test_bacc: 62.91, test_f1: 65.15
Epoch:402, test_Acc: 74.00, test_bacc: 62.91, test_f1: 65.15
Epoch:403, test_Acc: 74.00, test_bacc: 62.91, test_f1: 65.15
Epoch:404, test_Acc: 74.00, test_bacc: 62.91, test_f1: 65.15
Epoch:405, test_Acc: 74.00, test_bacc: 62.91, test_f1: 65.15
Epoch:406, test_Acc: 74.00, test_bacc: 62.91, test_f1: 65.15
Epoch:407, test_Acc: 74.00, test_bacc: 62.91, test_f1: 65.15
Epoch:408, test_Acc: 74.00, test_bacc: 62.91, test_f1: 65.15
Epoch:409, test_Acc: 74.00, test_bacc: 62.91, test_f1: 65.15
Epoch:410, test_Acc: 74.00, test_bacc: 62.91, test_f1: 65.15
Epoch:411, test_Acc: 74.00, test_bacc: 62.91, test_f1: 65.15
Epoch:412, test_Acc: 74.00, test_bacc: 62.91, test_f1: 65.15
Epoch:413, test_Acc: 74.00, test_bacc: 62.91, test_f1: 65.15
Epoch:414, test_Acc: 74.00, test_bacc: 62.91, test_f1: 65.15
Epoch:415, test_Acc: 74.00, test_bacc: 62.91, test_f1: 65.15
Epoch:416, test_Acc: 74.00, test_bacc: 62.91, test_f1: 65.15
Epoch:417, test_Acc: 74.00, test_bacc: 62.91, test_f1: 65.15
Epoch:418, test_Acc: 74.00, test_bacc: 62.91, test_f1: 65.15
Epoch:419, test_Acc: 74.00, test_bacc: 62.91, test_f1: 65.15
Epoch:420, test_Acc: 74.00, test_bacc: 62.91, test_f1: 65.15
Epoch:421, test_Acc: 74.00, test_bacc: 62.91, test_f1: 65.15
Epoch:422, test_Acc: 74.00, test_bacc: 62.91, test_f1: 65.15
Epoch:423, test_Acc: 74.00, test_bacc: 62.91, test_f1: 65.15
Epoch:424, test_Acc: 74.00, test_bacc: 62.91, test_f1: 65.15
Epoch:425, test_Acc: 74.00, test_bacc: 62.91, test_f1: 65.15
Epoch:426, test_Acc: 74.00, test_bacc: 62.91, test_f1: 65.15
Epoch:427, test_Acc: 74.00, test_bacc: 62.91, test_f1: 65.15
Epoch:428, test_Acc: 74.00, test_bacc: 62.91, test_f1: 65.15
Epoch:429, test_Acc: 74.00, test_bacc: 62.91, test_f1: 65.15
Epoch:430, test_Acc: 74.00, test_bacc: 62.91, test_f1: 65.15
Epoch:431, test_Acc: 74.00, test_bacc: 62.91, test_f1: 65.15
Epoch:432, test_Acc: 74.00, test_bacc: 62.91, test_f1: 65.15
Epoch:433, test_Acc: 74.00, test_bacc: 62.91, test_f1: 65.15
Epoch:434, test_Acc: 74.00, test_bacc: 62.91, test_f1: 65.15
Epoch:435, test_Acc: 74.00, test_bacc: 62.91, test_f1: 65.15
Epoch:436, test_Acc: 74.00, test_bacc: 62.91, test_f1: 65.15
Epoch:437, test_Acc: 74.00, test_bacc: 62.91, test_f1: 65.15
Epoch:438, test_Acc: 74.00, test_bacc: 62.91, test_f1: 65.15
Epoch:439, test_Acc: 74.00, test_bacc: 62.91, test_f1: 65.15
Epoch:440, test_Acc: 74.00, test_bacc: 62.91, test_f1: 65.15
Epoch:441, test_Acc: 74.00, test_bacc: 62.91, test_f1: 65.15
Epoch:442, test_Acc: 74.00, test_bacc: 62.91, test_f1: 65.15
Epoch:443, test_Acc: 74.00, test_bacc: 62.91, test_f1: 65.15
Epoch:444, test_Acc: 74.00, test_bacc: 62.91, test_f1: 65.15
Epoch:445, test_Acc: 74.00, test_bacc: 62.91, test_f1: 65.15
Epoch:446, test_Acc: 74.00, test_bacc: 62.91, test_f1: 65.15
Epoch:447, test_Acc: 74.00, test_bacc: 62.91, test_f1: 65.15
Epoch:448, test_Acc: 74.00, test_bacc: 62.91, test_f1: 65.15
Epoch:449, test_Acc: 74.00, test_bacc: 62.91, test_f1: 65.15
Epoch:450, test_Acc: 74.00, test_bacc: 62.91, test_f1: 65.15
Epoch:451, test_Acc: 74.00, test_bacc: 62.91, test_f1: 65.15
Epoch:452, test_Acc: 74.00, test_bacc: 62.91, test_f1: 65.15
Epoch:453, test_Acc: 74.00, test_bacc: 62.91, test_f1: 65.15
Epoch:454, test_Acc: 74.00, test_bacc: 62.91, test_f1: 65.15
Epoch:455, test_Acc: 74.00, test_bacc: 62.91, test_f1: 65.15
Epoch:456, test_Acc: 74.00, test_bacc: 62.91, test_f1: 65.15
Epoch:457, test_Acc: 74.00, test_bacc: 62.91, test_f1: 65.15
Epoch:458, test_Acc: 74.00, test_bacc: 62.91, test_f1: 65.15
Epoch:459, test_Acc: 74.00, test_bacc: 62.91, test_f1: 65.15
Epoch:460, test_Acc: 74.00, test_bacc: 62.91, test_f1: 65.15
Epoch:461, test_Acc: 74.00, test_bacc: 62.91, test_f1: 65.15
Epoch:462, test_Acc: 74.00, test_bacc: 62.91, test_f1: 65.15
Epoch:463, test_Acc: 74.00, test_bacc: 62.91, test_f1: 65.15
Epoch:464, test_Acc: 74.00, test_bacc: 62.91, test_f1: 65.15
Epoch:465, test_Acc: 74.00, test_bacc: 62.91, test_f1: 65.15
Epoch:466, test_Acc: 74.00, test_bacc: 62.91, test_f1: 65.15
Epoch:467, test_Acc: 74.00, test_bacc: 62.91, test_f1: 65.15
Epoch:468, test_Acc: 74.00, test_bacc: 62.91, test_f1: 65.15
Epoch:469, test_Acc: 74.00, test_bacc: 62.91, test_f1: 65.15
Epoch:470, test_Acc: 74.00, test_bacc: 62.91, test_f1: 65.15
Epoch:471, test_Acc: 74.00, test_bacc: 62.91, test_f1: 65.15
Epoch:472, test_Acc: 74.00, test_bacc: 62.91, test_f1: 65.15
Epoch:473, test_Acc: 74.00, test_bacc: 62.91, test_f1: 65.15
Epoch:474, test_Acc: 74.00, test_bacc: 62.91, test_f1: 65.15
Epoch:475, test_Acc: 74.00, test_bacc: 62.91, test_f1: 65.15
Epoch:476, test_Acc: 74.00, test_bacc: 62.91, test_f1: 65.15
Epoch:477, test_Acc: 74.00, test_bacc: 62.91, test_f1: 65.15
Epoch:478, test_Acc: 74.00, test_bacc: 62.91, test_f1: 65.15
Epoch:479, test_Acc: 74.00, test_bacc: 62.91, test_f1: 65.15
Epoch:480, test_Acc: 74.00, test_bacc: 62.91, test_f1: 65.15
Epoch:481, test_Acc: 74.00, test_bacc: 62.91, test_f1: 65.15
Epoch:482, test_Acc: 74.00, test_bacc: 62.91, test_f1: 65.15
Epoch:483, test_Acc: 74.00, test_bacc: 62.91, test_f1: 65.15
Epoch:484, test_Acc: 74.00, test_bacc: 62.91, test_f1: 65.15
Epoch:485, test_Acc: 74.00, test_bacc: 62.91, test_f1: 65.15
Epoch:486, test_Acc: 74.00, test_bacc: 62.91, test_f1: 65.15
Epoch:487, test_Acc: 74.00, test_bacc: 62.91, test_f1: 65.15
Epoch:488, test_Acc: 74.00, test_bacc: 62.91, test_f1: 65.15
Epoch:489, test_Acc: 74.00, test_bacc: 62.91, test_f1: 65.15
Epoch:490, test_Acc: 74.00, test_bacc: 62.91, test_f1: 65.15
Epoch:491, test_Acc: 74.00, test_bacc: 62.91, test_f1: 65.15
Epoch:492, test_Acc: 74.00, test_bacc: 62.91, test_f1: 65.15
Epoch:493, test_Acc: 74.00, test_bacc: 62.91, test_f1: 65.15
Epoch:494, test_Acc: 74.00, test_bacc: 62.91, test_f1: 65.15
Epoch:495, test_Acc: 74.00, test_bacc: 62.91, test_f1: 65.15
Epoch:496, test_Acc: 74.00, test_bacc: 62.91, test_f1: 65.15
Epoch:497, test_Acc: 74.00, test_bacc: 62.91, test_f1: 65.15
Epoch:498, test_Acc: 74.00, test_bacc: 62.91, test_f1: 65.15
Epoch:499, test_Acc: 74.00, test_bacc: 62.91, test_f1: 65.15
Epoch:500, test_Acc: 74.00, test_bacc: 62.91, test_f1: 65.15
Epoch:501, test_Acc: 74.00, test_bacc: 62.91, test_f1: 65.15
Epoch:502, test_Acc: 74.00, test_bacc: 62.91, test_f1: 65.15
Epoch:503, test_Acc: 74.00, test_bacc: 62.91, test_f1: 65.15
Epoch:504, test_Acc: 74.00, test_bacc: 62.91, test_f1: 65.15
Epoch:505, test_Acc: 74.00, test_bacc: 62.91, test_f1: 65.15
Epoch:506, test_Acc: 74.00, test_bacc: 62.91, test_f1: 65.15
Epoch:507, test_Acc: 74.00, test_bacc: 62.91, test_f1: 65.15
Epoch:508, test_Acc: 74.00, test_bacc: 62.91, test_f1: 65.15
Epoch:509, test_Acc: 74.00, test_bacc: 62.91, test_f1: 65.15
Epoch:510, test_Acc: 74.00, test_bacc: 62.91, test_f1: 65.15
Epoch:511, test_Acc: 74.00, test_bacc: 62.91, test_f1: 65.15
Epoch:512, test_Acc: 74.00, test_bacc: 62.91, test_f1: 65.15
Epoch:513, test_Acc: 74.00, test_bacc: 62.91, test_f1: 65.15
Epoch:514, test_Acc: 74.00, test_bacc: 62.91, test_f1: 65.15
Epoch:515, test_Acc: 74.00, test_bacc: 62.91, test_f1: 65.15
Epoch:516, test_Acc: 74.00, test_bacc: 62.91, test_f1: 65.15
Epoch:517, test_Acc: 74.00, test_bacc: 62.91, test_f1: 65.15
Epoch:518, test_Acc: 74.00, test_bacc: 62.91, test_f1: 65.15
Epoch:519, test_Acc: 74.00, test_bacc: 62.91, test_f1: 65.15
Epoch:520, test_Acc: 74.00, test_bacc: 62.91, test_f1: 65.15
Epoch:521, test_Acc: 74.00, test_bacc: 62.91, test_f1: 65.15
Epoch:522, test_Acc: 74.00, test_bacc: 62.91, test_f1: 65.15
Epoch:523, test_Acc: 74.00, test_bacc: 62.91, test_f1: 65.15
Epoch:524, test_Acc: 74.00, test_bacc: 62.91, test_f1: 65.15
Epoch:525, test_Acc: 74.00, test_bacc: 62.91, test_f1: 65.15
Epoch:526, test_Acc: 74.00, test_bacc: 62.91, test_f1: 65.15
Epoch:527, test_Acc: 74.00, test_bacc: 62.91, test_f1: 65.15
Epoch:528, test_Acc: 74.00, test_bacc: 62.91, test_f1: 65.15
Epoch:529, test_Acc: 74.00, test_bacc: 62.91, test_f1: 65.15
Epoch:530, test_Acc: 74.00, test_bacc: 62.91, test_f1: 65.15
Epoch:531, test_Acc: 74.00, test_bacc: 62.91, test_f1: 65.15
Epoch:532, test_Acc: 74.00, test_bacc: 62.91, test_f1: 65.15
Epoch:533, test_Acc: 74.00, test_bacc: 62.91, test_f1: 65.15
Epoch:534, test_Acc: 74.00, test_bacc: 62.91, test_f1: 65.15
Epoch:535, test_Acc: 74.00, test_bacc: 62.91, test_f1: 65.15
Epoch:536, test_Acc: 74.00, test_bacc: 62.91, test_f1: 65.15
Epoch:537, test_Acc: 74.00, test_bacc: 62.91, test_f1: 65.15
Epoch:538, test_Acc: 74.00, test_bacc: 62.91, test_f1: 65.15
Epoch:539, test_Acc: 74.00, test_bacc: 62.91, test_f1: 65.15
Epoch:540, test_Acc: 74.00, test_bacc: 62.91, test_f1: 65.15
Epoch:541, test_Acc: 74.00, test_bacc: 62.91, test_f1: 65.15
Epoch:542, test_Acc: 74.00, test_bacc: 62.91, test_f1: 65.15
Epoch:543, test_Acc: 74.00, test_bacc: 62.91, test_f1: 65.15
Epoch:544, test_Acc: 74.00, test_bacc: 62.91, test_f1: 65.15
Epoch:545, test_Acc: 74.00, test_bacc: 62.91, test_f1: 65.15
Epoch:546, test_Acc: 74.00, test_bacc: 62.91, test_f1: 65.15
Epoch:547, test_Acc: 74.00, test_bacc: 62.91, test_f1: 65.15
Epoch:548, test_Acc: 74.00, test_bacc: 62.91, test_f1: 65.15
Epoch:549, test_Acc: 74.00, test_bacc: 62.91, test_f1: 65.15
Epoch:550, test_Acc: 74.00, test_bacc: 62.91, test_f1: 65.15
Epoch:551, test_Acc: 74.00, test_bacc: 62.91, test_f1: 65.15
Epoch:552, test_Acc: 74.00, test_bacc: 62.91, test_f1: 65.15
Epoch:553, test_Acc: 74.00, test_bacc: 62.91, test_f1: 65.15
Epoch:554, test_Acc: 74.00, test_bacc: 62.91, test_f1: 65.15
Epoch:555, test_Acc: 74.00, test_bacc: 62.91, test_f1: 65.15
Epoch:556, test_Acc: 74.00, test_bacc: 62.91, test_f1: 65.15
Epoch:557, test_Acc: 74.00, test_bacc: 62.91, test_f1: 65.15
Epoch:558, test_Acc: 74.00, test_bacc: 62.91, test_f1: 65.15
Epoch:559, test_Acc: 74.00, test_bacc: 62.91, test_f1: 65.15
Epoch:560, test_Acc: 74.00, test_bacc: 62.91, test_f1: 65.15
Epoch:561, test_Acc: 74.00, test_bacc: 62.91, test_f1: 65.15
Epoch:562, test_Acc: 74.00, test_bacc: 62.91, test_f1: 65.15
Epoch:563, test_Acc: 74.00, test_bacc: 62.91, test_f1: 65.15
Epoch:564, test_Acc: 74.00, test_bacc: 62.91, test_f1: 65.15
Epoch:565, test_Acc: 74.00, test_bacc: 62.91, test_f1: 65.15
Early stop at epoch:  566
split: 0, test_Acc: 74.00, test_bacc: 62.91, test_f1: 65.15
/home/qj2004/magnet/src
Total time(all splits):  23534.111728429794
