cuda:1
Namespace(withAug=False, AugDirect=20, method_name='SAGE', seed=100, IsDirectedData=False, dataset='WebKB/texas', undirect_dataset='Cora', MakeImbalance=True, CustomizeMask=False, K=2, heads=8, log_root='../logs/', log_path='test', data_path='../dataset/data/tmp/', epochs=1500, num_filter=2, p_q=0.95, p_inter=0.1, dropout=0.0, debug=False, new_setting=False, layer=2, lr=0.005, l2=0.0005, to_undirected=False, alpha=0.1, randomseed=-1, imb_ratio=100, n_layer=2, feat_dim=64, warmup=5, epoch=900, tau=2, max=False, no_mask=False, gdc='ppr')
excel_file_path is  FalseAug_SAGE_Cora_output.xlsx
12-04-19:35:18
Dataset is  Cora() 
Chosen from DirectedData:  False
Num of bidrected edges: 5278, total num of edges: 10556
This is directed graph:  False
data_x torch.Size([2708, 1433])
cuda:1
0
mu  cpu cpu
GraphSAGE2(
  (conv1): SAGEConv(1433, 64)
  (conv2): SAGEConv(64, 7)
)
cuda:1
Epoch:0, test_Acc: 13.00, test_bacc: 14.29, test_f1: 3.29
Epoch:1, test_Acc: 36.20, test_bacc: 19.08, test_f1: 14.12
Epoch:2, test_Acc: 36.20, test_bacc: 19.08, test_f1: 14.12
Epoch:3, test_Acc: 36.20, test_bacc: 19.08, test_f1: 14.12
Epoch:4, test_Acc: 36.20, test_bacc: 19.08, test_f1: 14.12
Epoch:5, test_Acc: 36.20, test_bacc: 19.08, test_f1: 14.12
Epoch:6, test_Acc: 36.20, test_bacc: 19.08, test_f1: 14.12
Epoch:7, test_Acc: 36.20, test_bacc: 19.08, test_f1: 14.12
Epoch:8, test_Acc: 36.20, test_bacc: 19.08, test_f1: 14.12
Epoch:9, test_Acc: 36.20, test_bacc: 19.08, test_f1: 14.12
Epoch:10, test_Acc: 36.20, test_bacc: 19.08, test_f1: 14.12
Epoch:11, test_Acc: 36.20, test_bacc: 19.08, test_f1: 14.12
Epoch:12, test_Acc: 36.20, test_bacc: 19.08, test_f1: 14.12
Epoch:13, test_Acc: 36.20, test_bacc: 19.08, test_f1: 14.12
Epoch:14, test_Acc: 36.20, test_bacc: 19.08, test_f1: 14.12
Epoch:15, test_Acc: 36.20, test_bacc: 19.08, test_f1: 14.12
Epoch:16, test_Acc: 36.20, test_bacc: 19.08, test_f1: 14.12
Epoch:17, test_Acc: 36.20, test_bacc: 19.08, test_f1: 14.12
Epoch:18, test_Acc: 36.20, test_bacc: 19.08, test_f1: 14.12
Epoch:19, test_Acc: 36.20, test_bacc: 19.08, test_f1: 14.12
Epoch:20, test_Acc: 36.20, test_bacc: 19.08, test_f1: 14.12
Epoch:21, test_Acc: 36.20, test_bacc: 19.08, test_f1: 14.12
Epoch:22, test_Acc: 36.20, test_bacc: 19.08, test_f1: 14.12
Epoch:23, test_Acc: 36.20, test_bacc: 19.08, test_f1: 14.12
Epoch:24, test_Acc: 36.20, test_bacc: 19.08, test_f1: 14.12
Epoch:25, test_Acc: 38.40, test_bacc: 20.73, test_f1: 16.12
Epoch:26, test_Acc: 41.20, test_bacc: 23.51, test_f1: 18.56
Epoch:27, test_Acc: 42.60, test_bacc: 24.90, test_f1: 19.53
Epoch:28, test_Acc: 43.50, test_bacc: 25.79, test_f1: 19.95
Epoch:29, test_Acc: 43.80, test_bacc: 26.09, test_f1: 20.13
Epoch:30, test_Acc: 44.20, test_bacc: 26.48, test_f1: 20.16
Epoch:31, test_Acc: 44.20, test_bacc: 26.48, test_f1: 20.16
Epoch:32, test_Acc: 44.20, test_bacc: 26.48, test_f1: 20.16
Epoch:33, test_Acc: 44.80, test_bacc: 27.07, test_f1: 20.79
Epoch:34, test_Acc: 44.80, test_bacc: 27.07, test_f1: 20.79
Epoch:35, test_Acc: 44.90, test_bacc: 27.17, test_f1: 20.98
Epoch:36, test_Acc: 44.90, test_bacc: 27.17, test_f1: 20.98
Epoch:37, test_Acc: 44.90, test_bacc: 27.17, test_f1: 20.98
Epoch:38, test_Acc: 44.90, test_bacc: 27.17, test_f1: 20.98
Epoch:39, test_Acc: 45.80, test_bacc: 28.04, test_f1: 21.92
Epoch:40, test_Acc: 46.20, test_bacc: 28.43, test_f1: 22.46
Epoch:41, test_Acc: 46.50, test_bacc: 28.72, test_f1: 22.60
Epoch:42, test_Acc: 46.80, test_bacc: 29.11, test_f1: 23.14
Epoch:43, test_Acc: 47.50, test_bacc: 29.89, test_f1: 24.12
Epoch:44, test_Acc: 47.90, test_bacc: 30.27, test_f1: 24.57
Epoch:45, test_Acc: 49.00, test_bacc: 31.32, test_f1: 25.82
Epoch:46, test_Acc: 50.00, test_bacc: 32.29, test_f1: 26.62
Epoch:47, test_Acc: 50.40, test_bacc: 32.67, test_f1: 26.91
Epoch:48, test_Acc: 50.80, test_bacc: 33.06, test_f1: 27.29
Epoch:49, test_Acc: 51.40, test_bacc: 33.63, test_f1: 27.85
Epoch:50, test_Acc: 51.40, test_bacc: 33.63, test_f1: 27.85
Epoch:51, test_Acc: 52.10, test_bacc: 34.30, test_f1: 28.36
Epoch:52, test_Acc: 52.70, test_bacc: 34.88, test_f1: 28.73
Epoch:53, test_Acc: 52.90, test_bacc: 35.07, test_f1: 28.81
Epoch:54, test_Acc: 52.90, test_bacc: 35.07, test_f1: 28.78
Epoch:55, test_Acc: 53.30, test_bacc: 35.47, test_f1: 29.26
Epoch:56, test_Acc: 53.20, test_bacc: 35.42, test_f1: 29.17
Epoch:57, test_Acc: 53.20, test_bacc: 35.42, test_f1: 29.17
Epoch:58, test_Acc: 53.70, test_bacc: 35.93, test_f1: 29.84
Epoch:59, test_Acc: 54.00, test_bacc: 36.22, test_f1: 30.11
Epoch:60, test_Acc: 54.40, test_bacc: 36.63, test_f1: 30.58
Epoch:61, test_Acc: 54.40, test_bacc: 36.63, test_f1: 30.58
Epoch:62, test_Acc: 55.10, test_bacc: 37.34, test_f1: 31.36
Epoch:63, test_Acc: 55.40, test_bacc: 37.66, test_f1: 31.81
Epoch:64, test_Acc: 55.80, test_bacc: 38.08, test_f1: 32.47
Epoch:65, test_Acc: 56.10, test_bacc: 38.40, test_f1: 32.92
Epoch:66, test_Acc: 56.20, test_bacc: 38.50, test_f1: 32.98
Epoch:67, test_Acc: 56.70, test_bacc: 39.02, test_f1: 33.72
Epoch:68, test_Acc: 56.70, test_bacc: 39.07, test_f1: 33.63
Epoch:69, test_Acc: 56.70, test_bacc: 39.07, test_f1: 33.63
Epoch:70, test_Acc: 56.70, test_bacc: 39.07, test_f1: 33.63
Epoch:71, test_Acc: 56.70, test_bacc: 39.07, test_f1: 33.63
Epoch:72, test_Acc: 56.70, test_bacc: 39.07, test_f1: 33.63
Epoch:73, test_Acc: 56.70, test_bacc: 39.07, test_f1: 33.63
Epoch:74, test_Acc: 56.70, test_bacc: 39.07, test_f1: 33.63
Epoch:75, test_Acc: 57.20, test_bacc: 39.58, test_f1: 34.20
Epoch:76, test_Acc: 57.40, test_bacc: 39.80, test_f1: 34.52
Epoch:77, test_Acc: 57.40, test_bacc: 39.85, test_f1: 34.50
Epoch:78, test_Acc: 57.80, test_bacc: 40.27, test_f1: 35.00
Epoch:79, test_Acc: 57.80, test_bacc: 40.27, test_f1: 35.00
Epoch:80, test_Acc: 58.20, test_bacc: 40.83, test_f1: 35.61
Epoch:81, test_Acc: 58.70, test_bacc: 41.38, test_f1: 36.32
Epoch:82, test_Acc: 58.70, test_bacc: 41.38, test_f1: 36.32
Epoch:83, test_Acc: 59.20, test_bacc: 41.93, test_f1: 37.01
Epoch:84, test_Acc: 59.30, test_bacc: 42.05, test_f1: 37.22
Epoch:85, test_Acc: 59.20, test_bacc: 41.98, test_f1: 37.31
Epoch:86, test_Acc: 59.10, test_bacc: 41.87, test_f1: 37.23
Epoch:87, test_Acc: 59.10, test_bacc: 41.87, test_f1: 37.23
Epoch:88, test_Acc: 59.10, test_bacc: 41.87, test_f1: 37.23
Epoch:89, test_Acc: 59.10, test_bacc: 41.87, test_f1: 37.24
Epoch:90, test_Acc: 59.50, test_bacc: 42.28, test_f1: 37.55
Epoch:91, test_Acc: 59.70, test_bacc: 42.49, test_f1: 37.66
Epoch:92, test_Acc: 60.00, test_bacc: 42.79, test_f1: 37.88
Epoch:93, test_Acc: 60.20, test_bacc: 42.98, test_f1: 37.98
Epoch:94, test_Acc: 60.20, test_bacc: 42.98, test_f1: 37.98
Epoch:95, test_Acc: 60.20, test_bacc: 42.98, test_f1: 37.98
Epoch:96, test_Acc: 60.20, test_bacc: 42.98, test_f1: 37.98
Epoch:97, test_Acc: 60.20, test_bacc: 42.98, test_f1: 37.98
Epoch:98, test_Acc: 60.20, test_bacc: 42.98, test_f1: 37.98
Epoch:99, test_Acc: 60.20, test_bacc: 43.01, test_f1: 38.20
Epoch:100, test_Acc: 60.20, test_bacc: 43.01, test_f1: 38.20
Epoch:101, test_Acc: 60.10, test_bacc: 42.97, test_f1: 38.07
Epoch:102, test_Acc: 60.10, test_bacc: 42.97, test_f1: 38.07
Epoch:103, test_Acc: 60.70, test_bacc: 43.61, test_f1: 38.60
Epoch:104, test_Acc: 60.80, test_bacc: 43.71, test_f1: 38.69
Epoch:105, test_Acc: 60.80, test_bacc: 43.71, test_f1: 38.69
Epoch:106, test_Acc: 60.50, test_bacc: 43.38, test_f1: 38.43
Epoch:107, test_Acc: 60.50, test_bacc: 43.38, test_f1: 38.43
Epoch:108, test_Acc: 60.50, test_bacc: 43.38, test_f1: 38.43
Epoch:109, test_Acc: 60.60, test_bacc: 43.44, test_f1: 38.53
Epoch:110, test_Acc: 60.60, test_bacc: 43.44, test_f1: 38.53
Epoch:111, test_Acc: 60.60, test_bacc: 43.44, test_f1: 38.53
Epoch:112, test_Acc: 61.40, test_bacc: 44.33, test_f1: 39.20
Epoch:113, test_Acc: 61.40, test_bacc: 44.33, test_f1: 39.20
Epoch:114, test_Acc: 61.40, test_bacc: 44.33, test_f1: 39.20
Epoch:115, test_Acc: 61.40, test_bacc: 44.33, test_f1: 39.20
Epoch:116, test_Acc: 61.70, test_bacc: 44.72, test_f1: 39.83
Epoch:117, test_Acc: 61.70, test_bacc: 44.72, test_f1: 39.83
Epoch:118, test_Acc: 61.70, test_bacc: 44.72, test_f1: 39.83
Epoch:119, test_Acc: 61.70, test_bacc: 44.69, test_f1: 40.05
Epoch:120, test_Acc: 61.80, test_bacc: 44.83, test_f1: 40.33
Epoch:121, test_Acc: 61.60, test_bacc: 44.60, test_f1: 40.36
Epoch:122, test_Acc: 61.60, test_bacc: 44.60, test_f1: 40.36
Epoch:123, test_Acc: 61.60, test_bacc: 44.60, test_f1: 40.36
Epoch:124, test_Acc: 61.60, test_bacc: 44.60, test_f1: 40.36
Epoch:125, test_Acc: 62.10, test_bacc: 45.37, test_f1: 41.47
Epoch:126, test_Acc: 62.20, test_bacc: 45.57, test_f1: 41.73
Epoch:127, test_Acc: 62.60, test_bacc: 46.06, test_f1: 42.38
Epoch:128, test_Acc: 62.60, test_bacc: 46.06, test_f1: 42.38
Epoch:129, test_Acc: 63.20, test_bacc: 46.66, test_f1: 43.33
Epoch:130, test_Acc: 63.20, test_bacc: 46.76, test_f1: 43.51
Epoch:131, test_Acc: 63.20, test_bacc: 46.76, test_f1: 43.51
Epoch:132, test_Acc: 63.20, test_bacc: 46.76, test_f1: 43.51
Epoch:133, test_Acc: 63.20, test_bacc: 46.76, test_f1: 43.51
Epoch:134, test_Acc: 63.20, test_bacc: 46.76, test_f1: 43.51
Epoch:135, test_Acc: 63.20, test_bacc: 46.76, test_f1: 43.51
Epoch:136, test_Acc: 63.20, test_bacc: 46.76, test_f1: 43.51
Epoch:137, test_Acc: 63.60, test_bacc: 47.47, test_f1: 44.57
Epoch:138, test_Acc: 63.60, test_bacc: 47.47, test_f1: 44.57
Epoch:139, test_Acc: 63.60, test_bacc: 47.44, test_f1: 44.74
Epoch:140, test_Acc: 63.70, test_bacc: 47.61, test_f1: 45.09
Epoch:141, test_Acc: 64.10, test_bacc: 48.04, test_f1: 45.68
Epoch:142, test_Acc: 64.30, test_bacc: 48.32, test_f1: 46.10
Epoch:143, test_Acc: 64.40, test_bacc: 48.55, test_f1: 46.34
Epoch:144, test_Acc: 64.60, test_bacc: 48.83, test_f1: 46.70
Epoch:145, test_Acc: 65.00, test_bacc: 49.41, test_f1: 47.34
Epoch:146, test_Acc: 65.00, test_bacc: 49.41, test_f1: 47.34
Epoch:147, test_Acc: 65.00, test_bacc: 49.41, test_f1: 47.29
Epoch:148, test_Acc: 65.00, test_bacc: 49.41, test_f1: 47.29
Epoch:149, test_Acc: 65.00, test_bacc: 49.41, test_f1: 47.29
Epoch:150, test_Acc: 65.00, test_bacc: 49.41, test_f1: 47.29
Epoch:151, test_Acc: 65.00, test_bacc: 49.41, test_f1: 47.29
Epoch:152, test_Acc: 65.00, test_bacc: 49.41, test_f1: 47.29
Epoch:153, test_Acc: 65.00, test_bacc: 49.41, test_f1: 47.29
Epoch:154, test_Acc: 65.00, test_bacc: 49.41, test_f1: 47.29
Epoch:155, test_Acc: 65.00, test_bacc: 49.41, test_f1: 47.29
Epoch:156, test_Acc: 65.00, test_bacc: 49.41, test_f1: 47.29
Epoch:157, test_Acc: 65.00, test_bacc: 49.41, test_f1: 47.29
Epoch:158, test_Acc: 65.10, test_bacc: 49.64, test_f1: 47.51
Epoch:159, test_Acc: 65.00, test_bacc: 49.54, test_f1: 47.43
Epoch:160, test_Acc: 65.00, test_bacc: 49.54, test_f1: 47.43
Epoch:161, test_Acc: 65.00, test_bacc: 49.54, test_f1: 47.43
Epoch:162, test_Acc: 65.00, test_bacc: 49.54, test_f1: 47.43
Epoch:163, test_Acc: 65.00, test_bacc: 49.54, test_f1: 47.43
Epoch:164, test_Acc: 65.30, test_bacc: 50.05, test_f1: 47.93
Epoch:165, test_Acc: 65.30, test_bacc: 50.05, test_f1: 47.93
Epoch:166, test_Acc: 65.30, test_bacc: 50.05, test_f1: 47.93
Epoch:167, test_Acc: 65.30, test_bacc: 50.05, test_f1: 47.93
Epoch:168, test_Acc: 65.30, test_bacc: 50.05, test_f1: 47.93
Epoch:169, test_Acc: 65.30, test_bacc: 50.05, test_f1: 47.93
Epoch:170, test_Acc: 65.30, test_bacc: 50.05, test_f1: 47.93
Epoch:171, test_Acc: 65.30, test_bacc: 50.05, test_f1: 47.93
Epoch:172, test_Acc: 65.80, test_bacc: 50.58, test_f1: 48.45
Epoch:173, test_Acc: 65.80, test_bacc: 50.58, test_f1: 48.45
Epoch:174, test_Acc: 65.80, test_bacc: 50.58, test_f1: 48.45
Epoch:175, test_Acc: 66.00, test_bacc: 50.85, test_f1: 48.75
Epoch:176, test_Acc: 66.00, test_bacc: 50.85, test_f1: 48.75
Epoch:177, test_Acc: 66.00, test_bacc: 50.85, test_f1: 48.75
Epoch:178, test_Acc: 66.00, test_bacc: 50.85, test_f1: 48.75
Epoch:179, test_Acc: 66.00, test_bacc: 50.85, test_f1: 48.75
Epoch:180, test_Acc: 66.00, test_bacc: 50.85, test_f1: 48.75
Epoch:181, test_Acc: 66.00, test_bacc: 50.85, test_f1: 48.75
Epoch:182, test_Acc: 66.00, test_bacc: 50.90, test_f1: 48.81
Epoch:183, test_Acc: 66.00, test_bacc: 50.90, test_f1: 48.81
Epoch:184, test_Acc: 66.00, test_bacc: 50.90, test_f1: 48.81
Epoch:185, test_Acc: 66.00, test_bacc: 50.90, test_f1: 48.81
Epoch:186, test_Acc: 66.00, test_bacc: 51.04, test_f1: 48.89
Epoch:187, test_Acc: 66.00, test_bacc: 51.04, test_f1: 48.89
Epoch:188, test_Acc: 66.00, test_bacc: 51.04, test_f1: 48.89
Epoch:189, test_Acc: 66.00, test_bacc: 51.04, test_f1: 48.89
Epoch:190, test_Acc: 66.00, test_bacc: 51.04, test_f1: 48.89
Epoch:191, test_Acc: 66.00, test_bacc: 51.04, test_f1: 48.89
Epoch:192, test_Acc: 66.00, test_bacc: 51.04, test_f1: 48.89
Epoch:193, test_Acc: 66.00, test_bacc: 51.04, test_f1: 48.89
Epoch:194, test_Acc: 66.30, test_bacc: 51.22, test_f1: 49.22
Epoch:195, test_Acc: 66.40, test_bacc: 51.45, test_f1: 49.27
Epoch:196, test_Acc: 66.40, test_bacc: 51.45, test_f1: 49.27
Epoch:197, test_Acc: 66.40, test_bacc: 51.45, test_f1: 49.27
Epoch:198, test_Acc: 66.40, test_bacc: 51.45, test_f1: 49.27
Epoch:199, test_Acc: 66.40, test_bacc: 51.45, test_f1: 49.27
Epoch:200, test_Acc: 66.40, test_bacc: 51.45, test_f1: 49.27
Epoch:201, test_Acc: 66.40, test_bacc: 51.45, test_f1: 49.27
Epoch:202, test_Acc: 66.40, test_bacc: 51.45, test_f1: 49.27
Epoch:203, test_Acc: 66.40, test_bacc: 51.45, test_f1: 49.27
Epoch:204, test_Acc: 66.40, test_bacc: 51.45, test_f1: 49.27
Epoch:205, test_Acc: 66.40, test_bacc: 51.45, test_f1: 49.27
Epoch:206, test_Acc: 66.40, test_bacc: 51.45, test_f1: 49.27
Epoch:207, test_Acc: 66.40, test_bacc: 51.45, test_f1: 49.27
Epoch:208, test_Acc: 66.40, test_bacc: 51.45, test_f1: 49.27
Epoch:209, test_Acc: 66.40, test_bacc: 51.45, test_f1: 49.27
Epoch:210, test_Acc: 66.40, test_bacc: 51.45, test_f1: 49.27
Epoch:211, test_Acc: 66.40, test_bacc: 51.45, test_f1: 49.27
Epoch:212, test_Acc: 66.40, test_bacc: 51.45, test_f1: 49.27
Epoch:213, test_Acc: 66.40, test_bacc: 51.45, test_f1: 49.27
Epoch:214, test_Acc: 67.40, test_bacc: 52.81, test_f1: 51.27
Epoch:215, test_Acc: 67.40, test_bacc: 52.81, test_f1: 51.27
Epoch:216, test_Acc: 67.40, test_bacc: 52.81, test_f1: 51.27
Epoch:217, test_Acc: 67.40, test_bacc: 52.81, test_f1: 51.27
Epoch:218, test_Acc: 67.40, test_bacc: 52.81, test_f1: 51.27
Epoch:219, test_Acc: 67.40, test_bacc: 52.81, test_f1: 51.27
Epoch:220, test_Acc: 67.40, test_bacc: 52.81, test_f1: 51.27
Epoch:221, test_Acc: 67.60, test_bacc: 53.16, test_f1: 52.30
Epoch:222, test_Acc: 68.10, test_bacc: 53.69, test_f1: 52.77
Epoch:223, test_Acc: 68.10, test_bacc: 53.69, test_f1: 52.77
Epoch:224, test_Acc: 68.10, test_bacc: 53.69, test_f1: 52.77
Epoch:225, test_Acc: 68.10, test_bacc: 53.69, test_f1: 52.77
Epoch:226, test_Acc: 68.10, test_bacc: 53.69, test_f1: 52.77
Epoch:227, test_Acc: 68.10, test_bacc: 53.69, test_f1: 52.77
Epoch:228, test_Acc: 68.10, test_bacc: 53.69, test_f1: 52.77
Epoch:229, test_Acc: 68.10, test_bacc: 53.69, test_f1: 52.77
Epoch:230, test_Acc: 68.10, test_bacc: 53.69, test_f1: 52.77
Epoch:231, test_Acc: 68.10, test_bacc: 53.69, test_f1: 52.77
Epoch:232, test_Acc: 68.10, test_bacc: 53.69, test_f1: 52.77
Epoch:233, test_Acc: 68.20, test_bacc: 53.96, test_f1: 53.31
Epoch:234, test_Acc: 68.20, test_bacc: 53.96, test_f1: 53.31
Epoch:235, test_Acc: 68.20, test_bacc: 53.96, test_f1: 53.31
Epoch:236, test_Acc: 68.20, test_bacc: 53.96, test_f1: 53.31
Epoch:237, test_Acc: 68.20, test_bacc: 53.96, test_f1: 53.31
Epoch:238, test_Acc: 68.20, test_bacc: 53.96, test_f1: 53.31
Epoch:239, test_Acc: 68.20, test_bacc: 53.96, test_f1: 53.31
Epoch:240, test_Acc: 68.20, test_bacc: 53.96, test_f1: 53.31
Epoch:241, test_Acc: 68.20, test_bacc: 53.96, test_f1: 53.31
Epoch:242, test_Acc: 69.70, test_bacc: 56.01, test_f1: 56.01
Epoch:243, test_Acc: 69.70, test_bacc: 56.01, test_f1: 56.01
Epoch:244, test_Acc: 69.40, test_bacc: 55.62, test_f1: 55.93
Epoch:245, test_Acc: 69.40, test_bacc: 55.62, test_f1: 55.93
Epoch:246, test_Acc: 69.40, test_bacc: 55.62, test_f1: 55.93
Epoch:247, test_Acc: 69.40, test_bacc: 55.62, test_f1: 55.93
Epoch:248, test_Acc: 69.40, test_bacc: 55.62, test_f1: 55.93
Epoch:249, test_Acc: 69.40, test_bacc: 55.62, test_f1: 55.93
Epoch:250, test_Acc: 69.40, test_bacc: 55.73, test_f1: 56.04
Epoch:251, test_Acc: 69.70, test_bacc: 56.06, test_f1: 56.30
Epoch:252, test_Acc: 69.70, test_bacc: 56.06, test_f1: 56.30
Epoch:253, test_Acc: 69.40, test_bacc: 55.78, test_f1: 56.05
Epoch:254, test_Acc: 69.40, test_bacc: 55.78, test_f1: 56.05
Epoch:255, test_Acc: 69.40, test_bacc: 55.78, test_f1: 56.05
Epoch:256, test_Acc: 69.40, test_bacc: 55.78, test_f1: 56.05
Epoch:257, test_Acc: 69.40, test_bacc: 55.78, test_f1: 56.05
Epoch:258, test_Acc: 69.40, test_bacc: 55.78, test_f1: 56.05
Epoch:259, test_Acc: 69.40, test_bacc: 55.78, test_f1: 56.05
Epoch:260, test_Acc: 69.90, test_bacc: 56.23, test_f1: 56.63
Epoch:261, test_Acc: 69.80, test_bacc: 56.18, test_f1: 56.46
Epoch:262, test_Acc: 69.80, test_bacc: 56.18, test_f1: 56.46
Epoch:263, test_Acc: 69.80, test_bacc: 56.18, test_f1: 56.46
Epoch:264, test_Acc: 69.80, test_bacc: 56.18, test_f1: 56.46
Epoch:265, test_Acc: 69.80, test_bacc: 56.18, test_f1: 56.46
Epoch:266, test_Acc: 69.80, test_bacc: 56.18, test_f1: 56.46
Epoch:267, test_Acc: 69.80, test_bacc: 56.18, test_f1: 56.46
Epoch:268, test_Acc: 69.80, test_bacc: 56.18, test_f1: 56.46
Epoch:269, test_Acc: 69.80, test_bacc: 56.18, test_f1: 56.46
Epoch:270, test_Acc: 69.80, test_bacc: 56.18, test_f1: 56.46
Epoch:271, test_Acc: 69.80, test_bacc: 56.18, test_f1: 56.46
Epoch:272, test_Acc: 69.80, test_bacc: 56.18, test_f1: 56.46
Epoch:273, test_Acc: 69.80, test_bacc: 56.18, test_f1: 56.46
Epoch:274, test_Acc: 69.80, test_bacc: 56.18, test_f1: 56.46
Epoch:275, test_Acc: 69.80, test_bacc: 56.18, test_f1: 56.46
Epoch:276, test_Acc: 69.80, test_bacc: 56.18, test_f1: 56.46
Epoch:277, test_Acc: 69.80, test_bacc: 56.18, test_f1: 56.46
Epoch:278, test_Acc: 70.10, test_bacc: 56.79, test_f1: 57.78
Epoch:279, test_Acc: 70.10, test_bacc: 56.79, test_f1: 57.78
Epoch:280, test_Acc: 70.10, test_bacc: 56.79, test_f1: 57.78
Epoch:281, test_Acc: 70.10, test_bacc: 56.79, test_f1: 57.78
Epoch:282, test_Acc: 70.10, test_bacc: 56.79, test_f1: 57.78
Epoch:283, test_Acc: 70.10, test_bacc: 56.79, test_f1: 57.78
Epoch:284, test_Acc: 70.10, test_bacc: 56.79, test_f1: 57.78
Epoch:285, test_Acc: 70.10, test_bacc: 56.79, test_f1: 57.78
Epoch:286, test_Acc: 70.10, test_bacc: 56.79, test_f1: 57.78
Epoch:287, test_Acc: 70.10, test_bacc: 56.79, test_f1: 57.78
Epoch:288, test_Acc: 70.10, test_bacc: 56.79, test_f1: 57.78
Epoch:289, test_Acc: 70.10, test_bacc: 56.79, test_f1: 57.78
Epoch:290, test_Acc: 70.10, test_bacc: 56.79, test_f1: 57.78
Epoch:291, test_Acc: 70.10, test_bacc: 56.79, test_f1: 57.78
Epoch:292, test_Acc: 70.10, test_bacc: 56.79, test_f1: 57.78
Epoch:293, test_Acc: 70.10, test_bacc: 56.79, test_f1: 57.78
Epoch:294, test_Acc: 70.10, test_bacc: 56.79, test_f1: 57.78
Epoch:295, test_Acc: 70.10, test_bacc: 56.79, test_f1: 57.78
Epoch:296, test_Acc: 70.10, test_bacc: 56.79, test_f1: 57.78
Epoch:297, test_Acc: 70.70, test_bacc: 57.64, test_f1: 58.80
Epoch:298, test_Acc: 70.70, test_bacc: 57.64, test_f1: 58.80
Epoch:299, test_Acc: 70.70, test_bacc: 57.53, test_f1: 58.58
Epoch:300, test_Acc: 70.70, test_bacc: 57.53, test_f1: 58.58
Epoch:301, test_Acc: 70.70, test_bacc: 57.53, test_f1: 58.58
Epoch:302, test_Acc: 70.70, test_bacc: 57.53, test_f1: 58.58
Epoch:303, test_Acc: 70.70, test_bacc: 57.53, test_f1: 58.58
Epoch:304, test_Acc: 70.70, test_bacc: 57.53, test_f1: 58.58
Epoch:305, test_Acc: 70.70, test_bacc: 57.53, test_f1: 58.58
Epoch:306, test_Acc: 70.70, test_bacc: 57.53, test_f1: 58.58
Epoch:307, test_Acc: 70.70, test_bacc: 57.53, test_f1: 58.58
Epoch:308, test_Acc: 71.00, test_bacc: 58.15, test_f1: 59.17
Epoch:309, test_Acc: 71.00, test_bacc: 58.15, test_f1: 59.17
Epoch:310, test_Acc: 71.00, test_bacc: 58.15, test_f1: 59.17
Epoch:311, test_Acc: 71.00, test_bacc: 58.15, test_f1: 59.17
Epoch:312, test_Acc: 71.00, test_bacc: 58.15, test_f1: 59.17
Epoch:313, test_Acc: 71.00, test_bacc: 58.15, test_f1: 59.17
Epoch:314, test_Acc: 71.00, test_bacc: 58.15, test_f1: 59.17
Epoch:315, test_Acc: 71.00, test_bacc: 58.15, test_f1: 59.17
Epoch:316, test_Acc: 71.00, test_bacc: 58.15, test_f1: 59.17
Epoch:317, test_Acc: 71.00, test_bacc: 58.15, test_f1: 59.17
Epoch:318, test_Acc: 71.00, test_bacc: 58.15, test_f1: 59.17
Epoch:319, test_Acc: 71.00, test_bacc: 58.15, test_f1: 59.17
Epoch:320, test_Acc: 71.00, test_bacc: 58.15, test_f1: 59.17
Epoch:321, test_Acc: 71.00, test_bacc: 58.15, test_f1: 59.17
Epoch:322, test_Acc: 71.00, test_bacc: 58.15, test_f1: 59.17
Epoch:323, test_Acc: 71.00, test_bacc: 58.15, test_f1: 59.17
Epoch:324, test_Acc: 71.00, test_bacc: 58.15, test_f1: 59.17
Epoch:325, test_Acc: 71.00, test_bacc: 58.15, test_f1: 59.17
Epoch:326, test_Acc: 71.00, test_bacc: 58.15, test_f1: 59.17
Epoch:327, test_Acc: 71.00, test_bacc: 58.15, test_f1: 59.17
Epoch:328, test_Acc: 71.00, test_bacc: 58.15, test_f1: 59.17
Epoch:329, test_Acc: 71.00, test_bacc: 58.15, test_f1: 59.17
Epoch:330, test_Acc: 71.60, test_bacc: 58.79, test_f1: 60.03
Epoch:331, test_Acc: 71.60, test_bacc: 58.79, test_f1: 60.03
Epoch:332, test_Acc: 71.60, test_bacc: 58.79, test_f1: 60.03
Epoch:333, test_Acc: 71.60, test_bacc: 58.79, test_f1: 60.03
Epoch:334, test_Acc: 71.60, test_bacc: 58.79, test_f1: 60.03
Epoch:335, test_Acc: 71.60, test_bacc: 58.79, test_f1: 60.03
Epoch:336, test_Acc: 71.60, test_bacc: 58.79, test_f1: 60.03
Epoch:337, test_Acc: 71.60, test_bacc: 58.79, test_f1: 60.03
Epoch:338, test_Acc: 71.60, test_bacc: 58.79, test_f1: 60.03
Epoch:339, test_Acc: 71.60, test_bacc: 58.79, test_f1: 60.03
Epoch:340, test_Acc: 71.30, test_bacc: 58.59, test_f1: 59.87
Epoch:341, test_Acc: 71.20, test_bacc: 58.43, test_f1: 59.66
Epoch:342, test_Acc: 71.20, test_bacc: 58.43, test_f1: 59.66
Epoch:343, test_Acc: 71.20, test_bacc: 58.43, test_f1: 59.66
Epoch:344, test_Acc: 71.20, test_bacc: 58.43, test_f1: 59.66
Epoch:345, test_Acc: 71.20, test_bacc: 58.43, test_f1: 59.66
Epoch:346, test_Acc: 71.20, test_bacc: 58.43, test_f1: 59.66
Epoch:347, test_Acc: 71.20, test_bacc: 58.43, test_f1: 59.66
Epoch:348, test_Acc: 71.20, test_bacc: 58.43, test_f1: 59.66
Epoch:349, test_Acc: 71.20, test_bacc: 58.43, test_f1: 59.66
Epoch:350, test_Acc: 71.20, test_bacc: 58.43, test_f1: 59.66
Epoch:351, test_Acc: 71.20, test_bacc: 58.43, test_f1: 59.66
Epoch:352, test_Acc: 71.20, test_bacc: 58.43, test_f1: 59.66
Epoch:353, test_Acc: 71.20, test_bacc: 58.43, test_f1: 59.66
Epoch:354, test_Acc: 71.20, test_bacc: 58.43, test_f1: 59.66
Epoch:355, test_Acc: 71.20, test_bacc: 58.43, test_f1: 59.66
Epoch:356, test_Acc: 71.20, test_bacc: 58.43, test_f1: 59.66
Epoch:357, test_Acc: 71.20, test_bacc: 58.43, test_f1: 59.66
Epoch:358, test_Acc: 71.20, test_bacc: 58.43, test_f1: 59.66
Epoch:359, test_Acc: 71.20, test_bacc: 58.43, test_f1: 59.66
Epoch:360, test_Acc: 71.20, test_bacc: 58.43, test_f1: 59.66
Epoch:361, test_Acc: 71.20, test_bacc: 58.43, test_f1: 59.66
Epoch:362, test_Acc: 71.20, test_bacc: 58.43, test_f1: 59.66
Epoch:363, test_Acc: 71.20, test_bacc: 58.43, test_f1: 59.66
Epoch:364, test_Acc: 71.20, test_bacc: 58.43, test_f1: 59.66
Epoch:365, test_Acc: 71.20, test_bacc: 58.43, test_f1: 59.66
Epoch:366, test_Acc: 71.20, test_bacc: 58.43, test_f1: 59.66
Epoch:367, test_Acc: 71.20, test_bacc: 58.43, test_f1: 59.66
Epoch:368, test_Acc: 71.20, test_bacc: 58.43, test_f1: 59.66
Epoch:369, test_Acc: 71.20, test_bacc: 58.43, test_f1: 59.66
Epoch:370, test_Acc: 71.20, test_bacc: 58.43, test_f1: 59.66
Epoch:371, test_Acc: 71.20, test_bacc: 58.43, test_f1: 59.66
Epoch:372, test_Acc: 71.20, test_bacc: 58.43, test_f1: 59.66
Epoch:373, test_Acc: 71.20, test_bacc: 58.43, test_f1: 59.66
Epoch:374, test_Acc: 71.20, test_bacc: 58.43, test_f1: 59.66
Epoch:375, test_Acc: 71.20, test_bacc: 58.43, test_f1: 59.66
Epoch:376, test_Acc: 71.20, test_bacc: 58.43, test_f1: 59.66
Epoch:377, test_Acc: 71.80, test_bacc: 59.37, test_f1: 60.66
Epoch:378, test_Acc: 72.00, test_bacc: 59.54, test_f1: 60.70
Epoch:379, test_Acc: 72.00, test_bacc: 59.54, test_f1: 60.70
Epoch:380, test_Acc: 72.00, test_bacc: 59.54, test_f1: 60.70
Epoch:381, test_Acc: 72.00, test_bacc: 59.54, test_f1: 60.70
Epoch:382, test_Acc: 72.00, test_bacc: 59.54, test_f1: 60.70
Epoch:383, test_Acc: 72.00, test_bacc: 59.54, test_f1: 60.70
Epoch:384, test_Acc: 72.00, test_bacc: 59.54, test_f1: 60.70
Epoch:385, test_Acc: 72.00, test_bacc: 59.54, test_f1: 60.70
Epoch:386, test_Acc: 72.00, test_bacc: 59.54, test_f1: 60.70
Epoch:387, test_Acc: 72.00, test_bacc: 59.54, test_f1: 60.70
Epoch:388, test_Acc: 72.00, test_bacc: 59.54, test_f1: 60.70
Epoch:389, test_Acc: 72.00, test_bacc: 59.54, test_f1: 60.70
Epoch:390, test_Acc: 72.00, test_bacc: 59.54, test_f1: 60.70
Epoch:391, test_Acc: 72.00, test_bacc: 59.54, test_f1: 60.70
Epoch:392, test_Acc: 72.00, test_bacc: 59.54, test_f1: 60.70
Epoch:393, test_Acc: 72.00, test_bacc: 59.54, test_f1: 60.70
Epoch:394, test_Acc: 72.00, test_bacc: 59.54, test_f1: 60.70
Epoch:395, test_Acc: 72.00, test_bacc: 59.54, test_f1: 60.70
Epoch:396, test_Acc: 72.00, test_bacc: 59.54, test_f1: 60.70
Epoch:397, test_Acc: 72.00, test_bacc: 59.54, test_f1: 60.70
Epoch:398, test_Acc: 72.00, test_bacc: 59.54, test_f1: 60.70
Epoch:399, test_Acc: 72.00, test_bacc: 59.54, test_f1: 60.70
Epoch:400, test_Acc: 72.00, test_bacc: 59.54, test_f1: 60.70
Epoch:401, test_Acc: 72.00, test_bacc: 59.54, test_f1: 60.70
Epoch:402, test_Acc: 72.00, test_bacc: 59.54, test_f1: 60.70
Epoch:403, test_Acc: 72.00, test_bacc: 59.54, test_f1: 60.70
Epoch:404, test_Acc: 72.00, test_bacc: 59.54, test_f1: 60.70
Epoch:405, test_Acc: 72.00, test_bacc: 59.54, test_f1: 60.70
Epoch:406, test_Acc: 72.00, test_bacc: 59.54, test_f1: 60.70
Epoch:407, test_Acc: 72.00, test_bacc: 59.54, test_f1: 60.70
Epoch:408, test_Acc: 72.00, test_bacc: 59.54, test_f1: 60.70
Epoch:409, test_Acc: 72.00, test_bacc: 59.54, test_f1: 60.70
Epoch:410, test_Acc: 72.00, test_bacc: 59.54, test_f1: 60.70
Epoch:411, test_Acc: 72.00, test_bacc: 59.54, test_f1: 60.70
Epoch:412, test_Acc: 72.00, test_bacc: 59.54, test_f1: 60.70
Epoch:413, test_Acc: 72.00, test_bacc: 59.54, test_f1: 60.70
Epoch:414, test_Acc: 72.00, test_bacc: 59.54, test_f1: 60.70
Epoch:415, test_Acc: 72.00, test_bacc: 59.54, test_f1: 60.70
Epoch:416, test_Acc: 72.00, test_bacc: 59.54, test_f1: 60.70
Epoch:417, test_Acc: 72.00, test_bacc: 59.54, test_f1: 60.70
Epoch:418, test_Acc: 72.00, test_bacc: 59.54, test_f1: 60.70
Epoch:419, test_Acc: 72.00, test_bacc: 59.54, test_f1: 60.70
Epoch:420, test_Acc: 72.00, test_bacc: 59.54, test_f1: 60.70
Epoch:421, test_Acc: 72.00, test_bacc: 59.54, test_f1: 60.70
Epoch:422, test_Acc: 72.00, test_bacc: 59.54, test_f1: 60.70
Epoch:423, test_Acc: 72.00, test_bacc: 59.54, test_f1: 60.70
Epoch:424, test_Acc: 72.00, test_bacc: 59.54, test_f1: 60.70
Epoch:425, test_Acc: 72.00, test_bacc: 59.54, test_f1: 60.70
Epoch:426, test_Acc: 72.00, test_bacc: 59.54, test_f1: 60.70
Epoch:427, test_Acc: 72.00, test_bacc: 59.54, test_f1: 60.70
Epoch:428, test_Acc: 72.00, test_bacc: 59.54, test_f1: 60.70
Epoch:429, test_Acc: 72.00, test_bacc: 59.54, test_f1: 60.70
Epoch:430, test_Acc: 72.00, test_bacc: 59.54, test_f1: 60.70
Epoch:431, test_Acc: 72.00, test_bacc: 59.54, test_f1: 60.70
Epoch:432, test_Acc: 72.00, test_bacc: 59.54, test_f1: 60.70
Epoch:433, test_Acc: 72.00, test_bacc: 59.54, test_f1: 60.70
Epoch:434, test_Acc: 72.00, test_bacc: 59.54, test_f1: 60.70
Epoch:435, test_Acc: 72.00, test_bacc: 59.54, test_f1: 60.70
Epoch:436, test_Acc: 72.00, test_bacc: 59.54, test_f1: 60.70
Epoch:437, test_Acc: 72.00, test_bacc: 59.54, test_f1: 60.70
Epoch:438, test_Acc: 72.00, test_bacc: 59.54, test_f1: 60.70
Epoch:439, test_Acc: 72.00, test_bacc: 59.54, test_f1: 60.70
Epoch:440, test_Acc: 72.00, test_bacc: 59.54, test_f1: 60.70
Epoch:441, test_Acc: 72.00, test_bacc: 59.54, test_f1: 60.70
Epoch:442, test_Acc: 72.00, test_bacc: 59.54, test_f1: 60.70
Epoch:443, test_Acc: 72.00, test_bacc: 59.54, test_f1: 60.70
Epoch:444, test_Acc: 72.00, test_bacc: 59.54, test_f1: 60.70
Epoch:445, test_Acc: 72.00, test_bacc: 59.54, test_f1: 60.70
Epoch:446, test_Acc: 72.00, test_bacc: 59.54, test_f1: 60.70
Epoch:447, test_Acc: 72.00, test_bacc: 59.54, test_f1: 60.70
Epoch:448, test_Acc: 72.00, test_bacc: 59.54, test_f1: 60.70
Epoch:449, test_Acc: 72.00, test_bacc: 59.54, test_f1: 60.70
Epoch:450, test_Acc: 72.00, test_bacc: 59.54, test_f1: 60.70
Epoch:451, test_Acc: 72.00, test_bacc: 59.54, test_f1: 60.70
Epoch:452, test_Acc: 72.00, test_bacc: 59.54, test_f1: 60.70
Epoch:453, test_Acc: 72.00, test_bacc: 59.54, test_f1: 60.70
Epoch:454, test_Acc: 72.00, test_bacc: 59.54, test_f1: 60.70
Epoch:455, test_Acc: 72.00, test_bacc: 59.54, test_f1: 60.70
Epoch:456, test_Acc: 72.00, test_bacc: 59.54, test_f1: 60.70
Epoch:457, test_Acc: 72.00, test_bacc: 59.54, test_f1: 60.70
Epoch:458, test_Acc: 72.00, test_bacc: 59.54, test_f1: 60.70
Epoch:459, test_Acc: 72.00, test_bacc: 59.54, test_f1: 60.70
Epoch:460, test_Acc: 72.00, test_bacc: 59.54, test_f1: 60.70
Epoch:461, test_Acc: 72.00, test_bacc: 59.54, test_f1: 60.70
Epoch:462, test_Acc: 72.00, test_bacc: 59.54, test_f1: 60.70
Epoch:463, test_Acc: 72.00, test_bacc: 59.54, test_f1: 60.70
Epoch:464, test_Acc: 72.00, test_bacc: 59.54, test_f1: 60.70
Epoch:465, test_Acc: 72.00, test_bacc: 59.54, test_f1: 60.70
Epoch:466, test_Acc: 72.00, test_bacc: 59.54, test_f1: 60.70
Epoch:467, test_Acc: 72.00, test_bacc: 59.54, test_f1: 60.70
Epoch:468, test_Acc: 72.00, test_bacc: 59.54, test_f1: 60.70
Epoch:469, test_Acc: 72.00, test_bacc: 59.54, test_f1: 60.70
Epoch:470, test_Acc: 72.00, test_bacc: 59.54, test_f1: 60.70
Epoch:471, test_Acc: 72.00, test_bacc: 59.54, test_f1: 60.70
Epoch:472, test_Acc: 72.00, test_bacc: 59.54, test_f1: 60.70
Epoch:473, test_Acc: 72.00, test_bacc: 59.54, test_f1: 60.70
Epoch:474, test_Acc: 72.00, test_bacc: 59.54, test_f1: 60.70
Epoch:475, test_Acc: 72.00, test_bacc: 59.54, test_f1: 60.70
Epoch:476, test_Acc: 72.00, test_bacc: 59.54, test_f1: 60.70
Epoch:477, test_Acc: 72.00, test_bacc: 59.54, test_f1: 60.70
Epoch:478, test_Acc: 72.00, test_bacc: 59.54, test_f1: 60.70
Epoch:479, test_Acc: 72.00, test_bacc: 59.54, test_f1: 60.70
Epoch:480, test_Acc: 72.00, test_bacc: 59.54, test_f1: 60.70
Epoch:481, test_Acc: 72.00, test_bacc: 59.54, test_f1: 60.70
Epoch:482, test_Acc: 72.00, test_bacc: 59.54, test_f1: 60.70
Epoch:483, test_Acc: 72.00, test_bacc: 59.54, test_f1: 60.70
Epoch:484, test_Acc: 72.00, test_bacc: 59.54, test_f1: 60.70
Epoch:485, test_Acc: 72.00, test_bacc: 59.54, test_f1: 60.70
Epoch:486, test_Acc: 72.00, test_bacc: 59.54, test_f1: 60.70
Epoch:487, test_Acc: 72.00, test_bacc: 59.54, test_f1: 60.70
Epoch:488, test_Acc: 72.00, test_bacc: 59.54, test_f1: 60.70
Epoch:489, test_Acc: 72.00, test_bacc: 59.54, test_f1: 60.70
Epoch:490, test_Acc: 72.00, test_bacc: 59.54, test_f1: 60.70
Epoch:491, test_Acc: 72.00, test_bacc: 59.54, test_f1: 60.70
Epoch:492, test_Acc: 72.00, test_bacc: 59.54, test_f1: 60.70
Epoch:493, test_Acc: 72.00, test_bacc: 59.54, test_f1: 60.70
Epoch:494, test_Acc: 72.00, test_bacc: 59.54, test_f1: 60.70
Epoch:495, test_Acc: 72.00, test_bacc: 59.54, test_f1: 60.70
Epoch:496, test_Acc: 72.00, test_bacc: 59.54, test_f1: 60.70
Epoch:497, test_Acc: 72.00, test_bacc: 59.54, test_f1: 60.70
Epoch:498, test_Acc: 72.00, test_bacc: 59.54, test_f1: 60.70
Epoch:499, test_Acc: 72.00, test_bacc: 59.54, test_f1: 60.70
Epoch:500, test_Acc: 72.00, test_bacc: 59.54, test_f1: 60.70
Epoch:501, test_Acc: 72.00, test_bacc: 59.54, test_f1: 60.70
Epoch:502, test_Acc: 72.00, test_bacc: 59.54, test_f1: 60.70
Epoch:503, test_Acc: 72.00, test_bacc: 59.54, test_f1: 60.70
Epoch:504, test_Acc: 72.00, test_bacc: 59.54, test_f1: 60.70
Epoch:505, test_Acc: 72.00, test_bacc: 59.54, test_f1: 60.70
Epoch:506, test_Acc: 72.00, test_bacc: 59.54, test_f1: 60.70
Epoch:507, test_Acc: 72.00, test_bacc: 59.54, test_f1: 60.70
Epoch:508, test_Acc: 72.00, test_bacc: 59.54, test_f1: 60.70
Epoch:509, test_Acc: 72.00, test_bacc: 59.54, test_f1: 60.70
Epoch:510, test_Acc: 72.00, test_bacc: 59.54, test_f1: 60.70
Epoch:511, test_Acc: 72.00, test_bacc: 59.54, test_f1: 60.70
Epoch:512, test_Acc: 72.00, test_bacc: 59.54, test_f1: 60.70
Epoch:513, test_Acc: 72.00, test_bacc: 59.54, test_f1: 60.70
Epoch:514, test_Acc: 72.00, test_bacc: 59.54, test_f1: 60.70
Epoch:515, test_Acc: 72.00, test_bacc: 59.54, test_f1: 60.70
Epoch:516, test_Acc: 72.00, test_bacc: 59.54, test_f1: 60.70
Epoch:517, test_Acc: 72.00, test_bacc: 59.54, test_f1: 60.70
Epoch:518, test_Acc: 72.00, test_bacc: 59.54, test_f1: 60.70
Epoch:519, test_Acc: 72.00, test_bacc: 59.54, test_f1: 60.70
Epoch:520, test_Acc: 72.00, test_bacc: 59.54, test_f1: 60.70
Epoch:521, test_Acc: 72.00, test_bacc: 59.54, test_f1: 60.70
Epoch:522, test_Acc: 72.00, test_bacc: 59.54, test_f1: 60.70
Epoch:523, test_Acc: 72.00, test_bacc: 59.54, test_f1: 60.70
Epoch:524, test_Acc: 72.00, test_bacc: 59.54, test_f1: 60.70
Epoch:525, test_Acc: 72.00, test_bacc: 59.54, test_f1: 60.70
Epoch:526, test_Acc: 72.00, test_bacc: 59.54, test_f1: 60.70
Epoch:527, test_Acc: 72.00, test_bacc: 59.54, test_f1: 60.70
Epoch:528, test_Acc: 72.00, test_bacc: 59.54, test_f1: 60.70
Epoch:529, test_Acc: 72.00, test_bacc: 59.54, test_f1: 60.70
Epoch:530, test_Acc: 72.00, test_bacc: 59.54, test_f1: 60.70
Epoch:531, test_Acc: 72.00, test_bacc: 59.54, test_f1: 60.70
Epoch:532, test_Acc: 72.00, test_bacc: 59.54, test_f1: 60.70
Epoch:533, test_Acc: 72.00, test_bacc: 59.54, test_f1: 60.70
Epoch:534, test_Acc: 72.00, test_bacc: 59.54, test_f1: 60.70
Epoch:535, test_Acc: 72.00, test_bacc: 59.54, test_f1: 60.70
Epoch:536, test_Acc: 72.00, test_bacc: 59.54, test_f1: 60.70
Epoch:537, test_Acc: 72.00, test_bacc: 59.54, test_f1: 60.70
Epoch:538, test_Acc: 72.00, test_bacc: 59.54, test_f1: 60.70
Epoch:539, test_Acc: 72.00, test_bacc: 59.54, test_f1: 60.70
Epoch:540, test_Acc: 72.00, test_bacc: 59.54, test_f1: 60.70
Epoch:541, test_Acc: 72.00, test_bacc: 59.54, test_f1: 60.70
Epoch:542, test_Acc: 72.00, test_bacc: 59.54, test_f1: 60.70
Epoch:543, test_Acc: 72.00, test_bacc: 59.54, test_f1: 60.70
Epoch:544, test_Acc: 72.00, test_bacc: 59.54, test_f1: 60.70
Epoch:545, test_Acc: 72.00, test_bacc: 59.54, test_f1: 60.70
Epoch:546, test_Acc: 72.00, test_bacc: 59.54, test_f1: 60.70
Epoch:547, test_Acc: 72.00, test_bacc: 59.54, test_f1: 60.70
Epoch:548, test_Acc: 72.00, test_bacc: 59.54, test_f1: 60.70
Epoch:549, test_Acc: 72.00, test_bacc: 59.54, test_f1: 60.70
Epoch:550, test_Acc: 72.00, test_bacc: 59.54, test_f1: 60.70
Epoch:551, test_Acc: 72.00, test_bacc: 59.54, test_f1: 60.70
Epoch:552, test_Acc: 72.00, test_bacc: 59.54, test_f1: 60.70
Epoch:553, test_Acc: 72.00, test_bacc: 59.54, test_f1: 60.70
Epoch:554, test_Acc: 72.00, test_bacc: 59.54, test_f1: 60.70
Epoch:555, test_Acc: 72.00, test_bacc: 59.54, test_f1: 60.70
Epoch:556, test_Acc: 72.00, test_bacc: 59.54, test_f1: 60.70
Epoch:557, test_Acc: 72.00, test_bacc: 59.54, test_f1: 60.70
Epoch:558, test_Acc: 72.00, test_bacc: 59.54, test_f1: 60.70
Epoch:559, test_Acc: 72.00, test_bacc: 59.54, test_f1: 60.70
Epoch:560, test_Acc: 72.00, test_bacc: 59.54, test_f1: 60.70
Epoch:561, test_Acc: 72.00, test_bacc: 59.54, test_f1: 60.70
Epoch:562, test_Acc: 72.00, test_bacc: 59.54, test_f1: 60.70
Epoch:563, test_Acc: 72.00, test_bacc: 59.54, test_f1: 60.70
Epoch:564, test_Acc: 72.00, test_bacc: 59.54, test_f1: 60.70
Epoch:565, test_Acc: 72.00, test_bacc: 59.54, test_f1: 60.70
Epoch:566, test_Acc: 72.00, test_bacc: 59.54, test_f1: 60.70
Epoch:567, test_Acc: 72.00, test_bacc: 59.54, test_f1: 60.70
Epoch:568, test_Acc: 72.00, test_bacc: 59.54, test_f1: 60.70
Epoch:569, test_Acc: 72.00, test_bacc: 59.54, test_f1: 60.70
Epoch:570, test_Acc: 72.00, test_bacc: 59.54, test_f1: 60.70
Epoch:571, test_Acc: 72.00, test_bacc: 59.54, test_f1: 60.70
Epoch:572, test_Acc: 72.00, test_bacc: 59.54, test_f1: 60.70
Epoch:573, test_Acc: 72.00, test_bacc: 59.54, test_f1: 60.70
Epoch:574, test_Acc: 72.00, test_bacc: 59.54, test_f1: 60.70
Epoch:575, test_Acc: 72.00, test_bacc: 59.54, test_f1: 60.70
Epoch:576, test_Acc: 72.00, test_bacc: 59.54, test_f1: 60.70
Epoch:577, test_Acc: 72.00, test_bacc: 59.54, test_f1: 60.70
Epoch:578, test_Acc: 72.00, test_bacc: 59.54, test_f1: 60.70
Epoch:579, test_Acc: 72.00, test_bacc: 59.54, test_f1: 60.70
Epoch:580, test_Acc: 72.00, test_bacc: 59.54, test_f1: 60.70
Epoch:581, test_Acc: 72.00, test_bacc: 59.54, test_f1: 60.70
Epoch:582, test_Acc: 72.00, test_bacc: 59.54, test_f1: 60.70
Epoch:583, test_Acc: 72.00, test_bacc: 59.54, test_f1: 60.70
Epoch:584, test_Acc: 72.00, test_bacc: 59.54, test_f1: 60.70
Epoch:585, test_Acc: 72.00, test_bacc: 59.54, test_f1: 60.70
Epoch:586, test_Acc: 72.00, test_bacc: 59.54, test_f1: 60.70
Epoch:587, test_Acc: 72.00, test_bacc: 59.54, test_f1: 60.70
Epoch:588, test_Acc: 72.00, test_bacc: 59.54, test_f1: 60.70
Epoch:589, test_Acc: 72.00, test_bacc: 59.54, test_f1: 60.70
Epoch:590, test_Acc: 72.00, test_bacc: 59.54, test_f1: 60.70
Epoch:591, test_Acc: 72.00, test_bacc: 59.54, test_f1: 60.70
Epoch:592, test_Acc: 72.00, test_bacc: 59.54, test_f1: 60.70
Epoch:593, test_Acc: 72.00, test_bacc: 59.54, test_f1: 60.70
Epoch:594, test_Acc: 72.00, test_bacc: 59.54, test_f1: 60.70
Epoch:595, test_Acc: 72.00, test_bacc: 59.54, test_f1: 60.70
Epoch:596, test_Acc: 72.00, test_bacc: 59.54, test_f1: 60.70
Epoch:597, test_Acc: 72.00, test_bacc: 59.54, test_f1: 60.70
Epoch:598, test_Acc: 72.00, test_bacc: 59.54, test_f1: 60.70
Epoch:599, test_Acc: 72.00, test_bacc: 59.54, test_f1: 60.70
Epoch:600, test_Acc: 72.00, test_bacc: 59.54, test_f1: 60.70
Epoch:601, test_Acc: 72.00, test_bacc: 59.54, test_f1: 60.70
Epoch:602, test_Acc: 72.00, test_bacc: 59.54, test_f1: 60.70
Epoch:603, test_Acc: 72.00, test_bacc: 59.54, test_f1: 60.70
Epoch:604, test_Acc: 72.00, test_bacc: 59.54, test_f1: 60.70
Epoch:605, test_Acc: 72.00, test_bacc: 59.54, test_f1: 60.70
Epoch:606, test_Acc: 72.00, test_bacc: 59.54, test_f1: 60.70
Epoch:607, test_Acc: 72.00, test_bacc: 59.54, test_f1: 60.70
Early stop at epoch:  608
split: 0, test_Acc: 72.00, test_bacc: 59.54, test_f1: 60.70
/home/qj2004/magnet/src
Total time(all splits):  249.14384484291077
