Downloading https://github.com/kimiyoung/planetoid/raw/master/data/ind.cora.x
Downloading https://github.com/kimiyoung/planetoid/raw/master/data/ind.cora.tx
Downloading https://github.com/kimiyoung/planetoid/raw/master/data/ind.cora.allx
Downloading https://github.com/kimiyoung/planetoid/raw/master/data/ind.cora.y
Downloading https://github.com/kimiyoung/planetoid/raw/master/data/ind.cora.ty
Downloading https://github.com/kimiyoung/planetoid/raw/master/data/ind.cora.ally
Downloading https://github.com/kimiyoung/planetoid/raw/master/data/ind.cora.graph
Downloading https://github.com/kimiyoung/planetoid/raw/master/data/ind.cora.test.index
Processing...
Done!
cuda:0
Namespace(withAug=True, AugDirect=20, method_name='Cheb', seed=100, IsDirectedData=False, dataset='WebKB/texas', undirect_dataset='Cora', MakeImbalance=True, CustomizeMask=False, K=2, heads=8, log_root='../logs/', log_path='test', data_path='../dataset/data/tmp/', epochs=1500, num_filter=2, p_q=0.95, p_inter=0.1, dropout=0.0, debug=False, new_setting=False, layer=2, lr=0.005, l2=0.0005, to_undirected=False, alpha=0.1, randomseed=-1, imb_ratio=100, n_layer=2, feat_dim=64, warmup=5, epoch=900, tau=2, max=False, no_mask=False, gdc='ppr')
excel_file_path is  TrueAug_Cheb_Cora_output.xlsx
12-04-18:35:08
Dataset is  Cora() 
Chosen from DirectedData:  False
Num of bidrected edges: 5278, total num of edges: 10556
This is directed graph:  False
data_x torch.Size([2708, 1433])
cuda:0
0
mu  cpu cpu
ChebModelBen(
  (conv1): ChebConv(1433, 2, K=2, normalization=sym)
  (conv2): ChebConv(2, 2, K=2, normalization=sym)
  (Conv): Conv1d(2, 7, kernel_size=(1,), stride=(1,))
)
cuda:0
Epoch:0, test_Acc: 10.30, test_bacc: 14.29, test_f1: 2.67
Epoch:1, test_Acc: 10.30, test_bacc: 14.29, test_f1: 2.67
Epoch:2, test_Acc: 10.30, test_bacc: 14.29, test_f1: 2.67
Epoch:3, test_Acc: 10.30, test_bacc: 14.29, test_f1: 2.67
Epoch:4, test_Acc: 10.30, test_bacc: 14.29, test_f1: 2.67
Epoch:5, test_Acc: 10.30, test_bacc: 14.29, test_f1: 2.67
Epoch:6, test_Acc: 10.30, test_bacc: 14.29, test_f1: 2.67
Epoch:7, test_Acc: 10.30, test_bacc: 14.29, test_f1: 2.67
Epoch:8, test_Acc: 10.30, test_bacc: 14.29, test_f1: 2.67
Epoch:9, test_Acc: 10.30, test_bacc: 14.29, test_f1: 2.67
Epoch:10, test_Acc: 31.90, test_bacc: 14.29, test_f1: 6.91
Epoch:11, test_Acc: 31.90, test_bacc: 14.29, test_f1: 6.91
Epoch:12, test_Acc: 31.90, test_bacc: 14.29, test_f1: 6.91
Epoch:13, test_Acc: 31.90, test_bacc: 14.29, test_f1: 6.91
Epoch:14, test_Acc: 31.90, test_bacc: 14.29, test_f1: 6.91
Epoch:15, test_Acc: 31.90, test_bacc: 14.29, test_f1: 6.91
Epoch:16, test_Acc: 31.90, test_bacc: 14.29, test_f1: 6.91
Epoch:17, test_Acc: 31.90, test_bacc: 14.29, test_f1: 6.91
Epoch:18, test_Acc: 31.90, test_bacc: 14.29, test_f1: 6.91
Epoch:19, test_Acc: 31.90, test_bacc: 14.29, test_f1: 6.91
Epoch:20, test_Acc: 31.90, test_bacc: 14.29, test_f1: 6.91
Epoch:21, test_Acc: 31.90, test_bacc: 14.29, test_f1: 6.91
Epoch:22, test_Acc: 31.90, test_bacc: 14.29, test_f1: 6.91
Epoch:23, test_Acc: 31.90, test_bacc: 14.29, test_f1: 6.91
Epoch:24, test_Acc: 31.90, test_bacc: 14.29, test_f1: 6.91
Epoch:25, test_Acc: 31.90, test_bacc: 14.29, test_f1: 6.91
Epoch:26, test_Acc: 31.90, test_bacc: 14.29, test_f1: 6.91
Epoch:27, test_Acc: 31.90, test_bacc: 14.29, test_f1: 6.91
Epoch:28, test_Acc: 31.90, test_bacc: 14.29, test_f1: 6.91
Epoch:29, test_Acc: 31.90, test_bacc: 14.29, test_f1: 6.91
Epoch:30, test_Acc: 31.90, test_bacc: 14.29, test_f1: 6.91
Epoch:31, test_Acc: 31.90, test_bacc: 14.29, test_f1: 6.91
Epoch:32, test_Acc: 31.90, test_bacc: 14.29, test_f1: 6.91
Epoch:33, test_Acc: 31.90, test_bacc: 14.29, test_f1: 6.91
Epoch:34, test_Acc: 31.90, test_bacc: 14.29, test_f1: 6.91
Epoch:35, test_Acc: 31.90, test_bacc: 14.29, test_f1: 6.91
Epoch:36, test_Acc: 31.90, test_bacc: 14.29, test_f1: 6.91
Epoch:37, test_Acc: 31.90, test_bacc: 14.29, test_f1: 6.91
Epoch:38, test_Acc: 31.90, test_bacc: 14.29, test_f1: 6.91
Epoch:39, test_Acc: 31.90, test_bacc: 14.29, test_f1: 6.91
Epoch:40, test_Acc: 31.90, test_bacc: 14.29, test_f1: 6.91
Epoch:41, test_Acc: 31.90, test_bacc: 14.29, test_f1: 6.91
Epoch:42, test_Acc: 31.90, test_bacc: 14.29, test_f1: 6.91
Epoch:43, test_Acc: 31.90, test_bacc: 14.29, test_f1: 6.91
Epoch:44, test_Acc: 31.90, test_bacc: 14.29, test_f1: 6.91
Epoch:45, test_Acc: 31.90, test_bacc: 14.29, test_f1: 6.91
Epoch:46, test_Acc: 31.90, test_bacc: 14.29, test_f1: 6.91
Epoch:47, test_Acc: 31.90, test_bacc: 14.29, test_f1: 6.91
Epoch:48, test_Acc: 31.90, test_bacc: 14.29, test_f1: 6.91
Epoch:49, test_Acc: 31.90, test_bacc: 14.29, test_f1: 6.91
Epoch:50, test_Acc: 31.90, test_bacc: 14.29, test_f1: 6.91
Epoch:51, test_Acc: 31.90, test_bacc: 14.29, test_f1: 6.91
Epoch:52, test_Acc: 31.90, test_bacc: 14.29, test_f1: 6.91
Epoch:53, test_Acc: 31.90, test_bacc: 14.29, test_f1: 6.91
Epoch:54, test_Acc: 31.90, test_bacc: 14.29, test_f1: 6.91
Epoch:55, test_Acc: 31.90, test_bacc: 14.29, test_f1: 6.91
Epoch:56, test_Acc: 31.90, test_bacc: 14.29, test_f1: 6.91
Epoch:57, test_Acc: 31.90, test_bacc: 14.29, test_f1: 6.91
Epoch:58, test_Acc: 31.90, test_bacc: 14.29, test_f1: 6.91
Epoch:59, test_Acc: 31.90, test_bacc: 14.29, test_f1: 6.91
Epoch:60, test_Acc: 31.90, test_bacc: 14.29, test_f1: 6.91
Epoch:61, test_Acc: 31.90, test_bacc: 14.29, test_f1: 6.91
Epoch:62, test_Acc: 31.90, test_bacc: 14.29, test_f1: 6.91
Epoch:63, test_Acc: 31.90, test_bacc: 14.29, test_f1: 6.91
Epoch:64, test_Acc: 31.90, test_bacc: 14.29, test_f1: 6.91
Epoch:65, test_Acc: 31.90, test_bacc: 14.29, test_f1: 6.91
Epoch:66, test_Acc: 31.90, test_bacc: 14.29, test_f1: 6.91
Epoch:67, test_Acc: 31.90, test_bacc: 14.29, test_f1: 6.91
Epoch:68, test_Acc: 31.90, test_bacc: 14.29, test_f1: 6.91
Epoch:69, test_Acc: 31.90, test_bacc: 14.29, test_f1: 6.91
Epoch:70, test_Acc: 31.90, test_bacc: 14.29, test_f1: 6.91
Epoch:71, test_Acc: 31.90, test_bacc: 14.29, test_f1: 6.91
Epoch:72, test_Acc: 31.90, test_bacc: 14.29, test_f1: 6.91
Epoch:73, test_Acc: 31.90, test_bacc: 14.29, test_f1: 6.91
Epoch:74, test_Acc: 31.90, test_bacc: 14.29, test_f1: 6.91
Epoch:75, test_Acc: 31.90, test_bacc: 14.29, test_f1: 6.91
Epoch:76, test_Acc: 31.90, test_bacc: 14.29, test_f1: 6.91
Epoch:77, test_Acc: 31.90, test_bacc: 14.29, test_f1: 6.91
Epoch:78, test_Acc: 31.90, test_bacc: 14.29, test_f1: 6.91
Epoch:79, test_Acc: 31.90, test_bacc: 14.29, test_f1: 6.91
Epoch:80, test_Acc: 31.90, test_bacc: 14.29, test_f1: 6.91
Epoch:81, test_Acc: 31.90, test_bacc: 14.29, test_f1: 6.91
Epoch:82, test_Acc: 31.90, test_bacc: 14.29, test_f1: 6.91
Epoch:83, test_Acc: 31.90, test_bacc: 14.29, test_f1: 6.91
Epoch:84, test_Acc: 31.90, test_bacc: 14.29, test_f1: 6.91
Epoch:85, test_Acc: 31.90, test_bacc: 14.29, test_f1: 6.91
Epoch:86, test_Acc: 31.90, test_bacc: 14.29, test_f1: 6.91
Epoch:87, test_Acc: 31.90, test_bacc: 14.29, test_f1: 6.91
Epoch:88, test_Acc: 31.90, test_bacc: 14.29, test_f1: 6.91
Epoch:89, test_Acc: 31.90, test_bacc: 14.29, test_f1: 6.91
Epoch:90, test_Acc: 31.90, test_bacc: 14.29, test_f1: 6.91
Epoch:91, test_Acc: 31.90, test_bacc: 14.29, test_f1: 6.91
Epoch:92, test_Acc: 31.90, test_bacc: 14.29, test_f1: 6.91
Epoch:93, test_Acc: 31.90, test_bacc: 14.29, test_f1: 6.91
Epoch:94, test_Acc: 31.90, test_bacc: 14.29, test_f1: 6.91
Epoch:95, test_Acc: 31.90, test_bacc: 14.29, test_f1: 6.91
Epoch:96, test_Acc: 31.90, test_bacc: 14.29, test_f1: 6.91
Epoch:97, test_Acc: 31.90, test_bacc: 14.29, test_f1: 6.91
Epoch:98, test_Acc: 31.90, test_bacc: 14.29, test_f1: 6.91
Epoch:99, test_Acc: 31.90, test_bacc: 14.29, test_f1: 6.91
Epoch:100, test_Acc: 31.90, test_bacc: 14.29, test_f1: 6.91
Epoch:101, test_Acc: 31.90, test_bacc: 14.29, test_f1: 6.91
Epoch:102, test_Acc: 31.90, test_bacc: 14.29, test_f1: 6.91
Epoch:103, test_Acc: 31.90, test_bacc: 14.29, test_f1: 6.91
Epoch:104, test_Acc: 31.90, test_bacc: 14.29, test_f1: 6.91
Epoch:105, test_Acc: 32.70, test_bacc: 15.05, test_f1: 8.41
Epoch:106, test_Acc: 33.00, test_bacc: 15.34, test_f1: 8.93
Epoch:107, test_Acc: 33.30, test_bacc: 15.63, test_f1: 9.44
Epoch:108, test_Acc: 33.70, test_bacc: 16.01, test_f1: 10.09
Epoch:109, test_Acc: 34.30, test_bacc: 16.64, test_f1: 11.11
Epoch:110, test_Acc: 34.60, test_bacc: 16.93, test_f1: 11.54
Epoch:111, test_Acc: 35.60, test_bacc: 17.88, test_f1: 12.87
Epoch:112, test_Acc: 36.10, test_bacc: 18.36, test_f1: 13.46
Epoch:113, test_Acc: 37.00, test_bacc: 19.23, test_f1: 14.41
Epoch:114, test_Acc: 37.50, test_bacc: 19.71, test_f1: 14.95
Epoch:115, test_Acc: 37.50, test_bacc: 19.71, test_f1: 14.95
Epoch:116, test_Acc: 39.30, test_bacc: 21.43, test_f1: 16.66
Epoch:117, test_Acc: 39.50, test_bacc: 21.62, test_f1: 16.76
Epoch:118, test_Acc: 40.00, test_bacc: 22.15, test_f1: 17.08
Epoch:119, test_Acc: 40.60, test_bacc: 22.78, test_f1: 17.49
Epoch:120, test_Acc: 40.90, test_bacc: 23.07, test_f1: 17.63
Epoch:121, test_Acc: 41.20, test_bacc: 23.36, test_f1: 17.79
Epoch:122, test_Acc: 41.20, test_bacc: 23.36, test_f1: 17.79
Epoch:123, test_Acc: 41.20, test_bacc: 23.36, test_f1: 17.79
Epoch:124, test_Acc: 41.20, test_bacc: 23.36, test_f1: 17.79
Epoch:125, test_Acc: 41.20, test_bacc: 23.36, test_f1: 17.79
Epoch:126, test_Acc: 42.00, test_bacc: 24.22, test_f1: 18.15
Epoch:127, test_Acc: 42.00, test_bacc: 24.22, test_f1: 18.15
Epoch:128, test_Acc: 42.20, test_bacc: 24.42, test_f1: 18.05
Epoch:129, test_Acc: 42.20, test_bacc: 24.42, test_f1: 18.05
Epoch:130, test_Acc: 42.50, test_bacc: 24.70, test_f1: 18.25
Epoch:131, test_Acc: 42.50, test_bacc: 24.70, test_f1: 18.25
Epoch:132, test_Acc: 42.70, test_bacc: 24.90, test_f1: 18.36
Epoch:133, test_Acc: 42.70, test_bacc: 24.90, test_f1: 18.36
Epoch:134, test_Acc: 42.70, test_bacc: 24.90, test_f1: 18.36
Epoch:135, test_Acc: 43.40, test_bacc: 25.62, test_f1: 18.54
Epoch:136, test_Acc: 43.40, test_bacc: 25.62, test_f1: 18.54
Epoch:137, test_Acc: 43.50, test_bacc: 25.71, test_f1: 18.50
Epoch:138, test_Acc: 43.50, test_bacc: 25.71, test_f1: 18.50
Epoch:139, test_Acc: 43.50, test_bacc: 25.71, test_f1: 18.50
Epoch:140, test_Acc: 43.50, test_bacc: 25.71, test_f1: 18.50
Epoch:141, test_Acc: 43.50, test_bacc: 25.71, test_f1: 18.50
Epoch:142, test_Acc: 43.50, test_bacc: 25.71, test_f1: 18.50
Epoch:143, test_Acc: 43.50, test_bacc: 25.71, test_f1: 18.50
Epoch:144, test_Acc: 43.50, test_bacc: 25.71, test_f1: 18.50
Epoch:145, test_Acc: 43.40, test_bacc: 25.67, test_f1: 17.93
Epoch:146, test_Acc: 43.40, test_bacc: 25.67, test_f1: 17.93
Epoch:147, test_Acc: 43.50, test_bacc: 25.71, test_f1: 18.07
Epoch:148, test_Acc: 43.50, test_bacc: 25.71, test_f1: 18.07
Epoch:149, test_Acc: 43.50, test_bacc: 25.71, test_f1: 18.07
Epoch:150, test_Acc: 43.50, test_bacc: 25.71, test_f1: 18.07
Epoch:151, test_Acc: 43.50, test_bacc: 25.71, test_f1: 18.07
Epoch:152, test_Acc: 43.30, test_bacc: 25.62, test_f1: 17.84
Epoch:153, test_Acc: 43.30, test_bacc: 25.62, test_f1: 17.84
Epoch:154, test_Acc: 43.30, test_bacc: 25.62, test_f1: 17.84
Epoch:155, test_Acc: 43.30, test_bacc: 25.62, test_f1: 17.84
Epoch:156, test_Acc: 43.30, test_bacc: 25.62, test_f1: 17.84
Epoch:157, test_Acc: 43.30, test_bacc: 25.62, test_f1: 17.84
Epoch:158, test_Acc: 43.30, test_bacc: 25.62, test_f1: 17.84
Epoch:159, test_Acc: 43.30, test_bacc: 25.62, test_f1: 17.84
Epoch:160, test_Acc: 43.30, test_bacc: 25.62, test_f1: 17.84
Epoch:161, test_Acc: 43.30, test_bacc: 25.62, test_f1: 17.84
Epoch:162, test_Acc: 43.30, test_bacc: 25.62, test_f1: 17.84
Epoch:163, test_Acc: 43.30, test_bacc: 25.62, test_f1: 17.84
Epoch:164, test_Acc: 43.30, test_bacc: 25.62, test_f1: 17.84
Epoch:165, test_Acc: 43.30, test_bacc: 25.62, test_f1: 17.84
Epoch:166, test_Acc: 43.30, test_bacc: 25.62, test_f1: 17.84
Epoch:167, test_Acc: 43.30, test_bacc: 25.62, test_f1: 17.84
Epoch:168, test_Acc: 43.30, test_bacc: 25.62, test_f1: 17.84
Epoch:169, test_Acc: 43.30, test_bacc: 25.62, test_f1: 17.84
Epoch:170, test_Acc: 43.30, test_bacc: 25.62, test_f1: 17.84
Epoch:171, test_Acc: 43.30, test_bacc: 25.62, test_f1: 17.84
Epoch:172, test_Acc: 43.30, test_bacc: 25.62, test_f1: 17.84
Epoch:173, test_Acc: 43.30, test_bacc: 25.62, test_f1: 17.84
Epoch:174, test_Acc: 43.40, test_bacc: 25.82, test_f1: 17.71
Epoch:175, test_Acc: 43.40, test_bacc: 25.82, test_f1: 17.71
Epoch:176, test_Acc: 43.40, test_bacc: 25.82, test_f1: 17.71
Epoch:177, test_Acc: 43.40, test_bacc: 25.82, test_f1: 17.71
Epoch:178, test_Acc: 43.40, test_bacc: 25.82, test_f1: 17.71
Epoch:179, test_Acc: 43.40, test_bacc: 25.82, test_f1: 17.71
Epoch:180, test_Acc: 43.40, test_bacc: 25.82, test_f1: 17.71
Epoch:181, test_Acc: 43.40, test_bacc: 25.82, test_f1: 17.71
Epoch:182, test_Acc: 43.40, test_bacc: 25.82, test_f1: 17.71
Epoch:183, test_Acc: 43.40, test_bacc: 25.82, test_f1: 17.71
Epoch:184, test_Acc: 43.40, test_bacc: 25.82, test_f1: 17.71
Epoch:185, test_Acc: 43.40, test_bacc: 25.82, test_f1: 17.71
Epoch:186, test_Acc: 43.40, test_bacc: 25.82, test_f1: 17.71
Epoch:187, test_Acc: 43.40, test_bacc: 25.82, test_f1: 17.71
Epoch:188, test_Acc: 43.40, test_bacc: 25.82, test_f1: 17.71
Epoch:189, test_Acc: 43.40, test_bacc: 25.82, test_f1: 17.71
Epoch:190, test_Acc: 43.40, test_bacc: 25.82, test_f1: 17.71
Epoch:191, test_Acc: 43.40, test_bacc: 25.82, test_f1: 17.71
Epoch:192, test_Acc: 43.40, test_bacc: 25.82, test_f1: 17.71
Epoch:193, test_Acc: 43.40, test_bacc: 25.82, test_f1: 17.71
Epoch:194, test_Acc: 43.40, test_bacc: 25.82, test_f1: 17.71
Epoch:195, test_Acc: 43.40, test_bacc: 25.82, test_f1: 17.71
Epoch:196, test_Acc: 43.40, test_bacc: 25.82, test_f1: 17.71
Epoch:197, test_Acc: 43.40, test_bacc: 25.82, test_f1: 17.71
Epoch:198, test_Acc: 43.40, test_bacc: 25.82, test_f1: 17.71
Epoch:199, test_Acc: 43.40, test_bacc: 25.82, test_f1: 17.71
Epoch:200, test_Acc: 43.40, test_bacc: 25.82, test_f1: 17.71
Epoch:201, test_Acc: 43.40, test_bacc: 25.82, test_f1: 17.71
Epoch:202, test_Acc: 43.40, test_bacc: 25.82, test_f1: 17.71
Epoch:203, test_Acc: 43.40, test_bacc: 25.82, test_f1: 17.71
Epoch:204, test_Acc: 43.40, test_bacc: 25.82, test_f1: 17.71
Epoch:205, test_Acc: 43.40, test_bacc: 25.82, test_f1: 17.71
Epoch:206, test_Acc: 43.40, test_bacc: 25.82, test_f1: 17.71
Epoch:207, test_Acc: 43.40, test_bacc: 25.82, test_f1: 17.71
Epoch:208, test_Acc: 43.40, test_bacc: 25.82, test_f1: 17.71
Epoch:209, test_Acc: 43.40, test_bacc: 25.82, test_f1: 17.71
Epoch:210, test_Acc: 43.40, test_bacc: 25.82, test_f1: 17.71
Epoch:211, test_Acc: 43.40, test_bacc: 25.82, test_f1: 17.71
Epoch:212, test_Acc: 43.40, test_bacc: 25.82, test_f1: 17.71
Epoch:213, test_Acc: 43.40, test_bacc: 25.82, test_f1: 17.71
Epoch:214, test_Acc: 43.40, test_bacc: 25.82, test_f1: 17.71
Epoch:215, test_Acc: 43.40, test_bacc: 25.82, test_f1: 17.71
Epoch:216, test_Acc: 43.40, test_bacc: 25.82, test_f1: 17.71
Epoch:217, test_Acc: 43.40, test_bacc: 25.82, test_f1: 17.71
Epoch:218, test_Acc: 43.40, test_bacc: 25.82, test_f1: 17.71
Epoch:219, test_Acc: 43.40, test_bacc: 25.82, test_f1: 17.71
Epoch:220, test_Acc: 43.40, test_bacc: 25.82, test_f1: 17.71
Epoch:221, test_Acc: 43.40, test_bacc: 25.82, test_f1: 17.71
Epoch:222, test_Acc: 43.40, test_bacc: 25.82, test_f1: 17.71
Epoch:223, test_Acc: 43.40, test_bacc: 25.82, test_f1: 17.71
Epoch:224, test_Acc: 43.40, test_bacc: 25.82, test_f1: 17.71
Epoch:225, test_Acc: 43.40, test_bacc: 25.82, test_f1: 17.71
Epoch:226, test_Acc: 43.40, test_bacc: 25.82, test_f1: 17.71
Epoch:227, test_Acc: 43.40, test_bacc: 25.82, test_f1: 17.71
Epoch:228, test_Acc: 43.40, test_bacc: 25.82, test_f1: 17.71
Epoch:229, test_Acc: 43.40, test_bacc: 25.82, test_f1: 17.71
Epoch:230, test_Acc: 43.40, test_bacc: 25.82, test_f1: 17.71
Epoch:231, test_Acc: 43.40, test_bacc: 25.82, test_f1: 17.71
Epoch:232, test_Acc: 43.40, test_bacc: 25.82, test_f1: 17.71
Epoch:233, test_Acc: 43.40, test_bacc: 25.82, test_f1: 17.71
Epoch:234, test_Acc: 43.40, test_bacc: 25.82, test_f1: 17.71
Epoch:235, test_Acc: 43.40, test_bacc: 25.82, test_f1: 17.71
Epoch:236, test_Acc: 43.40, test_bacc: 25.82, test_f1: 17.71
Epoch:237, test_Acc: 43.40, test_bacc: 25.82, test_f1: 17.71
Epoch:238, test_Acc: 43.40, test_bacc: 25.82, test_f1: 17.71
Epoch:239, test_Acc: 43.40, test_bacc: 25.82, test_f1: 17.71
Epoch:240, test_Acc: 43.40, test_bacc: 25.82, test_f1: 17.71
Epoch:241, test_Acc: 43.40, test_bacc: 25.82, test_f1: 17.71
Epoch:242, test_Acc: 43.40, test_bacc: 25.82, test_f1: 17.71
Epoch:243, test_Acc: 43.40, test_bacc: 25.82, test_f1: 17.71
Epoch:244, test_Acc: 43.40, test_bacc: 25.82, test_f1: 17.71
Epoch:245, test_Acc: 43.40, test_bacc: 25.82, test_f1: 17.71
Epoch:246, test_Acc: 43.40, test_bacc: 25.82, test_f1: 17.71
Epoch:247, test_Acc: 43.40, test_bacc: 25.82, test_f1: 17.71
Epoch:248, test_Acc: 43.40, test_bacc: 25.82, test_f1: 17.71
Epoch:249, test_Acc: 43.40, test_bacc: 25.82, test_f1: 17.71
Epoch:250, test_Acc: 43.40, test_bacc: 25.82, test_f1: 17.71
Epoch:251, test_Acc: 43.40, test_bacc: 25.82, test_f1: 17.71
Epoch:252, test_Acc: 43.40, test_bacc: 25.82, test_f1: 17.71
Epoch:253, test_Acc: 43.40, test_bacc: 25.82, test_f1: 17.71
Epoch:254, test_Acc: 43.40, test_bacc: 25.82, test_f1: 17.71
Epoch:255, test_Acc: 43.40, test_bacc: 25.82, test_f1: 17.71
Epoch:256, test_Acc: 43.40, test_bacc: 25.82, test_f1: 17.71
Epoch:257, test_Acc: 43.40, test_bacc: 25.82, test_f1: 17.71
Epoch:258, test_Acc: 43.40, test_bacc: 25.82, test_f1: 17.71
Epoch:259, test_Acc: 43.40, test_bacc: 25.82, test_f1: 17.71
Epoch:260, test_Acc: 43.40, test_bacc: 25.82, test_f1: 17.71
Epoch:261, test_Acc: 43.40, test_bacc: 25.82, test_f1: 17.71
Epoch:262, test_Acc: 43.40, test_bacc: 25.82, test_f1: 17.71
Epoch:263, test_Acc: 43.40, test_bacc: 25.82, test_f1: 17.71
Epoch:264, test_Acc: 43.40, test_bacc: 25.82, test_f1: 17.71
Epoch:265, test_Acc: 43.40, test_bacc: 25.82, test_f1: 17.71
Epoch:266, test_Acc: 43.40, test_bacc: 25.82, test_f1: 17.71
Epoch:267, test_Acc: 43.40, test_bacc: 25.82, test_f1: 17.71
Epoch:268, test_Acc: 43.40, test_bacc: 25.82, test_f1: 17.71
Epoch:269, test_Acc: 43.40, test_bacc: 25.82, test_f1: 17.71
Epoch:270, test_Acc: 43.40, test_bacc: 25.82, test_f1: 17.71
Epoch:271, test_Acc: 43.40, test_bacc: 25.82, test_f1: 17.71
Epoch:272, test_Acc: 43.40, test_bacc: 25.82, test_f1: 17.71
Epoch:273, test_Acc: 43.40, test_bacc: 25.82, test_f1: 17.71
Epoch:274, test_Acc: 43.40, test_bacc: 25.82, test_f1: 17.71
Epoch:275, test_Acc: 43.40, test_bacc: 25.82, test_f1: 17.71
Epoch:276, test_Acc: 43.40, test_bacc: 25.82, test_f1: 17.71
Epoch:277, test_Acc: 43.40, test_bacc: 25.82, test_f1: 17.71
Epoch:278, test_Acc: 43.40, test_bacc: 25.82, test_f1: 17.71
Epoch:279, test_Acc: 43.40, test_bacc: 25.82, test_f1: 17.71
Epoch:280, test_Acc: 43.40, test_bacc: 25.82, test_f1: 17.71
Epoch:281, test_Acc: 43.40, test_bacc: 25.82, test_f1: 17.71
Epoch:282, test_Acc: 43.40, test_bacc: 25.82, test_f1: 17.71
Epoch:283, test_Acc: 43.40, test_bacc: 25.82, test_f1: 17.71
Epoch:284, test_Acc: 43.40, test_bacc: 25.82, test_f1: 17.71
Epoch:285, test_Acc: 43.40, test_bacc: 25.82, test_f1: 17.71
Epoch:286, test_Acc: 43.40, test_bacc: 25.82, test_f1: 17.71
Epoch:287, test_Acc: 43.40, test_bacc: 25.82, test_f1: 17.71
Epoch:288, test_Acc: 43.40, test_bacc: 25.82, test_f1: 17.71
Epoch:289, test_Acc: 43.40, test_bacc: 25.82, test_f1: 17.71
Epoch:290, test_Acc: 43.40, test_bacc: 25.82, test_f1: 17.71
Epoch:291, test_Acc: 43.40, test_bacc: 25.82, test_f1: 17.71
Epoch:292, test_Acc: 43.40, test_bacc: 25.82, test_f1: 17.71
Epoch:293, test_Acc: 43.40, test_bacc: 25.82, test_f1: 17.71
Epoch:294, test_Acc: 43.40, test_bacc: 25.82, test_f1: 17.71
Epoch:295, test_Acc: 43.40, test_bacc: 25.82, test_f1: 17.71
Epoch:296, test_Acc: 43.40, test_bacc: 25.82, test_f1: 17.71
Epoch:297, test_Acc: 43.40, test_bacc: 25.82, test_f1: 17.71
Epoch:298, test_Acc: 43.40, test_bacc: 25.82, test_f1: 17.71
Epoch:299, test_Acc: 43.40, test_bacc: 25.82, test_f1: 17.71
Epoch:300, test_Acc: 43.40, test_bacc: 25.82, test_f1: 17.71
Epoch:301, test_Acc: 43.40, test_bacc: 25.82, test_f1: 17.71
Epoch:302, test_Acc: 43.40, test_bacc: 25.82, test_f1: 17.71
Epoch:303, test_Acc: 43.40, test_bacc: 25.82, test_f1: 17.71
Epoch:304, test_Acc: 43.40, test_bacc: 25.82, test_f1: 17.71
Epoch:305, test_Acc: 43.40, test_bacc: 25.82, test_f1: 17.71
Epoch:306, test_Acc: 43.40, test_bacc: 25.82, test_f1: 17.71
Epoch:307, test_Acc: 43.40, test_bacc: 25.82, test_f1: 17.71
Epoch:308, test_Acc: 43.40, test_bacc: 25.82, test_f1: 17.71
Epoch:309, test_Acc: 43.20, test_bacc: 25.88, test_f1: 17.95
Epoch:310, test_Acc: 43.10, test_bacc: 25.83, test_f1: 17.91
Epoch:311, test_Acc: 43.10, test_bacc: 25.83, test_f1: 17.91
Epoch:312, test_Acc: 43.10, test_bacc: 25.83, test_f1: 17.91
Epoch:313, test_Acc: 43.10, test_bacc: 25.83, test_f1: 17.91
Epoch:314, test_Acc: 43.10, test_bacc: 25.83, test_f1: 17.91
Epoch:315, test_Acc: 43.10, test_bacc: 25.83, test_f1: 17.91
Epoch:316, test_Acc: 43.10, test_bacc: 25.83, test_f1: 17.91
Epoch:317, test_Acc: 43.10, test_bacc: 25.83, test_f1: 17.91
Epoch:318, test_Acc: 43.10, test_bacc: 25.83, test_f1: 17.91
Epoch:319, test_Acc: 43.10, test_bacc: 25.83, test_f1: 17.91
Epoch:320, test_Acc: 43.10, test_bacc: 25.83, test_f1: 17.91
Epoch:321, test_Acc: 43.10, test_bacc: 25.83, test_f1: 17.91
Epoch:322, test_Acc: 43.10, test_bacc: 25.83, test_f1: 17.91
Epoch:323, test_Acc: 43.10, test_bacc: 25.83, test_f1: 17.91
Epoch:324, test_Acc: 43.10, test_bacc: 25.83, test_f1: 17.91
Epoch:325, test_Acc: 43.10, test_bacc: 25.83, test_f1: 17.91
Epoch:326, test_Acc: 43.10, test_bacc: 25.83, test_f1: 17.91
Epoch:327, test_Acc: 43.10, test_bacc: 25.83, test_f1: 17.91
Epoch:328, test_Acc: 43.10, test_bacc: 25.83, test_f1: 17.91
Epoch:329, test_Acc: 43.10, test_bacc: 25.83, test_f1: 17.91
Epoch:330, test_Acc: 43.10, test_bacc: 25.83, test_f1: 17.91
Epoch:331, test_Acc: 43.10, test_bacc: 25.83, test_f1: 17.91
Epoch:332, test_Acc: 43.10, test_bacc: 25.83, test_f1: 17.91
Epoch:333, test_Acc: 43.10, test_bacc: 25.83, test_f1: 17.91
Epoch:334, test_Acc: 43.10, test_bacc: 25.83, test_f1: 17.91
Epoch:335, test_Acc: 43.10, test_bacc: 25.83, test_f1: 17.91
Epoch:336, test_Acc: 43.10, test_bacc: 25.83, test_f1: 17.91
Epoch:337, test_Acc: 43.20, test_bacc: 26.15, test_f1: 18.89
Epoch:338, test_Acc: 43.20, test_bacc: 26.15, test_f1: 18.89
Epoch:339, test_Acc: 43.20, test_bacc: 26.17, test_f1: 19.04
Epoch:340, test_Acc: 43.00, test_bacc: 25.96, test_f1: 18.87
Epoch:341, test_Acc: 43.00, test_bacc: 25.96, test_f1: 18.87
Epoch:342, test_Acc: 43.00, test_bacc: 25.96, test_f1: 18.87
Epoch:343, test_Acc: 43.30, test_bacc: 26.29, test_f1: 19.38
Epoch:344, test_Acc: 43.30, test_bacc: 26.29, test_f1: 19.38
Epoch:345, test_Acc: 43.10, test_bacc: 26.07, test_f1: 19.00
Epoch:346, test_Acc: 43.10, test_bacc: 26.07, test_f1: 19.00
Epoch:347, test_Acc: 43.10, test_bacc: 26.07, test_f1: 19.00
Epoch:348, test_Acc: 43.10, test_bacc: 26.07, test_f1: 19.00
Epoch:349, test_Acc: 43.10, test_bacc: 26.07, test_f1: 19.00
Epoch:350, test_Acc: 43.10, test_bacc: 26.07, test_f1: 19.00
Epoch:351, test_Acc: 43.10, test_bacc: 26.07, test_f1: 19.00
Epoch:352, test_Acc: 43.10, test_bacc: 26.07, test_f1: 19.00
Epoch:353, test_Acc: 43.30, test_bacc: 26.28, test_f1: 19.18
Epoch:354, test_Acc: 43.30, test_bacc: 26.28, test_f1: 19.18
Epoch:355, test_Acc: 43.30, test_bacc: 26.28, test_f1: 19.18
Epoch:356, test_Acc: 43.30, test_bacc: 26.28, test_f1: 19.18
Epoch:357, test_Acc: 43.30, test_bacc: 26.28, test_f1: 19.18
Epoch:358, test_Acc: 43.30, test_bacc: 26.28, test_f1: 19.18
Epoch:359, test_Acc: 43.30, test_bacc: 26.28, test_f1: 19.18
Epoch:360, test_Acc: 43.30, test_bacc: 26.28, test_f1: 19.18
Epoch:361, test_Acc: 43.10, test_bacc: 26.33, test_f1: 19.50
Epoch:362, test_Acc: 43.10, test_bacc: 26.33, test_f1: 19.50
Epoch:363, test_Acc: 43.10, test_bacc: 26.33, test_f1: 19.50
Epoch:364, test_Acc: 43.10, test_bacc: 26.33, test_f1: 19.50
Epoch:365, test_Acc: 43.10, test_bacc: 26.33, test_f1: 19.50
Epoch:366, test_Acc: 43.10, test_bacc: 26.33, test_f1: 19.50
Epoch:367, test_Acc: 43.10, test_bacc: 26.33, test_f1: 19.50
Epoch:368, test_Acc: 43.10, test_bacc: 26.33, test_f1: 19.50
Epoch:369, test_Acc: 43.10, test_bacc: 26.33, test_f1: 19.50
Epoch:370, test_Acc: 43.10, test_bacc: 26.33, test_f1: 19.50
Epoch:371, test_Acc: 43.10, test_bacc: 26.33, test_f1: 19.50
Epoch:372, test_Acc: 43.10, test_bacc: 26.33, test_f1: 19.50
Epoch:373, test_Acc: 43.10, test_bacc: 26.33, test_f1: 19.50
Epoch:374, test_Acc: 43.10, test_bacc: 26.33, test_f1: 19.50
Epoch:375, test_Acc: 43.10, test_bacc: 26.33, test_f1: 19.50
Epoch:376, test_Acc: 43.10, test_bacc: 26.33, test_f1: 19.50
Epoch:377, test_Acc: 43.10, test_bacc: 26.33, test_f1: 19.50
Epoch:378, test_Acc: 43.10, test_bacc: 26.33, test_f1: 19.50
Epoch:379, test_Acc: 43.10, test_bacc: 26.33, test_f1: 19.50
Epoch:380, test_Acc: 43.10, test_bacc: 26.33, test_f1: 19.50
Epoch:381, test_Acc: 43.10, test_bacc: 26.33, test_f1: 19.50
Epoch:382, test_Acc: 43.10, test_bacc: 26.33, test_f1: 19.50
Epoch:383, test_Acc: 43.10, test_bacc: 26.33, test_f1: 19.50
Epoch:384, test_Acc: 43.10, test_bacc: 26.33, test_f1: 19.50
Epoch:385, test_Acc: 43.10, test_bacc: 26.33, test_f1: 19.50
Epoch:386, test_Acc: 43.10, test_bacc: 26.33, test_f1: 19.50
Epoch:387, test_Acc: 43.10, test_bacc: 26.33, test_f1: 19.50
Epoch:388, test_Acc: 43.10, test_bacc: 26.33, test_f1: 19.50
Epoch:389, test_Acc: 43.10, test_bacc: 26.33, test_f1: 19.50
Epoch:390, test_Acc: 43.10, test_bacc: 26.33, test_f1: 19.50
Epoch:391, test_Acc: 43.10, test_bacc: 26.33, test_f1: 19.50
Epoch:392, test_Acc: 43.10, test_bacc: 26.33, test_f1: 19.50
Epoch:393, test_Acc: 43.10, test_bacc: 26.33, test_f1: 19.50
Epoch:394, test_Acc: 43.10, test_bacc: 26.33, test_f1: 19.50
Epoch:395, test_Acc: 43.10, test_bacc: 26.33, test_f1: 19.50
Epoch:396, test_Acc: 43.10, test_bacc: 26.33, test_f1: 19.50
Epoch:397, test_Acc: 43.10, test_bacc: 26.33, test_f1: 19.50
Epoch:398, test_Acc: 43.10, test_bacc: 26.33, test_f1: 19.50
Epoch:399, test_Acc: 43.10, test_bacc: 26.33, test_f1: 19.50
Epoch:400, test_Acc: 43.10, test_bacc: 26.33, test_f1: 19.50
Epoch:401, test_Acc: 43.10, test_bacc: 26.33, test_f1: 19.50
Epoch:402, test_Acc: 43.10, test_bacc: 26.33, test_f1: 19.50
Epoch:403, test_Acc: 43.10, test_bacc: 26.33, test_f1: 19.50
Epoch:404, test_Acc: 43.10, test_bacc: 26.33, test_f1: 19.50
Epoch:405, test_Acc: 43.10, test_bacc: 26.33, test_f1: 19.50
Epoch:406, test_Acc: 43.10, test_bacc: 26.33, test_f1: 19.50
Epoch:407, test_Acc: 43.10, test_bacc: 26.33, test_f1: 19.50
Epoch:408, test_Acc: 43.10, test_bacc: 26.33, test_f1: 19.50
Epoch:409, test_Acc: 43.10, test_bacc: 26.33, test_f1: 19.50
Epoch:410, test_Acc: 43.10, test_bacc: 26.33, test_f1: 19.50
Epoch:411, test_Acc: 43.10, test_bacc: 26.33, test_f1: 19.50
Epoch:412, test_Acc: 43.10, test_bacc: 26.33, test_f1: 19.50
Epoch:413, test_Acc: 43.10, test_bacc: 26.33, test_f1: 19.50
Epoch:414, test_Acc: 43.10, test_bacc: 26.33, test_f1: 19.50
Epoch:415, test_Acc: 43.10, test_bacc: 26.33, test_f1: 19.50
Epoch:416, test_Acc: 43.10, test_bacc: 26.33, test_f1: 19.50
Epoch:417, test_Acc: 43.10, test_bacc: 26.33, test_f1: 19.50
Epoch:418, test_Acc: 43.10, test_bacc: 26.33, test_f1: 19.50
Epoch:419, test_Acc: 43.10, test_bacc: 26.33, test_f1: 19.50
Epoch:420, test_Acc: 43.10, test_bacc: 26.33, test_f1: 19.50
Epoch:421, test_Acc: 43.10, test_bacc: 26.33, test_f1: 19.50
Epoch:422, test_Acc: 43.10, test_bacc: 26.33, test_f1: 19.50
Epoch:423, test_Acc: 43.10, test_bacc: 26.33, test_f1: 19.50
Epoch:424, test_Acc: 43.10, test_bacc: 26.33, test_f1: 19.50
Epoch:425, test_Acc: 43.10, test_bacc: 26.33, test_f1: 19.50
Epoch:426, test_Acc: 43.10, test_bacc: 26.33, test_f1: 19.50
Epoch:427, test_Acc: 43.10, test_bacc: 26.33, test_f1: 19.50
Epoch:428, test_Acc: 43.10, test_bacc: 26.33, test_f1: 19.50
Epoch:429, test_Acc: 43.10, test_bacc: 26.33, test_f1: 19.50
Epoch:430, test_Acc: 44.10, test_bacc: 27.51, test_f1: 21.05
Epoch:431, test_Acc: 44.10, test_bacc: 27.51, test_f1: 21.05
Epoch:432, test_Acc: 44.10, test_bacc: 27.51, test_f1: 21.05
Epoch:433, test_Acc: 44.10, test_bacc: 27.51, test_f1: 21.05
Epoch:434, test_Acc: 44.10, test_bacc: 27.51, test_f1: 21.05
Epoch:435, test_Acc: 44.10, test_bacc: 27.51, test_f1: 21.05
Epoch:436, test_Acc: 44.10, test_bacc: 27.51, test_f1: 21.05
Epoch:437, test_Acc: 44.10, test_bacc: 27.51, test_f1: 21.05
Epoch:438, test_Acc: 44.00, test_bacc: 27.61, test_f1: 21.33
Epoch:439, test_Acc: 44.00, test_bacc: 27.56, test_f1: 21.34
Epoch:440, test_Acc: 44.20, test_bacc: 27.65, test_f1: 21.46
Epoch:441, test_Acc: 44.20, test_bacc: 27.65, test_f1: 21.46
Epoch:442, test_Acc: 44.20, test_bacc: 27.65, test_f1: 21.46
Epoch:443, test_Acc: 44.20, test_bacc: 27.65, test_f1: 21.46
Epoch:444, test_Acc: 44.40, test_bacc: 28.00, test_f1: 21.83
Epoch:445, test_Acc: 44.40, test_bacc: 28.00, test_f1: 21.83
Epoch:446, test_Acc: 44.40, test_bacc: 28.00, test_f1: 21.83
Epoch:447, test_Acc: 44.40, test_bacc: 28.00, test_f1: 21.83
Epoch:448, test_Acc: 44.40, test_bacc: 28.00, test_f1: 21.83
Epoch:449, test_Acc: 44.40, test_bacc: 28.00, test_f1: 21.83
Epoch:450, test_Acc: 44.40, test_bacc: 28.00, test_f1: 21.83
Epoch:451, test_Acc: 44.40, test_bacc: 28.00, test_f1: 21.83
Epoch:452, test_Acc: 44.40, test_bacc: 28.00, test_f1: 21.83
Epoch:453, test_Acc: 44.40, test_bacc: 28.00, test_f1: 21.83
Epoch:454, test_Acc: 44.40, test_bacc: 28.00, test_f1: 21.83
Epoch:455, test_Acc: 44.00, test_bacc: 27.69, test_f1: 21.50
Epoch:456, test_Acc: 44.00, test_bacc: 27.69, test_f1: 21.50
Epoch:457, test_Acc: 44.20, test_bacc: 27.66, test_f1: 21.62
Epoch:458, test_Acc: 44.20, test_bacc: 27.66, test_f1: 21.62
Epoch:459, test_Acc: 44.20, test_bacc: 27.66, test_f1: 21.62
Epoch:460, test_Acc: 44.20, test_bacc: 27.74, test_f1: 21.80
Epoch:461, test_Acc: 44.10, test_bacc: 27.68, test_f1: 21.66
Epoch:462, test_Acc: 44.10, test_bacc: 27.68, test_f1: 21.66
Epoch:463, test_Acc: 44.10, test_bacc: 27.68, test_f1: 21.66
Epoch:464, test_Acc: 44.10, test_bacc: 27.68, test_f1: 21.66
Epoch:465, test_Acc: 44.10, test_bacc: 27.68, test_f1: 21.66
Epoch:466, test_Acc: 44.10, test_bacc: 27.68, test_f1: 21.66
Epoch:467, test_Acc: 44.10, test_bacc: 27.68, test_f1: 21.66
Epoch:468, test_Acc: 44.10, test_bacc: 27.68, test_f1: 21.66
Epoch:469, test_Acc: 44.10, test_bacc: 27.68, test_f1: 21.66
Epoch:470, test_Acc: 44.10, test_bacc: 27.68, test_f1: 21.66
Epoch:471, test_Acc: 44.70, test_bacc: 28.40, test_f1: 22.30
Epoch:472, test_Acc: 44.70, test_bacc: 28.40, test_f1: 22.30
Epoch:473, test_Acc: 44.40, test_bacc: 28.09, test_f1: 22.08
Epoch:474, test_Acc: 44.40, test_bacc: 28.09, test_f1: 22.08
Epoch:475, test_Acc: 44.40, test_bacc: 28.09, test_f1: 22.08
Epoch:476, test_Acc: 44.40, test_bacc: 28.09, test_f1: 22.08
Epoch:477, test_Acc: 44.40, test_bacc: 28.09, test_f1: 22.08
Epoch:478, test_Acc: 44.30, test_bacc: 27.98, test_f1: 21.98
Epoch:479, test_Acc: 44.50, test_bacc: 28.20, test_f1: 22.16
Epoch:480, test_Acc: 44.50, test_bacc: 28.20, test_f1: 22.16
Epoch:481, test_Acc: 44.50, test_bacc: 28.20, test_f1: 22.16
Epoch:482, test_Acc: 44.50, test_bacc: 28.20, test_f1: 22.20
Epoch:483, test_Acc: 44.50, test_bacc: 28.20, test_f1: 22.20
Epoch:484, test_Acc: 44.50, test_bacc: 28.20, test_f1: 22.20
Epoch:485, test_Acc: 44.50, test_bacc: 28.20, test_f1: 22.20
Epoch:486, test_Acc: 44.50, test_bacc: 28.20, test_f1: 22.20
Epoch:487, test_Acc: 44.50, test_bacc: 28.20, test_f1: 22.20
Epoch:488, test_Acc: 44.50, test_bacc: 28.20, test_f1: 22.20
Epoch:489, test_Acc: 44.50, test_bacc: 28.20, test_f1: 22.20
Epoch:490, test_Acc: 44.50, test_bacc: 28.20, test_f1: 22.20
Epoch:491, test_Acc: 44.50, test_bacc: 28.20, test_f1: 22.20
Epoch:492, test_Acc: 44.50, test_bacc: 28.20, test_f1: 22.20
Epoch:493, test_Acc: 44.50, test_bacc: 28.20, test_f1: 22.20
Epoch:494, test_Acc: 44.50, test_bacc: 28.20, test_f1: 22.20
Epoch:495, test_Acc: 44.50, test_bacc: 28.20, test_f1: 22.20
Epoch:496, test_Acc: 44.50, test_bacc: 28.20, test_f1: 22.20
Epoch:497, test_Acc: 44.50, test_bacc: 28.20, test_f1: 22.20
Epoch:498, test_Acc: 44.40, test_bacc: 28.22, test_f1: 22.24
Epoch:499, test_Acc: 44.40, test_bacc: 28.22, test_f1: 22.24
Epoch:500, test_Acc: 44.40, test_bacc: 28.17, test_f1: 22.21
Epoch:501, test_Acc: 44.30, test_bacc: 28.06, test_f1: 22.13
Epoch:502, test_Acc: 44.30, test_bacc: 28.06, test_f1: 22.13
Epoch:503, test_Acc: 44.30, test_bacc: 28.06, test_f1: 22.13
Epoch:504, test_Acc: 44.60, test_bacc: 28.44, test_f1: 22.43
Epoch:505, test_Acc: 44.60, test_bacc: 28.44, test_f1: 22.43
Epoch:506, test_Acc: 44.60, test_bacc: 28.44, test_f1: 22.43
Epoch:507, test_Acc: 44.60, test_bacc: 28.44, test_f1: 22.43
Epoch:508, test_Acc: 44.60, test_bacc: 28.44, test_f1: 22.43
Epoch:509, test_Acc: 44.60, test_bacc: 28.44, test_f1: 22.43
Epoch:510, test_Acc: 44.60, test_bacc: 28.44, test_f1: 22.43
Epoch:511, test_Acc: 44.60, test_bacc: 28.44, test_f1: 22.43
Epoch:512, test_Acc: 44.60, test_bacc: 28.44, test_f1: 22.43
Epoch:513, test_Acc: 44.60, test_bacc: 28.44, test_f1: 22.43
Epoch:514, test_Acc: 44.60, test_bacc: 28.44, test_f1: 22.43
Epoch:515, test_Acc: 44.60, test_bacc: 28.44, test_f1: 22.43
Epoch:516, test_Acc: 44.60, test_bacc: 28.44, test_f1: 22.43
Epoch:517, test_Acc: 44.60, test_bacc: 28.44, test_f1: 22.43
Epoch:518, test_Acc: 44.60, test_bacc: 28.44, test_f1: 22.43
Epoch:519, test_Acc: 44.60, test_bacc: 28.44, test_f1: 22.43
Epoch:520, test_Acc: 44.60, test_bacc: 28.44, test_f1: 22.43
Epoch:521, test_Acc: 44.60, test_bacc: 28.44, test_f1: 22.43
Epoch:522, test_Acc: 44.60, test_bacc: 28.44, test_f1: 22.43
Epoch:523, test_Acc: 44.60, test_bacc: 28.44, test_f1: 22.43
Epoch:524, test_Acc: 44.60, test_bacc: 28.44, test_f1: 22.43
Epoch:525, test_Acc: 44.60, test_bacc: 28.44, test_f1: 22.43
Epoch:526, test_Acc: 44.60, test_bacc: 28.44, test_f1: 22.43
Epoch:527, test_Acc: 44.60, test_bacc: 28.44, test_f1: 22.43
Epoch:528, test_Acc: 44.60, test_bacc: 28.44, test_f1: 22.43
Epoch:529, test_Acc: 44.60, test_bacc: 28.44, test_f1: 22.43
Epoch:530, test_Acc: 44.60, test_bacc: 28.44, test_f1: 22.43
Epoch:531, test_Acc: 44.60, test_bacc: 28.44, test_f1: 22.43
Epoch:532, test_Acc: 44.60, test_bacc: 28.44, test_f1: 22.43
Epoch:533, test_Acc: 44.60, test_bacc: 28.44, test_f1: 22.43
Epoch:534, test_Acc: 44.60, test_bacc: 28.44, test_f1: 22.43
Epoch:535, test_Acc: 44.60, test_bacc: 28.44, test_f1: 22.43
Epoch:536, test_Acc: 44.60, test_bacc: 28.44, test_f1: 22.43
Epoch:537, test_Acc: 44.60, test_bacc: 28.44, test_f1: 22.43
Epoch:538, test_Acc: 44.60, test_bacc: 28.44, test_f1: 22.43
Epoch:539, test_Acc: 44.60, test_bacc: 28.44, test_f1: 22.43
Epoch:540, test_Acc: 44.60, test_bacc: 28.44, test_f1: 22.43
Epoch:541, test_Acc: 44.60, test_bacc: 28.44, test_f1: 22.43
Epoch:542, test_Acc: 44.60, test_bacc: 28.44, test_f1: 22.43
Epoch:543, test_Acc: 44.60, test_bacc: 28.44, test_f1: 22.43
Epoch:544, test_Acc: 44.60, test_bacc: 28.44, test_f1: 22.43
Epoch:545, test_Acc: 44.60, test_bacc: 28.44, test_f1: 22.43
Epoch:546, test_Acc: 44.60, test_bacc: 28.44, test_f1: 22.43
Epoch:547, test_Acc: 44.60, test_bacc: 28.44, test_f1: 22.43
Epoch:548, test_Acc: 44.60, test_bacc: 28.44, test_f1: 22.43
Epoch:549, test_Acc: 44.60, test_bacc: 28.44, test_f1: 22.43
Epoch:550, test_Acc: 44.60, test_bacc: 28.44, test_f1: 22.43
Epoch:551, test_Acc: 44.60, test_bacc: 28.44, test_f1: 22.43
Epoch:552, test_Acc: 44.60, test_bacc: 28.44, test_f1: 22.43
Epoch:553, test_Acc: 44.60, test_bacc: 28.44, test_f1: 22.43
Epoch:554, test_Acc: 44.60, test_bacc: 28.44, test_f1: 22.43
Early stop at epoch:  555
split: 0, test_Acc: 44.60, test_bacc: 28.44, test_f1: 22.43
/home/qj2004/magnet/src
Total time(all splits):  23089.188175201416
