cuda:1
Namespace(withAug=True, AugDirect=20, method_name='GCN', seed=100, IsDirectedData=False, dataset='WebKB/texas', undirect_dataset='CiteSeer', MakeImbalance=True, CustomizeMask=False, K=2, heads=8, log_root='../logs/', log_path='test', data_path='../dataset/data/tmp/', epochs=1500, num_filter=2, p_q=0.95, p_inter=0.1, dropout=0.0, debug=False, new_setting=False, layer=2, lr=0.005, l2=0.0005, to_undirected=False, alpha=0.1, randomseed=-1, imb_ratio=100, n_layer=2, feat_dim=64, warmup=5, epoch=900, tau=2, max=False, no_mask=False, gdc='ppr')
excel_file_path is  TrueAug_GCN_CiteSeer_output.xlsx
12-04-19:00:15
Dataset is  CiteSeer() 
Chosen from DirectedData:  False
Num of bidrected edges: 4552, total num of edges: 9104
This is directed graph:  False
data_x torch.Size([3327, 3703])
cuda:1
0
mu  cpu cpu
StandGCN2(
  (conv1): GCNConv(3703, 64)
  (conv2): GCNConv(64, 6)
)
cuda:1
Epoch:0, test_Acc: 18.10, test_bacc: 16.67, test_f1: 5.11
Epoch:1, test_Acc: 18.10, test_bacc: 16.67, test_f1: 5.11
Epoch:2, test_Acc: 18.10, test_bacc: 16.67, test_f1: 5.11
Epoch:3, test_Acc: 18.10, test_bacc: 16.67, test_f1: 5.11
Epoch:4, test_Acc: 18.10, test_bacc: 16.67, test_f1: 5.11
Epoch:5, test_Acc: 18.10, test_bacc: 16.67, test_f1: 5.11
Epoch:6, test_Acc: 18.10, test_bacc: 16.67, test_f1: 5.11
Epoch:7, test_Acc: 18.10, test_bacc: 16.67, test_f1: 5.11
Epoch:8, test_Acc: 18.10, test_bacc: 16.67, test_f1: 5.11
Epoch:9, test_Acc: 18.10, test_bacc: 16.67, test_f1: 5.11
Epoch:10, test_Acc: 18.10, test_bacc: 16.67, test_f1: 5.11
Epoch:11, test_Acc: 18.10, test_bacc: 16.67, test_f1: 5.11
Epoch:12, test_Acc: 18.10, test_bacc: 16.67, test_f1: 5.11
Epoch:13, test_Acc: 18.10, test_bacc: 16.67, test_f1: 5.11
Epoch:14, test_Acc: 18.10, test_bacc: 16.67, test_f1: 5.11
Epoch:15, test_Acc: 18.10, test_bacc: 16.67, test_f1: 5.11
Epoch:16, test_Acc: 18.10, test_bacc: 16.67, test_f1: 5.11
Epoch:17, test_Acc: 18.10, test_bacc: 16.67, test_f1: 5.11
Epoch:18, test_Acc: 18.10, test_bacc: 16.67, test_f1: 5.11
Epoch:19, test_Acc: 18.10, test_bacc: 16.67, test_f1: 5.11
Epoch:20, test_Acc: 18.10, test_bacc: 16.67, test_f1: 5.11
Epoch:21, test_Acc: 18.10, test_bacc: 16.67, test_f1: 5.11
Epoch:22, test_Acc: 18.10, test_bacc: 16.67, test_f1: 5.11
Epoch:23, test_Acc: 18.10, test_bacc: 16.67, test_f1: 5.11
Epoch:24, test_Acc: 18.10, test_bacc: 16.67, test_f1: 5.11
Epoch:25, test_Acc: 18.10, test_bacc: 16.67, test_f1: 5.11
Epoch:26, test_Acc: 18.10, test_bacc: 16.67, test_f1: 5.11
Epoch:27, test_Acc: 18.10, test_bacc: 16.67, test_f1: 5.11
Epoch:28, test_Acc: 18.10, test_bacc: 16.67, test_f1: 5.11
Epoch:29, test_Acc: 18.10, test_bacc: 16.67, test_f1: 5.11
Epoch:30, test_Acc: 18.10, test_bacc: 16.67, test_f1: 5.11
Epoch:31, test_Acc: 18.10, test_bacc: 16.67, test_f1: 5.11
Epoch:32, test_Acc: 18.10, test_bacc: 16.67, test_f1: 5.11
Epoch:33, test_Acc: 18.10, test_bacc: 16.67, test_f1: 5.11
Epoch:34, test_Acc: 18.10, test_bacc: 16.67, test_f1: 5.11
Epoch:35, test_Acc: 18.10, test_bacc: 16.67, test_f1: 5.11
Epoch:36, test_Acc: 18.10, test_bacc: 16.67, test_f1: 5.11
Epoch:37, test_Acc: 18.10, test_bacc: 16.67, test_f1: 5.11
Epoch:38, test_Acc: 18.10, test_bacc: 16.67, test_f1: 5.11
Epoch:39, test_Acc: 18.10, test_bacc: 16.67, test_f1: 5.11
Epoch:40, test_Acc: 18.10, test_bacc: 16.67, test_f1: 5.11
Epoch:41, test_Acc: 18.10, test_bacc: 16.67, test_f1: 5.11
Epoch:42, test_Acc: 18.10, test_bacc: 16.67, test_f1: 5.11
Epoch:43, test_Acc: 18.10, test_bacc: 16.67, test_f1: 5.11
Epoch:44, test_Acc: 18.10, test_bacc: 16.67, test_f1: 5.11
Epoch:45, test_Acc: 18.10, test_bacc: 16.67, test_f1: 5.11
Epoch:46, test_Acc: 18.10, test_bacc: 16.67, test_f1: 5.11
Epoch:47, test_Acc: 18.10, test_bacc: 16.67, test_f1: 5.11
Epoch:48, test_Acc: 18.10, test_bacc: 16.67, test_f1: 5.11
Epoch:49, test_Acc: 18.20, test_bacc: 16.74, test_f1: 5.26
Epoch:50, test_Acc: 18.20, test_bacc: 16.74, test_f1: 5.26
Epoch:51, test_Acc: 18.20, test_bacc: 16.74, test_f1: 5.26
Epoch:52, test_Acc: 18.40, test_bacc: 16.88, test_f1: 5.55
Epoch:53, test_Acc: 18.70, test_bacc: 17.10, test_f1: 5.98
Epoch:54, test_Acc: 18.70, test_bacc: 17.10, test_f1: 5.98
Epoch:55, test_Acc: 19.40, test_bacc: 17.60, test_f1: 6.94
Epoch:56, test_Acc: 20.10, test_bacc: 18.11, test_f1: 7.85
Epoch:57, test_Acc: 21.30, test_bacc: 18.98, test_f1: 9.30
Epoch:58, test_Acc: 22.00, test_bacc: 19.48, test_f1: 10.08
Epoch:59, test_Acc: 22.70, test_bacc: 19.99, test_f1: 10.84
Epoch:60, test_Acc: 23.40, test_bacc: 20.49, test_f1: 11.49
Epoch:61, test_Acc: 23.80, test_bacc: 20.78, test_f1: 11.84
Epoch:62, test_Acc: 24.50, test_bacc: 21.28, test_f1: 12.50
Epoch:63, test_Acc: 25.30, test_bacc: 21.86, test_f1: 13.16
Epoch:64, test_Acc: 26.00, test_bacc: 22.37, test_f1: 13.69
Epoch:65, test_Acc: 26.90, test_bacc: 23.02, test_f1: 14.42
Epoch:66, test_Acc: 27.30, test_bacc: 23.30, test_f1: 14.67
Epoch:67, test_Acc: 28.10, test_bacc: 23.88, test_f1: 15.25
Epoch:68, test_Acc: 28.30, test_bacc: 24.03, test_f1: 15.40
Epoch:69, test_Acc: 28.80, test_bacc: 24.37, test_f1: 15.73
Epoch:70, test_Acc: 28.90, test_bacc: 24.44, test_f1: 15.80
Epoch:71, test_Acc: 29.10, test_bacc: 24.58, test_f1: 15.91
Epoch:72, test_Acc: 29.10, test_bacc: 24.58, test_f1: 15.91
Epoch:73, test_Acc: 30.00, test_bacc: 25.29, test_f1: 16.91
Epoch:74, test_Acc: 30.50, test_bacc: 25.71, test_f1: 17.47
Epoch:75, test_Acc: 31.00, test_bacc: 26.17, test_f1: 18.29
Epoch:76, test_Acc: 31.40, test_bacc: 26.51, test_f1: 18.76
Epoch:77, test_Acc: 32.10, test_bacc: 27.07, test_f1: 19.41
Epoch:78, test_Acc: 32.60, test_bacc: 27.54, test_f1: 20.16
Epoch:79, test_Acc: 33.30, test_bacc: 28.18, test_f1: 21.01
Epoch:80, test_Acc: 33.40, test_bacc: 28.27, test_f1: 21.14
Epoch:81, test_Acc: 34.60, test_bacc: 29.35, test_f1: 22.57
Epoch:82, test_Acc: 34.80, test_bacc: 29.52, test_f1: 22.75
Epoch:83, test_Acc: 35.80, test_bacc: 30.46, test_f1: 23.94
Epoch:84, test_Acc: 36.30, test_bacc: 30.92, test_f1: 24.53
Epoch:85, test_Acc: 36.50, test_bacc: 31.12, test_f1: 24.80
Epoch:86, test_Acc: 36.50, test_bacc: 31.12, test_f1: 24.76
Epoch:87, test_Acc: 36.90, test_bacc: 31.49, test_f1: 25.09
Epoch:88, test_Acc: 37.30, test_bacc: 31.78, test_f1: 25.30
Epoch:89, test_Acc: 37.90, test_bacc: 32.32, test_f1: 25.85
Epoch:90, test_Acc: 38.40, test_bacc: 32.79, test_f1: 26.38
Epoch:91, test_Acc: 38.70, test_bacc: 33.03, test_f1: 26.58
Epoch:92, test_Acc: 38.70, test_bacc: 33.03, test_f1: 26.58
Epoch:93, test_Acc: 39.30, test_bacc: 33.57, test_f1: 27.12
Epoch:94, test_Acc: 39.30, test_bacc: 33.57, test_f1: 27.10
Epoch:95, test_Acc: 39.80, test_bacc: 33.96, test_f1: 27.43
Epoch:96, test_Acc: 40.60, test_bacc: 34.70, test_f1: 28.17
Epoch:97, test_Acc: 41.10, test_bacc: 35.17, test_f1: 28.60
Epoch:98, test_Acc: 41.30, test_bacc: 35.34, test_f1: 28.77
Epoch:99, test_Acc: 42.00, test_bacc: 36.01, test_f1: 29.35
Epoch:100, test_Acc: 42.40, test_bacc: 36.38, test_f1: 29.66
Epoch:101, test_Acc: 42.60, test_bacc: 36.58, test_f1: 29.81
Epoch:102, test_Acc: 42.80, test_bacc: 36.78, test_f1: 29.96
Epoch:103, test_Acc: 42.80, test_bacc: 36.78, test_f1: 29.96
Epoch:104, test_Acc: 42.80, test_bacc: 36.78, test_f1: 29.96
Epoch:105, test_Acc: 42.80, test_bacc: 36.78, test_f1: 29.96
Epoch:106, test_Acc: 43.40, test_bacc: 37.34, test_f1: 30.40
Epoch:107, test_Acc: 43.60, test_bacc: 37.51, test_f1: 30.54
Epoch:108, test_Acc: 43.60, test_bacc: 37.51, test_f1: 30.54
Epoch:109, test_Acc: 43.60, test_bacc: 37.51, test_f1: 30.54
Epoch:110, test_Acc: 43.60, test_bacc: 37.51, test_f1: 30.54
Epoch:111, test_Acc: 44.20, test_bacc: 38.10, test_f1: 31.07
Epoch:112, test_Acc: 44.20, test_bacc: 38.10, test_f1: 31.07
Epoch:113, test_Acc: 44.20, test_bacc: 38.10, test_f1: 31.07
Epoch:114, test_Acc: 44.20, test_bacc: 38.10, test_f1: 31.07
Epoch:115, test_Acc: 44.20, test_bacc: 38.10, test_f1: 31.07
Epoch:116, test_Acc: 44.20, test_bacc: 38.10, test_f1: 31.07
Epoch:117, test_Acc: 44.20, test_bacc: 38.10, test_f1: 31.07
Epoch:118, test_Acc: 44.20, test_bacc: 38.10, test_f1: 31.07
Epoch:119, test_Acc: 44.20, test_bacc: 38.10, test_f1: 31.07
Epoch:120, test_Acc: 44.20, test_bacc: 38.10, test_f1: 31.07
Epoch:121, test_Acc: 44.20, test_bacc: 38.10, test_f1: 31.07
Epoch:122, test_Acc: 44.20, test_bacc: 38.10, test_f1: 31.07
Epoch:123, test_Acc: 44.20, test_bacc: 38.10, test_f1: 31.07
Epoch:124, test_Acc: 44.20, test_bacc: 38.10, test_f1: 31.07
Epoch:125, test_Acc: 45.40, test_bacc: 39.18, test_f1: 31.66
Epoch:126, test_Acc: 45.70, test_bacc: 39.45, test_f1: 31.76
Epoch:127, test_Acc: 45.90, test_bacc: 39.62, test_f1: 31.88
Epoch:128, test_Acc: 45.90, test_bacc: 39.62, test_f1: 31.88
Epoch:129, test_Acc: 45.90, test_bacc: 39.62, test_f1: 31.88
Epoch:130, test_Acc: 46.30, test_bacc: 39.94, test_f1: 31.92
Epoch:131, test_Acc: 46.30, test_bacc: 39.94, test_f1: 31.92
Epoch:132, test_Acc: 46.30, test_bacc: 39.94, test_f1: 31.92
Epoch:133, test_Acc: 46.30, test_bacc: 39.94, test_f1: 31.92
Epoch:134, test_Acc: 46.30, test_bacc: 39.94, test_f1: 31.92
Epoch:135, test_Acc: 46.30, test_bacc: 39.94, test_f1: 31.92
Epoch:136, test_Acc: 46.30, test_bacc: 39.94, test_f1: 31.92
Epoch:137, test_Acc: 46.30, test_bacc: 39.94, test_f1: 31.92
Epoch:138, test_Acc: 46.30, test_bacc: 39.94, test_f1: 31.92
Epoch:139, test_Acc: 46.30, test_bacc: 39.94, test_f1: 31.92
Epoch:140, test_Acc: 46.30, test_bacc: 39.94, test_f1: 31.92
Epoch:141, test_Acc: 46.30, test_bacc: 39.94, test_f1: 31.92
Epoch:142, test_Acc: 46.30, test_bacc: 39.94, test_f1: 31.92
Epoch:143, test_Acc: 46.80, test_bacc: 40.44, test_f1: 32.25
Epoch:144, test_Acc: 46.80, test_bacc: 40.44, test_f1: 32.25
Epoch:145, test_Acc: 46.80, test_bacc: 40.44, test_f1: 32.23
Epoch:146, test_Acc: 46.90, test_bacc: 40.54, test_f1: 32.29
Epoch:147, test_Acc: 46.90, test_bacc: 40.54, test_f1: 32.29
Epoch:148, test_Acc: 46.90, test_bacc: 40.54, test_f1: 32.29
Epoch:149, test_Acc: 46.90, test_bacc: 40.54, test_f1: 32.29
Epoch:150, test_Acc: 46.90, test_bacc: 40.54, test_f1: 32.29
Epoch:151, test_Acc: 46.90, test_bacc: 40.54, test_f1: 32.29
Epoch:152, test_Acc: 46.90, test_bacc: 40.54, test_f1: 32.29
Epoch:153, test_Acc: 47.10, test_bacc: 40.65, test_f1: 32.50
Epoch:154, test_Acc: 47.10, test_bacc: 40.65, test_f1: 32.50
Epoch:155, test_Acc: 47.40, test_bacc: 40.92, test_f1: 32.64
Epoch:156, test_Acc: 47.60, test_bacc: 41.12, test_f1: 32.82
Epoch:157, test_Acc: 47.60, test_bacc: 41.12, test_f1: 32.82
Epoch:158, test_Acc: 47.60, test_bacc: 41.12, test_f1: 32.82
Epoch:159, test_Acc: 47.60, test_bacc: 41.12, test_f1: 32.82
Epoch:160, test_Acc: 47.60, test_bacc: 41.12, test_f1: 32.82
Epoch:161, test_Acc: 47.60, test_bacc: 41.12, test_f1: 32.82
Epoch:162, test_Acc: 47.60, test_bacc: 41.12, test_f1: 32.82
Epoch:163, test_Acc: 47.60, test_bacc: 41.12, test_f1: 32.82
Epoch:164, test_Acc: 47.60, test_bacc: 41.12, test_f1: 32.82
Epoch:165, test_Acc: 47.60, test_bacc: 41.12, test_f1: 32.82
Epoch:166, test_Acc: 47.60, test_bacc: 41.12, test_f1: 32.82
Epoch:167, test_Acc: 47.60, test_bacc: 41.12, test_f1: 32.82
Epoch:168, test_Acc: 47.80, test_bacc: 41.32, test_f1: 32.73
Epoch:169, test_Acc: 47.80, test_bacc: 41.32, test_f1: 32.73
Epoch:170, test_Acc: 47.80, test_bacc: 41.32, test_f1: 32.73
Epoch:171, test_Acc: 47.80, test_bacc: 41.32, test_f1: 32.73
Epoch:172, test_Acc: 47.80, test_bacc: 41.32, test_f1: 32.73
Epoch:173, test_Acc: 47.80, test_bacc: 41.32, test_f1: 32.73
Epoch:174, test_Acc: 48.30, test_bacc: 41.76, test_f1: 33.04
Epoch:175, test_Acc: 48.30, test_bacc: 41.76, test_f1: 33.04
Epoch:176, test_Acc: 48.30, test_bacc: 41.76, test_f1: 33.04
Epoch:177, test_Acc: 48.30, test_bacc: 41.76, test_f1: 33.04
Epoch:178, test_Acc: 48.30, test_bacc: 41.76, test_f1: 33.04
Epoch:179, test_Acc: 48.30, test_bacc: 41.76, test_f1: 33.04
Epoch:180, test_Acc: 48.30, test_bacc: 41.76, test_f1: 33.04
Epoch:181, test_Acc: 48.30, test_bacc: 41.76, test_f1: 33.04
Epoch:182, test_Acc: 48.30, test_bacc: 41.76, test_f1: 33.04
Epoch:183, test_Acc: 48.30, test_bacc: 41.76, test_f1: 33.04
Epoch:184, test_Acc: 48.30, test_bacc: 41.76, test_f1: 33.04
Epoch:185, test_Acc: 48.30, test_bacc: 41.76, test_f1: 33.04
Epoch:186, test_Acc: 48.30, test_bacc: 41.76, test_f1: 33.04
Epoch:187, test_Acc: 48.30, test_bacc: 41.76, test_f1: 33.04
Epoch:188, test_Acc: 48.30, test_bacc: 41.76, test_f1: 33.04
Epoch:189, test_Acc: 48.30, test_bacc: 41.76, test_f1: 33.04
Epoch:190, test_Acc: 48.30, test_bacc: 41.76, test_f1: 33.04
Epoch:191, test_Acc: 48.30, test_bacc: 41.76, test_f1: 33.04
Epoch:192, test_Acc: 48.10, test_bacc: 41.56, test_f1: 32.74
Epoch:193, test_Acc: 48.10, test_bacc: 41.56, test_f1: 32.74
Epoch:194, test_Acc: 48.10, test_bacc: 41.56, test_f1: 32.74
Epoch:195, test_Acc: 48.10, test_bacc: 41.56, test_f1: 32.74
Epoch:196, test_Acc: 48.10, test_bacc: 41.56, test_f1: 32.74
Epoch:197, test_Acc: 48.10, test_bacc: 41.56, test_f1: 32.74
Epoch:198, test_Acc: 48.10, test_bacc: 41.56, test_f1: 32.74
Epoch:199, test_Acc: 48.10, test_bacc: 41.56, test_f1: 32.74
Epoch:200, test_Acc: 48.70, test_bacc: 42.13, test_f1: 33.07
Epoch:201, test_Acc: 48.70, test_bacc: 42.13, test_f1: 33.07
Epoch:202, test_Acc: 48.90, test_bacc: 42.32, test_f1: 33.24
Epoch:203, test_Acc: 48.90, test_bacc: 42.32, test_f1: 33.24
Epoch:204, test_Acc: 48.90, test_bacc: 42.32, test_f1: 33.24
Epoch:205, test_Acc: 48.90, test_bacc: 42.32, test_f1: 33.24
Epoch:206, test_Acc: 48.90, test_bacc: 42.32, test_f1: 33.24
Epoch:207, test_Acc: 48.90, test_bacc: 42.32, test_f1: 33.24
Epoch:208, test_Acc: 48.90, test_bacc: 42.32, test_f1: 33.24
Epoch:209, test_Acc: 48.90, test_bacc: 42.32, test_f1: 33.24
Epoch:210, test_Acc: 48.90, test_bacc: 42.32, test_f1: 33.24
Epoch:211, test_Acc: 48.90, test_bacc: 42.32, test_f1: 33.24
Epoch:212, test_Acc: 48.90, test_bacc: 42.32, test_f1: 33.24
Epoch:213, test_Acc: 48.90, test_bacc: 42.32, test_f1: 33.24
Epoch:214, test_Acc: 48.90, test_bacc: 42.32, test_f1: 33.24
Epoch:215, test_Acc: 48.90, test_bacc: 42.32, test_f1: 33.24
Epoch:216, test_Acc: 48.90, test_bacc: 42.32, test_f1: 33.24
Epoch:217, test_Acc: 48.90, test_bacc: 42.32, test_f1: 33.24
Epoch:218, test_Acc: 48.90, test_bacc: 42.32, test_f1: 33.24
Epoch:219, test_Acc: 48.90, test_bacc: 42.32, test_f1: 33.24
Epoch:220, test_Acc: 48.90, test_bacc: 42.32, test_f1: 33.24
Epoch:221, test_Acc: 48.90, test_bacc: 42.32, test_f1: 33.24
Epoch:222, test_Acc: 48.50, test_bacc: 41.93, test_f1: 32.97
Epoch:223, test_Acc: 48.50, test_bacc: 41.93, test_f1: 32.97
Epoch:224, test_Acc: 48.50, test_bacc: 41.93, test_f1: 32.97
Epoch:225, test_Acc: 48.50, test_bacc: 41.93, test_f1: 32.97
Epoch:226, test_Acc: 48.50, test_bacc: 41.93, test_f1: 32.97
Epoch:227, test_Acc: 48.50, test_bacc: 41.93, test_f1: 32.97
Epoch:228, test_Acc: 48.50, test_bacc: 41.93, test_f1: 32.97
Epoch:229, test_Acc: 48.50, test_bacc: 41.93, test_f1: 32.97
Epoch:230, test_Acc: 48.60, test_bacc: 42.03, test_f1: 32.92
Epoch:231, test_Acc: 48.70, test_bacc: 42.13, test_f1: 33.07
Epoch:232, test_Acc: 48.70, test_bacc: 42.13, test_f1: 33.07
Epoch:233, test_Acc: 48.70, test_bacc: 42.13, test_f1: 33.07
Epoch:234, test_Acc: 48.80, test_bacc: 42.23, test_f1: 33.31
Epoch:235, test_Acc: 48.80, test_bacc: 42.23, test_f1: 33.31
Epoch:236, test_Acc: 48.80, test_bacc: 42.23, test_f1: 33.31
Epoch:237, test_Acc: 48.80, test_bacc: 42.23, test_f1: 33.31
Epoch:238, test_Acc: 48.80, test_bacc: 42.23, test_f1: 33.31
Epoch:239, test_Acc: 48.80, test_bacc: 42.23, test_f1: 33.31
Epoch:240, test_Acc: 48.80, test_bacc: 42.23, test_f1: 33.31
Epoch:241, test_Acc: 48.80, test_bacc: 42.23, test_f1: 33.31
Epoch:242, test_Acc: 48.80, test_bacc: 42.23, test_f1: 33.31
Epoch:243, test_Acc: 48.80, test_bacc: 42.23, test_f1: 33.31
Epoch:244, test_Acc: 48.80, test_bacc: 42.23, test_f1: 33.31
Epoch:245, test_Acc: 48.80, test_bacc: 42.23, test_f1: 33.31
Epoch:246, test_Acc: 48.80, test_bacc: 42.23, test_f1: 33.31
Epoch:247, test_Acc: 48.80, test_bacc: 42.23, test_f1: 33.31
Epoch:248, test_Acc: 48.80, test_bacc: 42.23, test_f1: 33.31
Epoch:249, test_Acc: 48.80, test_bacc: 42.23, test_f1: 33.31
Epoch:250, test_Acc: 48.80, test_bacc: 42.23, test_f1: 33.31
Epoch:251, test_Acc: 48.80, test_bacc: 42.23, test_f1: 33.31
Epoch:252, test_Acc: 48.80, test_bacc: 42.23, test_f1: 33.31
Epoch:253, test_Acc: 48.80, test_bacc: 42.23, test_f1: 33.31
Epoch:254, test_Acc: 48.80, test_bacc: 42.23, test_f1: 33.31
Epoch:255, test_Acc: 48.80, test_bacc: 42.23, test_f1: 33.31
Epoch:256, test_Acc: 48.80, test_bacc: 42.23, test_f1: 33.31
Epoch:257, test_Acc: 48.80, test_bacc: 42.23, test_f1: 33.31
Epoch:258, test_Acc: 48.80, test_bacc: 42.23, test_f1: 33.31
Epoch:259, test_Acc: 49.30, test_bacc: 42.69, test_f1: 33.96
Epoch:260, test_Acc: 49.30, test_bacc: 42.69, test_f1: 33.96
Epoch:261, test_Acc: 49.20, test_bacc: 42.61, test_f1: 33.97
Epoch:262, test_Acc: 49.20, test_bacc: 42.61, test_f1: 33.97
Epoch:263, test_Acc: 49.20, test_bacc: 42.61, test_f1: 33.97
Epoch:264, test_Acc: 49.20, test_bacc: 42.61, test_f1: 33.97
Epoch:265, test_Acc: 49.20, test_bacc: 42.61, test_f1: 33.97
Epoch:266, test_Acc: 49.20, test_bacc: 42.61, test_f1: 33.97
Epoch:267, test_Acc: 49.20, test_bacc: 42.61, test_f1: 33.97
Epoch:268, test_Acc: 49.30, test_bacc: 42.69, test_f1: 33.99
Epoch:269, test_Acc: 49.30, test_bacc: 42.69, test_f1: 33.99
Epoch:270, test_Acc: 49.30, test_bacc: 42.69, test_f1: 33.99
Epoch:271, test_Acc: 49.30, test_bacc: 42.69, test_f1: 33.99
Epoch:272, test_Acc: 49.30, test_bacc: 42.69, test_f1: 33.99
Epoch:273, test_Acc: 49.30, test_bacc: 42.69, test_f1: 33.99
Epoch:274, test_Acc: 49.30, test_bacc: 42.69, test_f1: 33.99
Epoch:275, test_Acc: 49.30, test_bacc: 42.69, test_f1: 33.99
Epoch:276, test_Acc: 49.30, test_bacc: 42.69, test_f1: 33.99
Epoch:277, test_Acc: 49.30, test_bacc: 42.69, test_f1: 33.99
Epoch:278, test_Acc: 49.30, test_bacc: 42.69, test_f1: 33.99
Epoch:279, test_Acc: 49.30, test_bacc: 42.69, test_f1: 33.99
Epoch:280, test_Acc: 49.30, test_bacc: 42.69, test_f1: 33.99
Epoch:281, test_Acc: 49.30, test_bacc: 42.69, test_f1: 33.99
Epoch:282, test_Acc: 49.30, test_bacc: 42.69, test_f1: 33.99
Epoch:283, test_Acc: 49.30, test_bacc: 42.69, test_f1: 33.99
Epoch:284, test_Acc: 49.30, test_bacc: 42.69, test_f1: 33.99
Epoch:285, test_Acc: 49.30, test_bacc: 42.69, test_f1: 33.99
Epoch:286, test_Acc: 49.30, test_bacc: 42.69, test_f1: 33.99
Epoch:287, test_Acc: 49.30, test_bacc: 42.69, test_f1: 33.99
Epoch:288, test_Acc: 49.30, test_bacc: 42.69, test_f1: 33.99
Epoch:289, test_Acc: 49.30, test_bacc: 42.69, test_f1: 33.99
Epoch:290, test_Acc: 49.30, test_bacc: 42.69, test_f1: 33.99
Epoch:291, test_Acc: 49.30, test_bacc: 42.69, test_f1: 33.99
Epoch:292, test_Acc: 49.30, test_bacc: 42.69, test_f1: 33.99
Epoch:293, test_Acc: 49.30, test_bacc: 42.69, test_f1: 33.99
Epoch:294, test_Acc: 49.30, test_bacc: 42.69, test_f1: 33.99
Epoch:295, test_Acc: 49.30, test_bacc: 42.69, test_f1: 33.99
Epoch:296, test_Acc: 49.30, test_bacc: 42.69, test_f1: 33.99
Epoch:297, test_Acc: 49.30, test_bacc: 42.69, test_f1: 33.99
Epoch:298, test_Acc: 49.30, test_bacc: 42.69, test_f1: 33.99
Epoch:299, test_Acc: 49.30, test_bacc: 42.69, test_f1: 33.99
Epoch:300, test_Acc: 49.30, test_bacc: 42.69, test_f1: 33.99
Epoch:301, test_Acc: 49.30, test_bacc: 42.69, test_f1: 33.99
Epoch:302, test_Acc: 49.30, test_bacc: 42.69, test_f1: 33.99
Epoch:303, test_Acc: 49.30, test_bacc: 42.69, test_f1: 33.99
Epoch:304, test_Acc: 49.30, test_bacc: 42.69, test_f1: 33.99
Epoch:305, test_Acc: 49.30, test_bacc: 42.69, test_f1: 33.99
Epoch:306, test_Acc: 49.30, test_bacc: 42.69, test_f1: 33.99
Epoch:307, test_Acc: 49.30, test_bacc: 42.69, test_f1: 33.99
Epoch:308, test_Acc: 49.30, test_bacc: 42.69, test_f1: 33.99
Epoch:309, test_Acc: 49.30, test_bacc: 42.69, test_f1: 33.99
Epoch:310, test_Acc: 49.30, test_bacc: 42.69, test_f1: 33.99
Epoch:311, test_Acc: 49.30, test_bacc: 42.69, test_f1: 33.99
Epoch:312, test_Acc: 49.30, test_bacc: 42.69, test_f1: 33.99
Epoch:313, test_Acc: 49.30, test_bacc: 42.69, test_f1: 33.99
Epoch:314, test_Acc: 49.30, test_bacc: 42.69, test_f1: 33.99
Epoch:315, test_Acc: 49.30, test_bacc: 42.69, test_f1: 33.99
Epoch:316, test_Acc: 49.30, test_bacc: 42.69, test_f1: 33.99
Epoch:317, test_Acc: 49.30, test_bacc: 42.69, test_f1: 33.99
Epoch:318, test_Acc: 49.30, test_bacc: 42.69, test_f1: 33.99
Epoch:319, test_Acc: 49.30, test_bacc: 42.69, test_f1: 33.99
Epoch:320, test_Acc: 49.30, test_bacc: 42.69, test_f1: 33.99
Epoch:321, test_Acc: 49.30, test_bacc: 42.69, test_f1: 33.99
Epoch:322, test_Acc: 49.70, test_bacc: 43.07, test_f1: 34.43
Epoch:323, test_Acc: 49.70, test_bacc: 43.07, test_f1: 34.43
Epoch:324, test_Acc: 49.70, test_bacc: 43.07, test_f1: 34.43
Epoch:325, test_Acc: 49.70, test_bacc: 43.07, test_f1: 34.43
Epoch:326, test_Acc: 49.70, test_bacc: 43.07, test_f1: 34.43
Epoch:327, test_Acc: 49.70, test_bacc: 43.07, test_f1: 34.43
Epoch:328, test_Acc: 49.70, test_bacc: 43.07, test_f1: 34.43
Epoch:329, test_Acc: 49.70, test_bacc: 43.07, test_f1: 34.43
Epoch:330, test_Acc: 49.70, test_bacc: 43.07, test_f1: 34.43
Epoch:331, test_Acc: 49.70, test_bacc: 43.07, test_f1: 34.43
Epoch:332, test_Acc: 49.70, test_bacc: 43.07, test_f1: 34.43
Epoch:333, test_Acc: 49.70, test_bacc: 43.07, test_f1: 34.43
Epoch:334, test_Acc: 49.70, test_bacc: 43.07, test_f1: 34.43
Epoch:335, test_Acc: 49.70, test_bacc: 43.07, test_f1: 34.43
Epoch:336, test_Acc: 49.70, test_bacc: 43.07, test_f1: 34.43
Epoch:337, test_Acc: 49.70, test_bacc: 43.07, test_f1: 34.43
Epoch:338, test_Acc: 49.70, test_bacc: 43.07, test_f1: 34.43
Epoch:339, test_Acc: 49.70, test_bacc: 43.07, test_f1: 34.43
Epoch:340, test_Acc: 49.70, test_bacc: 43.07, test_f1: 34.43
Epoch:341, test_Acc: 49.70, test_bacc: 43.07, test_f1: 34.43
Epoch:342, test_Acc: 49.70, test_bacc: 43.07, test_f1: 34.43
Epoch:343, test_Acc: 49.70, test_bacc: 43.07, test_f1: 34.43
Epoch:344, test_Acc: 49.70, test_bacc: 43.07, test_f1: 34.43
Epoch:345, test_Acc: 50.00, test_bacc: 43.44, test_f1: 35.32
Epoch:346, test_Acc: 50.00, test_bacc: 43.44, test_f1: 35.32
Epoch:347, test_Acc: 50.00, test_bacc: 43.44, test_f1: 35.32
Epoch:348, test_Acc: 50.00, test_bacc: 43.44, test_f1: 35.32
Epoch:349, test_Acc: 50.00, test_bacc: 43.44, test_f1: 35.32
Epoch:350, test_Acc: 50.00, test_bacc: 43.44, test_f1: 35.32
Epoch:351, test_Acc: 50.00, test_bacc: 43.44, test_f1: 35.32
Epoch:352, test_Acc: 49.60, test_bacc: 43.04, test_f1: 34.87
Epoch:353, test_Acc: 49.60, test_bacc: 43.04, test_f1: 34.87
Epoch:354, test_Acc: 49.60, test_bacc: 43.04, test_f1: 34.87
Epoch:355, test_Acc: 49.60, test_bacc: 43.04, test_f1: 34.87
Epoch:356, test_Acc: 49.60, test_bacc: 43.04, test_f1: 34.87
Epoch:357, test_Acc: 49.60, test_bacc: 43.04, test_f1: 34.87
Epoch:358, test_Acc: 49.60, test_bacc: 43.04, test_f1: 34.87
Epoch:359, test_Acc: 49.80, test_bacc: 43.23, test_f1: 34.94
Epoch:360, test_Acc: 49.80, test_bacc: 43.23, test_f1: 34.94
Epoch:361, test_Acc: 50.00, test_bacc: 43.44, test_f1: 35.36
Epoch:362, test_Acc: 50.00, test_bacc: 43.44, test_f1: 35.36
Epoch:363, test_Acc: 50.00, test_bacc: 43.44, test_f1: 35.36
Epoch:364, test_Acc: 50.00, test_bacc: 43.44, test_f1: 35.36
Epoch:365, test_Acc: 50.00, test_bacc: 43.44, test_f1: 35.36
Epoch:366, test_Acc: 50.00, test_bacc: 43.42, test_f1: 35.44
Epoch:367, test_Acc: 50.00, test_bacc: 43.42, test_f1: 35.44
Epoch:368, test_Acc: 50.00, test_bacc: 43.42, test_f1: 35.44
Epoch:369, test_Acc: 50.00, test_bacc: 43.42, test_f1: 35.44
Epoch:370, test_Acc: 50.00, test_bacc: 43.42, test_f1: 35.44
Epoch:371, test_Acc: 50.00, test_bacc: 43.42, test_f1: 35.44
Epoch:372, test_Acc: 50.00, test_bacc: 43.42, test_f1: 35.44
Epoch:373, test_Acc: 50.00, test_bacc: 43.42, test_f1: 35.44
Epoch:374, test_Acc: 50.00, test_bacc: 43.42, test_f1: 35.44
Epoch:375, test_Acc: 50.00, test_bacc: 43.42, test_f1: 35.44
Epoch:376, test_Acc: 50.00, test_bacc: 43.42, test_f1: 35.44
Epoch:377, test_Acc: 50.00, test_bacc: 43.42, test_f1: 35.44
Epoch:378, test_Acc: 50.00, test_bacc: 43.42, test_f1: 35.44
Epoch:379, test_Acc: 50.30, test_bacc: 43.73, test_f1: 35.88
Epoch:380, test_Acc: 50.50, test_bacc: 43.94, test_f1: 36.23
Epoch:381, test_Acc: 50.50, test_bacc: 43.94, test_f1: 36.23
Epoch:382, test_Acc: 50.50, test_bacc: 43.94, test_f1: 36.23
Epoch:383, test_Acc: 50.50, test_bacc: 43.94, test_f1: 36.23
Epoch:384, test_Acc: 50.50, test_bacc: 43.94, test_f1: 36.23
Epoch:385, test_Acc: 50.50, test_bacc: 43.94, test_f1: 36.23
Epoch:386, test_Acc: 50.50, test_bacc: 43.94, test_f1: 36.23
Epoch:387, test_Acc: 50.50, test_bacc: 43.94, test_f1: 36.23
Epoch:388, test_Acc: 50.50, test_bacc: 43.94, test_f1: 36.23
Epoch:389, test_Acc: 50.50, test_bacc: 43.94, test_f1: 36.23
Epoch:390, test_Acc: 50.50, test_bacc: 43.94, test_f1: 36.23
Epoch:391, test_Acc: 50.50, test_bacc: 43.94, test_f1: 36.23
Epoch:392, test_Acc: 50.50, test_bacc: 43.94, test_f1: 36.23
Epoch:393, test_Acc: 50.50, test_bacc: 43.94, test_f1: 36.23
Epoch:394, test_Acc: 50.50, test_bacc: 43.94, test_f1: 36.23
Epoch:395, test_Acc: 50.50, test_bacc: 43.94, test_f1: 36.23
Epoch:396, test_Acc: 50.50, test_bacc: 43.94, test_f1: 36.23
Epoch:397, test_Acc: 50.50, test_bacc: 43.94, test_f1: 36.23
Epoch:398, test_Acc: 50.50, test_bacc: 43.94, test_f1: 36.23
Epoch:399, test_Acc: 50.50, test_bacc: 43.94, test_f1: 36.23
Epoch:400, test_Acc: 50.50, test_bacc: 43.94, test_f1: 36.23
Epoch:401, test_Acc: 50.50, test_bacc: 43.94, test_f1: 36.23
Epoch:402, test_Acc: 50.50, test_bacc: 43.94, test_f1: 36.23
Epoch:403, test_Acc: 50.50, test_bacc: 43.94, test_f1: 36.23
Epoch:404, test_Acc: 50.50, test_bacc: 43.94, test_f1: 36.23
Epoch:405, test_Acc: 50.50, test_bacc: 43.94, test_f1: 36.23
Epoch:406, test_Acc: 50.50, test_bacc: 43.94, test_f1: 36.23
Epoch:407, test_Acc: 50.50, test_bacc: 43.94, test_f1: 36.23
Epoch:408, test_Acc: 50.50, test_bacc: 43.94, test_f1: 36.23
Epoch:409, test_Acc: 50.50, test_bacc: 43.94, test_f1: 36.23
Epoch:410, test_Acc: 50.50, test_bacc: 43.94, test_f1: 36.23
Epoch:411, test_Acc: 50.50, test_bacc: 43.94, test_f1: 36.23
Epoch:412, test_Acc: 50.50, test_bacc: 43.94, test_f1: 36.23
Epoch:413, test_Acc: 50.50, test_bacc: 43.94, test_f1: 36.23
Epoch:414, test_Acc: 50.50, test_bacc: 43.94, test_f1: 36.23
Epoch:415, test_Acc: 50.50, test_bacc: 43.94, test_f1: 36.23
Epoch:416, test_Acc: 50.50, test_bacc: 43.94, test_f1: 36.23
Epoch:417, test_Acc: 50.50, test_bacc: 43.94, test_f1: 36.23
Epoch:418, test_Acc: 50.50, test_bacc: 43.94, test_f1: 36.23
Epoch:419, test_Acc: 50.50, test_bacc: 43.94, test_f1: 36.23
Epoch:420, test_Acc: 50.50, test_bacc: 43.94, test_f1: 36.23
Epoch:421, test_Acc: 50.50, test_bacc: 43.94, test_f1: 36.23
Epoch:422, test_Acc: 50.50, test_bacc: 43.94, test_f1: 36.23
Epoch:423, test_Acc: 50.50, test_bacc: 43.94, test_f1: 36.23
Epoch:424, test_Acc: 50.50, test_bacc: 43.94, test_f1: 36.23
Epoch:425, test_Acc: 50.50, test_bacc: 43.94, test_f1: 36.23
Epoch:426, test_Acc: 50.50, test_bacc: 43.94, test_f1: 36.23
Epoch:427, test_Acc: 50.70, test_bacc: 44.13, test_f1: 36.79
Epoch:428, test_Acc: 50.70, test_bacc: 44.13, test_f1: 36.79
Epoch:429, test_Acc: 50.70, test_bacc: 44.13, test_f1: 36.79
Epoch:430, test_Acc: 51.00, test_bacc: 44.45, test_f1: 37.41
Epoch:431, test_Acc: 51.00, test_bacc: 44.45, test_f1: 37.41
Epoch:432, test_Acc: 51.00, test_bacc: 44.40, test_f1: 37.17
Epoch:433, test_Acc: 51.20, test_bacc: 44.60, test_f1: 37.52
Epoch:434, test_Acc: 51.20, test_bacc: 44.60, test_f1: 37.52
Epoch:435, test_Acc: 51.20, test_bacc: 44.60, test_f1: 37.52
Epoch:436, test_Acc: 51.20, test_bacc: 44.60, test_f1: 37.52
Epoch:437, test_Acc: 51.20, test_bacc: 44.60, test_f1: 37.52
Epoch:438, test_Acc: 51.20, test_bacc: 44.60, test_f1: 37.52
Epoch:439, test_Acc: 51.20, test_bacc: 44.60, test_f1: 37.52
Epoch:440, test_Acc: 51.20, test_bacc: 44.60, test_f1: 37.52
Epoch:441, test_Acc: 51.20, test_bacc: 44.60, test_f1: 37.52
Epoch:442, test_Acc: 51.10, test_bacc: 44.45, test_f1: 37.36
Epoch:443, test_Acc: 51.10, test_bacc: 44.45, test_f1: 37.36
Epoch:444, test_Acc: 51.10, test_bacc: 44.45, test_f1: 37.36
Epoch:445, test_Acc: 51.10, test_bacc: 44.45, test_f1: 37.36
Epoch:446, test_Acc: 51.10, test_bacc: 44.45, test_f1: 37.36
Epoch:447, test_Acc: 51.50, test_bacc: 44.89, test_f1: 38.19
Epoch:448, test_Acc: 51.50, test_bacc: 44.89, test_f1: 38.19
Epoch:449, test_Acc: 51.50, test_bacc: 44.89, test_f1: 38.19
Epoch:450, test_Acc: 51.50, test_bacc: 44.89, test_f1: 38.19
Epoch:451, test_Acc: 51.50, test_bacc: 44.89, test_f1: 38.19
Epoch:452, test_Acc: 51.50, test_bacc: 44.89, test_f1: 38.19
Epoch:453, test_Acc: 51.50, test_bacc: 44.89, test_f1: 38.19
Epoch:454, test_Acc: 51.50, test_bacc: 44.89, test_f1: 38.19
Epoch:455, test_Acc: 51.60, test_bacc: 45.00, test_f1: 38.34
Epoch:456, test_Acc: 51.80, test_bacc: 45.21, test_f1: 38.67
Epoch:457, test_Acc: 51.70, test_bacc: 45.08, test_f1: 38.50
Epoch:458, test_Acc: 51.70, test_bacc: 45.08, test_f1: 38.50
Epoch:459, test_Acc: 51.60, test_bacc: 44.95, test_f1: 38.13
Epoch:460, test_Acc: 51.50, test_bacc: 44.84, test_f1: 37.96
Epoch:461, test_Acc: 51.50, test_bacc: 44.84, test_f1: 37.96
Epoch:462, test_Acc: 51.50, test_bacc: 44.84, test_f1: 37.96
Epoch:463, test_Acc: 51.50, test_bacc: 44.84, test_f1: 37.96
Epoch:464, test_Acc: 51.40, test_bacc: 44.77, test_f1: 37.97
Epoch:465, test_Acc: 51.40, test_bacc: 44.77, test_f1: 37.97
Epoch:466, test_Acc: 51.40, test_bacc: 44.77, test_f1: 37.97
Epoch:467, test_Acc: 51.60, test_bacc: 44.94, test_f1: 37.93
Epoch:468, test_Acc: 51.60, test_bacc: 44.94, test_f1: 37.93
Epoch:469, test_Acc: 51.60, test_bacc: 44.94, test_f1: 37.93
Epoch:470, test_Acc: 51.60, test_bacc: 44.94, test_f1: 37.93
Epoch:471, test_Acc: 51.60, test_bacc: 44.94, test_f1: 37.93
Epoch:472, test_Acc: 51.60, test_bacc: 44.94, test_f1: 37.93
Epoch:473, test_Acc: 51.60, test_bacc: 44.94, test_f1: 37.93
Epoch:474, test_Acc: 51.60, test_bacc: 44.94, test_f1: 37.93
Epoch:475, test_Acc: 51.60, test_bacc: 44.94, test_f1: 37.93
Epoch:476, test_Acc: 51.60, test_bacc: 44.94, test_f1: 37.93
Epoch:477, test_Acc: 51.60, test_bacc: 44.94, test_f1: 37.93
Epoch:478, test_Acc: 51.60, test_bacc: 44.94, test_f1: 37.93
Epoch:479, test_Acc: 51.60, test_bacc: 44.94, test_f1: 37.93
Epoch:480, test_Acc: 51.60, test_bacc: 44.94, test_f1: 37.93
Epoch:481, test_Acc: 51.60, test_bacc: 44.94, test_f1: 37.93
Epoch:482, test_Acc: 51.60, test_bacc: 44.94, test_f1: 37.93
Epoch:483, test_Acc: 51.60, test_bacc: 44.94, test_f1: 37.93
Epoch:484, test_Acc: 51.60, test_bacc: 44.94, test_f1: 37.93
Epoch:485, test_Acc: 51.60, test_bacc: 44.94, test_f1: 37.93
Epoch:486, test_Acc: 51.60, test_bacc: 44.94, test_f1: 37.93
Epoch:487, test_Acc: 51.60, test_bacc: 44.94, test_f1: 37.93
Epoch:488, test_Acc: 51.60, test_bacc: 44.94, test_f1: 37.93
Epoch:489, test_Acc: 51.60, test_bacc: 44.94, test_f1: 37.93
Epoch:490, test_Acc: 51.60, test_bacc: 44.94, test_f1: 37.93
Epoch:491, test_Acc: 51.60, test_bacc: 44.94, test_f1: 37.93
Epoch:492, test_Acc: 51.60, test_bacc: 44.94, test_f1: 37.93
Epoch:493, test_Acc: 51.60, test_bacc: 44.94, test_f1: 37.93
Epoch:494, test_Acc: 51.60, test_bacc: 44.94, test_f1: 37.93
Epoch:495, test_Acc: 51.60, test_bacc: 44.94, test_f1: 37.93
Epoch:496, test_Acc: 51.60, test_bacc: 44.94, test_f1: 37.93
Epoch:497, test_Acc: 51.60, test_bacc: 44.94, test_f1: 37.93
Epoch:498, test_Acc: 51.60, test_bacc: 44.94, test_f1: 37.93
Epoch:499, test_Acc: 51.60, test_bacc: 44.94, test_f1: 37.93
Epoch:500, test_Acc: 51.60, test_bacc: 44.94, test_f1: 37.93
Epoch:501, test_Acc: 51.60, test_bacc: 44.94, test_f1: 37.93
Epoch:502, test_Acc: 51.60, test_bacc: 44.94, test_f1: 37.93
Epoch:503, test_Acc: 51.60, test_bacc: 44.94, test_f1: 37.93
Epoch:504, test_Acc: 51.60, test_bacc: 44.94, test_f1: 37.93
Epoch:505, test_Acc: 51.60, test_bacc: 44.94, test_f1: 37.93
Epoch:506, test_Acc: 51.60, test_bacc: 44.94, test_f1: 37.93
Epoch:507, test_Acc: 51.60, test_bacc: 44.94, test_f1: 37.93
Epoch:508, test_Acc: 51.60, test_bacc: 44.94, test_f1: 37.93
Epoch:509, test_Acc: 51.60, test_bacc: 44.94, test_f1: 37.93
Epoch:510, test_Acc: 51.60, test_bacc: 44.94, test_f1: 37.93
Epoch:511, test_Acc: 51.60, test_bacc: 44.94, test_f1: 37.93
Epoch:512, test_Acc: 51.60, test_bacc: 44.94, test_f1: 37.93
Epoch:513, test_Acc: 51.60, test_bacc: 44.94, test_f1: 37.93
Epoch:514, test_Acc: 51.60, test_bacc: 44.94, test_f1: 37.93
Epoch:515, test_Acc: 51.60, test_bacc: 44.94, test_f1: 37.93
Epoch:516, test_Acc: 51.60, test_bacc: 44.94, test_f1: 37.93
Epoch:517, test_Acc: 51.60, test_bacc: 44.94, test_f1: 37.93
Epoch:518, test_Acc: 51.60, test_bacc: 44.94, test_f1: 37.93
Epoch:519, test_Acc: 51.60, test_bacc: 44.94, test_f1: 37.93
Epoch:520, test_Acc: 51.60, test_bacc: 44.94, test_f1: 37.93
Epoch:521, test_Acc: 51.60, test_bacc: 44.94, test_f1: 37.93
Epoch:522, test_Acc: 51.60, test_bacc: 44.94, test_f1: 37.93
Epoch:523, test_Acc: 51.60, test_bacc: 44.94, test_f1: 37.93
Epoch:524, test_Acc: 51.60, test_bacc: 44.94, test_f1: 37.93
Epoch:525, test_Acc: 51.60, test_bacc: 44.94, test_f1: 37.93
Epoch:526, test_Acc: 51.60, test_bacc: 44.94, test_f1: 37.93
Epoch:527, test_Acc: 51.60, test_bacc: 44.94, test_f1: 37.93
Epoch:528, test_Acc: 51.60, test_bacc: 44.94, test_f1: 37.93
Epoch:529, test_Acc: 51.60, test_bacc: 44.94, test_f1: 37.93
Epoch:530, test_Acc: 51.60, test_bacc: 44.94, test_f1: 37.93
Epoch:531, test_Acc: 51.60, test_bacc: 44.94, test_f1: 37.93
Epoch:532, test_Acc: 51.60, test_bacc: 44.94, test_f1: 37.93
Epoch:533, test_Acc: 51.60, test_bacc: 44.94, test_f1: 37.93
Epoch:534, test_Acc: 51.60, test_bacc: 44.94, test_f1: 37.93
Epoch:535, test_Acc: 51.60, test_bacc: 44.94, test_f1: 37.93
Epoch:536, test_Acc: 51.60, test_bacc: 44.94, test_f1: 37.93
Epoch:537, test_Acc: 51.60, test_bacc: 44.94, test_f1: 37.93
Epoch:538, test_Acc: 51.60, test_bacc: 44.94, test_f1: 37.93
Epoch:539, test_Acc: 51.60, test_bacc: 44.94, test_f1: 37.93
Epoch:540, test_Acc: 51.60, test_bacc: 44.94, test_f1: 37.93
Epoch:541, test_Acc: 51.60, test_bacc: 44.94, test_f1: 37.93
Epoch:542, test_Acc: 51.60, test_bacc: 44.94, test_f1: 37.93
Epoch:543, test_Acc: 51.60, test_bacc: 44.94, test_f1: 37.93
Epoch:544, test_Acc: 51.60, test_bacc: 44.94, test_f1: 37.93
Epoch:545, test_Acc: 51.60, test_bacc: 44.94, test_f1: 37.93
Epoch:546, test_Acc: 51.60, test_bacc: 44.94, test_f1: 37.93
Epoch:547, test_Acc: 51.60, test_bacc: 44.94, test_f1: 37.93
Epoch:548, test_Acc: 51.60, test_bacc: 44.94, test_f1: 37.93
Epoch:549, test_Acc: 51.60, test_bacc: 44.94, test_f1: 37.93
Epoch:550, test_Acc: 51.60, test_bacc: 44.94, test_f1: 37.93
Epoch:551, test_Acc: 51.60, test_bacc: 44.94, test_f1: 37.93
Epoch:552, test_Acc: 51.60, test_bacc: 44.94, test_f1: 37.93
Epoch:553, test_Acc: 51.60, test_bacc: 44.94, test_f1: 37.93
Epoch:554, test_Acc: 51.60, test_bacc: 44.94, test_f1: 37.93
Epoch:555, test_Acc: 51.60, test_bacc: 44.94, test_f1: 37.93
Epoch:556, test_Acc: 51.60, test_bacc: 44.94, test_f1: 37.93
Epoch:557, test_Acc: 51.60, test_bacc: 44.94, test_f1: 37.93
Epoch:558, test_Acc: 51.60, test_bacc: 44.94, test_f1: 37.93
Epoch:559, test_Acc: 51.60, test_bacc: 44.94, test_f1: 37.93
Epoch:560, test_Acc: 52.90, test_bacc: 46.37, test_f1: 40.74
Epoch:561, test_Acc: 52.90, test_bacc: 46.37, test_f1: 40.74
Epoch:562, test_Acc: 53.10, test_bacc: 46.53, test_f1: 40.94
Epoch:563, test_Acc: 53.00, test_bacc: 46.43, test_f1: 40.77
Epoch:564, test_Acc: 53.00, test_bacc: 46.43, test_f1: 40.77
Epoch:565, test_Acc: 53.00, test_bacc: 46.43, test_f1: 40.77
Epoch:566, test_Acc: 53.00, test_bacc: 46.43, test_f1: 40.77
Epoch:567, test_Acc: 53.00, test_bacc: 46.43, test_f1: 40.77
Epoch:568, test_Acc: 53.00, test_bacc: 46.43, test_f1: 40.77
Epoch:569, test_Acc: 53.00, test_bacc: 46.43, test_f1: 40.77
Epoch:570, test_Acc: 53.00, test_bacc: 46.43, test_f1: 40.77
Epoch:571, test_Acc: 53.00, test_bacc: 46.43, test_f1: 40.77
Epoch:572, test_Acc: 53.00, test_bacc: 46.43, test_f1: 40.77
Epoch:573, test_Acc: 53.10, test_bacc: 46.50, test_f1: 40.79
Epoch:574, test_Acc: 53.10, test_bacc: 46.50, test_f1: 40.79
Epoch:575, test_Acc: 53.10, test_bacc: 46.50, test_f1: 40.79
Epoch:576, test_Acc: 53.10, test_bacc: 46.50, test_f1: 40.79
Epoch:577, test_Acc: 53.10, test_bacc: 46.50, test_f1: 40.79
Epoch:578, test_Acc: 53.10, test_bacc: 46.50, test_f1: 40.79
Epoch:579, test_Acc: 53.10, test_bacc: 46.50, test_f1: 40.79
Epoch:580, test_Acc: 53.10, test_bacc: 46.50, test_f1: 40.79
Epoch:581, test_Acc: 53.10, test_bacc: 46.50, test_f1: 40.79
Epoch:582, test_Acc: 53.10, test_bacc: 46.50, test_f1: 40.79
Epoch:583, test_Acc: 53.10, test_bacc: 46.50, test_f1: 40.79
Epoch:584, test_Acc: 53.10, test_bacc: 46.50, test_f1: 40.79
Epoch:585, test_Acc: 53.10, test_bacc: 46.50, test_f1: 40.79
Epoch:586, test_Acc: 53.10, test_bacc: 46.50, test_f1: 40.79
Epoch:587, test_Acc: 53.10, test_bacc: 46.50, test_f1: 40.79
Epoch:588, test_Acc: 53.10, test_bacc: 46.50, test_f1: 40.79
Epoch:589, test_Acc: 53.10, test_bacc: 46.50, test_f1: 40.79
Epoch:590, test_Acc: 53.10, test_bacc: 46.50, test_f1: 40.79
Epoch:591, test_Acc: 53.10, test_bacc: 46.50, test_f1: 40.79
Epoch:592, test_Acc: 53.10, test_bacc: 46.50, test_f1: 40.79
Epoch:593, test_Acc: 53.10, test_bacc: 46.50, test_f1: 40.79
Epoch:594, test_Acc: 53.10, test_bacc: 46.50, test_f1: 40.79
Epoch:595, test_Acc: 53.10, test_bacc: 46.50, test_f1: 40.79
Epoch:596, test_Acc: 53.10, test_bacc: 46.50, test_f1: 40.79
Epoch:597, test_Acc: 53.10, test_bacc: 46.50, test_f1: 40.79
Epoch:598, test_Acc: 53.10, test_bacc: 46.50, test_f1: 40.79
Epoch:599, test_Acc: 53.10, test_bacc: 46.50, test_f1: 40.79
Epoch:600, test_Acc: 53.10, test_bacc: 46.50, test_f1: 40.79
Early stop at epoch:  601
split: 0, test_Acc: 53.10, test_bacc: 46.50, test_f1: 40.79
/home/qj2004/magnet/src
Total time(all splits):  28765.826417684555
