cuda:2
Namespace(withAug=False, AugDirect=20, method_name='DiG', seed=100, IsDirectedData=False, dataset='WebKB/texas', undirect_dataset='Cora', MakeImbalance=True, CustomizeMask=False, K=2, heads=8, log_root='../logs/', log_path='test', data_path='../dataset/data/tmp/', epochs=1500, num_filter=2, p_q=0.95, p_inter=0.1, dropout=0.0, debug=False, new_setting=False, layer=2, lr=0.005, l2=0.0005, to_undirected=False, alpha=0.1, randomseed=-1, imb_ratio=100, n_layer=2, feat_dim=64, warmup=5, epoch=900, tau=2, max=False, no_mask=False, gdc='ppr')
excel_file_path is  FalseAug_DiG_Cora_output.xlsx
12-04-19:43:30
Dataset is  Cora() 
Chosen from DirectedData:  False
Num of bidrected edges: 5278, total num of edges: 10556
This is directed graph:  False
data_x torch.Size([2708, 1433])
cuda:2
0
mu  cpu cpu
DiModel(
  (conv1): DIGCNConv(1433, 2)
  (conv2): DIGCNConv(2, 2)
  (Conv): Conv1d(2, 7, kernel_size=(1,), stride=(1,))
)
cuda:2
Epoch:0, test_Acc: 9.10, test_bacc: 14.29, test_f1: 2.38
Epoch:1, test_Acc: 9.10, test_bacc: 14.29, test_f1: 2.38
Epoch:2, test_Acc: 9.10, test_bacc: 14.29, test_f1: 2.38
Epoch:3, test_Acc: 9.10, test_bacc: 14.29, test_f1: 2.38
Epoch:4, test_Acc: 9.10, test_bacc: 14.29, test_f1: 2.38
Epoch:5, test_Acc: 9.10, test_bacc: 14.29, test_f1: 2.38
Epoch:6, test_Acc: 14.40, test_bacc: 14.29, test_f1: 3.60
Epoch:7, test_Acc: 14.40, test_bacc: 14.29, test_f1: 3.60
Epoch:8, test_Acc: 14.40, test_bacc: 14.29, test_f1: 3.60
Epoch:9, test_Acc: 14.40, test_bacc: 14.29, test_f1: 3.60
Epoch:10, test_Acc: 14.40, test_bacc: 14.29, test_f1: 3.60
Epoch:11, test_Acc: 14.40, test_bacc: 14.29, test_f1: 3.60
Epoch:12, test_Acc: 14.40, test_bacc: 14.29, test_f1: 3.60
Epoch:13, test_Acc: 14.40, test_bacc: 14.29, test_f1: 3.60
Epoch:14, test_Acc: 14.40, test_bacc: 14.29, test_f1: 3.60
Epoch:15, test_Acc: 14.40, test_bacc: 14.29, test_f1: 3.60
Epoch:16, test_Acc: 14.40, test_bacc: 14.29, test_f1: 3.60
Epoch:17, test_Acc: 14.40, test_bacc: 14.29, test_f1: 3.60
Epoch:18, test_Acc: 14.40, test_bacc: 14.29, test_f1: 3.60
Epoch:19, test_Acc: 14.40, test_bacc: 14.29, test_f1: 3.60
Epoch:20, test_Acc: 14.40, test_bacc: 14.29, test_f1: 3.60
Epoch:21, test_Acc: 14.40, test_bacc: 14.29, test_f1: 3.60
Epoch:22, test_Acc: 14.40, test_bacc: 14.29, test_f1: 3.60
Epoch:23, test_Acc: 14.40, test_bacc: 14.29, test_f1: 3.60
Epoch:24, test_Acc: 14.40, test_bacc: 14.29, test_f1: 3.60
Epoch:25, test_Acc: 14.40, test_bacc: 14.29, test_f1: 3.60
Epoch:26, test_Acc: 14.40, test_bacc: 14.29, test_f1: 3.60
Epoch:27, test_Acc: 14.40, test_bacc: 14.29, test_f1: 3.60
Epoch:28, test_Acc: 14.40, test_bacc: 14.29, test_f1: 3.60
Epoch:29, test_Acc: 14.40, test_bacc: 14.29, test_f1: 3.60
Epoch:30, test_Acc: 14.40, test_bacc: 14.29, test_f1: 3.60
Epoch:31, test_Acc: 14.40, test_bacc: 14.29, test_f1: 3.60
Epoch:32, test_Acc: 14.40, test_bacc: 14.29, test_f1: 3.60
Epoch:33, test_Acc: 14.40, test_bacc: 14.29, test_f1: 3.60
Epoch:34, test_Acc: 14.40, test_bacc: 14.29, test_f1: 3.60
Epoch:35, test_Acc: 14.40, test_bacc: 14.29, test_f1: 3.60
Epoch:36, test_Acc: 14.40, test_bacc: 14.29, test_f1: 3.60
Epoch:37, test_Acc: 14.60, test_bacc: 14.38, test_f1: 3.78
Epoch:38, test_Acc: 14.60, test_bacc: 14.38, test_f1: 3.78
Epoch:39, test_Acc: 14.60, test_bacc: 14.38, test_f1: 3.78
Epoch:40, test_Acc: 14.60, test_bacc: 14.38, test_f1: 3.78
Epoch:41, test_Acc: 14.60, test_bacc: 14.38, test_f1: 3.79
Epoch:42, test_Acc: 14.70, test_bacc: 14.42, test_f1: 3.88
Epoch:43, test_Acc: 14.80, test_bacc: 14.46, test_f1: 3.98
Epoch:44, test_Acc: 15.00, test_bacc: 14.55, test_f1: 4.17
Epoch:45, test_Acc: 15.00, test_bacc: 14.45, test_f1: 4.30
Epoch:46, test_Acc: 15.70, test_bacc: 14.76, test_f1: 4.87
Epoch:47, test_Acc: 18.00, test_bacc: 15.46, test_f1: 6.72
Epoch:48, test_Acc: 22.70, test_bacc: 17.30, test_f1: 9.19
Epoch:49, test_Acc: 31.70, test_bacc: 20.94, test_f1: 12.42
Epoch:50, test_Acc: 36.20, test_bacc: 21.87, test_f1: 13.50
Epoch:51, test_Acc: 37.40, test_bacc: 20.88, test_f1: 13.97
Epoch:52, test_Acc: 37.40, test_bacc: 20.88, test_f1: 13.97
Epoch:53, test_Acc: 37.40, test_bacc: 20.88, test_f1: 13.97
Epoch:54, test_Acc: 37.40, test_bacc: 20.88, test_f1: 13.97
Epoch:55, test_Acc: 37.40, test_bacc: 20.88, test_f1: 13.97
Epoch:56, test_Acc: 37.40, test_bacc: 20.88, test_f1: 13.97
Epoch:57, test_Acc: 37.40, test_bacc: 20.88, test_f1: 13.97
Epoch:58, test_Acc: 37.40, test_bacc: 20.88, test_f1: 13.97
Epoch:59, test_Acc: 37.40, test_bacc: 20.88, test_f1: 13.97
Epoch:60, test_Acc: 37.40, test_bacc: 20.88, test_f1: 13.97
Epoch:61, test_Acc: 37.40, test_bacc: 20.88, test_f1: 13.97
Epoch:62, test_Acc: 37.40, test_bacc: 20.88, test_f1: 13.97
Epoch:63, test_Acc: 37.40, test_bacc: 20.88, test_f1: 13.97
Epoch:64, test_Acc: 37.40, test_bacc: 20.88, test_f1: 13.97
Epoch:65, test_Acc: 37.40, test_bacc: 20.88, test_f1: 13.97
Epoch:66, test_Acc: 37.40, test_bacc: 20.88, test_f1: 13.97
Epoch:67, test_Acc: 37.40, test_bacc: 20.88, test_f1: 13.97
Epoch:68, test_Acc: 37.40, test_bacc: 20.88, test_f1: 13.97
Epoch:69, test_Acc: 37.40, test_bacc: 20.88, test_f1: 13.97
Epoch:70, test_Acc: 37.40, test_bacc: 20.88, test_f1: 13.97
Epoch:71, test_Acc: 37.40, test_bacc: 20.88, test_f1: 13.97
Epoch:72, test_Acc: 37.40, test_bacc: 20.88, test_f1: 13.97
Epoch:73, test_Acc: 37.40, test_bacc: 20.88, test_f1: 13.97
Epoch:74, test_Acc: 37.40, test_bacc: 20.88, test_f1: 13.97
Epoch:75, test_Acc: 37.40, test_bacc: 20.88, test_f1: 13.97
Epoch:76, test_Acc: 37.40, test_bacc: 20.88, test_f1: 13.97
Epoch:77, test_Acc: 37.40, test_bacc: 20.88, test_f1: 13.97
Epoch:78, test_Acc: 37.40, test_bacc: 20.88, test_f1: 13.97
Epoch:79, test_Acc: 37.40, test_bacc: 20.88, test_f1: 13.97
Epoch:80, test_Acc: 37.40, test_bacc: 20.88, test_f1: 13.97
Epoch:81, test_Acc: 37.40, test_bacc: 20.88, test_f1: 13.97
Epoch:82, test_Acc: 37.40, test_bacc: 20.88, test_f1: 13.97
Epoch:83, test_Acc: 37.40, test_bacc: 20.88, test_f1: 13.97
Epoch:84, test_Acc: 37.40, test_bacc: 20.88, test_f1: 13.97
Epoch:85, test_Acc: 37.40, test_bacc: 20.88, test_f1: 13.97
Epoch:86, test_Acc: 37.40, test_bacc: 20.88, test_f1: 13.97
Epoch:87, test_Acc: 37.40, test_bacc: 20.88, test_f1: 13.97
Epoch:88, test_Acc: 37.40, test_bacc: 20.88, test_f1: 13.97
Epoch:89, test_Acc: 37.40, test_bacc: 20.88, test_f1: 13.97
Epoch:90, test_Acc: 37.40, test_bacc: 20.88, test_f1: 13.97
Epoch:91, test_Acc: 37.40, test_bacc: 20.88, test_f1: 13.97
Epoch:92, test_Acc: 37.40, test_bacc: 20.88, test_f1: 13.97
Epoch:93, test_Acc: 37.40, test_bacc: 20.88, test_f1: 13.97
Epoch:94, test_Acc: 37.40, test_bacc: 20.88, test_f1: 13.97
Epoch:95, test_Acc: 37.40, test_bacc: 20.88, test_f1: 13.97
Epoch:96, test_Acc: 37.40, test_bacc: 20.88, test_f1: 13.97
Epoch:97, test_Acc: 37.40, test_bacc: 20.88, test_f1: 13.97
Epoch:98, test_Acc: 37.40, test_bacc: 20.88, test_f1: 13.97
Epoch:99, test_Acc: 37.40, test_bacc: 20.88, test_f1: 13.97
Epoch:100, test_Acc: 37.40, test_bacc: 20.88, test_f1: 13.97
Epoch:101, test_Acc: 37.40, test_bacc: 20.88, test_f1: 13.97
Epoch:102, test_Acc: 37.40, test_bacc: 20.88, test_f1: 13.97
Epoch:103, test_Acc: 37.40, test_bacc: 20.88, test_f1: 13.97
Epoch:104, test_Acc: 37.40, test_bacc: 20.88, test_f1: 13.97
Epoch:105, test_Acc: 37.40, test_bacc: 20.88, test_f1: 13.97
Epoch:106, test_Acc: 37.40, test_bacc: 20.88, test_f1: 13.97
Epoch:107, test_Acc: 37.40, test_bacc: 20.88, test_f1: 13.97
Epoch:108, test_Acc: 37.40, test_bacc: 20.88, test_f1: 13.97
Epoch:109, test_Acc: 37.40, test_bacc: 20.88, test_f1: 13.97
Epoch:110, test_Acc: 37.40, test_bacc: 20.88, test_f1: 13.97
Epoch:111, test_Acc: 37.40, test_bacc: 20.88, test_f1: 13.97
Epoch:112, test_Acc: 37.40, test_bacc: 20.88, test_f1: 13.97
Epoch:113, test_Acc: 37.40, test_bacc: 20.88, test_f1: 13.97
Epoch:114, test_Acc: 37.40, test_bacc: 20.88, test_f1: 13.97
Epoch:115, test_Acc: 37.40, test_bacc: 20.88, test_f1: 13.97
Epoch:116, test_Acc: 37.40, test_bacc: 20.88, test_f1: 13.97
Epoch:117, test_Acc: 37.40, test_bacc: 20.88, test_f1: 13.97
Epoch:118, test_Acc: 37.40, test_bacc: 20.88, test_f1: 13.97
Epoch:119, test_Acc: 37.40, test_bacc: 20.88, test_f1: 13.97
Epoch:120, test_Acc: 37.40, test_bacc: 20.88, test_f1: 13.97
Epoch:121, test_Acc: 37.40, test_bacc: 20.88, test_f1: 13.97
Epoch:122, test_Acc: 37.40, test_bacc: 20.88, test_f1: 13.97
Epoch:123, test_Acc: 37.40, test_bacc: 20.88, test_f1: 13.97
Epoch:124, test_Acc: 37.40, test_bacc: 20.88, test_f1: 13.97
Epoch:125, test_Acc: 37.40, test_bacc: 20.88, test_f1: 13.97
Epoch:126, test_Acc: 37.40, test_bacc: 20.88, test_f1: 13.97
Epoch:127, test_Acc: 37.40, test_bacc: 20.88, test_f1: 13.97
Epoch:128, test_Acc: 37.40, test_bacc: 20.88, test_f1: 13.97
Epoch:129, test_Acc: 37.40, test_bacc: 20.88, test_f1: 13.97
Epoch:130, test_Acc: 37.40, test_bacc: 20.88, test_f1: 13.97
Epoch:131, test_Acc: 37.40, test_bacc: 20.88, test_f1: 13.97
Epoch:132, test_Acc: 37.40, test_bacc: 20.88, test_f1: 13.97
Epoch:133, test_Acc: 37.40, test_bacc: 20.88, test_f1: 13.97
Epoch:134, test_Acc: 37.40, test_bacc: 20.88, test_f1: 13.97
Epoch:135, test_Acc: 37.40, test_bacc: 20.88, test_f1: 13.97
Epoch:136, test_Acc: 37.40, test_bacc: 20.88, test_f1: 13.97
Epoch:137, test_Acc: 37.40, test_bacc: 20.88, test_f1: 13.97
Epoch:138, test_Acc: 37.40, test_bacc: 20.88, test_f1: 13.97
Epoch:139, test_Acc: 37.40, test_bacc: 20.88, test_f1: 13.97
Epoch:140, test_Acc: 37.40, test_bacc: 20.88, test_f1: 13.97
Epoch:141, test_Acc: 37.40, test_bacc: 20.88, test_f1: 13.97
Epoch:142, test_Acc: 37.40, test_bacc: 20.88, test_f1: 13.97
Epoch:143, test_Acc: 37.40, test_bacc: 20.88, test_f1: 13.97
Epoch:144, test_Acc: 37.40, test_bacc: 20.88, test_f1: 13.97
Epoch:145, test_Acc: 37.40, test_bacc: 20.88, test_f1: 13.97
Epoch:146, test_Acc: 37.40, test_bacc: 20.88, test_f1: 13.97
Epoch:147, test_Acc: 37.40, test_bacc: 20.88, test_f1: 13.97
Epoch:148, test_Acc: 37.40, test_bacc: 20.88, test_f1: 13.97
Epoch:149, test_Acc: 37.40, test_bacc: 20.88, test_f1: 13.97
Epoch:150, test_Acc: 37.40, test_bacc: 20.88, test_f1: 13.97
Epoch:151, test_Acc: 37.40, test_bacc: 20.88, test_f1: 13.97
Epoch:152, test_Acc: 37.40, test_bacc: 20.88, test_f1: 13.97
Epoch:153, test_Acc: 37.40, test_bacc: 20.88, test_f1: 13.97
Epoch:154, test_Acc: 37.40, test_bacc: 20.88, test_f1: 13.97
Epoch:155, test_Acc: 37.40, test_bacc: 20.88, test_f1: 13.97
Epoch:156, test_Acc: 37.40, test_bacc: 20.88, test_f1: 13.97
Epoch:157, test_Acc: 37.40, test_bacc: 20.88, test_f1: 13.97
Epoch:158, test_Acc: 37.40, test_bacc: 20.88, test_f1: 13.97
Epoch:159, test_Acc: 37.40, test_bacc: 20.88, test_f1: 13.97
Epoch:160, test_Acc: 37.40, test_bacc: 20.88, test_f1: 13.97
Epoch:161, test_Acc: 37.40, test_bacc: 20.88, test_f1: 13.97
Epoch:162, test_Acc: 37.40, test_bacc: 20.88, test_f1: 13.97
Epoch:163, test_Acc: 37.40, test_bacc: 20.88, test_f1: 13.97
Epoch:164, test_Acc: 37.40, test_bacc: 20.88, test_f1: 13.97
Epoch:165, test_Acc: 37.40, test_bacc: 20.88, test_f1: 13.97
Epoch:166, test_Acc: 37.40, test_bacc: 20.88, test_f1: 13.97
Epoch:167, test_Acc: 37.40, test_bacc: 20.88, test_f1: 13.97
Epoch:168, test_Acc: 37.40, test_bacc: 20.88, test_f1: 13.97
Epoch:169, test_Acc: 37.40, test_bacc: 20.88, test_f1: 13.97
Epoch:170, test_Acc: 37.40, test_bacc: 20.88, test_f1: 13.97
Epoch:171, test_Acc: 37.40, test_bacc: 20.88, test_f1: 13.97
Epoch:172, test_Acc: 37.40, test_bacc: 20.88, test_f1: 13.97
Epoch:173, test_Acc: 37.40, test_bacc: 20.88, test_f1: 13.97
Epoch:174, test_Acc: 37.40, test_bacc: 20.88, test_f1: 13.97
Epoch:175, test_Acc: 37.40, test_bacc: 20.88, test_f1: 13.97
Epoch:176, test_Acc: 37.40, test_bacc: 20.88, test_f1: 13.97
Epoch:177, test_Acc: 37.40, test_bacc: 20.88, test_f1: 13.97
Epoch:178, test_Acc: 37.40, test_bacc: 20.88, test_f1: 13.97
Epoch:179, test_Acc: 37.40, test_bacc: 20.88, test_f1: 13.97
Epoch:180, test_Acc: 37.40, test_bacc: 20.88, test_f1: 13.97
Epoch:181, test_Acc: 37.40, test_bacc: 20.88, test_f1: 13.97
Epoch:182, test_Acc: 37.40, test_bacc: 20.88, test_f1: 13.97
Epoch:183, test_Acc: 37.40, test_bacc: 20.88, test_f1: 13.97
Epoch:184, test_Acc: 37.40, test_bacc: 20.88, test_f1: 13.97
Epoch:185, test_Acc: 37.40, test_bacc: 20.88, test_f1: 13.97
Epoch:186, test_Acc: 37.40, test_bacc: 20.88, test_f1: 13.97
Epoch:187, test_Acc: 37.40, test_bacc: 20.88, test_f1: 13.97
Epoch:188, test_Acc: 37.40, test_bacc: 20.88, test_f1: 13.97
Epoch:189, test_Acc: 37.40, test_bacc: 20.88, test_f1: 13.97
Epoch:190, test_Acc: 37.40, test_bacc: 20.88, test_f1: 13.97
Epoch:191, test_Acc: 37.40, test_bacc: 20.88, test_f1: 13.97
Epoch:192, test_Acc: 37.40, test_bacc: 20.88, test_f1: 13.97
Epoch:193, test_Acc: 37.40, test_bacc: 20.88, test_f1: 13.97
Epoch:194, test_Acc: 37.40, test_bacc: 20.88, test_f1: 13.97
Epoch:195, test_Acc: 37.40, test_bacc: 20.88, test_f1: 13.97
Epoch:196, test_Acc: 37.40, test_bacc: 20.88, test_f1: 13.97
Epoch:197, test_Acc: 37.40, test_bacc: 20.88, test_f1: 13.97
Epoch:198, test_Acc: 37.40, test_bacc: 20.88, test_f1: 13.97
Epoch:199, test_Acc: 37.40, test_bacc: 20.88, test_f1: 13.97
Epoch:200, test_Acc: 37.40, test_bacc: 20.88, test_f1: 13.97
Epoch:201, test_Acc: 37.40, test_bacc: 20.88, test_f1: 13.97
Epoch:202, test_Acc: 37.40, test_bacc: 20.88, test_f1: 13.97
Epoch:203, test_Acc: 37.40, test_bacc: 20.88, test_f1: 13.97
Epoch:204, test_Acc: 37.40, test_bacc: 20.88, test_f1: 13.97
Epoch:205, test_Acc: 37.40, test_bacc: 20.88, test_f1: 13.97
Epoch:206, test_Acc: 37.40, test_bacc: 20.88, test_f1: 13.97
Epoch:207, test_Acc: 37.40, test_bacc: 20.88, test_f1: 13.97
Epoch:208, test_Acc: 37.40, test_bacc: 20.88, test_f1: 13.97
Epoch:209, test_Acc: 37.40, test_bacc: 20.88, test_f1: 13.97
Epoch:210, test_Acc: 37.40, test_bacc: 20.88, test_f1: 13.97
Epoch:211, test_Acc: 37.40, test_bacc: 20.88, test_f1: 13.97
Epoch:212, test_Acc: 37.40, test_bacc: 20.88, test_f1: 13.97
Epoch:213, test_Acc: 37.40, test_bacc: 20.88, test_f1: 13.97
Epoch:214, test_Acc: 37.40, test_bacc: 20.88, test_f1: 13.97
Epoch:215, test_Acc: 37.40, test_bacc: 20.88, test_f1: 13.97
Epoch:216, test_Acc: 37.40, test_bacc: 20.88, test_f1: 13.97
Epoch:217, test_Acc: 37.40, test_bacc: 20.88, test_f1: 13.97
Epoch:218, test_Acc: 37.40, test_bacc: 20.88, test_f1: 13.97
Epoch:219, test_Acc: 37.40, test_bacc: 20.88, test_f1: 13.97
Epoch:220, test_Acc: 37.40, test_bacc: 20.88, test_f1: 13.97
Epoch:221, test_Acc: 37.40, test_bacc: 20.88, test_f1: 13.97
Epoch:222, test_Acc: 37.40, test_bacc: 20.88, test_f1: 13.97
Epoch:223, test_Acc: 37.40, test_bacc: 20.88, test_f1: 13.97
Epoch:224, test_Acc: 37.40, test_bacc: 20.88, test_f1: 13.97
Epoch:225, test_Acc: 37.40, test_bacc: 20.88, test_f1: 13.97
Epoch:226, test_Acc: 37.40, test_bacc: 20.88, test_f1: 13.97
Epoch:227, test_Acc: 37.40, test_bacc: 20.88, test_f1: 13.97
Epoch:228, test_Acc: 37.40, test_bacc: 20.88, test_f1: 13.97
Epoch:229, test_Acc: 37.40, test_bacc: 20.88, test_f1: 13.97
Epoch:230, test_Acc: 37.40, test_bacc: 20.88, test_f1: 13.97
Epoch:231, test_Acc: 37.40, test_bacc: 20.88, test_f1: 13.97
Epoch:232, test_Acc: 37.40, test_bacc: 20.88, test_f1: 13.97
Epoch:233, test_Acc: 37.40, test_bacc: 20.88, test_f1: 13.97
Epoch:234, test_Acc: 37.40, test_bacc: 20.88, test_f1: 13.97
Epoch:235, test_Acc: 37.40, test_bacc: 20.88, test_f1: 13.97
Epoch:236, test_Acc: 37.40, test_bacc: 20.88, test_f1: 13.97
Epoch:237, test_Acc: 37.40, test_bacc: 20.88, test_f1: 13.97
Epoch:238, test_Acc: 37.40, test_bacc: 20.88, test_f1: 13.97
Epoch:239, test_Acc: 37.40, test_bacc: 20.88, test_f1: 13.97
Epoch:240, test_Acc: 37.40, test_bacc: 20.88, test_f1: 13.97
Epoch:241, test_Acc: 37.40, test_bacc: 20.88, test_f1: 13.97
Epoch:242, test_Acc: 37.40, test_bacc: 20.88, test_f1: 13.97
Epoch:243, test_Acc: 37.40, test_bacc: 20.88, test_f1: 13.97
Epoch:244, test_Acc: 37.40, test_bacc: 20.88, test_f1: 13.97
Epoch:245, test_Acc: 37.40, test_bacc: 20.88, test_f1: 13.97
Epoch:246, test_Acc: 37.40, test_bacc: 20.88, test_f1: 13.97
Epoch:247, test_Acc: 37.40, test_bacc: 20.88, test_f1: 13.97
Epoch:248, test_Acc: 37.40, test_bacc: 20.88, test_f1: 13.97
Epoch:249, test_Acc: 37.40, test_bacc: 20.88, test_f1: 13.97
Epoch:250, test_Acc: 37.40, test_bacc: 20.88, test_f1: 13.97
Epoch:251, test_Acc: 37.40, test_bacc: 20.88, test_f1: 13.97
Epoch:252, test_Acc: 37.40, test_bacc: 20.88, test_f1: 13.97
Epoch:253, test_Acc: 37.40, test_bacc: 20.88, test_f1: 13.97
Epoch:254, test_Acc: 37.40, test_bacc: 20.88, test_f1: 13.97
Epoch:255, test_Acc: 37.40, test_bacc: 20.88, test_f1: 13.97
Epoch:256, test_Acc: 37.40, test_bacc: 20.88, test_f1: 13.97
Epoch:257, test_Acc: 37.40, test_bacc: 20.88, test_f1: 13.97
Epoch:258, test_Acc: 37.40, test_bacc: 20.88, test_f1: 13.97
Epoch:259, test_Acc: 37.40, test_bacc: 20.88, test_f1: 13.97
Epoch:260, test_Acc: 37.40, test_bacc: 20.88, test_f1: 13.97
Epoch:261, test_Acc: 37.40, test_bacc: 20.88, test_f1: 13.97
Epoch:262, test_Acc: 37.40, test_bacc: 20.88, test_f1: 13.97
Epoch:263, test_Acc: 37.40, test_bacc: 20.88, test_f1: 13.97
Epoch:264, test_Acc: 37.40, test_bacc: 20.88, test_f1: 13.97
Epoch:265, test_Acc: 37.40, test_bacc: 20.88, test_f1: 13.97
Epoch:266, test_Acc: 37.40, test_bacc: 20.88, test_f1: 13.97
Epoch:267, test_Acc: 37.40, test_bacc: 20.88, test_f1: 13.97
Epoch:268, test_Acc: 37.40, test_bacc: 20.88, test_f1: 13.97
Epoch:269, test_Acc: 37.40, test_bacc: 20.88, test_f1: 13.97
Epoch:270, test_Acc: 37.40, test_bacc: 20.88, test_f1: 13.97
Epoch:271, test_Acc: 36.90, test_bacc: 19.25, test_f1: 14.21
Epoch:272, test_Acc: 37.10, test_bacc: 19.44, test_f1: 14.43
Epoch:273, test_Acc: 37.20, test_bacc: 19.54, test_f1: 14.54
Epoch:274, test_Acc: 37.20, test_bacc: 19.54, test_f1: 14.54
Epoch:275, test_Acc: 37.30, test_bacc: 19.64, test_f1: 14.65
Epoch:276, test_Acc: 37.30, test_bacc: 19.64, test_f1: 14.65
Epoch:277, test_Acc: 37.30, test_bacc: 19.64, test_f1: 14.65
Epoch:278, test_Acc: 37.30, test_bacc: 19.64, test_f1: 14.65
Epoch:279, test_Acc: 37.30, test_bacc: 19.64, test_f1: 14.65
Epoch:280, test_Acc: 37.30, test_bacc: 19.64, test_f1: 14.65
Epoch:281, test_Acc: 37.30, test_bacc: 19.64, test_f1: 14.65
Epoch:282, test_Acc: 37.30, test_bacc: 19.64, test_f1: 14.65
Epoch:283, test_Acc: 37.30, test_bacc: 19.64, test_f1: 14.65
Epoch:284, test_Acc: 37.30, test_bacc: 19.64, test_f1: 14.65
Epoch:285, test_Acc: 37.30, test_bacc: 19.64, test_f1: 14.65
Epoch:286, test_Acc: 37.30, test_bacc: 19.64, test_f1: 14.65
Epoch:287, test_Acc: 37.30, test_bacc: 19.64, test_f1: 14.65
Epoch:288, test_Acc: 37.30, test_bacc: 19.64, test_f1: 14.65
Epoch:289, test_Acc: 37.30, test_bacc: 19.64, test_f1: 14.65
Epoch:290, test_Acc: 37.30, test_bacc: 19.64, test_f1: 14.65
Epoch:291, test_Acc: 38.40, test_bacc: 20.73, test_f1: 15.62
Epoch:292, test_Acc: 38.40, test_bacc: 20.73, test_f1: 15.62
Epoch:293, test_Acc: 38.40, test_bacc: 20.73, test_f1: 15.62
Epoch:294, test_Acc: 38.40, test_bacc: 20.73, test_f1: 15.62
Epoch:295, test_Acc: 38.40, test_bacc: 20.73, test_f1: 15.62
Epoch:296, test_Acc: 38.40, test_bacc: 20.73, test_f1: 15.62
Epoch:297, test_Acc: 38.70, test_bacc: 21.03, test_f1: 15.87
Epoch:298, test_Acc: 38.70, test_bacc: 21.03, test_f1: 15.87
Epoch:299, test_Acc: 38.80, test_bacc: 21.13, test_f1: 15.96
Epoch:300, test_Acc: 38.80, test_bacc: 21.13, test_f1: 15.96
Epoch:301, test_Acc: 38.80, test_bacc: 21.13, test_f1: 15.96
Epoch:302, test_Acc: 39.00, test_bacc: 21.33, test_f1: 16.09
Epoch:303, test_Acc: 39.00, test_bacc: 21.33, test_f1: 16.09
Epoch:304, test_Acc: 39.00, test_bacc: 21.33, test_f1: 16.09
Epoch:305, test_Acc: 39.00, test_bacc: 21.33, test_f1: 16.09
Epoch:306, test_Acc: 39.30, test_bacc: 21.63, test_f1: 16.32
Epoch:307, test_Acc: 39.30, test_bacc: 21.63, test_f1: 16.32
Epoch:308, test_Acc: 39.30, test_bacc: 21.63, test_f1: 16.32
Epoch:309, test_Acc: 39.30, test_bacc: 21.63, test_f1: 16.32
Epoch:310, test_Acc: 39.30, test_bacc: 21.63, test_f1: 16.32
Epoch:311, test_Acc: 39.30, test_bacc: 21.63, test_f1: 16.32
Epoch:312, test_Acc: 39.30, test_bacc: 21.63, test_f1: 16.32
Epoch:313, test_Acc: 39.30, test_bacc: 21.63, test_f1: 16.32
Epoch:314, test_Acc: 39.40, test_bacc: 21.73, test_f1: 16.35
Epoch:315, test_Acc: 39.40, test_bacc: 21.73, test_f1: 16.35
Epoch:316, test_Acc: 39.40, test_bacc: 21.73, test_f1: 16.35
Epoch:317, test_Acc: 39.60, test_bacc: 21.92, test_f1: 16.52
Epoch:318, test_Acc: 39.60, test_bacc: 21.92, test_f1: 16.52
Epoch:319, test_Acc: 39.70, test_bacc: 22.02, test_f1: 16.61
Epoch:320, test_Acc: 39.70, test_bacc: 22.02, test_f1: 16.61
Epoch:321, test_Acc: 39.70, test_bacc: 22.02, test_f1: 16.61
Epoch:322, test_Acc: 39.70, test_bacc: 22.02, test_f1: 16.61
Epoch:323, test_Acc: 40.00, test_bacc: 22.32, test_f1: 16.80
Epoch:324, test_Acc: 40.00, test_bacc: 22.32, test_f1: 16.80
Epoch:325, test_Acc: 40.00, test_bacc: 22.32, test_f1: 16.80
Epoch:326, test_Acc: 40.00, test_bacc: 22.32, test_f1: 16.80
Epoch:327, test_Acc: 40.00, test_bacc: 22.32, test_f1: 16.80
Epoch:328, test_Acc: 40.20, test_bacc: 22.52, test_f1: 16.91
Epoch:329, test_Acc: 40.20, test_bacc: 22.52, test_f1: 16.91
Epoch:330, test_Acc: 40.20, test_bacc: 22.52, test_f1: 16.91
Epoch:331, test_Acc: 40.20, test_bacc: 22.52, test_f1: 16.91
Epoch:332, test_Acc: 40.20, test_bacc: 22.52, test_f1: 16.91
Epoch:333, test_Acc: 40.20, test_bacc: 22.52, test_f1: 16.91
Epoch:334, test_Acc: 40.20, test_bacc: 22.52, test_f1: 16.91
Epoch:335, test_Acc: 40.20, test_bacc: 22.52, test_f1: 16.91
Epoch:336, test_Acc: 40.20, test_bacc: 22.52, test_f1: 16.91
Epoch:337, test_Acc: 40.20, test_bacc: 22.52, test_f1: 16.91
Epoch:338, test_Acc: 40.20, test_bacc: 22.52, test_f1: 16.91
Epoch:339, test_Acc: 40.20, test_bacc: 22.52, test_f1: 16.91
Epoch:340, test_Acc: 40.20, test_bacc: 22.52, test_f1: 16.91
Epoch:341, test_Acc: 40.20, test_bacc: 22.52, test_f1: 16.91
Epoch:342, test_Acc: 40.70, test_bacc: 23.07, test_f1: 17.18
Epoch:343, test_Acc: 40.70, test_bacc: 23.07, test_f1: 17.18
Epoch:344, test_Acc: 40.70, test_bacc: 23.07, test_f1: 17.18
Epoch:345, test_Acc: 40.70, test_bacc: 23.07, test_f1: 17.18
Epoch:346, test_Acc: 40.70, test_bacc: 23.07, test_f1: 17.09
Epoch:347, test_Acc: 40.70, test_bacc: 23.07, test_f1: 17.09
Epoch:348, test_Acc: 40.70, test_bacc: 23.07, test_f1: 17.09
Epoch:349, test_Acc: 40.70, test_bacc: 23.07, test_f1: 17.09
Epoch:350, test_Acc: 40.70, test_bacc: 23.07, test_f1: 17.09
Epoch:351, test_Acc: 40.70, test_bacc: 23.07, test_f1: 17.09
Epoch:352, test_Acc: 40.90, test_bacc: 23.27, test_f1: 17.19
Epoch:353, test_Acc: 40.90, test_bacc: 23.27, test_f1: 17.19
Epoch:354, test_Acc: 40.90, test_bacc: 23.27, test_f1: 17.19
Epoch:355, test_Acc: 40.90, test_bacc: 23.27, test_f1: 17.19
Epoch:356, test_Acc: 40.90, test_bacc: 23.27, test_f1: 17.19
Epoch:357, test_Acc: 40.90, test_bacc: 23.27, test_f1: 17.19
Epoch:358, test_Acc: 40.90, test_bacc: 23.27, test_f1: 17.19
Epoch:359, test_Acc: 40.90, test_bacc: 23.27, test_f1: 17.19
Epoch:360, test_Acc: 40.90, test_bacc: 23.27, test_f1: 17.19
Epoch:361, test_Acc: 40.90, test_bacc: 23.27, test_f1: 17.19
Epoch:362, test_Acc: 41.30, test_bacc: 23.67, test_f1: 17.35
Epoch:363, test_Acc: 41.30, test_bacc: 23.67, test_f1: 17.35
Epoch:364, test_Acc: 41.30, test_bacc: 23.67, test_f1: 17.32
Epoch:365, test_Acc: 41.30, test_bacc: 23.67, test_f1: 17.32
Epoch:366, test_Acc: 41.30, test_bacc: 23.67, test_f1: 17.32
Epoch:367, test_Acc: 41.30, test_bacc: 23.67, test_f1: 17.32
Epoch:368, test_Acc: 41.30, test_bacc: 23.67, test_f1: 17.32
Epoch:369, test_Acc: 41.30, test_bacc: 23.67, test_f1: 17.32
Epoch:370, test_Acc: 41.30, test_bacc: 23.67, test_f1: 17.32
Epoch:371, test_Acc: 41.30, test_bacc: 23.67, test_f1: 17.32
Epoch:372, test_Acc: 41.30, test_bacc: 23.67, test_f1: 17.32
Epoch:373, test_Acc: 41.30, test_bacc: 23.67, test_f1: 17.32
Epoch:374, test_Acc: 41.30, test_bacc: 23.67, test_f1: 17.32
Epoch:375, test_Acc: 41.30, test_bacc: 23.67, test_f1: 17.21
Epoch:376, test_Acc: 41.30, test_bacc: 23.67, test_f1: 17.21
Epoch:377, test_Acc: 41.30, test_bacc: 23.67, test_f1: 17.21
Epoch:378, test_Acc: 41.30, test_bacc: 23.67, test_f1: 17.21
Epoch:379, test_Acc: 41.30, test_bacc: 23.67, test_f1: 17.21
Epoch:380, test_Acc: 41.30, test_bacc: 23.67, test_f1: 17.21
Epoch:381, test_Acc: 41.30, test_bacc: 23.67, test_f1: 17.21
Epoch:382, test_Acc: 41.30, test_bacc: 23.67, test_f1: 17.21
Epoch:383, test_Acc: 41.30, test_bacc: 23.67, test_f1: 17.21
Epoch:384, test_Acc: 41.30, test_bacc: 23.67, test_f1: 17.21
Epoch:385, test_Acc: 41.30, test_bacc: 23.67, test_f1: 17.21
Epoch:386, test_Acc: 41.30, test_bacc: 23.67, test_f1: 17.21
Epoch:387, test_Acc: 41.30, test_bacc: 23.67, test_f1: 17.21
Epoch:388, test_Acc: 41.30, test_bacc: 23.67, test_f1: 17.21
Epoch:389, test_Acc: 41.30, test_bacc: 23.67, test_f1: 17.21
Epoch:390, test_Acc: 41.30, test_bacc: 23.67, test_f1: 17.21
Epoch:391, test_Acc: 41.30, test_bacc: 23.67, test_f1: 17.21
Epoch:392, test_Acc: 41.30, test_bacc: 23.67, test_f1: 17.21
Epoch:393, test_Acc: 41.30, test_bacc: 23.67, test_f1: 17.21
Epoch:394, test_Acc: 41.30, test_bacc: 23.67, test_f1: 17.21
Epoch:395, test_Acc: 41.30, test_bacc: 23.67, test_f1: 17.21
Epoch:396, test_Acc: 41.30, test_bacc: 23.67, test_f1: 17.21
Epoch:397, test_Acc: 41.30, test_bacc: 23.67, test_f1: 17.21
Epoch:398, test_Acc: 41.30, test_bacc: 23.67, test_f1: 17.21
Epoch:399, test_Acc: 41.30, test_bacc: 23.67, test_f1: 17.21
Epoch:400, test_Acc: 41.30, test_bacc: 23.67, test_f1: 17.21
Epoch:401, test_Acc: 41.30, test_bacc: 23.67, test_f1: 17.21
Epoch:402, test_Acc: 41.30, test_bacc: 23.67, test_f1: 17.21
Epoch:403, test_Acc: 41.30, test_bacc: 23.67, test_f1: 17.21
Epoch:404, test_Acc: 41.30, test_bacc: 23.67, test_f1: 17.21
Epoch:405, test_Acc: 41.30, test_bacc: 23.67, test_f1: 17.21
Epoch:406, test_Acc: 41.30, test_bacc: 23.67, test_f1: 17.21
Epoch:407, test_Acc: 41.30, test_bacc: 23.67, test_f1: 17.21
Epoch:408, test_Acc: 41.30, test_bacc: 23.67, test_f1: 17.21
Epoch:409, test_Acc: 41.30, test_bacc: 23.67, test_f1: 17.21
Epoch:410, test_Acc: 41.30, test_bacc: 23.67, test_f1: 17.21
Epoch:411, test_Acc: 41.30, test_bacc: 23.67, test_f1: 17.21
Epoch:412, test_Acc: 41.30, test_bacc: 23.67, test_f1: 17.21
Epoch:413, test_Acc: 41.30, test_bacc: 23.67, test_f1: 17.21
Epoch:414, test_Acc: 41.30, test_bacc: 23.67, test_f1: 17.21
Epoch:415, test_Acc: 41.30, test_bacc: 23.67, test_f1: 17.21
Epoch:416, test_Acc: 41.30, test_bacc: 23.67, test_f1: 17.21
Epoch:417, test_Acc: 42.00, test_bacc: 24.36, test_f1: 17.33
Epoch:418, test_Acc: 42.00, test_bacc: 24.36, test_f1: 17.33
Epoch:419, test_Acc: 42.00, test_bacc: 24.36, test_f1: 17.33
Epoch:420, test_Acc: 42.00, test_bacc: 24.36, test_f1: 17.33
Epoch:421, test_Acc: 42.00, test_bacc: 24.36, test_f1: 17.33
Epoch:422, test_Acc: 42.00, test_bacc: 24.36, test_f1: 17.33
Epoch:423, test_Acc: 42.00, test_bacc: 24.36, test_f1: 17.33
Epoch:424, test_Acc: 42.00, test_bacc: 24.36, test_f1: 17.33
Epoch:425, test_Acc: 42.00, test_bacc: 24.36, test_f1: 17.33
Epoch:426, test_Acc: 42.00, test_bacc: 24.36, test_f1: 17.33
Epoch:427, test_Acc: 42.00, test_bacc: 24.36, test_f1: 17.33
Epoch:428, test_Acc: 42.00, test_bacc: 24.36, test_f1: 17.33
Epoch:429, test_Acc: 42.00, test_bacc: 24.36, test_f1: 17.33
Epoch:430, test_Acc: 42.00, test_bacc: 24.36, test_f1: 17.33
Epoch:431, test_Acc: 42.00, test_bacc: 24.36, test_f1: 17.33
Epoch:432, test_Acc: 42.00, test_bacc: 24.36, test_f1: 17.33
Epoch:433, test_Acc: 42.00, test_bacc: 24.36, test_f1: 17.33
Epoch:434, test_Acc: 42.00, test_bacc: 24.36, test_f1: 17.33
Epoch:435, test_Acc: 42.00, test_bacc: 24.36, test_f1: 17.33
Epoch:436, test_Acc: 42.00, test_bacc: 24.36, test_f1: 17.33
Epoch:437, test_Acc: 42.00, test_bacc: 24.36, test_f1: 17.33
Epoch:438, test_Acc: 42.00, test_bacc: 24.36, test_f1: 17.33
Epoch:439, test_Acc: 42.00, test_bacc: 24.36, test_f1: 17.33
Epoch:440, test_Acc: 42.00, test_bacc: 24.36, test_f1: 17.33
Epoch:441, test_Acc: 42.00, test_bacc: 24.36, test_f1: 17.33
Epoch:442, test_Acc: 42.00, test_bacc: 24.36, test_f1: 17.33
Epoch:443, test_Acc: 42.00, test_bacc: 24.36, test_f1: 17.33
Epoch:444, test_Acc: 42.00, test_bacc: 24.36, test_f1: 17.33
Epoch:445, test_Acc: 42.00, test_bacc: 24.36, test_f1: 17.33
Epoch:446, test_Acc: 42.60, test_bacc: 24.96, test_f1: 17.55
Epoch:447, test_Acc: 42.60, test_bacc: 24.96, test_f1: 17.55
Epoch:448, test_Acc: 42.60, test_bacc: 24.96, test_f1: 17.55
Epoch:449, test_Acc: 42.60, test_bacc: 24.96, test_f1: 17.55
Epoch:450, test_Acc: 42.60, test_bacc: 24.96, test_f1: 17.55
Epoch:451, test_Acc: 42.60, test_bacc: 24.96, test_f1: 17.55
Epoch:452, test_Acc: 42.60, test_bacc: 24.96, test_f1: 17.55
Epoch:453, test_Acc: 42.60, test_bacc: 24.96, test_f1: 17.55
Epoch:454, test_Acc: 42.60, test_bacc: 24.96, test_f1: 17.55
Epoch:455, test_Acc: 42.60, test_bacc: 24.96, test_f1: 17.55
Epoch:456, test_Acc: 42.60, test_bacc: 24.96, test_f1: 17.55
Epoch:457, test_Acc: 42.60, test_bacc: 24.96, test_f1: 17.55
Epoch:458, test_Acc: 42.60, test_bacc: 24.96, test_f1: 17.55
Epoch:459, test_Acc: 42.60, test_bacc: 24.96, test_f1: 17.55
Epoch:460, test_Acc: 42.60, test_bacc: 24.96, test_f1: 17.55
Epoch:461, test_Acc: 42.60, test_bacc: 24.96, test_f1: 17.55
Epoch:462, test_Acc: 42.60, test_bacc: 24.96, test_f1: 17.55
Epoch:463, test_Acc: 42.60, test_bacc: 24.96, test_f1: 17.55
Epoch:464, test_Acc: 42.60, test_bacc: 24.96, test_f1: 17.55
Epoch:465, test_Acc: 42.60, test_bacc: 24.96, test_f1: 17.55
Epoch:466, test_Acc: 42.60, test_bacc: 24.96, test_f1: 17.55
Epoch:467, test_Acc: 42.60, test_bacc: 24.96, test_f1: 17.55
Epoch:468, test_Acc: 42.60, test_bacc: 24.96, test_f1: 17.55
Epoch:469, test_Acc: 42.60, test_bacc: 24.96, test_f1: 17.55
Epoch:470, test_Acc: 42.60, test_bacc: 24.96, test_f1: 17.55
Epoch:471, test_Acc: 42.60, test_bacc: 24.96, test_f1: 17.55
Epoch:472, test_Acc: 42.60, test_bacc: 24.96, test_f1: 17.55
Epoch:473, test_Acc: 42.60, test_bacc: 24.96, test_f1: 17.55
Epoch:474, test_Acc: 42.60, test_bacc: 24.96, test_f1: 17.55
Epoch:475, test_Acc: 42.60, test_bacc: 24.96, test_f1: 17.55
Epoch:476, test_Acc: 42.60, test_bacc: 24.96, test_f1: 17.55
Epoch:477, test_Acc: 42.60, test_bacc: 24.96, test_f1: 17.55
Epoch:478, test_Acc: 42.60, test_bacc: 24.96, test_f1: 17.55
Epoch:479, test_Acc: 42.60, test_bacc: 24.96, test_f1: 17.55
Epoch:480, test_Acc: 42.60, test_bacc: 24.96, test_f1: 17.55
Epoch:481, test_Acc: 42.60, test_bacc: 24.96, test_f1: 17.55
Epoch:482, test_Acc: 42.60, test_bacc: 24.96, test_f1: 17.55
Epoch:483, test_Acc: 42.60, test_bacc: 24.96, test_f1: 17.55
Epoch:484, test_Acc: 42.60, test_bacc: 24.96, test_f1: 17.55
Epoch:485, test_Acc: 42.60, test_bacc: 24.96, test_f1: 17.55
Epoch:486, test_Acc: 42.60, test_bacc: 24.96, test_f1: 17.55
Epoch:487, test_Acc: 42.60, test_bacc: 24.96, test_f1: 17.55
Epoch:488, test_Acc: 42.60, test_bacc: 24.96, test_f1: 17.55
Epoch:489, test_Acc: 42.60, test_bacc: 24.96, test_f1: 17.55
Epoch:490, test_Acc: 42.60, test_bacc: 24.96, test_f1: 17.55
Epoch:491, test_Acc: 42.60, test_bacc: 24.96, test_f1: 17.55
Epoch:492, test_Acc: 42.60, test_bacc: 24.96, test_f1: 17.55
Epoch:493, test_Acc: 42.60, test_bacc: 24.96, test_f1: 17.55
Epoch:494, test_Acc: 42.60, test_bacc: 24.96, test_f1: 17.55
Epoch:495, test_Acc: 42.60, test_bacc: 24.96, test_f1: 17.55
Epoch:496, test_Acc: 42.60, test_bacc: 24.96, test_f1: 17.55
Epoch:497, test_Acc: 42.60, test_bacc: 24.96, test_f1: 17.55
Epoch:498, test_Acc: 42.60, test_bacc: 24.96, test_f1: 17.55
Epoch:499, test_Acc: 42.60, test_bacc: 24.96, test_f1: 17.55
Epoch:500, test_Acc: 42.60, test_bacc: 24.96, test_f1: 17.55
Epoch:501, test_Acc: 42.60, test_bacc: 24.96, test_f1: 17.55
Epoch:502, test_Acc: 42.60, test_bacc: 24.96, test_f1: 17.55
Epoch:503, test_Acc: 42.60, test_bacc: 24.96, test_f1: 17.55
Epoch:504, test_Acc: 42.60, test_bacc: 24.96, test_f1: 17.55
Epoch:505, test_Acc: 42.60, test_bacc: 24.96, test_f1: 17.55
Epoch:506, test_Acc: 42.60, test_bacc: 24.96, test_f1: 17.55
Epoch:507, test_Acc: 42.60, test_bacc: 24.96, test_f1: 17.55
Epoch:508, test_Acc: 42.60, test_bacc: 24.96, test_f1: 17.55
Epoch:509, test_Acc: 42.60, test_bacc: 24.96, test_f1: 17.55
Epoch:510, test_Acc: 42.60, test_bacc: 24.96, test_f1: 17.55
Epoch:511, test_Acc: 42.60, test_bacc: 24.96, test_f1: 17.55
Epoch:512, test_Acc: 42.60, test_bacc: 24.96, test_f1: 17.55
Epoch:513, test_Acc: 42.60, test_bacc: 24.96, test_f1: 17.55
Epoch:514, test_Acc: 42.60, test_bacc: 24.96, test_f1: 17.55
Epoch:515, test_Acc: 42.60, test_bacc: 24.96, test_f1: 17.55
Epoch:516, test_Acc: 42.60, test_bacc: 24.96, test_f1: 17.55
Epoch:517, test_Acc: 42.60, test_bacc: 24.96, test_f1: 17.55
Epoch:518, test_Acc: 42.60, test_bacc: 24.96, test_f1: 17.55
Epoch:519, test_Acc: 42.60, test_bacc: 24.96, test_f1: 17.55
Epoch:520, test_Acc: 42.60, test_bacc: 24.96, test_f1: 17.55
Epoch:521, test_Acc: 42.60, test_bacc: 24.96, test_f1: 17.55
Epoch:522, test_Acc: 42.60, test_bacc: 24.96, test_f1: 17.55
Epoch:523, test_Acc: 42.60, test_bacc: 24.96, test_f1: 17.55
Epoch:524, test_Acc: 42.60, test_bacc: 24.96, test_f1: 17.55
Epoch:525, test_Acc: 42.60, test_bacc: 24.96, test_f1: 17.55
Epoch:526, test_Acc: 42.60, test_bacc: 24.96, test_f1: 17.55
Epoch:527, test_Acc: 42.60, test_bacc: 24.96, test_f1: 17.55
Epoch:528, test_Acc: 42.60, test_bacc: 24.96, test_f1: 17.55
Epoch:529, test_Acc: 42.60, test_bacc: 24.96, test_f1: 17.55
Epoch:530, test_Acc: 42.60, test_bacc: 24.96, test_f1: 17.55
Epoch:531, test_Acc: 42.60, test_bacc: 24.96, test_f1: 17.55
Epoch:532, test_Acc: 42.60, test_bacc: 24.96, test_f1: 17.55
Epoch:533, test_Acc: 42.60, test_bacc: 24.96, test_f1: 17.55
Epoch:534, test_Acc: 42.60, test_bacc: 24.96, test_f1: 17.55
Epoch:535, test_Acc: 42.60, test_bacc: 24.96, test_f1: 17.55
Epoch:536, test_Acc: 42.60, test_bacc: 24.96, test_f1: 17.55
Epoch:537, test_Acc: 42.60, test_bacc: 24.96, test_f1: 17.55
Epoch:538, test_Acc: 42.60, test_bacc: 24.96, test_f1: 17.55
Epoch:539, test_Acc: 42.60, test_bacc: 24.96, test_f1: 17.55
Epoch:540, test_Acc: 42.60, test_bacc: 24.96, test_f1: 17.55
Early stop at epoch:  541
split: 0, test_Acc: 42.60, test_bacc: 24.96, test_f1: 17.55
/home/qj2004/magnet/src
Total time(all splits):  277.9112243652344
