Namespace(withAug=False, AugDirect=20, method_name='SAGE', seed=100, GPUdevice=1, IsDirectedData=True, dataset='cora_ml/', undirect_dataset='CiteSeer', MakeImbalance=True, CustomizeMask=False, K=2, heads=8, log_root='../logs/', log_path='test', data_path='../dataset/data/tmp/', epochs=1500, num_filter=2, p_q=0.95, p_inter=0.1, dropout=0.0, debug=False, new_setting=False, layer=2, lr=0.005, l2=0.0005, to_undirected=False, alpha=0.1, randomseed=-1, imb_ratio=100, n_layer=2, feat_dim=64, warmup=5, epoch=900, tau=2, max=False, no_mask=False, gdc='ppr')
CUDA Device Index: 1
excel_file_path is  FalseAug_SAGE__output.xlsx
12-20-16:30:34
dataset is  cora_ml 
Dataset is  [Data(x=[2995, 2879], edge_index=[2, 8416], y=[2995], train_mask=[2995, 10], val_mask=[2995, 10], test_mask=[2995, 10])] 
Chosen from DirectedData:  True
Num of bidrected edges: 258, total num of edges: 8416
This is directed graph:  True
data_x torch.Size([2995, 2879])
splits 10
split:  0
GraphSAGE2(
  (conv1): SAGEConv(2879, 64)
  (conv2): SAGEConv(64, 7)
)
Epoch:0, test_Acc: 11.97, test_bacc: 14.31, test_f1: 3.10
Epoch:1, test_Acc: 14.10, test_bacc: 16.67, test_f1: 7.08
Epoch:2, test_Acc: 17.88, test_bacc: 20.81, test_f1: 9.51
Epoch:3, test_Acc: 18.26, test_bacc: 21.22, test_f1: 8.89
Epoch:4, test_Acc: 18.34, test_bacc: 21.27, test_f1: 8.49
Epoch:5, test_Acc: 18.34, test_bacc: 21.27, test_f1: 8.49
Epoch:6, test_Acc: 18.34, test_bacc: 21.27, test_f1: 8.49
Epoch:7, test_Acc: 18.34, test_bacc: 21.27, test_f1: 8.49
Epoch:8, test_Acc: 18.51, test_bacc: 21.46, test_f1: 8.61
Epoch:9, test_Acc: 18.51, test_bacc: 21.46, test_f1: 8.61
Epoch:10, test_Acc: 18.51, test_bacc: 21.46, test_f1: 8.61
Epoch:11, test_Acc: 18.51, test_bacc: 21.46, test_f1: 8.61
Epoch:12, test_Acc: 18.51, test_bacc: 21.46, test_f1: 8.61
Epoch:13, test_Acc: 18.51, test_bacc: 21.46, test_f1: 8.61
Epoch:14, test_Acc: 18.51, test_bacc: 21.46, test_f1: 8.61
Epoch:15, test_Acc: 18.56, test_bacc: 21.45, test_f1: 9.11
Epoch:16, test_Acc: 18.56, test_bacc: 21.45, test_f1: 9.11
Epoch:17, test_Acc: 18.60, test_bacc: 21.46, test_f1: 9.23
Epoch:18, test_Acc: 18.68, test_bacc: 21.58, test_f1: 9.43
Epoch:19, test_Acc: 18.68, test_bacc: 21.58, test_f1: 9.43
Epoch:20, test_Acc: 18.68, test_bacc: 21.58, test_f1: 9.43
Epoch:21, test_Acc: 18.90, test_bacc: 21.77, test_f1: 9.89
Epoch:22, test_Acc: 19.02, test_bacc: 21.98, test_f1: 10.51
Epoch:23, test_Acc: 19.02, test_bacc: 21.98, test_f1: 10.51
Epoch:24, test_Acc: 19.11, test_bacc: 22.13, test_f1: 10.95
Epoch:25, test_Acc: 19.32, test_bacc: 22.46, test_f1: 11.53
Epoch:26, test_Acc: 19.32, test_bacc: 22.46, test_f1: 11.53
Epoch:27, test_Acc: 19.32, test_bacc: 22.49, test_f1: 11.55
Epoch:28, test_Acc: 19.32, test_bacc: 22.49, test_f1: 11.55
Epoch:29, test_Acc: 19.32, test_bacc: 22.49, test_f1: 11.55
Epoch:30, test_Acc: 20.08, test_bacc: 23.46, test_f1: 13.57
Epoch:31, test_Acc: 20.08, test_bacc: 23.46, test_f1: 13.57
Epoch:32, test_Acc: 20.08, test_bacc: 23.46, test_f1: 13.57
Epoch:33, test_Acc: 20.08, test_bacc: 23.46, test_f1: 13.57
Epoch:34, test_Acc: 20.21, test_bacc: 23.64, test_f1: 13.78
Epoch:35, test_Acc: 20.21, test_bacc: 23.64, test_f1: 13.78
Epoch:36, test_Acc: 20.21, test_bacc: 23.64, test_f1: 13.78
Epoch:37, test_Acc: 20.21, test_bacc: 23.64, test_f1: 13.78
Epoch:38, test_Acc: 20.76, test_bacc: 24.28, test_f1: 14.62
Epoch:39, test_Acc: 20.76, test_bacc: 24.28, test_f1: 14.62
Epoch:40, test_Acc: 20.76, test_bacc: 24.28, test_f1: 14.62
Epoch:41, test_Acc: 20.76, test_bacc: 24.28, test_f1: 14.62
Epoch:42, test_Acc: 20.76, test_bacc: 24.28, test_f1: 14.62
Epoch:43, test_Acc: 20.76, test_bacc: 24.28, test_f1: 14.62
Epoch:44, test_Acc: 20.76, test_bacc: 24.28, test_f1: 14.62
Epoch:45, test_Acc: 20.76, test_bacc: 24.28, test_f1: 14.62
Epoch:46, test_Acc: 20.76, test_bacc: 24.28, test_f1: 14.62
Epoch:47, test_Acc: 20.76, test_bacc: 24.28, test_f1: 14.62
Epoch:48, test_Acc: 20.76, test_bacc: 24.28, test_f1: 14.62
Epoch:49, test_Acc: 20.76, test_bacc: 24.28, test_f1: 14.62
Epoch:50, test_Acc: 20.76, test_bacc: 24.28, test_f1: 14.62
Epoch:51, test_Acc: 20.76, test_bacc: 24.28, test_f1: 14.62
Epoch:52, test_Acc: 20.76, test_bacc: 24.28, test_f1: 14.62
Epoch:53, test_Acc: 20.76, test_bacc: 24.28, test_f1: 14.62
Epoch:54, test_Acc: 20.76, test_bacc: 24.28, test_f1: 14.62
Epoch:55, test_Acc: 20.76, test_bacc: 24.28, test_f1: 14.62
Epoch:56, test_Acc: 20.76, test_bacc: 24.28, test_f1: 14.62
Epoch:57, test_Acc: 20.76, test_bacc: 24.28, test_f1: 14.62
Epoch:58, test_Acc: 20.76, test_bacc: 24.28, test_f1: 14.62
Epoch:59, test_Acc: 20.76, test_bacc: 24.28, test_f1: 14.62
Epoch:60, test_Acc: 21.36, test_bacc: 24.86, test_f1: 16.35
Epoch:61, test_Acc: 21.36, test_bacc: 24.86, test_f1: 16.35
Epoch:62, test_Acc: 21.36, test_bacc: 24.86, test_f1: 16.35
Epoch:63, test_Acc: 21.36, test_bacc: 24.86, test_f1: 16.35
Epoch:64, test_Acc: 21.66, test_bacc: 25.12, test_f1: 16.64
Epoch:65, test_Acc: 21.66, test_bacc: 25.12, test_f1: 16.64
Epoch:66, test_Acc: 21.66, test_bacc: 25.12, test_f1: 16.64
Epoch:67, test_Acc: 21.66, test_bacc: 25.12, test_f1: 16.64
Epoch:68, test_Acc: 21.66, test_bacc: 25.12, test_f1: 16.64
Epoch:69, test_Acc: 21.66, test_bacc: 25.12, test_f1: 16.64
Epoch:70, test_Acc: 21.66, test_bacc: 25.12, test_f1: 16.64
Epoch:71, test_Acc: 21.32, test_bacc: 24.78, test_f1: 16.70
Epoch:72, test_Acc: 21.32, test_bacc: 24.78, test_f1: 16.70
Epoch:73, test_Acc: 21.32, test_bacc: 24.78, test_f1: 16.70
Epoch:74, test_Acc: 21.32, test_bacc: 24.78, test_f1: 16.70
Epoch:75, test_Acc: 22.25, test_bacc: 25.82, test_f1: 17.45
Epoch:76, test_Acc: 22.25, test_bacc: 25.82, test_f1: 17.45
Epoch:77, test_Acc: 22.25, test_bacc: 25.82, test_f1: 17.45
Epoch:78, test_Acc: 22.25, test_bacc: 25.82, test_f1: 17.45
Epoch:79, test_Acc: 22.25, test_bacc: 25.82, test_f1: 17.45
Epoch:80, test_Acc: 22.25, test_bacc: 25.82, test_f1: 17.45
Epoch:81, test_Acc: 21.78, test_bacc: 25.35, test_f1: 17.73
Epoch:82, test_Acc: 21.78, test_bacc: 25.35, test_f1: 17.73
Epoch:83, test_Acc: 21.78, test_bacc: 25.35, test_f1: 17.73
Epoch:84, test_Acc: 21.78, test_bacc: 25.35, test_f1: 17.73
Epoch:85, test_Acc: 21.78, test_bacc: 25.35, test_f1: 17.73
Epoch:86, test_Acc: 21.78, test_bacc: 25.35, test_f1: 17.73
Epoch:87, test_Acc: 22.29, test_bacc: 25.80, test_f1: 17.88
Epoch:88, test_Acc: 22.29, test_bacc: 25.80, test_f1: 17.88
Epoch:89, test_Acc: 22.12, test_bacc: 25.84, test_f1: 17.48
Epoch:90, test_Acc: 22.12, test_bacc: 25.84, test_f1: 17.48
Epoch:91, test_Acc: 22.12, test_bacc: 25.84, test_f1: 17.48
Epoch:92, test_Acc: 22.12, test_bacc: 25.84, test_f1: 17.48
Epoch:93, test_Acc: 22.12, test_bacc: 25.84, test_f1: 17.48
Epoch:94, test_Acc: 22.12, test_bacc: 25.84, test_f1: 17.48
Epoch:95, test_Acc: 22.12, test_bacc: 25.84, test_f1: 17.48
Epoch:96, test_Acc: 22.72, test_bacc: 26.31, test_f1: 17.85
Epoch:97, test_Acc: 22.72, test_bacc: 26.31, test_f1: 17.85
Epoch:98, test_Acc: 22.72, test_bacc: 26.31, test_f1: 17.85
Epoch:99, test_Acc: 23.95, test_bacc: 27.82, test_f1: 20.18
Epoch:100, test_Acc: 23.95, test_bacc: 27.82, test_f1: 20.18
Epoch:101, test_Acc: 23.95, test_bacc: 27.82, test_f1: 20.18
Epoch:102, test_Acc: 23.95, test_bacc: 27.82, test_f1: 20.18
Epoch:103, test_Acc: 23.95, test_bacc: 27.82, test_f1: 20.18
Epoch:104, test_Acc: 23.95, test_bacc: 27.82, test_f1: 20.18
Epoch:105, test_Acc: 23.95, test_bacc: 27.82, test_f1: 20.18
Epoch:106, test_Acc: 23.95, test_bacc: 27.82, test_f1: 20.18
Epoch:107, test_Acc: 23.95, test_bacc: 27.82, test_f1: 20.18
Epoch:108, test_Acc: 23.95, test_bacc: 27.82, test_f1: 20.18
Epoch:109, test_Acc: 23.95, test_bacc: 27.82, test_f1: 20.18
Epoch:110, test_Acc: 23.95, test_bacc: 27.82, test_f1: 20.18
Epoch:111, test_Acc: 23.95, test_bacc: 27.82, test_f1: 20.18
Epoch:112, test_Acc: 23.95, test_bacc: 27.82, test_f1: 20.18
Epoch:113, test_Acc: 23.95, test_bacc: 27.82, test_f1: 20.18
Epoch:114, test_Acc: 23.95, test_bacc: 27.82, test_f1: 20.18
Epoch:115, test_Acc: 23.95, test_bacc: 27.82, test_f1: 20.18
Epoch:116, test_Acc: 23.95, test_bacc: 27.82, test_f1: 20.18
Epoch:117, test_Acc: 23.95, test_bacc: 27.82, test_f1: 20.18
Epoch:118, test_Acc: 23.95, test_bacc: 27.82, test_f1: 20.18
Epoch:119, test_Acc: 23.95, test_bacc: 27.82, test_f1: 20.18
Epoch:120, test_Acc: 23.95, test_bacc: 27.82, test_f1: 20.18
Epoch:121, test_Acc: 23.95, test_bacc: 27.82, test_f1: 20.18
Epoch:122, test_Acc: 23.95, test_bacc: 27.82, test_f1: 20.18
Epoch:123, test_Acc: 23.95, test_bacc: 27.82, test_f1: 20.18
Epoch:124, test_Acc: 23.95, test_bacc: 27.82, test_f1: 20.18
Epoch:125, test_Acc: 23.95, test_bacc: 27.82, test_f1: 20.18
Epoch:126, test_Acc: 23.95, test_bacc: 27.82, test_f1: 20.18
Epoch:127, test_Acc: 23.95, test_bacc: 27.82, test_f1: 20.18
Epoch:128, test_Acc: 23.95, test_bacc: 27.82, test_f1: 20.18
Epoch:129, test_Acc: 23.95, test_bacc: 27.82, test_f1: 20.18
Epoch:130, test_Acc: 23.95, test_bacc: 27.82, test_f1: 20.18
Epoch:131, test_Acc: 23.95, test_bacc: 27.82, test_f1: 20.18
Epoch:132, test_Acc: 23.95, test_bacc: 27.82, test_f1: 20.18
Epoch:133, test_Acc: 23.95, test_bacc: 27.82, test_f1: 20.18
Epoch:134, test_Acc: 23.95, test_bacc: 27.82, test_f1: 20.18
Epoch:135, test_Acc: 23.95, test_bacc: 27.82, test_f1: 20.18
Epoch:136, test_Acc: 23.95, test_bacc: 27.82, test_f1: 20.18
Epoch:137, test_Acc: 23.95, test_bacc: 27.82, test_f1: 20.18
Epoch:138, test_Acc: 23.95, test_bacc: 27.82, test_f1: 20.18
Epoch:139, test_Acc: 23.95, test_bacc: 27.82, test_f1: 20.18
Epoch:140, test_Acc: 23.95, test_bacc: 27.82, test_f1: 20.18
Epoch:141, test_Acc: 23.95, test_bacc: 27.82, test_f1: 20.18
Epoch:142, test_Acc: 23.95, test_bacc: 27.82, test_f1: 20.18
Epoch:143, test_Acc: 23.95, test_bacc: 27.82, test_f1: 20.18
Epoch:144, test_Acc: 23.95, test_bacc: 27.82, test_f1: 20.18
Epoch:145, test_Acc: 23.95, test_bacc: 27.82, test_f1: 20.18
Epoch:146, test_Acc: 23.95, test_bacc: 27.82, test_f1: 20.18
Epoch:147, test_Acc: 23.95, test_bacc: 27.82, test_f1: 20.18
Epoch:148, test_Acc: 23.95, test_bacc: 27.82, test_f1: 20.18
Epoch:149, test_Acc: 23.95, test_bacc: 27.82, test_f1: 20.18
Epoch:150, test_Acc: 23.95, test_bacc: 27.82, test_f1: 20.18
Epoch:151, test_Acc: 23.95, test_bacc: 27.82, test_f1: 20.18
Epoch:152, test_Acc: 23.95, test_bacc: 27.82, test_f1: 20.18
Epoch:153, test_Acc: 23.95, test_bacc: 27.82, test_f1: 20.18
Epoch:154, test_Acc: 23.95, test_bacc: 27.82, test_f1: 20.18
Epoch:155, test_Acc: 23.95, test_bacc: 27.82, test_f1: 20.18
Epoch:156, test_Acc: 23.95, test_bacc: 27.82, test_f1: 20.18
Epoch:157, test_Acc: 23.95, test_bacc: 27.82, test_f1: 20.18
Epoch:158, test_Acc: 23.95, test_bacc: 27.82, test_f1: 20.18
Epoch:159, test_Acc: 23.95, test_bacc: 27.82, test_f1: 20.18
Epoch:160, test_Acc: 23.95, test_bacc: 27.82, test_f1: 20.18
Epoch:161, test_Acc: 23.95, test_bacc: 27.82, test_f1: 20.18
Epoch:162, test_Acc: 23.95, test_bacc: 27.82, test_f1: 20.18
Epoch:163, test_Acc: 23.95, test_bacc: 27.82, test_f1: 20.18
Epoch:164, test_Acc: 23.95, test_bacc: 27.82, test_f1: 20.18
Epoch:165, test_Acc: 23.95, test_bacc: 27.82, test_f1: 20.18
Epoch:166, test_Acc: 23.95, test_bacc: 27.82, test_f1: 20.18
Epoch:167, test_Acc: 23.95, test_bacc: 27.82, test_f1: 20.18
Epoch:168, test_Acc: 23.95, test_bacc: 27.82, test_f1: 20.18
Epoch:169, test_Acc: 23.95, test_bacc: 27.82, test_f1: 20.18
Epoch:170, test_Acc: 23.95, test_bacc: 27.82, test_f1: 20.18
Epoch:171, test_Acc: 23.95, test_bacc: 27.82, test_f1: 20.18
Epoch:172, test_Acc: 23.95, test_bacc: 27.82, test_f1: 20.18
Epoch:173, test_Acc: 23.95, test_bacc: 27.82, test_f1: 20.18
Epoch:174, test_Acc: 23.95, test_bacc: 27.82, test_f1: 20.18
Epoch:175, test_Acc: 23.95, test_bacc: 27.82, test_f1: 20.18
Epoch:176, test_Acc: 23.95, test_bacc: 27.82, test_f1: 20.18
Epoch:177, test_Acc: 23.95, test_bacc: 27.82, test_f1: 20.18
Epoch:178, test_Acc: 23.95, test_bacc: 27.82, test_f1: 20.18
Epoch:179, test_Acc: 23.95, test_bacc: 27.82, test_f1: 20.18
Epoch:180, test_Acc: 23.95, test_bacc: 27.82, test_f1: 20.18
Epoch:181, test_Acc: 23.95, test_bacc: 27.82, test_f1: 20.18
Epoch:182, test_Acc: 23.95, test_bacc: 27.82, test_f1: 20.18
Epoch:183, test_Acc: 23.95, test_bacc: 27.82, test_f1: 20.18
Epoch:184, test_Acc: 23.95, test_bacc: 27.82, test_f1: 20.18
Epoch:185, test_Acc: 23.95, test_bacc: 27.82, test_f1: 20.18
Epoch:186, test_Acc: 23.95, test_bacc: 27.82, test_f1: 20.18
Epoch:187, test_Acc: 23.95, test_bacc: 27.82, test_f1: 20.18
Epoch:188, test_Acc: 23.95, test_bacc: 27.82, test_f1: 20.18
Epoch:189, test_Acc: 23.95, test_bacc: 27.82, test_f1: 20.18
Epoch:190, test_Acc: 23.95, test_bacc: 27.82, test_f1: 20.18
Epoch:191, test_Acc: 23.95, test_bacc: 27.82, test_f1: 20.18
Epoch:192, test_Acc: 23.95, test_bacc: 27.82, test_f1: 20.18
Epoch:193, test_Acc: 23.95, test_bacc: 27.82, test_f1: 20.18
Epoch:194, test_Acc: 23.95, test_bacc: 27.82, test_f1: 20.18
Epoch:195, test_Acc: 23.95, test_bacc: 27.82, test_f1: 20.18
Epoch:196, test_Acc: 23.95, test_bacc: 27.82, test_f1: 20.18
Epoch:197, test_Acc: 23.95, test_bacc: 27.82, test_f1: 20.18
Epoch:198, test_Acc: 23.95, test_bacc: 27.82, test_f1: 20.18
Epoch:199, test_Acc: 23.95, test_bacc: 27.82, test_f1: 20.18
Epoch:200, test_Acc: 23.95, test_bacc: 27.82, test_f1: 20.18
Epoch:201, test_Acc: 23.95, test_bacc: 27.82, test_f1: 20.18
Epoch:202, test_Acc: 23.95, test_bacc: 27.82, test_f1: 20.18
Epoch:203, test_Acc: 23.95, test_bacc: 27.82, test_f1: 20.18
Epoch:204, test_Acc: 23.95, test_bacc: 27.82, test_f1: 20.18
Epoch:205, test_Acc: 23.95, test_bacc: 27.82, test_f1: 20.18
Epoch:206, test_Acc: 23.95, test_bacc: 27.82, test_f1: 20.18
Epoch:207, test_Acc: 23.95, test_bacc: 27.82, test_f1: 20.18
Epoch:208, test_Acc: 23.95, test_bacc: 27.82, test_f1: 20.18
Epoch:209, test_Acc: 23.95, test_bacc: 27.82, test_f1: 20.18
Epoch:210, test_Acc: 23.95, test_bacc: 27.82, test_f1: 20.18
Epoch:211, test_Acc: 23.95, test_bacc: 27.82, test_f1: 20.18
Epoch:212, test_Acc: 23.95, test_bacc: 27.82, test_f1: 20.18
Epoch:213, test_Acc: 23.95, test_bacc: 27.82, test_f1: 20.18
Epoch:214, test_Acc: 23.95, test_bacc: 27.82, test_f1: 20.18
Epoch:215, test_Acc: 23.95, test_bacc: 27.82, test_f1: 20.18
Epoch:216, test_Acc: 23.95, test_bacc: 27.82, test_f1: 20.18
Epoch:217, test_Acc: 23.95, test_bacc: 27.82, test_f1: 20.18
Epoch:218, test_Acc: 23.95, test_bacc: 27.82, test_f1: 20.18
Epoch:219, test_Acc: 23.95, test_bacc: 27.82, test_f1: 20.18
Epoch:220, test_Acc: 23.95, test_bacc: 27.82, test_f1: 20.18
Epoch:221, test_Acc: 23.95, test_bacc: 27.82, test_f1: 20.18
Epoch:222, test_Acc: 23.95, test_bacc: 27.82, test_f1: 20.18
Epoch:223, test_Acc: 27.56, test_bacc: 31.58, test_f1: 26.39
Epoch:224, test_Acc: 27.56, test_bacc: 31.58, test_f1: 26.39
Epoch:225, test_Acc: 27.56, test_bacc: 31.58, test_f1: 26.39
Epoch:226, test_Acc: 27.56, test_bacc: 31.58, test_f1: 26.39
Epoch:227, test_Acc: 27.56, test_bacc: 31.58, test_f1: 26.39
Epoch:228, test_Acc: 27.56, test_bacc: 31.58, test_f1: 26.39
Epoch:229, test_Acc: 27.56, test_bacc: 31.58, test_f1: 26.39
Epoch:230, test_Acc: 27.56, test_bacc: 31.58, test_f1: 26.39
Epoch:231, test_Acc: 27.56, test_bacc: 31.58, test_f1: 26.39
Epoch:232, test_Acc: 27.56, test_bacc: 31.58, test_f1: 26.39
Epoch:233, test_Acc: 27.56, test_bacc: 31.58, test_f1: 26.39
Epoch:234, test_Acc: 27.56, test_bacc: 31.58, test_f1: 26.39
Epoch:235, test_Acc: 27.56, test_bacc: 31.58, test_f1: 26.39
Epoch:236, test_Acc: 27.56, test_bacc: 31.58, test_f1: 26.39
Epoch:237, test_Acc: 27.56, test_bacc: 31.58, test_f1: 26.39
Epoch:238, test_Acc: 27.56, test_bacc: 31.58, test_f1: 26.39
Epoch:239, test_Acc: 27.56, test_bacc: 31.58, test_f1: 26.39
Epoch:240, test_Acc: 27.56, test_bacc: 31.58, test_f1: 26.39
Epoch:241, test_Acc: 27.56, test_bacc: 31.58, test_f1: 26.39
Epoch:242, test_Acc: 27.56, test_bacc: 31.58, test_f1: 26.39
Epoch:243, test_Acc: 27.56, test_bacc: 31.58, test_f1: 26.39
Epoch:244, test_Acc: 27.56, test_bacc: 31.58, test_f1: 26.39
Epoch:245, test_Acc: 27.56, test_bacc: 31.58, test_f1: 26.39
Epoch:246, test_Acc: 27.56, test_bacc: 31.58, test_f1: 26.39
Epoch:247, test_Acc: 27.56, test_bacc: 31.58, test_f1: 26.39
Epoch:248, test_Acc: 27.56, test_bacc: 31.58, test_f1: 26.39
Epoch:249, test_Acc: 27.56, test_bacc: 31.58, test_f1: 26.39
Epoch:250, test_Acc: 27.56, test_bacc: 31.58, test_f1: 26.39
Epoch:251, test_Acc: 27.56, test_bacc: 31.58, test_f1: 26.39
Epoch:252, test_Acc: 27.56, test_bacc: 31.58, test_f1: 26.39
Epoch:253, test_Acc: 27.56, test_bacc: 31.58, test_f1: 26.39
Epoch:254, test_Acc: 27.56, test_bacc: 31.58, test_f1: 26.39
Epoch:255, test_Acc: 27.56, test_bacc: 31.58, test_f1: 26.39
Epoch:256, test_Acc: 27.56, test_bacc: 31.58, test_f1: 26.39
Epoch:257, test_Acc: 27.56, test_bacc: 31.58, test_f1: 26.39
Epoch:258, test_Acc: 27.56, test_bacc: 31.58, test_f1: 26.39
Epoch:259, test_Acc: 27.56, test_bacc: 31.58, test_f1: 26.39
Epoch:260, test_Acc: 27.56, test_bacc: 31.58, test_f1: 26.39
Epoch:261, test_Acc: 27.56, test_bacc: 31.58, test_f1: 26.39
Epoch:262, test_Acc: 27.56, test_bacc: 31.58, test_f1: 26.39
Epoch:263, test_Acc: 27.56, test_bacc: 31.58, test_f1: 26.39
Epoch:264, test_Acc: 27.56, test_bacc: 31.58, test_f1: 26.39
Epoch:265, test_Acc: 27.56, test_bacc: 31.58, test_f1: 26.39
Epoch:266, test_Acc: 27.56, test_bacc: 31.58, test_f1: 26.39
Epoch:267, test_Acc: 27.56, test_bacc: 31.58, test_f1: 26.39
Epoch:268, test_Acc: 27.56, test_bacc: 31.58, test_f1: 26.39
Epoch:269, test_Acc: 27.56, test_bacc: 31.58, test_f1: 26.39
Epoch:270, test_Acc: 27.56, test_bacc: 31.58, test_f1: 26.39
Epoch:271, test_Acc: 27.56, test_bacc: 31.58, test_f1: 26.39
Epoch:272, test_Acc: 27.56, test_bacc: 31.58, test_f1: 26.39
Epoch:273, test_Acc: 27.56, test_bacc: 31.58, test_f1: 26.39
Epoch:274, test_Acc: 27.56, test_bacc: 31.58, test_f1: 26.39
Epoch:275, test_Acc: 27.56, test_bacc: 31.58, test_f1: 26.39
Epoch:276, test_Acc: 27.56, test_bacc: 31.58, test_f1: 26.39
Epoch:277, test_Acc: 27.56, test_bacc: 31.58, test_f1: 26.39
Epoch:278, test_Acc: 27.56, test_bacc: 31.58, test_f1: 26.39
Epoch:279, test_Acc: 27.56, test_bacc: 31.58, test_f1: 26.39
Epoch:280, test_Acc: 27.56, test_bacc: 31.58, test_f1: 26.39
Epoch:281, test_Acc: 27.56, test_bacc: 31.58, test_f1: 26.39
Epoch:282, test_Acc: 27.56, test_bacc: 31.58, test_f1: 26.39
Epoch:283, test_Acc: 27.56, test_bacc: 31.58, test_f1: 26.39
Epoch:284, test_Acc: 27.56, test_bacc: 31.58, test_f1: 26.39
Epoch:285, test_Acc: 30.66, test_bacc: 34.97, test_f1: 30.16
Epoch:286, test_Acc: 30.66, test_bacc: 34.97, test_f1: 30.16
Epoch:287, test_Acc: 30.66, test_bacc: 34.97, test_f1: 30.16
Epoch:288, test_Acc: 30.66, test_bacc: 34.97, test_f1: 30.16
Epoch:289, test_Acc: 30.66, test_bacc: 34.97, test_f1: 30.16
Epoch:290, test_Acc: 30.66, test_bacc: 34.97, test_f1: 30.16
Epoch:291, test_Acc: 30.66, test_bacc: 34.97, test_f1: 30.16
Epoch:292, test_Acc: 30.66, test_bacc: 34.97, test_f1: 30.16
Epoch:293, test_Acc: 30.66, test_bacc: 34.97, test_f1: 30.16
Epoch:294, test_Acc: 30.66, test_bacc: 34.97, test_f1: 30.16
Epoch:295, test_Acc: 30.66, test_bacc: 34.97, test_f1: 30.16
Epoch:296, test_Acc: 30.66, test_bacc: 34.97, test_f1: 30.16
Epoch:297, test_Acc: 30.66, test_bacc: 34.97, test_f1: 30.16
Epoch:298, test_Acc: 30.66, test_bacc: 34.97, test_f1: 30.16
Epoch:299, test_Acc: 30.66, test_bacc: 34.97, test_f1: 30.16
Epoch:300, test_Acc: 30.66, test_bacc: 34.97, test_f1: 30.16
Epoch:301, test_Acc: 30.66, test_bacc: 34.97, test_f1: 30.16
Epoch:302, test_Acc: 30.66, test_bacc: 34.97, test_f1: 30.16
Epoch:303, test_Acc: 30.66, test_bacc: 34.97, test_f1: 30.16
Epoch:304, test_Acc: 30.66, test_bacc: 34.97, test_f1: 30.16
Epoch:305, test_Acc: 30.66, test_bacc: 34.97, test_f1: 30.16
Epoch:306, test_Acc: 30.66, test_bacc: 34.97, test_f1: 30.16
Epoch:307, test_Acc: 30.66, test_bacc: 34.97, test_f1: 30.16
Epoch:308, test_Acc: 30.66, test_bacc: 34.97, test_f1: 30.16
Epoch:309, test_Acc: 30.66, test_bacc: 34.97, test_f1: 30.16
Epoch:310, test_Acc: 30.66, test_bacc: 34.97, test_f1: 30.16
Epoch:311, test_Acc: 30.66, test_bacc: 34.97, test_f1: 30.16
Epoch:312, test_Acc: 30.66, test_bacc: 34.97, test_f1: 30.16
Epoch:313, test_Acc: 30.66, test_bacc: 34.97, test_f1: 30.16
Epoch:314, test_Acc: 30.66, test_bacc: 34.97, test_f1: 30.16
Epoch:315, test_Acc: 30.66, test_bacc: 34.97, test_f1: 30.16
Epoch:316, test_Acc: 30.66, test_bacc: 34.97, test_f1: 30.16
Epoch:317, test_Acc: 30.66, test_bacc: 34.97, test_f1: 30.16
Epoch:318, test_Acc: 30.66, test_bacc: 34.97, test_f1: 30.16
Epoch:319, test_Acc: 30.66, test_bacc: 34.97, test_f1: 30.16
Epoch:320, test_Acc: 30.66, test_bacc: 34.97, test_f1: 30.16
Epoch:321, test_Acc: 30.66, test_bacc: 34.97, test_f1: 30.16
Epoch:322, test_Acc: 30.66, test_bacc: 34.97, test_f1: 30.16
Epoch:323, test_Acc: 30.66, test_bacc: 34.97, test_f1: 30.16
Epoch:324, test_Acc: 30.66, test_bacc: 34.97, test_f1: 30.16
Epoch:325, test_Acc: 30.66, test_bacc: 34.97, test_f1: 30.16
Epoch:326, test_Acc: 30.66, test_bacc: 34.97, test_f1: 30.16
Epoch:327, test_Acc: 30.66, test_bacc: 34.97, test_f1: 30.16
Epoch:328, test_Acc: 30.66, test_bacc: 34.97, test_f1: 30.16
Epoch:329, test_Acc: 30.66, test_bacc: 34.97, test_f1: 30.16
Epoch:330, test_Acc: 30.66, test_bacc: 34.97, test_f1: 30.16
Epoch:331, test_Acc: 30.66, test_bacc: 34.97, test_f1: 30.16
Epoch:332, test_Acc: 30.66, test_bacc: 34.97, test_f1: 30.16
Epoch:333, test_Acc: 30.66, test_bacc: 34.97, test_f1: 30.16
Epoch:334, test_Acc: 30.66, test_bacc: 34.97, test_f1: 30.16
Epoch:335, test_Acc: 30.66, test_bacc: 34.97, test_f1: 30.16
Epoch:336, test_Acc: 30.66, test_bacc: 34.97, test_f1: 30.16
Epoch:337, test_Acc: 30.66, test_bacc: 34.97, test_f1: 30.16
Epoch:338, test_Acc: 30.66, test_bacc: 34.97, test_f1: 30.16
Epoch:339, test_Acc: 30.66, test_bacc: 34.97, test_f1: 30.16
Epoch:340, test_Acc: 30.66, test_bacc: 34.97, test_f1: 30.16
Epoch:341, test_Acc: 30.66, test_bacc: 34.97, test_f1: 30.16
Epoch:342, test_Acc: 30.66, test_bacc: 34.97, test_f1: 30.16
Epoch:343, test_Acc: 30.66, test_bacc: 34.97, test_f1: 30.16
Epoch:344, test_Acc: 30.66, test_bacc: 34.97, test_f1: 30.16
Epoch:345, test_Acc: 30.66, test_bacc: 34.97, test_f1: 30.16
Epoch:346, test_Acc: 30.66, test_bacc: 34.97, test_f1: 30.16
Epoch:347, test_Acc: 30.66, test_bacc: 34.97, test_f1: 30.16
Epoch:348, test_Acc: 30.66, test_bacc: 34.97, test_f1: 30.16
Epoch:349, test_Acc: 30.66, test_bacc: 34.97, test_f1: 30.16
Epoch:350, test_Acc: 30.66, test_bacc: 34.97, test_f1: 30.16
Epoch:351, test_Acc: 30.66, test_bacc: 34.97, test_f1: 30.16
Epoch:352, test_Acc: 30.66, test_bacc: 34.97, test_f1: 30.16
Epoch:353, test_Acc: 30.66, test_bacc: 34.97, test_f1: 30.16
Epoch:354, test_Acc: 30.66, test_bacc: 34.97, test_f1: 30.16
Epoch:355, test_Acc: 30.66, test_bacc: 34.97, test_f1: 30.16
Epoch:356, test_Acc: 30.66, test_bacc: 34.97, test_f1: 30.16
Epoch:357, test_Acc: 30.66, test_bacc: 34.97, test_f1: 30.16
Epoch:358, test_Acc: 30.66, test_bacc: 34.97, test_f1: 30.16
Epoch:359, test_Acc: 30.66, test_bacc: 34.97, test_f1: 30.16
Epoch:360, test_Acc: 30.66, test_bacc: 34.97, test_f1: 30.16
Epoch:361, test_Acc: 30.66, test_bacc: 34.97, test_f1: 30.16
Epoch:362, test_Acc: 30.66, test_bacc: 34.97, test_f1: 30.16
Epoch:363, test_Acc: 30.66, test_bacc: 34.97, test_f1: 30.16
Epoch:364, test_Acc: 30.66, test_bacc: 34.97, test_f1: 30.16
Epoch:365, test_Acc: 30.66, test_bacc: 34.97, test_f1: 30.16
Epoch:366, test_Acc: 30.66, test_bacc: 34.97, test_f1: 30.16
Epoch:367, test_Acc: 30.66, test_bacc: 34.97, test_f1: 30.16
Epoch:368, test_Acc: 30.66, test_bacc: 34.97, test_f1: 30.16
Epoch:369, test_Acc: 30.66, test_bacc: 34.97, test_f1: 30.16
Epoch:370, test_Acc: 30.66, test_bacc: 34.97, test_f1: 30.16
Epoch:371, test_Acc: 30.66, test_bacc: 34.97, test_f1: 30.16
Epoch:372, test_Acc: 30.66, test_bacc: 34.97, test_f1: 30.16
Epoch:373, test_Acc: 30.66, test_bacc: 34.97, test_f1: 30.16
Epoch:374, test_Acc: 30.66, test_bacc: 34.97, test_f1: 30.16
Epoch:375, test_Acc: 30.66, test_bacc: 34.97, test_f1: 30.16
Epoch:376, test_Acc: 30.66, test_bacc: 34.97, test_f1: 30.16
Epoch:377, test_Acc: 30.66, test_bacc: 34.97, test_f1: 30.16
Epoch:378, test_Acc: 30.66, test_bacc: 34.97, test_f1: 30.16
Epoch:379, test_Acc: 30.66, test_bacc: 34.97, test_f1: 30.16
Epoch:380, test_Acc: 30.66, test_bacc: 34.97, test_f1: 30.16
Epoch:381, test_Acc: 30.66, test_bacc: 34.97, test_f1: 30.16
Epoch:382, test_Acc: 30.66, test_bacc: 34.97, test_f1: 30.16
Epoch:383, test_Acc: 30.66, test_bacc: 34.97, test_f1: 30.16
Epoch:384, test_Acc: 30.66, test_bacc: 34.97, test_f1: 30.16
Epoch:385, test_Acc: 30.66, test_bacc: 34.97, test_f1: 30.16
Epoch:386, test_Acc: 30.66, test_bacc: 34.97, test_f1: 30.16
Epoch:387, test_Acc: 30.66, test_bacc: 34.97, test_f1: 30.16
Epoch:388, test_Acc: 30.66, test_bacc: 34.97, test_f1: 30.16
Epoch:389, test_Acc: 30.66, test_bacc: 34.97, test_f1: 30.16
Epoch:390, test_Acc: 30.66, test_bacc: 34.97, test_f1: 30.16
Epoch:391, test_Acc: 30.66, test_bacc: 34.97, test_f1: 30.16
Epoch:392, test_Acc: 30.66, test_bacc: 34.97, test_f1: 30.16
Epoch:393, test_Acc: 30.66, test_bacc: 34.97, test_f1: 30.16
Epoch:394, test_Acc: 30.66, test_bacc: 34.97, test_f1: 30.16
Epoch:395, test_Acc: 30.66, test_bacc: 34.97, test_f1: 30.16
Epoch:396, test_Acc: 30.66, test_bacc: 34.97, test_f1: 30.16
Epoch:397, test_Acc: 30.66, test_bacc: 34.97, test_f1: 30.16
Epoch:398, test_Acc: 30.66, test_bacc: 34.97, test_f1: 30.16
Epoch:399, test_Acc: 30.66, test_bacc: 34.97, test_f1: 30.16
Epoch:400, test_Acc: 30.66, test_bacc: 34.97, test_f1: 30.16
Epoch:401, test_Acc: 30.66, test_bacc: 34.97, test_f1: 30.16
Epoch:402, test_Acc: 30.66, test_bacc: 34.97, test_f1: 30.16
Epoch:403, test_Acc: 30.66, test_bacc: 34.97, test_f1: 30.16
Epoch:404, test_Acc: 30.66, test_bacc: 34.97, test_f1: 30.16
Epoch:405, test_Acc: 30.66, test_bacc: 34.97, test_f1: 30.16
Epoch:406, test_Acc: 30.66, test_bacc: 34.97, test_f1: 30.16
Epoch:407, test_Acc: 30.66, test_bacc: 34.97, test_f1: 30.16
Epoch:408, test_Acc: 30.66, test_bacc: 34.97, test_f1: 30.16
Epoch:409, test_Acc: 30.66, test_bacc: 34.97, test_f1: 30.16
Epoch:410, test_Acc: 30.66, test_bacc: 34.97, test_f1: 30.16
Epoch:411, test_Acc: 30.66, test_bacc: 34.97, test_f1: 30.16
Epoch:412, test_Acc: 30.66, test_bacc: 34.97, test_f1: 30.16
Epoch:413, test_Acc: 30.66, test_bacc: 34.97, test_f1: 30.16
Epoch:414, test_Acc: 30.66, test_bacc: 34.97, test_f1: 30.16
Epoch:415, test_Acc: 30.66, test_bacc: 34.97, test_f1: 30.16
Epoch:416, test_Acc: 30.66, test_bacc: 34.97, test_f1: 30.16
Epoch:417, test_Acc: 30.66, test_bacc: 34.97, test_f1: 30.16
Epoch:418, test_Acc: 30.66, test_bacc: 34.97, test_f1: 30.16
Epoch:419, test_Acc: 30.66, test_bacc: 34.97, test_f1: 30.16
Epoch:420, test_Acc: 30.66, test_bacc: 34.97, test_f1: 30.16
Epoch:421, test_Acc: 30.66, test_bacc: 34.97, test_f1: 30.16
Epoch:422, test_Acc: 30.66, test_bacc: 34.97, test_f1: 30.16
Epoch:423, test_Acc: 30.66, test_bacc: 34.97, test_f1: 30.16
Epoch:424, test_Acc: 30.66, test_bacc: 34.97, test_f1: 30.16
Epoch:425, test_Acc: 30.66, test_bacc: 34.97, test_f1: 30.16
Epoch:426, test_Acc: 30.66, test_bacc: 34.97, test_f1: 30.16
Epoch:427, test_Acc: 30.66, test_bacc: 34.97, test_f1: 30.16
Epoch:428, test_Acc: 30.66, test_bacc: 34.97, test_f1: 30.16
Epoch:429, test_Acc: 30.66, test_bacc: 34.97, test_f1: 30.16
Epoch:430, test_Acc: 30.66, test_bacc: 34.97, test_f1: 30.16
Epoch:431, test_Acc: 30.66, test_bacc: 34.97, test_f1: 30.16
Epoch:432, test_Acc: 30.66, test_bacc: 34.97, test_f1: 30.16
Epoch:433, test_Acc: 30.66, test_bacc: 34.97, test_f1: 30.16
Epoch:434, test_Acc: 30.66, test_bacc: 34.97, test_f1: 30.16
Epoch:435, test_Acc: 30.66, test_bacc: 34.97, test_f1: 30.16
Epoch:436, test_Acc: 30.66, test_bacc: 34.97, test_f1: 30.16
Epoch:437, test_Acc: 30.66, test_bacc: 34.97, test_f1: 30.16
Epoch:438, test_Acc: 30.66, test_bacc: 34.97, test_f1: 30.16
Epoch:439, test_Acc: 30.66, test_bacc: 34.97, test_f1: 30.16
Epoch:440, test_Acc: 30.66, test_bacc: 34.97, test_f1: 30.16
Epoch:441, test_Acc: 30.66, test_bacc: 34.97, test_f1: 30.16
Epoch:442, test_Acc: 30.66, test_bacc: 34.97, test_f1: 30.16
Epoch:443, test_Acc: 30.66, test_bacc: 34.97, test_f1: 30.16
Epoch:444, test_Acc: 30.66, test_bacc: 34.97, test_f1: 30.16
Epoch:445, test_Acc: 30.66, test_bacc: 34.97, test_f1: 30.16
Epoch:446, test_Acc: 30.66, test_bacc: 34.97, test_f1: 30.16
Epoch:447, test_Acc: 30.66, test_bacc: 34.97, test_f1: 30.16
Epoch:448, test_Acc: 30.66, test_bacc: 34.97, test_f1: 30.16
Epoch:449, test_Acc: 30.66, test_bacc: 34.97, test_f1: 30.16
Epoch:450, test_Acc: 30.66, test_bacc: 34.97, test_f1: 30.16
Epoch:451, test_Acc: 30.66, test_bacc: 34.97, test_f1: 30.16
Epoch:452, test_Acc: 30.66, test_bacc: 34.97, test_f1: 30.16
Epoch:453, test_Acc: 30.66, test_bacc: 34.97, test_f1: 30.16
Epoch:454, test_Acc: 30.66, test_bacc: 34.97, test_f1: 30.16
Epoch:455, test_Acc: 30.66, test_bacc: 34.97, test_f1: 30.16
Epoch:456, test_Acc: 30.66, test_bacc: 34.97, test_f1: 30.16
Epoch:457, test_Acc: 30.66, test_bacc: 34.97, test_f1: 30.16
Epoch:458, test_Acc: 30.66, test_bacc: 34.97, test_f1: 30.16
Epoch:459, test_Acc: 30.66, test_bacc: 34.97, test_f1: 30.16
Epoch:460, test_Acc: 30.66, test_bacc: 34.97, test_f1: 30.16
Epoch:461, test_Acc: 30.66, test_bacc: 34.97, test_f1: 30.16
Epoch:462, test_Acc: 30.66, test_bacc: 34.97, test_f1: 30.16
Epoch:463, test_Acc: 30.66, test_bacc: 34.97, test_f1: 30.16
Epoch:464, test_Acc: 30.66, test_bacc: 34.97, test_f1: 30.16
Epoch:465, test_Acc: 30.66, test_bacc: 34.97, test_f1: 30.16
Epoch:466, test_Acc: 30.66, test_bacc: 34.97, test_f1: 30.16
Epoch:467, test_Acc: 30.66, test_bacc: 34.97, test_f1: 30.16
Epoch:468, test_Acc: 30.66, test_bacc: 34.97, test_f1: 30.16
Epoch:469, test_Acc: 30.66, test_bacc: 34.97, test_f1: 30.16
Epoch:470, test_Acc: 30.66, test_bacc: 34.97, test_f1: 30.16
Epoch:471, test_Acc: 30.66, test_bacc: 34.97, test_f1: 30.16
Epoch:472, test_Acc: 30.66, test_bacc: 34.97, test_f1: 30.16
Epoch:473, test_Acc: 30.66, test_bacc: 34.97, test_f1: 30.16
Epoch:474, test_Acc: 30.66, test_bacc: 34.97, test_f1: 30.16
Epoch:475, test_Acc: 30.66, test_bacc: 34.97, test_f1: 30.16
Epoch:476, test_Acc: 30.66, test_bacc: 34.97, test_f1: 30.16
Epoch:477, test_Acc: 30.66, test_bacc: 34.97, test_f1: 30.16
Epoch:478, test_Acc: 30.66, test_bacc: 34.97, test_f1: 30.16
Epoch:479, test_Acc: 30.66, test_bacc: 34.97, test_f1: 30.16
Epoch:480, test_Acc: 30.66, test_bacc: 34.97, test_f1: 30.16
Epoch:481, test_Acc: 30.66, test_bacc: 34.97, test_f1: 30.16
Epoch:482, test_Acc: 30.66, test_bacc: 34.97, test_f1: 30.16
Epoch:483, test_Acc: 30.66, test_bacc: 34.97, test_f1: 30.16
Epoch:484, test_Acc: 30.66, test_bacc: 34.97, test_f1: 30.16
Epoch:485, test_Acc: 30.66, test_bacc: 34.97, test_f1: 30.16
Epoch:486, test_Acc: 30.66, test_bacc: 34.97, test_f1: 30.16
Epoch:487, test_Acc: 30.66, test_bacc: 34.97, test_f1: 30.16
Epoch:488, test_Acc: 30.66, test_bacc: 34.97, test_f1: 30.16
Epoch:489, test_Acc: 30.66, test_bacc: 34.97, test_f1: 30.16
Epoch:490, test_Acc: 30.66, test_bacc: 34.97, test_f1: 30.16
Epoch:491, test_Acc: 30.66, test_bacc: 34.97, test_f1: 30.16
Epoch:492, test_Acc: 30.66, test_bacc: 34.97, test_f1: 30.16
Epoch:493, test_Acc: 30.66, test_bacc: 34.97, test_f1: 30.16
Epoch:494, test_Acc: 30.66, test_bacc: 34.97, test_f1: 30.16
Epoch:495, test_Acc: 30.66, test_bacc: 34.97, test_f1: 30.16
Epoch:496, test_Acc: 30.66, test_bacc: 34.97, test_f1: 30.16
Epoch:497, test_Acc: 30.66, test_bacc: 34.97, test_f1: 30.16
Epoch:498, test_Acc: 30.66, test_bacc: 34.97, test_f1: 30.16
Epoch:499, test_Acc: 30.66, test_bacc: 34.97, test_f1: 30.16
Epoch:500, test_Acc: 30.66, test_bacc: 34.97, test_f1: 30.16
Epoch:501, test_Acc: 30.66, test_bacc: 34.97, test_f1: 30.16
Epoch:502, test_Acc: 30.66, test_bacc: 34.97, test_f1: 30.16
Epoch:503, test_Acc: 30.66, test_bacc: 34.97, test_f1: 30.16
Epoch:504, test_Acc: 30.66, test_bacc: 34.97, test_f1: 30.16
Epoch:505, test_Acc: 30.66, test_bacc: 34.97, test_f1: 30.16
Epoch:506, test_Acc: 30.66, test_bacc: 34.97, test_f1: 30.16
Epoch:507, test_Acc: 30.66, test_bacc: 34.97, test_f1: 30.16
Epoch:508, test_Acc: 30.66, test_bacc: 34.97, test_f1: 30.16
Epoch:509, test_Acc: 30.66, test_bacc: 34.97, test_f1: 30.16
Epoch:510, test_Acc: 30.66, test_bacc: 34.97, test_f1: 30.16
Epoch:511, test_Acc: 30.66, test_bacc: 34.97, test_f1: 30.16
Epoch:512, test_Acc: 30.66, test_bacc: 34.97, test_f1: 30.16
Epoch:513, test_Acc: 30.66, test_bacc: 34.97, test_f1: 30.16
Epoch:514, test_Acc: 30.66, test_bacc: 34.97, test_f1: 30.16
Epoch:515, test_Acc: 30.66, test_bacc: 34.97, test_f1: 30.16
Epoch:516, test_Acc: 30.66, test_bacc: 34.97, test_f1: 30.16
Epoch:517, test_Acc: 30.66, test_bacc: 34.97, test_f1: 30.16
Epoch:518, test_Acc: 30.66, test_bacc: 34.97, test_f1: 30.16
Epoch:519, test_Acc: 30.66, test_bacc: 34.97, test_f1: 30.16
Epoch:520, test_Acc: 30.66, test_bacc: 34.97, test_f1: 30.16
