Namespace(withAug=True, AugDirect=20, method_name='SAGE', seed=100, GPUdevice=2, IsDirectedData=True, dataset='WebKB/wisconsin', undirect_dataset='Cora', MakeImbalance=True, CustomizeMask=False, K=2, heads=8, log_root='../logs/', log_path='test', data_path='../dataset/data/tmp/', epochs=1500, num_filter=2, p_q=0.95, p_inter=0.1, dropout=0.0, debug=False, new_setting=False, layer=2, lr=0.005, l2=0.0005, to_undirected=False, alpha=0.1, randomseed=-1, imb_ratio=100, n_layer=2, feat_dim=64, warmup=5, epoch=900, tau=2, max=False, no_mask=False, gdc='ppr')
CUDA Device Index: 2
12-21-13:58:09
excel_file_path is  TrueAug_SAGE_WebKBwisconsin12-21-13:58:09_dir.xlsx
dataset is  WebKB wisconsin
Dataset is  wisconsin() 
Chosen from DirectedData:  True
Num of bidrected edges: 49, total num of edges: 515
This is directed graph:  True
data_x torch.Size([251, 1703])
splits 10
GraphSAGE2(
  (conv1): SAGEConv(1703, 64)
  (conv2): SAGEConv(64, 5)
)
Beginning for split:  0 21-13:58:11
Early stop at epoch:  512
split:   0, val_Acc:   4.51, test_Acc:  66.67, test_bacc:  37.96, test_f1:  35.86
Beginning for split:  1 21-13:59:46
Early stop at epoch:  510
split:   1, val_Acc:  17.55, test_Acc:  70.59, test_bacc:  54.37, test_f1:  38.45
Beginning for split:  2 21-14:02:09
Early stop at epoch:  511
split:   2, val_Acc:   9.06, test_Acc:  74.51, test_bacc:  46.55, test_f1:  46.95
Beginning for split:  3 21-14:05:03
Early stop at epoch:  510
split:   3, val_Acc:   7.92, test_Acc:  74.51, test_bacc:  37.78, test_f1:  34.54
Beginning for split:  4 21-14:08:27
Early stop at epoch:  504
split:   4, val_Acc:  10.57, test_Acc:  80.39, test_bacc:  52.56, test_f1:  54.66
Beginning for split:  5 21-14:13:50
Early stop at epoch:  504
split:   5, val_Acc:   9.11, test_Acc:  80.39, test_bacc:  60.00, test_f1:  51.81
Beginning for split:  6 21-14:21:48
Early stop at epoch:  504
split:   6, val_Acc:  13.95, test_Acc:  76.47, test_bacc:  53.24, test_f1:  56.81
Beginning for split:  7 21-14:31:40
Early stop at epoch:  506
split:   7, val_Acc:  13.49, test_Acc:  52.94, test_bacc:  26.04, test_f1:  27.15
Beginning for split:  8 21-14:48:42
Early stop at epoch:  512
split:   8, val_Acc:  21.70, test_Acc:  70.59, test_bacc:  46.59, test_f1:  48.39
Beginning for split:  9 21-15:08:33
Early stop at epoch:  505
split:   9, val_Acc:  17.78, test_Acc:  84.31, test_bacc:  53.04, test_f1:  50.73
Total time(all splits):  5416.202325344086
