Downloading https://raw.githubusercontent.com/graphdml-uiuc-jlu/geom-gcn/master/new_data/wisconsin/out1_node_feature_label.txt
Downloading https://raw.githubusercontent.com/graphdml-uiuc-jlu/geom-gcn/master/new_data/wisconsin/out1_graph_edges.txt
Downloading https://raw.githubusercontent.com/graphdml-uiuc-jlu/geom-gcn/master/splits/wisconsin_split_0.6_0.2_0.npz
Downloading https://raw.githubusercontent.com/graphdml-uiuc-jlu/geom-gcn/master/splits/wisconsin_split_0.6_0.2_1.npz
Downloading https://raw.githubusercontent.com/graphdml-uiuc-jlu/geom-gcn/master/splits/wisconsin_split_0.6_0.2_2.npz
Downloading https://raw.githubusercontent.com/graphdml-uiuc-jlu/geom-gcn/master/splits/wisconsin_split_0.6_0.2_3.npz
Downloading https://raw.githubusercontent.com/graphdml-uiuc-jlu/geom-gcn/master/splits/wisconsin_split_0.6_0.2_4.npz
Downloading https://raw.githubusercontent.com/graphdml-uiuc-jlu/geom-gcn/master/splits/wisconsin_split_0.6_0.2_5.npz
Downloading https://raw.githubusercontent.com/graphdml-uiuc-jlu/geom-gcn/master/splits/wisconsin_split_0.6_0.2_6.npz
Downloading https://raw.githubusercontent.com/graphdml-uiuc-jlu/geom-gcn/master/splits/wisconsin_split_0.6_0.2_7.npz
Downloading https://raw.githubusercontent.com/graphdml-uiuc-jlu/geom-gcn/master/splits/wisconsin_split_0.6_0.2_8.npz
Downloading https://raw.githubusercontent.com/graphdml-uiuc-jlu/geom-gcn/master/splits/wisconsin_split_0.6_0.2_9.npz
Processing...
Done!
Namespace(withAug=True, AugDirect=20, method_name='Cheb', seed=100, GPUdevice=0, IsDirectedData=True, dataset='WebKB/wisconsin', undirect_dataset='Cora', MakeImbalance=True, CustomizeMask=False, K=2, heads=8, log_root='../logs/', log_path='test', data_path='../dataset/data/tmp/', epochs=1500, num_filter=2, p_q=0.95, p_inter=0.1, dropout=0.0, debug=False, new_setting=False, layer=2, lr=0.005, l2=0.0005, to_undirected=False, alpha=0.1, randomseed=-1, imb_ratio=100, n_layer=2, feat_dim=64, warmup=5, epoch=900, tau=2, max=False, no_mask=False, gdc='ppr')
CUDA Device Index: 0
12-21-13:53:31
excel_file_path is  TrueAug_Cheb_WebKBwisconsin12-21-13:53:31_dir.xlsx
dataset is  WebKB wisconsin
Dataset is  wisconsin() 
Chosen from DirectedData:  True
Num of bidrected edges: 49, total num of edges: 515
This is directed graph:  True
data_x torch.Size([251, 1703])
splits 10
ChebModelBen(
  (conv1): ChebConv(1703, 2, K=2, normalization=sym)
  (conv2): ChebConv(2, 2, K=2, normalization=sym)
  (Conv): Conv1d(2, 5, kernel_size=(1,), stride=(1,))
)
Beginning for split:  0 21-13:53:48
Early stop at epoch:  526
split:   0, val_Acc:   1.58, test_Acc:  62.75, test_bacc:  33.89, test_f1:  30.22
Beginning for split:  1 21-13:54:35
Early stop at epoch:  506
split:   1, val_Acc:   1.91, test_Acc:  82.35, test_bacc:  47.08, test_f1:  42.05
Beginning for split:  2 21-13:55:36
Early stop at epoch:  516
split:   2, val_Acc:   5.42, test_Acc:  76.47, test_bacc:  50.30, test_f1:  52.38
Beginning for split:  3 21-13:58:05
Early stop at epoch:  515
split:   3, val_Acc:   2.97, test_Acc:  76.47, test_bacc:  45.07, test_f1:  44.86
Beginning for split:  4 21-14:02:16
Early stop at epoch:  508
split:   4, val_Acc:   3.09, test_Acc:  74.51, test_bacc:  44.89, test_f1:  42.38
Beginning for split:  5 21-14:06:31
Early stop at epoch:  511
split:   5, val_Acc:   1.82, test_Acc:  66.67, test_bacc:  30.28, test_f1:  29.81
Beginning for split:  6 21-14:11:54
Early stop at epoch:  517
split:   6, val_Acc:   1.64, test_Acc:  76.47, test_bacc:  47.60, test_f1:  47.30
Beginning for split:  7 21-14:20:57
Early stop at epoch:  502
split:   7, val_Acc:   1.07, test_Acc:  72.55, test_bacc:  36.37, test_f1:  33.65
Beginning for split:  8 21-14:31:49
Early stop at epoch:  514
split:   8, val_Acc:   1.66, test_Acc:  76.47, test_bacc:  52.69, test_f1:  52.36
Beginning for split:  9 21-14:51:30
Early stop at epoch:  506
split:   9, val_Acc:   1.87, test_Acc:  76.47, test_bacc:  46.43, test_f1:  47.55
Total time(all splits):  4769.622904062271
