Namespace(withAug=True, AugDirect=20, method_name='DiG', seed=100, GPUdevice=0, IsDirectedData=True, dataset='WebKB/wisconsin', undirect_dataset='Cora', MakeImbalance=True, CustomizeMask=False, K=2, heads=8, log_root='../logs/', log_path='test', data_path='../dataset/data/tmp/', epochs=1500, num_filter=2, p_q=0.95, p_inter=0.1, dropout=0.0, debug=False, new_setting=False, layer=2, lr=0.005, l2=0.0005, to_undirected=False, alpha=0.1, randomseed=-1, imb_ratio=100, n_layer=2, feat_dim=64, warmup=5, epoch=900, tau=2, max=False, no_mask=False, gdc='ppr')
CUDA Device Index: 0
12-21-14:09:15
excel_file_path is  TrueAug_DiG_WebKBwisconsin12-21-14:09:15_dir.xlsx
dataset is  WebKB wisconsin
Dataset is  wisconsin() 
Chosen from DirectedData:  True
Num of bidrected edges: 49, total num of edges: 515
This is directed graph:  True
data_x torch.Size([251, 1703])
splits 10
DiModel(
  (conv1): DIGCNConv(1703, 2)
  (conv2): DIGCNConv(2, 2)
  (Conv): Conv1d(2, 5, kernel_size=(1,), stride=(1,))
)
Beginning for split:  0 21-14:09:18
Early stop at epoch:  513
split:   0, val_Acc:   2.61, test_Acc:  50.98, test_bacc:  22.04, test_f1:  19.05
Beginning for split:  1 21-14:11:08
Early stop at epoch:  511
split:   1, val_Acc:   2.77, test_Acc:  74.51, test_bacc:  43.54, test_f1:  44.27
Beginning for split:  2 21-14:14:31
Early stop at epoch:  506
split:   2, val_Acc:   3.59, test_Acc:  45.10, test_bacc:  27.74, test_f1:  25.12
Beginning for split:  3 21-14:19:35
Early stop at epoch:  507
split:   3, val_Acc:   2.52, test_Acc:  49.02, test_bacc:  26.63, test_f1:  24.02
Beginning for split:  4 21-14:25:48
Early stop at epoch:  507
split:   4, val_Acc:   2.45, test_Acc:  60.78, test_bacc:  31.63, test_f1:  27.94
Beginning for split:  5 21-14:35:14
Early stop at epoch:  507
split:   5, val_Acc:   3.95, test_Acc:  60.78, test_bacc:  32.82, test_f1:  35.41
Beginning for split:  6 21-14:49:00
Early stop at epoch:  503
split:   6, val_Acc:   3.75, test_Acc:  66.67, test_bacc:  38.38, test_f1:  37.10
Beginning for split:  7 21-15:05:04
Early stop at epoch:  513
split:   7, val_Acc:   1.66, test_Acc:  52.94, test_bacc:  30.27, test_f1:  31.41
Beginning for split:  8 21-15:22:31
Early stop at epoch:  503
split:   8, val_Acc:   3.56, test_Acc:  60.78, test_bacc:  35.08, test_f1:  32.59
Beginning for split:  9 21-15:38:26
Early stop at epoch:  503
split:   9, val_Acc:   4.68, test_Acc:  60.78, test_bacc:  32.66, test_f1:  27.93
Total time(all splits):  6343.830077648163
