Namespace(withAug=False, AugDirect=20, method_name='DiG', seed=100, GPUdevice=0, IsDirectedData=True, dataset='WebKB/wisconsin', undirect_dataset='Cora', MakeImbalance=True, CustomizeMask=False, K=2, heads=8, log_root='../logs/', log_path='test', data_path='../dataset/data/tmp/', epochs=1500, num_filter=2, p_q=0.95, p_inter=0.1, dropout=0.0, debug=False, new_setting=False, layer=2, lr=0.005, l2=0.0005, to_undirected=False, alpha=0.1, randomseed=-1, imb_ratio=100, n_layer=2, feat_dim=64, warmup=5, epoch=900, tau=2, max=False, no_mask=False, gdc='ppr')
CUDA Device Index: 0
12-21-14:03:18
excel_file_path is  FalseAug_DiG_WebKBwisconsin12-21-14:03:18_dir.xlsx
dataset is  WebKB wisconsin
Dataset is  wisconsin() 
Chosen from DirectedData:  True
Num of bidrected edges: 49, total num of edges: 515
This is directed graph:  True
data_x torch.Size([251, 1703])
splits 10
DiModel(
  (conv1): DIGCNConv(1703, 2)
  (conv2): DIGCNConv(2, 2)
  (Conv): Conv1d(2, 5, kernel_size=(1,), stride=(1,))
)
Beginning for split:  0 21-14:03:21
Early stop at epoch:  520
split:   0, val_Acc:   2.39, test_Acc:  52.94, test_bacc:  24.63, test_f1:  21.67
Beginning for split:  1 21-14:04:13
Early stop at epoch:  507
split:   1, val_Acc:   2.88, test_Acc:  74.51, test_bacc:  42.50, test_f1:  43.97
Beginning for split:  2 21-14:05:47
Early stop at epoch:  502
split:   2, val_Acc:   2.80, test_Acc:  49.02, test_bacc:  26.79, test_f1:  22.88
Beginning for split:  3 21-14:07:55
Early stop at epoch:  503
split:   3, val_Acc:   5.16, test_Acc:  70.59, test_bacc:  38.85, test_f1:  38.72
Beginning for split:  4 21-14:11:07
Early stop at epoch:  504
split:   4, val_Acc:   4.82, test_Acc:  62.75, test_bacc:  35.68, test_f1:  33.49
Beginning for split:  5 21-14:16:18
Early stop at epoch:  501
split:   5, val_Acc:   4.08, test_Acc:  66.67, test_bacc:  39.31, test_f1:  42.01
Beginning for split:  6 21-14:22:41
Early stop at epoch:  502
split:   6, val_Acc:   3.82, test_Acc:  66.67, test_bacc:  38.38, test_f1:  38.71
Beginning for split:  7 21-14:30:22
Early stop at epoch:  503
split:   7, val_Acc:   5.41, test_Acc:  60.78, test_bacc:  39.91, test_f1:  38.93
Beginning for split:  8 21-14:44:01
Early stop at epoch:  504
split:   8, val_Acc:   7.22, test_Acc:  60.78, test_bacc:  32.30, test_f1:  31.30
Beginning for split:  9 21-15:01:20
Early stop at epoch:  502
split:   9, val_Acc:   3.98, test_Acc:  64.71, test_bacc:  34.87, test_f1:  34.62
Total time(all splits):  4566.628635883331
