Namespace(withAug=True, AugDirect=20, method_name='APPNP', seed=100, GPUdevice=0, IsDirectedData=True, dataset='WebKB/wisconsin', undirect_dataset='Cora', MakeImbalance=True, CustomizeMask=False, K=2, heads=8, log_root='../logs/', log_path='test', data_path='../dataset/data/tmp/', epochs=1500, num_filter=2, p_q=0.95, p_inter=0.1, dropout=0.0, debug=False, new_setting=False, layer=2, lr=0.005, l2=0.0005, to_undirected=False, alpha=0.1, randomseed=-1, imb_ratio=100, n_layer=2, feat_dim=64, warmup=5, epoch=900, tau=2, max=False, no_mask=False, gdc='ppr')
CUDA Device Index: 0
12-21-14:10:16
excel_file_path is  TrueAug_APPNP_WebKBwisconsin12-21-14:10:16_dir.xlsx
dataset is  WebKB wisconsin
Dataset is  wisconsin() 
Chosen from DirectedData:  True
Num of bidrected edges: 49, total num of edges: 515
This is directed graph:  True
data_x torch.Size([251, 1703])
splits 10
APPNP_ModelBen(
  (line1): Linear(in_features=1703, out_features=2, bias=True)
  (line2): Linear(in_features=2, out_features=2, bias=True)
  (conv1): APPNP(K=10, alpha=0.1)
  (conv2): APPNP(K=10, alpha=0.1)
  (Conv): Conv1d(2, 5, kernel_size=(1,), stride=(1,))
)
Beginning for split:  0 21-14:10:20
Early stop at epoch:  517
split:   0, val_Acc:   3.01, test_Acc:  56.86, test_bacc:  27.04, test_f1:  24.17
Beginning for split:  1 21-14:12:37
Early stop at epoch:  504
split:   1, val_Acc:   2.76, test_Acc:  64.71, test_bacc:  27.92, test_f1:  28.25
Beginning for split:  2 21-14:16:24
Early stop at epoch:  506
split:   2, val_Acc:   2.27, test_Acc:  56.86, test_bacc:  31.55, test_f1:  29.87
Beginning for split:  3 21-14:21:29
Early stop at epoch:  509
split:   3, val_Acc:   1.46, test_Acc:  47.06, test_bacc:  22.42, test_f1:  18.14
Beginning for split:  4 21-14:27:54
Early stop at epoch:  507
split:   4, val_Acc:   1.85, test_Acc:  47.06, test_bacc:  27.32, test_f1:  24.37
Beginning for split:  5 21-14:38:38
Early stop at epoch:  507
split:   5, val_Acc:   2.15, test_Acc:  58.82, test_bacc:  25.28, test_f1:  23.22
Beginning for split:  6 21-14:53:05
Early stop at epoch:  510
split:   6, val_Acc:   2.91, test_Acc:  35.29, test_bacc:  15.00, test_f1:  11.25
Beginning for split:  7 21-15:09:24
Early stop at epoch:  511
split:   7, val_Acc:   1.61, test_Acc:  43.14, test_bacc:  19.56, test_f1:  17.23
Beginning for split:  8 21-15:26:18
Early stop at epoch:  507
split:   8, val_Acc:   2.17, test_Acc:  56.86, test_bacc:  29.63, test_f1:  28.42
Beginning for split:  9 21-15:42:23
Early stop at epoch:  509
split:   9, val_Acc:   1.83, test_Acc:  49.02, test_bacc:  25.92, test_f1:  22.40
Total time(all splits):  6516.2592787742615
