Namespace(withAug=True, AugDirect=20, method_name='GAT', seed=100, GPUdevice=1, IsDirectedData=True, dataset='WebKB/wisconsin', undirect_dataset='Cora', MakeImbalance=True, CustomizeMask=False, K=2, heads=8, log_root='../logs/', log_path='test', data_path='../dataset/data/tmp/', epochs=1500, num_filter=2, p_q=0.95, p_inter=0.1, dropout=0.0, debug=False, new_setting=False, layer=2, lr=0.005, l2=0.0005, to_undirected=False, alpha=0.1, randomseed=-1, imb_ratio=100, n_layer=2, feat_dim=64, warmup=5, epoch=900, tau=2, max=False, no_mask=False, gdc='ppr')
CUDA Device Index: 1
12-21-13:56:46
excel_file_path is  TrueAug_GAT_WebKBwisconsin12-21-13:56:46_dir.xlsx
dataset is  WebKB wisconsin
Dataset is  wisconsin() 
Chosen from DirectedData:  True
Num of bidrected edges: 49, total num of edges: 515
This is directed graph:  True
data_x torch.Size([251, 1703])
splits 10
StandGAT2(
  (conv1): GATConv(1703, 16, heads=4)
  (conv2): GATConv(64, 5, heads=1)
)
Beginning for split:  0 21-13:56:48
Early stop at epoch:  509
split:   0, val_Acc:   6.50, test_Acc:  52.94, test_bacc:  23.70, test_f1:  22.75
Beginning for split:  1 21-13:58:10
Early stop at epoch:  508
split:   1, val_Acc:   4.05, test_Acc:  49.02, test_bacc:  42.29, test_f1:  35.48
Beginning for split:  2 21-14:00:45
Early stop at epoch:  510
split:   2, val_Acc:   8.18, test_Acc:  50.98, test_bacc:  27.74, test_f1:  24.31
Beginning for split:  3 21-14:03:49
Early stop at epoch:  513
split:   3, val_Acc:   5.66, test_Acc:  60.78, test_bacc:  33.70, test_f1:  34.23
Beginning for split:  4 21-14:07:24
Early stop at epoch:  507
split:   4, val_Acc:   8.73, test_Acc:  47.06, test_bacc:  26.86, test_f1:  26.83
Beginning for split:  5 21-14:12:16
Early stop at epoch:  509
split:   5, val_Acc:   8.34, test_Acc:  52.94, test_bacc:  26.62, test_f1:  23.73
Beginning for split:  6 21-14:20:03
Early stop at epoch:  503
split:   6, val_Acc:   7.02, test_Acc:  45.10, test_bacc:  30.21, test_f1:  26.58
Beginning for split:  7 21-14:29:16
Early stop at epoch:  504
split:   7, val_Acc:   9.72, test_Acc:  41.18, test_bacc:  37.69, test_f1:  26.18
Beginning for split:  8 21-14:45:28
Early stop at epoch:  503
split:   8, val_Acc:   9.88, test_Acc:  64.71, test_bacc:  46.78, test_f1:  46.55
Beginning for split:  9 21-15:05:24
Early stop at epoch:  509
split:   9, val_Acc:   4.98, test_Acc:  60.78, test_bacc:  42.60, test_f1:  37.78
Total time(all splits):  5332.445360660553
