Namespace(withAug=False, AugDirect=20, method_name='APPNP', seed=100, GPUdevice=1, IsDirectedData=True, dataset='WebKB/wisconsin', undirect_dataset='Cora', MakeImbalance=True, CustomizeMask=False, K=2, heads=8, log_root='../logs/', log_path='test', data_path='../dataset/data/tmp/', epochs=1500, num_filter=2, p_q=0.95, p_inter=0.1, dropout=0.0, debug=False, new_setting=False, layer=2, lr=0.005, l2=0.0005, to_undirected=False, alpha=0.1, randomseed=-1, imb_ratio=100, n_layer=2, feat_dim=64, warmup=5, epoch=900, tau=2, max=False, no_mask=False, gdc='ppr')
CUDA Device Index: 1
12-21-14:21:38
excel_file_path is  FalseAug_APPNP_WebKBwisconsin12-21-14:21:38_dir.xlsx
dataset is  WebKB wisconsin
Dataset is  wisconsin() 
Chosen from DirectedData:  True
Num of bidrected edges: 49, total num of edges: 515
This is directed graph:  True
data_x torch.Size([251, 1703])
splits 10
APPNP_ModelBen(
  (line1): Linear(in_features=1703, out_features=2, bias=True)
  (line2): Linear(in_features=2, out_features=2, bias=True)
  (conv1): APPNP(K=10, alpha=0.1)
  (conv2): APPNP(K=10, alpha=0.1)
  (Conv): Conv1d(2, 5, kernel_size=(1,), stride=(1,))
)
Beginning for split:  0 21-14:21:50
Early stop at epoch:  516
split:   0, val_Acc:   1.51, test_Acc:  50.98, test_bacc:  22.96, test_f1:  20.09
Beginning for split:  1 21-14:23:28
Early stop at epoch:  507
split:   1, val_Acc:   5.03, test_Acc:  52.94, test_bacc:  17.92, test_f1:  15.79
Beginning for split:  2 21-14:26:06
Early stop at epoch:  502
split:   2, val_Acc:   2.26, test_Acc:  43.14, test_bacc:  22.74, test_f1:  18.91
Beginning for split:  3 21-14:30:04
Early stop at epoch:  503
split:   3, val_Acc:   3.17, test_Acc:  60.78, test_bacc:  31.21, test_f1:  27.27
Beginning for split:  4 21-14:37:07
Early stop at epoch:  501
split:   4, val_Acc:   1.64, test_Acc:  39.22, test_bacc:  20.00, test_f1:  11.27
Beginning for split:  5 21-14:46:39
Early stop at epoch:  501
split:   5, val_Acc:   5.67, test_Acc:  52.94, test_bacc:  20.00, test_f1:  13.85
Beginning for split:  6 21-14:58:25
Early stop at epoch:  501
split:   6, val_Acc:   3.90, test_Acc:  47.06, test_bacc:  20.00, test_f1:  12.80
Beginning for split:  7 21-15:11:51
Early stop at epoch:  501
split:   7, val_Acc:   5.25, test_Acc:  50.98, test_bacc:  20.00, test_f1:  13.51
Beginning for split:  8 21-15:25:59
Early stop at epoch:  501
split:   8, val_Acc:   1.43, test_Acc:  45.10, test_bacc:  20.00, test_f1:  12.43
Beginning for split:  9 21-15:39:35
Early stop at epoch:  501
split:   9, val_Acc:   4.10, test_Acc:  45.10, test_bacc:  20.00, test_f1:  12.43
Total time(all splits):  5563.761546611786
