Namespace(withAug=False, AugDirect=20, method_name='APPNP', seed=100, GPUdevice=2, IsDirectedData=False, dataset='WebKB/wisconsin', undirect_dataset='Cora', MakeImbalance=True, CustomizeMask=False, K=2, heads=8, log_root='../logs/', log_path='test', data_path='../dataset/data/tmp/', epochs=1500, num_filter=2, p_q=0.95, p_inter=0.1, dropout=0.0, debug=False, new_setting=False, layer=2, lr=0.005, l2=0.0005, to_undirected=False, alpha=0.1, randomseed=-1, imb_ratio=100, n_layer=2, feat_dim=64, warmup=5, epoch=900, tau=2, max=False, no_mask=False, gdc='ppr')
CUDA Device Index: 2
12-21-14:32:38
excel_file_path is  FalseAug_APPNP_Cora12-21-14:32:38_undir.xlsx
Dataset is  Cora() 
Chosen from DirectedData:  False
Num of bidrected edges: 5278, total num of edges: 10556
This is directed graph:  False
data_x torch.Size([2708, 1433])
APPNP_ModelBen(
  (line1): Linear(in_features=1433, out_features=2, bias=True)
  (line2): Linear(in_features=2, out_features=2, bias=True)
  (conv1): APPNP(K=10, alpha=0.1)
  (conv2): APPNP(K=10, alpha=0.1)
  (Conv): Conv1d(2, 7, kernel_size=(1,), stride=(1,))
)
Beginning for split:  0 21-14:33:21
Early stop at epoch:  540
split:   0, val_Acc:   2.02, test_Acc:  43.00, test_bacc:  26.66, test_f1:  16.41
Total time(all splits):  197.9489941596985
