Downloading https://raw.githubusercontent.com/graphdml-uiuc-jlu/geom-gcn/f1fc0d14b3b019c562737240d06ec83b07d16a8f/new_data/squirrel/out1_node_feature_label.txt
Downloading https://raw.githubusercontent.com/graphdml-uiuc-jlu/geom-gcn/f1fc0d14b3b019c562737240d06ec83b07d16a8f/new_data/squirrel/out1_graph_edges.txt
Downloading https://raw.githubusercontent.com/graphdml-uiuc-jlu/geom-gcn/f1fc0d14b3b019c562737240d06ec83b07d16a8f/splits/squirrel_split_0.6_0.2_0.npz
Downloading https://raw.githubusercontent.com/graphdml-uiuc-jlu/geom-gcn/f1fc0d14b3b019c562737240d06ec83b07d16a8f/splits/squirrel_split_0.6_0.2_1.npz
Downloading https://raw.githubusercontent.com/graphdml-uiuc-jlu/geom-gcn/f1fc0d14b3b019c562737240d06ec83b07d16a8f/splits/squirrel_split_0.6_0.2_2.npz
Downloading https://raw.githubusercontent.com/graphdml-uiuc-jlu/geom-gcn/f1fc0d14b3b019c562737240d06ec83b07d16a8f/splits/squirrel_split_0.6_0.2_3.npz
Downloading https://raw.githubusercontent.com/graphdml-uiuc-jlu/geom-gcn/f1fc0d14b3b019c562737240d06ec83b07d16a8f/splits/squirrel_split_0.6_0.2_4.npz
Downloading https://raw.githubusercontent.com/graphdml-uiuc-jlu/geom-gcn/f1fc0d14b3b019c562737240d06ec83b07d16a8f/splits/squirrel_split_0.6_0.2_5.npz
Downloading https://raw.githubusercontent.com/graphdml-uiuc-jlu/geom-gcn/f1fc0d14b3b019c562737240d06ec83b07d16a8f/splits/squirrel_split_0.6_0.2_6.npz
Downloading https://raw.githubusercontent.com/graphdml-uiuc-jlu/geom-gcn/f1fc0d14b3b019c562737240d06ec83b07d16a8f/splits/squirrel_split_0.6_0.2_7.npz
Downloading https://raw.githubusercontent.com/graphdml-uiuc-jlu/geom-gcn/f1fc0d14b3b019c562737240d06ec83b07d16a8f/splits/squirrel_split_0.6_0.2_8.npz
Downloading https://raw.githubusercontent.com/graphdml-uiuc-jlu/geom-gcn/f1fc0d14b3b019c562737240d06ec83b07d16a8f/splits/squirrel_split_0.6_0.2_9.npz
Processing...
Done!
Namespace(withAug=False, AugDirect=20, method_name='APPNP', seed=100, GPUdevice=2, IsDirectedData=True, dataset='WikipediaNetwork/squirrel', undirect_dataset='Cora', MakeImbalance=True, CustomizeMask=False, K=2, heads=8, log_root='../logs/', log_path='test', data_path='../dataset/data/tmp/', epochs=1500, num_filter=2, p_q=0.95, p_inter=0.1, dropout=0.0, debug=False, new_setting=False, layer=2, lr=0.005, l2=0.0005, to_undirected=False, alpha=0.1, randomseed=-1, imb_ratio=100, n_layer=2, feat_dim=64, warmup=5, epoch=900, tau=2, max=False, no_mask=False, gdc='ppr')
CUDA Device Index: 2
12-21-14:40:41
excel_file_path is  FalseAug_APPNP_WikipediaNetworksquirrel12-21-14:40:41_dir.xlsx
dataset is  WikipediaNetwork squirrel
Dataset is  WikipediaNetwork() 
Chosen from DirectedData:  True
Num of bidrected edges: 18580, total num of edges: 217073
This is directed graph:  True
data_x torch.Size([5201, 2089])
splits 10
APPNP_ModelBen(
  (line1): Linear(in_features=2089, out_features=2, bias=True)
  (line2): Linear(in_features=2, out_features=2, bias=True)
  (conv1): APPNP(K=10, alpha=0.1)
  (conv2): APPNP(K=10, alpha=0.1)
  (Conv): Conv1d(2, 5, kernel_size=(1,), stride=(1,))
)
Beginning for split:  0 21-14:43:32
Early stop at epoch:  501
split:   0, val_Acc:   2.62, test_Acc:  23.82, test_bacc:  24.08, test_f1:  13.28
Beginning for split:  1 21-14:46:38
Early stop at epoch:  506
split:   1, val_Acc:   3.27, test_Acc:  19.40, test_bacc:  20.16, test_f1:   7.12
Beginning for split:  2 21-14:51:41
Early stop at epoch:  514
split:   2, val_Acc:   2.57, test_Acc:  23.25, test_bacc:  23.32, test_f1:  14.17
Beginning for split:  3 21-14:58:23
Early stop at epoch:  515
split:   3, val_Acc:   3.07, test_Acc:  24.88, test_bacc:  23.94, test_f1:  13.66
Beginning for split:  4 21-15:07:04
Early stop at epoch:  504
split:   4, val_Acc:   3.77, test_Acc:  22.86, test_bacc:  22.28, test_f1:  16.61
Beginning for split:  5 21-15:17:16
Early stop at epoch:  530
split:   5, val_Acc:   5.75, test_Acc:  29.20, test_bacc:  27.62, test_f1:  16.38
Beginning for split:  6 21-15:28:39
Early stop at epoch:  535
split:   6, val_Acc:   2.88, test_Acc:  22.96, test_bacc:  22.84, test_f1:  13.81
Beginning for split:  7 21-15:40:43
Early stop at epoch:  512
split:   7, val_Acc:   2.17, test_Acc:  21.23, test_bacc:  21.87, test_f1:  15.46
Beginning for split:  8 21-15:53:34
Early stop at epoch:  504
split:   8, val_Acc:   2.62, test_Acc:  24.11, test_bacc:  24.91, test_f1:  17.51
Beginning for split:  9 21-16:06:23
Early stop at epoch:  501
split:   9, val_Acc:   4.19, test_Acc:  23.82, test_bacc:  23.54, test_f1:  13.35
Total time(all splits):  6546.722558259964
