Namespace(withAug=True, AugDirect=20, method_name='SymDiGCN', seed=100, GPUdevice=1, IsDirectedData=True, dataset='WebKB/wisconsin', undirect_dataset='Cora', MakeImbalance=True, CustomizeMask=False, K=2, heads=8, log_root='../logs/', log_path='test', data_path='../dataset/data/tmp/', epochs=1500, num_filter=2, p_q=0.95, p_inter=0.1, dropout=0.0, debug=False, new_setting=False, layer=2, lr=0.005, l2=0.0005, to_undirected=False, alpha=0.1, randomseed=-1, imb_ratio=100, n_layer=2, feat_dim=64, warmup=5, epoch=900, tau=2, max=False, no_mask=False, gdc='ppr')
CUDA Device Index: 1
12-21-14:14:56
excel_file_path is  TrueAug_SymDiGCN_WebKBwisconsin12-21-14:14:56_dir.xlsx
dataset is  WebKB wisconsin
Dataset is  wisconsin() 
Chosen from DirectedData:  True
Num of bidrected edges: 49, total num of edges: 515
This is directed graph:  True
data_x torch.Size([251, 1703])
splits 10
Beginning for split:  0 21-14:15:00
Early stop at epoch:  507
split:   0, val_Acc:   1.96, test_Acc:  49.02, test_bacc:  23.15, test_f1:  21.11
Beginning for split:  1 21-14:23:14
Early stop at epoch:  507
split:   1, val_Acc:   9.73, test_Acc:  60.78, test_bacc:  22.50, test_f1:  21.99
Beginning for split:  2 21-14:34:10
Early stop at epoch:  511
split:   2, val_Acc:   1.20, test_Acc:  58.82, test_bacc:  35.89, test_f1:  35.56
Beginning for split:  3 21-14:51:33
Early stop at epoch:  509
split:   3, val_Acc:   4.48, test_Acc:  72.55, test_bacc:  44.85, test_f1:  43.48
Beginning for split:  4 21-15:10:54
Early stop at epoch:  510
split:   4, val_Acc:   6.73, test_Acc:  70.59, test_bacc:  42.84, test_f1:  39.89
Beginning for split:  5 21-15:30:22
Early stop at epoch:  502
split:   5, val_Acc:  12.44, test_Acc:  68.63, test_bacc:  31.02, test_f1:  31.78
Beginning for split:  6 21-15:48:55
Early stop at epoch:  504
split:   6, val_Acc:   9.04, test_Acc:  64.71, test_bacc:  36.02, test_f1:  35.50
Beginning for split:  7 21-16:07:36
Early stop at epoch:  503
split:   7, val_Acc:   1.34, test_Acc:  60.78, test_bacc:  40.88, test_f1:  40.34
Beginning for split:  8 21-16:38:40
Early stop at epoch:  513
split:   8, val_Acc:  16.33, test_Acc:  62.75, test_bacc:  34.32, test_f1:  30.82
Beginning for split:  9 21-17:12:54
Early stop at epoch:  504
split:   9, val_Acc:  11.60, test_Acc:  74.51, test_bacc:  40.74, test_f1:  38.48
Total time(all splits):  12749.678478717804
