Namespace(withAug=True, AugDirect=20, method_name='GIN', seed=100, GPUdevice=1, IsDirectedData=True, dataset='WebKB/wisconsin', undirect_dataset='Cora', MakeImbalance=True, CustomizeMask=False, K=2, heads=8, log_root='../logs/', log_path='test', data_path='../dataset/data/tmp/', epochs=1500, num_filter=2, p_q=0.95, p_inter=0.1, dropout=0.0, debug=False, new_setting=False, layer=2, lr=0.005, l2=0.0005, to_undirected=False, alpha=0.1, randomseed=-1, imb_ratio=100, n_layer=2, feat_dim=64, warmup=5, epoch=900, tau=2, max=False, no_mask=False, gdc='ppr')
CUDA Device Index: 1
12-21-13:55:47
excel_file_path is  TrueAug_GIN_WebKBwisconsin12-21-13:55:47_dir.xlsx
dataset is  WebKB wisconsin
Dataset is  wisconsin() 
Chosen from DirectedData:  True
Num of bidrected edges: 49, total num of edges: 515
This is directed graph:  True
data_x torch.Size([251, 1703])
splits 10
GIN_ModelBen(
  (line1): Linear(in_features=1703, out_features=2, bias=True)
  (line2): Linear(in_features=2, out_features=2, bias=True)
  (conv1): GINConv(nn=Linear(in_features=1703, out_features=2, bias=True))
  (conv2): GINConv(nn=Linear(in_features=2, out_features=2, bias=True))
  (Conv): Conv1d(2, 5, kernel_size=(1,), stride=(1,))
)
Beginning for split:  0 21-13:55:49
Early stop at epoch:  514
split:   0, val_Acc:   8.38, test_Acc:  45.10, test_bacc:  18.89, test_f1:  15.99
Beginning for split:  1 21-13:56:52
Early stop at epoch:  506
split:   1, val_Acc:   1.70, test_Acc:  68.63, test_bacc:  33.33, test_f1:  28.82
Beginning for split:  2 21-13:59:14
Early stop at epoch:  501
split:   2, val_Acc:  13.42, test_Acc:  47.06, test_bacc:  24.35, test_f1:  20.39
Beginning for split:  3 21-14:02:23
Early stop at epoch:  506
split:   3, val_Acc:   1.68, test_Acc:  54.90, test_bacc:  27.68, test_f1:  24.71
Beginning for split:  4 21-14:05:58
Early stop at epoch:  505
split:   4, val_Acc:   1.66, test_Acc:  41.18, test_bacc:  25.98, test_f1:  24.05
Beginning for split:  5 21-14:10:01
Early stop at epoch:  503
split:   5, val_Acc:   1.97, test_Acc:  60.78, test_bacc:  33.47, test_f1:  32.61
Beginning for split:  6 21-14:17:22
Early stop at epoch:  513
split:   6, val_Acc:   2.73, test_Acc:  41.18, test_bacc:  21.52, test_f1:  20.80
Beginning for split:  7 21-14:26:30
Early stop at epoch:  508
split:   7, val_Acc:   2.63, test_Acc:  50.98, test_bacc:  29.78, test_f1:  24.17
Beginning for split:  8 21-14:40:49
Early stop at epoch:  502
split:   8, val_Acc:   1.70, test_Acc:  52.94, test_bacc:  25.80, test_f1:  22.23
Beginning for split:  9 21-15:00:45
Early stop at epoch:  506
split:   9, val_Acc:   3.41, test_Acc:  50.98, test_bacc:  25.27, test_f1:  23.65
Total time(all splits):  5133.232790231705
