Namespace(withAug=True, AugDirect=20, method_name='GCN', seed=100, GPUdevice=1, IsDirectedData=True, dataset='WebKB/wisconsin', undirect_dataset='Cora', MakeImbalance=True, CustomizeMask=False, K=2, heads=8, log_root='../logs/', log_path='test', data_path='../dataset/data/tmp/', epochs=1500, num_filter=2, p_q=0.95, p_inter=0.1, dropout=0.0, debug=False, new_setting=False, layer=2, lr=0.005, l2=0.0005, to_undirected=False, alpha=0.1, randomseed=-1, imb_ratio=100, n_layer=2, feat_dim=64, warmup=5, epoch=900, tau=2, max=False, no_mask=False, gdc='ppr')
CUDA Device Index: 1
12-21-14:13:44
excel_file_path is  TrueAug_GCN_WebKBwisconsin12-21-14:13:44_dir.xlsx
dataset is  WebKB wisconsin
Dataset is  wisconsin() 
Chosen from DirectedData:  True
Num of bidrected edges: 49, total num of edges: 515
This is directed graph:  True
data_x torch.Size([251, 1703])
splits 10
StandGCN2(
  (conv1): GCNConv(1703, 64)
  (conv2): GCNConv(64, 5)
)
Beginning for split:  0 21-14:13:48
Early stop at epoch:  510
split:   0, val_Acc:  11.79, test_Acc:  39.22, test_bacc:  19.44, test_f1:  18.12
Beginning for split:  1 21-14:16:16
Early stop at epoch:  506
split:   1, val_Acc:  14.44, test_Acc:  52.94, test_bacc:  22.08, test_f1:  22.23
Beginning for split:  2 21-14:20:05
Early stop at epoch:  502
split:   2, val_Acc:   4.18, test_Acc:  60.78, test_bacc:  43.63, test_f1:  43.33
Beginning for split:  3 21-14:25:02
Early stop at epoch:  508
split:   3, val_Acc:   9.71, test_Acc:  56.86, test_bacc:  30.87, test_f1:  30.24
Beginning for split:  4 21-14:32:12
Early stop at epoch:  506
split:   4, val_Acc:  12.89, test_Acc:  50.98, test_bacc:  33.47, test_f1:  33.28
Beginning for split:  5 21-14:43:53
Early stop at epoch:  504
split:   5, val_Acc:  11.33, test_Acc:  58.82, test_bacc:  30.05, test_f1:  32.76
Beginning for split:  6 21-14:58:25
Early stop at epoch:  506
split:   6, val_Acc:  10.80, test_Acc:  58.82, test_bacc:  44.24, test_f1:  46.72
Beginning for split:  7 21-15:14:16
Early stop at epoch:  502
split:   7, val_Acc:   4.16, test_Acc:  47.06, test_bacc:  40.66, test_f1:  29.29
Beginning for split:  8 21-15:29:56
Early stop at epoch:  513
split:   8, val_Acc:  12.42, test_Acc:  41.18, test_bacc:  44.36, test_f1:  43.39
Beginning for split:  9 21-15:45:40
Early stop at epoch:  505
split:   9, val_Acc:   4.73, test_Acc:  52.94, test_bacc:  38.74, test_f1:  34.52
Total time(all splits):  6426.2082097530365
