cuda:1
Namespace(withAug=True, AugDirect=20, method_name='GIN', seed=100, IsDirectedData=True, dataset='WikipediaNetwork/chameleon', undirect_dataset='CiteSeer', MakeImbalance=True, CustomizeMask=False, heads=8, log_root='../logs/', log_path='test', data_path='../dataset/data/tmp/', epochs=1500, num_filter=2, p_q=0.95, p_inter=0.1, dropout=0.0, debug=False, new_setting=False, layer=2, lr=0.005, l2=0.0005, to_undirected=False, alpha=0.1, randomseed=-1, imb_ratio=100, n_layer=2, feat_dim=64, warmup=5, epoch=900, tau=2, max=False, no_mask=False, gdc='ppr')
dataset is  WikipediaNetwork
Dataset is  WikipediaNetwork() 
Chosen from DirectedData:  True
Num of bidrected edges: 4680, total num of edges: 36101
This is directed graph:  True
data_x torch.Size([2277, 2325])
cuda:1
splits 10
0
cuda:1
Early stop at epoch:  502
split: 0, test_Acc: 22.37, test_bacc: 20.00, test_f1: 7.31
1
cuda:1
Early stop at epoch:  501
split: 1, test_Acc: 15.79, test_bacc: 17.18, test_f1: 8.24
2
cuda:1
Early stop at epoch:  502
split: 2, test_Acc: 24.56, test_bacc: 20.00, test_f1: 7.89
3
cuda:1
Early stop at epoch:  515
split: 3, test_Acc: 20.61, test_bacc: 19.24, test_f1: 8.64
4
cuda:1
Early stop at epoch:  504
split: 4, test_Acc: 23.46, test_bacc: 20.00, test_f1: 7.62
5
cuda:1
Early stop at epoch:  501
split: 5, test_Acc: 23.90, test_bacc: 19.57, test_f1: 10.60
6
cuda:1
Early stop at epoch:  502
split: 6, test_Acc: 20.18, test_bacc: 20.00, test_f1: 6.72
7
cuda:1
Early stop at epoch:  501
split: 7, test_Acc: 19.52, test_bacc: 20.65, test_f1: 9.21
8
cuda:1
Early stop at epoch:  503
split: 8, test_Acc: 23.25, test_bacc: 20.00, test_f1: 7.54
9
cuda:1
Early stop at epoch:  507
split: 9, test_Acc: 24.56, test_bacc: 20.13, test_f1: 9.05
