cuda:1
Namespace(withAug=True, AugDirect=20, method_name='GIN', seed=100, IsDirectedData=True, dataset='WikipediaNetwork/chameleon', undirect_dataset='CiteSeer', MakeImbalance=True, CustomizeMask=False, heads=8, log_root='../logs/', log_path='test', data_path='../dataset/data/tmp/', epochs=1500, num_filter=2, p_q=0.95, p_inter=0.1, dropout=0.0, debug=False, new_setting=False, layer=2, lr=0.005, l2=0.0005, to_undirected=False, alpha=0.1, randomseed=-1, imb_ratio=100, n_layer=2, feat_dim=64, warmup=5, epoch=900, tau=2, max=False, no_mask=False, gdc='ppr')
dataset is  WikipediaNetwork
Dataset is  WikipediaNetwork() 
Chosen from DirectedData:  True
Num of bidrected edges: 4680, total num of edges: 36101
This is directed graph:  True
data_x torch.Size([2277, 2325])
cuda:1
splits 10
0
cuda:1
Early stop at epoch:  511
split: 0, test_Acc: 25.00, test_bacc: 24.01, test_f1: 13.94
1
cuda:1
Early stop at epoch:  501
split: 1, test_Acc: 22.81, test_bacc: 20.00, test_f1: 7.43
2
cuda:1
Early stop at epoch:  504
split: 2, test_Acc: 24.56, test_bacc: 20.14, test_f1: 9.03
3
cuda:1
Early stop at epoch:  521
split: 3, test_Acc: 25.88, test_bacc: 24.20, test_f1: 14.15
4
cuda:1
Early stop at epoch:  507
split: 4, test_Acc: 21.93, test_bacc: 23.40, test_f1: 16.19
5
cuda:1
Early stop at epoch:  505
split: 5, test_Acc: 25.22, test_bacc: 20.00, test_f1: 8.06
6
cuda:1
Early stop at epoch:  502
split: 6, test_Acc: 20.18, test_bacc: 20.00, test_f1: 6.72
7
cuda:1
Early stop at epoch:  502
split: 7, test_Acc: 21.27, test_bacc: 20.00, test_f1: 7.02
8
cuda:1
Early stop at epoch:  509
split: 8, test_Acc: 27.41, test_bacc: 25.97, test_f1: 16.22
9
cuda:1
Early stop at epoch:  504
split: 9, test_Acc: 21.27, test_bacc: 21.16, test_f1: 9.35
