cuda:2
Namespace(withAug=True, AugDirect=20, method_name='GIN', seed=100, IsDirectedData=True, dataset='WikipediaNetwork/chameleon', undirect_dataset='CiteSeer', MakeImbalance=True, CustomizeMask=False, heads=8, log_root='../logs/', log_path='test', data_path='../dataset/data/tmp/', epochs=1500, num_filter=2, p_q=0.95, p_inter=0.1, dropout=0.0, debug=False, new_setting=False, layer=2, lr=0.005, l2=0.0005, to_undirected=False, alpha=0.1, randomseed=-1, imb_ratio=100, n_layer=2, feat_dim=64, warmup=5, epoch=900, tau=2, max=False, no_mask=False, gdc='ppr')
dataset is  WikipediaNetwork
Dataset is  WikipediaNetwork() 
Chosen from DirectedData:  True
Num of bidrected edges: 4680, total num of edges: 36101
This is directed graph:  True
data_x torch.Size([2277, 2325])
cuda:2
splits 10
0
cuda:2
Early stop at epoch:  514
split: 0, test_Acc: 26.32, test_bacc: 24.47, test_f1: 13.99
1
cuda:2
Early stop at epoch:  515
split: 1, test_Acc: 21.27, test_bacc: 18.97, test_f1: 9.99
2
cuda:2
Early stop at epoch:  503
split: 2, test_Acc: 21.71, test_bacc: 19.32, test_f1: 11.35
3
cuda:2
Early stop at epoch:  508
split: 3, test_Acc: 26.97, test_bacc: 25.25, test_f1: 15.55
4
cuda:2
Early stop at epoch:  509
split: 4, test_Acc: 23.25, test_bacc: 20.00, test_f1: 7.54
5
cuda:2
Early stop at epoch:  518
split: 5, test_Acc: 27.63, test_bacc: 22.65, test_f1: 12.55
6
cuda:2
Early stop at epoch:  509
split: 6, test_Acc: 19.96, test_bacc: 19.78, test_f1: 6.72
7
cuda:2
Early stop at epoch:  514
split: 7, test_Acc: 21.71, test_bacc: 21.50, test_f1: 11.22
8
cuda:2
Early stop at epoch:  527
split: 8, test_Acc: 22.37, test_bacc: 19.43, test_f1: 9.86
9
cuda:2
Early stop at epoch:  505
split: 9, test_Acc: 24.34, test_bacc: 19.98, test_f1: 8.74
