cuda:1
Namespace(withAug=False, AugDirect=20, method_name='SAGE', seed=100, IsDirectedData=False, dataset='WebKB/texas', undirect_dataset='CiteSeer', MakeImbalance=True, CustomizeMask=False, K=2, heads=8, log_root='../logs/', log_path='test', data_path='../dataset/data/tmp/', epochs=1500, num_filter=2, p_q=0.95, p_inter=0.1, dropout=0.0, debug=False, new_setting=False, layer=2, lr=0.005, l2=0.0005, to_undirected=False, alpha=0.1, randomseed=-1, imb_ratio=100, n_layer=2, feat_dim=64, warmup=5, epoch=900, tau=2, max=False, no_mask=False, gdc='ppr')
excel_file_path is  FalseAug_SAGE_CiteSeer_output.xlsx
12-04-19:03:07
Dataset is  CiteSeer() 
Chosen from DirectedData:  False
Num of bidrected edges: 4552, total num of edges: 9104
This is directed graph:  False
data_x torch.Size([3327, 3703])
cuda:1
0
mu  cpu cpu
GraphSAGE2(
  (conv1): SAGEConv(3703, 64)
  (conv2): SAGEConv(64, 6)
)
cuda:1
Epoch:0, test_Acc: 23.70, test_bacc: 17.24, test_f1: 7.49
Epoch:1, test_Acc: 23.70, test_bacc: 17.24, test_f1: 7.49
Epoch:2, test_Acc: 23.70, test_bacc: 17.24, test_f1: 7.49
Epoch:3, test_Acc: 23.70, test_bacc: 17.24, test_f1: 7.49
Epoch:4, test_Acc: 26.40, test_bacc: 19.71, test_f1: 11.48
Epoch:5, test_Acc: 35.80, test_bacc: 29.10, test_f1: 17.14
Epoch:6, test_Acc: 35.80, test_bacc: 29.10, test_f1: 17.14
Epoch:7, test_Acc: 35.80, test_bacc: 29.10, test_f1: 17.14
Epoch:8, test_Acc: 35.80, test_bacc: 29.10, test_f1: 17.14
Epoch:9, test_Acc: 35.80, test_bacc: 29.10, test_f1: 17.14
Epoch:10, test_Acc: 35.80, test_bacc: 29.10, test_f1: 17.14
Epoch:11, test_Acc: 35.80, test_bacc: 29.10, test_f1: 17.14
Epoch:12, test_Acc: 35.80, test_bacc: 29.10, test_f1: 17.14
Epoch:13, test_Acc: 35.80, test_bacc: 29.10, test_f1: 17.14
Epoch:14, test_Acc: 35.80, test_bacc: 29.10, test_f1: 17.14
Epoch:15, test_Acc: 35.80, test_bacc: 29.10, test_f1: 17.14
Epoch:16, test_Acc: 35.80, test_bacc: 29.10, test_f1: 17.14
Epoch:17, test_Acc: 35.80, test_bacc: 29.10, test_f1: 17.14
Epoch:18, test_Acc: 35.80, test_bacc: 29.10, test_f1: 17.14
Epoch:19, test_Acc: 35.80, test_bacc: 29.10, test_f1: 17.14
Epoch:20, test_Acc: 35.80, test_bacc: 29.10, test_f1: 17.14
Epoch:21, test_Acc: 35.80, test_bacc: 29.10, test_f1: 17.14
Epoch:22, test_Acc: 35.80, test_bacc: 29.10, test_f1: 17.14
Epoch:23, test_Acc: 35.80, test_bacc: 29.10, test_f1: 17.14
Epoch:24, test_Acc: 35.80, test_bacc: 29.10, test_f1: 17.14
Epoch:25, test_Acc: 35.80, test_bacc: 29.10, test_f1: 17.14
Epoch:26, test_Acc: 35.80, test_bacc: 29.10, test_f1: 17.14
Epoch:27, test_Acc: 35.80, test_bacc: 29.10, test_f1: 17.14
Epoch:28, test_Acc: 35.80, test_bacc: 29.10, test_f1: 17.14
Epoch:29, test_Acc: 35.80, test_bacc: 29.10, test_f1: 17.14
Epoch:30, test_Acc: 35.80, test_bacc: 29.10, test_f1: 17.14
Epoch:31, test_Acc: 35.80, test_bacc: 29.10, test_f1: 17.14
Epoch:32, test_Acc: 35.80, test_bacc: 29.10, test_f1: 17.14
Epoch:33, test_Acc: 35.80, test_bacc: 29.10, test_f1: 17.14
Epoch:34, test_Acc: 35.80, test_bacc: 29.10, test_f1: 17.14
Epoch:35, test_Acc: 35.80, test_bacc: 29.10, test_f1: 17.14
Epoch:36, test_Acc: 35.80, test_bacc: 29.10, test_f1: 17.14
Epoch:37, test_Acc: 35.80, test_bacc: 29.10, test_f1: 17.14
Epoch:38, test_Acc: 35.80, test_bacc: 29.10, test_f1: 17.14
Epoch:39, test_Acc: 35.80, test_bacc: 29.10, test_f1: 17.14
Epoch:40, test_Acc: 35.80, test_bacc: 29.10, test_f1: 17.14
Epoch:41, test_Acc: 35.80, test_bacc: 29.10, test_f1: 17.14
Epoch:42, test_Acc: 35.80, test_bacc: 29.10, test_f1: 17.14
Epoch:43, test_Acc: 35.80, test_bacc: 29.10, test_f1: 17.14
Epoch:44, test_Acc: 35.80, test_bacc: 29.10, test_f1: 17.14
Epoch:45, test_Acc: 35.80, test_bacc: 29.10, test_f1: 17.14
Epoch:46, test_Acc: 35.80, test_bacc: 29.10, test_f1: 17.14
Epoch:47, test_Acc: 35.80, test_bacc: 29.10, test_f1: 17.14
Epoch:48, test_Acc: 35.80, test_bacc: 29.10, test_f1: 17.14
Epoch:49, test_Acc: 35.80, test_bacc: 29.10, test_f1: 17.14
Epoch:50, test_Acc: 35.80, test_bacc: 29.10, test_f1: 17.14
Epoch:51, test_Acc: 33.50, test_bacc: 28.00, test_f1: 19.66
Epoch:52, test_Acc: 34.20, test_bacc: 28.61, test_f1: 20.50
Epoch:53, test_Acc: 34.70, test_bacc: 29.10, test_f1: 21.32
Epoch:54, test_Acc: 35.40, test_bacc: 29.80, test_f1: 22.52
Epoch:55, test_Acc: 35.80, test_bacc: 30.19, test_f1: 23.14
Epoch:56, test_Acc: 36.40, test_bacc: 30.76, test_f1: 24.01
Epoch:57, test_Acc: 36.90, test_bacc: 31.20, test_f1: 24.51
Epoch:58, test_Acc: 37.60, test_bacc: 31.84, test_f1: 25.17
Epoch:59, test_Acc: 38.30, test_bacc: 32.48, test_f1: 25.88
Epoch:60, test_Acc: 39.30, test_bacc: 33.41, test_f1: 26.91
Epoch:61, test_Acc: 39.60, test_bacc: 33.66, test_f1: 27.14
Epoch:62, test_Acc: 40.10, test_bacc: 34.15, test_f1: 27.67
Epoch:63, test_Acc: 40.20, test_bacc: 34.25, test_f1: 27.78
Epoch:64, test_Acc: 40.70, test_bacc: 34.69, test_f1: 28.18
Epoch:65, test_Acc: 40.80, test_bacc: 34.79, test_f1: 28.24
Epoch:66, test_Acc: 41.40, test_bacc: 35.28, test_f1: 28.65
Epoch:67, test_Acc: 41.90, test_bacc: 35.77, test_f1: 29.07
Epoch:68, test_Acc: 41.90, test_bacc: 35.77, test_f1: 29.07
Epoch:69, test_Acc: 42.70, test_bacc: 36.53, test_f1: 29.79
Epoch:70, test_Acc: 43.10, test_bacc: 36.89, test_f1: 30.04
Epoch:71, test_Acc: 43.20, test_bacc: 36.99, test_f1: 30.13
Epoch:72, test_Acc: 43.40, test_bacc: 37.19, test_f1: 30.34
Epoch:73, test_Acc: 43.80, test_bacc: 37.58, test_f1: 30.62
Epoch:74, test_Acc: 43.80, test_bacc: 37.58, test_f1: 30.62
Epoch:75, test_Acc: 44.20, test_bacc: 37.95, test_f1: 30.72
Epoch:76, test_Acc: 44.30, test_bacc: 38.02, test_f1: 30.74
Epoch:77, test_Acc: 44.30, test_bacc: 38.02, test_f1: 30.74
Epoch:78, test_Acc: 44.30, test_bacc: 38.02, test_f1: 30.74
Epoch:79, test_Acc: 44.30, test_bacc: 38.02, test_f1: 30.74
Epoch:80, test_Acc: 44.60, test_bacc: 38.32, test_f1: 30.86
Epoch:81, test_Acc: 44.60, test_bacc: 38.32, test_f1: 30.86
Epoch:82, test_Acc: 44.60, test_bacc: 38.32, test_f1: 30.86
Epoch:83, test_Acc: 44.60, test_bacc: 38.32, test_f1: 30.86
Epoch:84, test_Acc: 44.60, test_bacc: 38.32, test_f1: 30.86
Epoch:85, test_Acc: 44.90, test_bacc: 38.62, test_f1: 31.05
Epoch:86, test_Acc: 44.90, test_bacc: 38.62, test_f1: 31.05
Epoch:87, test_Acc: 44.90, test_bacc: 38.62, test_f1: 31.05
Epoch:88, test_Acc: 45.00, test_bacc: 38.72, test_f1: 31.10
Epoch:89, test_Acc: 45.00, test_bacc: 38.72, test_f1: 31.10
Epoch:90, test_Acc: 45.30, test_bacc: 38.96, test_f1: 31.25
Epoch:91, test_Acc: 45.30, test_bacc: 38.96, test_f1: 31.25
Epoch:92, test_Acc: 45.00, test_bacc: 38.74, test_f1: 31.10
Epoch:93, test_Acc: 45.00, test_bacc: 38.74, test_f1: 31.10
Epoch:94, test_Acc: 45.00, test_bacc: 38.74, test_f1: 31.14
Epoch:95, test_Acc: 45.00, test_bacc: 38.74, test_f1: 31.14
Epoch:96, test_Acc: 45.00, test_bacc: 38.74, test_f1: 31.14
Epoch:97, test_Acc: 45.00, test_bacc: 38.74, test_f1: 31.14
Epoch:98, test_Acc: 45.00, test_bacc: 38.74, test_f1: 31.14
Epoch:99, test_Acc: 45.70, test_bacc: 39.33, test_f1: 31.46
Epoch:100, test_Acc: 45.70, test_bacc: 39.33, test_f1: 31.46
Epoch:101, test_Acc: 45.70, test_bacc: 39.33, test_f1: 31.46
Epoch:102, test_Acc: 45.70, test_bacc: 39.33, test_f1: 31.45
Epoch:103, test_Acc: 45.70, test_bacc: 39.33, test_f1: 31.45
Epoch:104, test_Acc: 45.70, test_bacc: 39.33, test_f1: 31.45
Epoch:105, test_Acc: 45.70, test_bacc: 39.33, test_f1: 31.45
Epoch:106, test_Acc: 45.70, test_bacc: 39.33, test_f1: 31.45
Epoch:107, test_Acc: 45.70, test_bacc: 39.33, test_f1: 31.45
Epoch:108, test_Acc: 45.70, test_bacc: 39.33, test_f1: 31.45
Epoch:109, test_Acc: 45.70, test_bacc: 39.33, test_f1: 31.45
Epoch:110, test_Acc: 45.70, test_bacc: 39.33, test_f1: 31.45
Epoch:111, test_Acc: 45.70, test_bacc: 39.33, test_f1: 31.45
Epoch:112, test_Acc: 45.70, test_bacc: 39.33, test_f1: 31.45
Epoch:113, test_Acc: 45.70, test_bacc: 39.33, test_f1: 31.45
Epoch:114, test_Acc: 45.70, test_bacc: 39.33, test_f1: 31.45
Epoch:115, test_Acc: 45.70, test_bacc: 39.33, test_f1: 31.45
Epoch:116, test_Acc: 45.70, test_bacc: 39.33, test_f1: 31.45
Epoch:117, test_Acc: 45.70, test_bacc: 39.33, test_f1: 31.45
Epoch:118, test_Acc: 45.70, test_bacc: 39.33, test_f1: 31.45
Epoch:119, test_Acc: 45.70, test_bacc: 39.33, test_f1: 31.45
Epoch:120, test_Acc: 45.70, test_bacc: 39.33, test_f1: 31.45
Epoch:121, test_Acc: 45.70, test_bacc: 39.33, test_f1: 31.45
Epoch:122, test_Acc: 45.70, test_bacc: 39.33, test_f1: 31.45
Epoch:123, test_Acc: 45.70, test_bacc: 39.33, test_f1: 31.45
Epoch:124, test_Acc: 45.70, test_bacc: 39.33, test_f1: 31.45
Epoch:125, test_Acc: 45.70, test_bacc: 39.33, test_f1: 31.45
Epoch:126, test_Acc: 45.70, test_bacc: 39.33, test_f1: 31.45
Epoch:127, test_Acc: 45.70, test_bacc: 39.33, test_f1: 31.45
Epoch:128, test_Acc: 45.70, test_bacc: 39.33, test_f1: 31.45
Epoch:129, test_Acc: 45.70, test_bacc: 39.33, test_f1: 31.45
Epoch:130, test_Acc: 45.70, test_bacc: 39.33, test_f1: 31.45
Epoch:131, test_Acc: 45.70, test_bacc: 39.33, test_f1: 31.45
Epoch:132, test_Acc: 45.70, test_bacc: 39.33, test_f1: 31.45
Epoch:133, test_Acc: 45.70, test_bacc: 39.33, test_f1: 31.45
Epoch:134, test_Acc: 45.70, test_bacc: 39.33, test_f1: 31.45
Epoch:135, test_Acc: 45.70, test_bacc: 39.33, test_f1: 31.45
Epoch:136, test_Acc: 45.70, test_bacc: 39.33, test_f1: 31.45
Epoch:137, test_Acc: 45.70, test_bacc: 39.33, test_f1: 31.45
Epoch:138, test_Acc: 45.70, test_bacc: 39.33, test_f1: 31.45
Epoch:139, test_Acc: 45.70, test_bacc: 39.33, test_f1: 31.45
Epoch:140, test_Acc: 45.70, test_bacc: 39.33, test_f1: 31.45
Epoch:141, test_Acc: 45.70, test_bacc: 39.33, test_f1: 31.45
Epoch:142, test_Acc: 45.70, test_bacc: 39.33, test_f1: 31.45
Epoch:143, test_Acc: 45.70, test_bacc: 39.33, test_f1: 31.45
Epoch:144, test_Acc: 45.70, test_bacc: 39.33, test_f1: 31.45
Epoch:145, test_Acc: 45.70, test_bacc: 39.33, test_f1: 31.45
Epoch:146, test_Acc: 45.70, test_bacc: 39.33, test_f1: 31.45
Epoch:147, test_Acc: 45.70, test_bacc: 39.33, test_f1: 31.45
Epoch:148, test_Acc: 45.70, test_bacc: 39.33, test_f1: 31.45
Epoch:149, test_Acc: 45.70, test_bacc: 39.33, test_f1: 31.45
Epoch:150, test_Acc: 45.70, test_bacc: 39.33, test_f1: 31.45
Epoch:151, test_Acc: 45.70, test_bacc: 39.33, test_f1: 31.45
Epoch:152, test_Acc: 45.70, test_bacc: 39.33, test_f1: 31.45
Epoch:153, test_Acc: 45.70, test_bacc: 39.33, test_f1: 31.45
Epoch:154, test_Acc: 45.70, test_bacc: 39.33, test_f1: 31.45
Epoch:155, test_Acc: 45.70, test_bacc: 39.33, test_f1: 31.45
Epoch:156, test_Acc: 45.70, test_bacc: 39.33, test_f1: 31.45
Epoch:157, test_Acc: 45.70, test_bacc: 39.33, test_f1: 31.45
Epoch:158, test_Acc: 45.70, test_bacc: 39.33, test_f1: 31.45
Epoch:159, test_Acc: 45.70, test_bacc: 39.33, test_f1: 31.45
Epoch:160, test_Acc: 45.70, test_bacc: 39.33, test_f1: 31.45
Epoch:161, test_Acc: 45.70, test_bacc: 39.33, test_f1: 31.45
Epoch:162, test_Acc: 45.70, test_bacc: 39.33, test_f1: 31.45
Epoch:163, test_Acc: 45.70, test_bacc: 39.33, test_f1: 31.45
Epoch:164, test_Acc: 45.70, test_bacc: 39.33, test_f1: 31.45
Epoch:165, test_Acc: 45.70, test_bacc: 39.33, test_f1: 31.45
Epoch:166, test_Acc: 45.70, test_bacc: 39.33, test_f1: 31.45
Epoch:167, test_Acc: 45.70, test_bacc: 39.33, test_f1: 31.45
Epoch:168, test_Acc: 45.70, test_bacc: 39.33, test_f1: 31.45
Epoch:169, test_Acc: 45.70, test_bacc: 39.33, test_f1: 31.45
Epoch:170, test_Acc: 45.70, test_bacc: 39.33, test_f1: 31.45
Epoch:171, test_Acc: 45.70, test_bacc: 39.33, test_f1: 31.45
Epoch:172, test_Acc: 47.30, test_bacc: 40.87, test_f1: 32.78
Epoch:173, test_Acc: 47.30, test_bacc: 40.87, test_f1: 32.78
Epoch:174, test_Acc: 47.30, test_bacc: 40.87, test_f1: 32.78
Epoch:175, test_Acc: 47.40, test_bacc: 40.92, test_f1: 32.80
Epoch:176, test_Acc: 47.40, test_bacc: 40.92, test_f1: 32.80
Epoch:177, test_Acc: 47.40, test_bacc: 40.92, test_f1: 32.80
Epoch:178, test_Acc: 47.10, test_bacc: 40.75, test_f1: 32.84
Epoch:179, test_Acc: 47.40, test_bacc: 40.99, test_f1: 33.09
Epoch:180, test_Acc: 47.40, test_bacc: 40.99, test_f1: 33.09
Epoch:181, test_Acc: 48.40, test_bacc: 41.86, test_f1: 33.93
Epoch:182, test_Acc: 48.40, test_bacc: 41.86, test_f1: 33.93
Epoch:183, test_Acc: 48.40, test_bacc: 41.86, test_f1: 33.93
Epoch:184, test_Acc: 48.40, test_bacc: 41.86, test_f1: 33.93
Epoch:185, test_Acc: 48.40, test_bacc: 41.86, test_f1: 33.93
Epoch:186, test_Acc: 48.40, test_bacc: 41.86, test_f1: 33.93
Epoch:187, test_Acc: 48.40, test_bacc: 41.86, test_f1: 33.93
Epoch:188, test_Acc: 48.40, test_bacc: 41.86, test_f1: 33.93
Epoch:189, test_Acc: 48.40, test_bacc: 41.86, test_f1: 33.93
Epoch:190, test_Acc: 48.40, test_bacc: 41.86, test_f1: 33.93
Epoch:191, test_Acc: 48.40, test_bacc: 41.86, test_f1: 33.93
Epoch:192, test_Acc: 48.40, test_bacc: 41.86, test_f1: 33.93
Epoch:193, test_Acc: 48.40, test_bacc: 41.86, test_f1: 33.93
Epoch:194, test_Acc: 48.40, test_bacc: 41.86, test_f1: 33.93
Epoch:195, test_Acc: 48.40, test_bacc: 41.86, test_f1: 33.93
Epoch:196, test_Acc: 48.40, test_bacc: 41.86, test_f1: 33.93
Epoch:197, test_Acc: 48.40, test_bacc: 41.86, test_f1: 33.93
Epoch:198, test_Acc: 48.40, test_bacc: 41.86, test_f1: 33.93
Epoch:199, test_Acc: 48.40, test_bacc: 41.86, test_f1: 33.93
Epoch:200, test_Acc: 48.40, test_bacc: 41.86, test_f1: 33.93
Epoch:201, test_Acc: 48.40, test_bacc: 41.86, test_f1: 33.93
Epoch:202, test_Acc: 48.40, test_bacc: 41.86, test_f1: 33.93
Epoch:203, test_Acc: 48.40, test_bacc: 41.86, test_f1: 33.93
Epoch:204, test_Acc: 48.40, test_bacc: 41.86, test_f1: 33.93
Epoch:205, test_Acc: 48.40, test_bacc: 41.86, test_f1: 33.93
Epoch:206, test_Acc: 48.40, test_bacc: 41.86, test_f1: 33.93
Epoch:207, test_Acc: 48.40, test_bacc: 41.86, test_f1: 33.93
Epoch:208, test_Acc: 48.40, test_bacc: 41.86, test_f1: 33.93
Epoch:209, test_Acc: 48.40, test_bacc: 41.86, test_f1: 33.93
Epoch:210, test_Acc: 48.60, test_bacc: 42.08, test_f1: 34.87
Epoch:211, test_Acc: 48.60, test_bacc: 42.06, test_f1: 34.84
Epoch:212, test_Acc: 48.60, test_bacc: 42.06, test_f1: 34.84
Epoch:213, test_Acc: 48.60, test_bacc: 42.06, test_f1: 34.84
Epoch:214, test_Acc: 48.60, test_bacc: 42.06, test_f1: 34.84
Epoch:215, test_Acc: 48.60, test_bacc: 42.06, test_f1: 34.84
Epoch:216, test_Acc: 48.40, test_bacc: 41.96, test_f1: 34.83
Epoch:217, test_Acc: 48.60, test_bacc: 42.08, test_f1: 34.90
Epoch:218, test_Acc: 48.60, test_bacc: 42.08, test_f1: 34.90
Epoch:219, test_Acc: 48.60, test_bacc: 42.08, test_f1: 34.90
Epoch:220, test_Acc: 48.60, test_bacc: 42.08, test_f1: 34.90
Epoch:221, test_Acc: 48.60, test_bacc: 42.08, test_f1: 34.90
Epoch:222, test_Acc: 48.60, test_bacc: 42.08, test_f1: 34.90
Epoch:223, test_Acc: 48.60, test_bacc: 42.08, test_f1: 34.90
Epoch:224, test_Acc: 48.60, test_bacc: 42.08, test_f1: 34.90
Epoch:225, test_Acc: 48.60, test_bacc: 42.08, test_f1: 34.90
Epoch:226, test_Acc: 48.60, test_bacc: 42.08, test_f1: 34.90
Epoch:227, test_Acc: 48.60, test_bacc: 42.08, test_f1: 34.90
Epoch:228, test_Acc: 48.60, test_bacc: 42.08, test_f1: 34.90
Epoch:229, test_Acc: 48.60, test_bacc: 42.08, test_f1: 34.90
Epoch:230, test_Acc: 48.60, test_bacc: 42.08, test_f1: 34.90
Epoch:231, test_Acc: 48.60, test_bacc: 42.08, test_f1: 34.90
Epoch:232, test_Acc: 48.60, test_bacc: 42.08, test_f1: 34.90
Epoch:233, test_Acc: 48.60, test_bacc: 42.08, test_f1: 34.90
Epoch:234, test_Acc: 48.60, test_bacc: 42.08, test_f1: 34.90
Epoch:235, test_Acc: 48.60, test_bacc: 42.08, test_f1: 34.90
Epoch:236, test_Acc: 48.60, test_bacc: 42.08, test_f1: 34.90
Epoch:237, test_Acc: 48.60, test_bacc: 42.08, test_f1: 34.90
Epoch:238, test_Acc: 48.60, test_bacc: 42.08, test_f1: 34.90
Epoch:239, test_Acc: 49.10, test_bacc: 42.54, test_f1: 35.31
Epoch:240, test_Acc: 49.10, test_bacc: 42.54, test_f1: 35.31
Epoch:241, test_Acc: 49.10, test_bacc: 42.54, test_f1: 35.31
Epoch:242, test_Acc: 49.10, test_bacc: 42.54, test_f1: 35.31
Epoch:243, test_Acc: 49.10, test_bacc: 42.54, test_f1: 35.31
Epoch:244, test_Acc: 49.10, test_bacc: 42.54, test_f1: 35.31
Epoch:245, test_Acc: 49.10, test_bacc: 42.54, test_f1: 35.31
Epoch:246, test_Acc: 49.10, test_bacc: 42.54, test_f1: 35.31
Epoch:247, test_Acc: 49.10, test_bacc: 42.54, test_f1: 35.31
Epoch:248, test_Acc: 49.10, test_bacc: 42.54, test_f1: 35.31
Epoch:249, test_Acc: 49.10, test_bacc: 42.54, test_f1: 35.31
Epoch:250, test_Acc: 49.10, test_bacc: 42.54, test_f1: 35.31
Epoch:251, test_Acc: 49.10, test_bacc: 42.54, test_f1: 35.31
Epoch:252, test_Acc: 49.10, test_bacc: 42.54, test_f1: 35.31
Epoch:253, test_Acc: 49.10, test_bacc: 42.54, test_f1: 35.31
Epoch:254, test_Acc: 49.10, test_bacc: 42.54, test_f1: 35.31
Epoch:255, test_Acc: 49.10, test_bacc: 42.54, test_f1: 35.31
Epoch:256, test_Acc: 49.10, test_bacc: 42.54, test_f1: 35.31
Epoch:257, test_Acc: 49.10, test_bacc: 42.54, test_f1: 35.31
Epoch:258, test_Acc: 49.10, test_bacc: 42.54, test_f1: 35.31
Epoch:259, test_Acc: 49.10, test_bacc: 42.54, test_f1: 35.31
Epoch:260, test_Acc: 49.10, test_bacc: 42.54, test_f1: 35.31
Epoch:261, test_Acc: 49.10, test_bacc: 42.54, test_f1: 35.31
Epoch:262, test_Acc: 49.10, test_bacc: 42.54, test_f1: 35.31
Epoch:263, test_Acc: 49.10, test_bacc: 42.54, test_f1: 35.31
Epoch:264, test_Acc: 49.10, test_bacc: 42.54, test_f1: 35.31
Epoch:265, test_Acc: 49.10, test_bacc: 42.54, test_f1: 35.31
Epoch:266, test_Acc: 49.10, test_bacc: 42.54, test_f1: 35.31
Epoch:267, test_Acc: 49.10, test_bacc: 42.54, test_f1: 35.31
Epoch:268, test_Acc: 49.10, test_bacc: 42.54, test_f1: 35.31
Epoch:269, test_Acc: 49.10, test_bacc: 42.54, test_f1: 35.31
Epoch:270, test_Acc: 49.10, test_bacc: 42.54, test_f1: 35.31
Epoch:271, test_Acc: 49.10, test_bacc: 42.54, test_f1: 35.31
Epoch:272, test_Acc: 49.10, test_bacc: 42.54, test_f1: 35.31
Epoch:273, test_Acc: 49.10, test_bacc: 42.54, test_f1: 35.31
Epoch:274, test_Acc: 49.10, test_bacc: 42.54, test_f1: 35.31
Epoch:275, test_Acc: 49.10, test_bacc: 42.54, test_f1: 35.31
Epoch:276, test_Acc: 49.10, test_bacc: 42.54, test_f1: 35.31
Epoch:277, test_Acc: 49.10, test_bacc: 42.54, test_f1: 35.31
Epoch:278, test_Acc: 49.10, test_bacc: 42.54, test_f1: 35.31
Epoch:279, test_Acc: 49.10, test_bacc: 42.54, test_f1: 35.31
Epoch:280, test_Acc: 49.10, test_bacc: 42.54, test_f1: 35.31
Epoch:281, test_Acc: 49.10, test_bacc: 42.54, test_f1: 35.31
Epoch:282, test_Acc: 49.10, test_bacc: 42.54, test_f1: 35.31
Epoch:283, test_Acc: 49.10, test_bacc: 42.54, test_f1: 35.31
Epoch:284, test_Acc: 49.10, test_bacc: 42.54, test_f1: 35.31
Epoch:285, test_Acc: 49.40, test_bacc: 42.89, test_f1: 36.24
Epoch:286, test_Acc: 49.40, test_bacc: 42.89, test_f1: 36.24
Epoch:287, test_Acc: 49.40, test_bacc: 42.89, test_f1: 36.24
Epoch:288, test_Acc: 49.40, test_bacc: 42.89, test_f1: 36.24
Epoch:289, test_Acc: 49.40, test_bacc: 42.89, test_f1: 36.24
Epoch:290, test_Acc: 49.40, test_bacc: 42.89, test_f1: 36.24
Epoch:291, test_Acc: 49.40, test_bacc: 42.89, test_f1: 36.24
Epoch:292, test_Acc: 49.40, test_bacc: 42.89, test_f1: 36.24
Epoch:293, test_Acc: 49.40, test_bacc: 42.89, test_f1: 36.24
Epoch:294, test_Acc: 49.40, test_bacc: 42.89, test_f1: 36.24
Epoch:295, test_Acc: 49.40, test_bacc: 42.89, test_f1: 36.24
Epoch:296, test_Acc: 49.40, test_bacc: 42.89, test_f1: 36.24
Epoch:297, test_Acc: 49.40, test_bacc: 42.89, test_f1: 36.24
Epoch:298, test_Acc: 49.40, test_bacc: 42.89, test_f1: 36.24
Epoch:299, test_Acc: 49.40, test_bacc: 42.89, test_f1: 36.24
Epoch:300, test_Acc: 49.40, test_bacc: 42.89, test_f1: 36.24
Epoch:301, test_Acc: 49.40, test_bacc: 42.89, test_f1: 36.24
Epoch:302, test_Acc: 49.40, test_bacc: 42.89, test_f1: 36.24
Epoch:303, test_Acc: 49.40, test_bacc: 42.89, test_f1: 36.24
Epoch:304, test_Acc: 49.40, test_bacc: 42.89, test_f1: 36.24
Epoch:305, test_Acc: 49.40, test_bacc: 42.89, test_f1: 36.24
Epoch:306, test_Acc: 49.40, test_bacc: 42.89, test_f1: 36.24
Epoch:307, test_Acc: 49.40, test_bacc: 42.89, test_f1: 36.24
Epoch:308, test_Acc: 49.40, test_bacc: 42.89, test_f1: 36.24
Epoch:309, test_Acc: 49.40, test_bacc: 42.89, test_f1: 36.24
Epoch:310, test_Acc: 49.40, test_bacc: 42.89, test_f1: 36.24
Epoch:311, test_Acc: 49.40, test_bacc: 42.89, test_f1: 36.24
Epoch:312, test_Acc: 49.40, test_bacc: 42.89, test_f1: 36.24
Epoch:313, test_Acc: 49.40, test_bacc: 42.89, test_f1: 36.24
Epoch:314, test_Acc: 49.40, test_bacc: 42.89, test_f1: 36.24
Epoch:315, test_Acc: 49.40, test_bacc: 42.89, test_f1: 36.24
Epoch:316, test_Acc: 49.80, test_bacc: 43.27, test_f1: 36.71
Epoch:317, test_Acc: 49.80, test_bacc: 43.27, test_f1: 36.71
Epoch:318, test_Acc: 49.80, test_bacc: 43.27, test_f1: 36.71
Epoch:319, test_Acc: 49.80, test_bacc: 43.27, test_f1: 36.71
Epoch:320, test_Acc: 49.80, test_bacc: 43.27, test_f1: 36.71
Epoch:321, test_Acc: 49.80, test_bacc: 43.27, test_f1: 36.71
Epoch:322, test_Acc: 49.80, test_bacc: 43.27, test_f1: 36.71
Epoch:323, test_Acc: 49.80, test_bacc: 43.27, test_f1: 36.71
Epoch:324, test_Acc: 49.80, test_bacc: 43.32, test_f1: 36.95
Epoch:325, test_Acc: 49.80, test_bacc: 43.32, test_f1: 36.95
Epoch:326, test_Acc: 49.80, test_bacc: 43.32, test_f1: 36.95
Epoch:327, test_Acc: 49.80, test_bacc: 43.32, test_f1: 36.95
Epoch:328, test_Acc: 49.80, test_bacc: 43.32, test_f1: 36.95
Epoch:329, test_Acc: 49.80, test_bacc: 43.32, test_f1: 36.95
Epoch:330, test_Acc: 49.80, test_bacc: 43.32, test_f1: 36.95
Epoch:331, test_Acc: 49.80, test_bacc: 43.32, test_f1: 36.95
Epoch:332, test_Acc: 49.80, test_bacc: 43.32, test_f1: 36.95
Epoch:333, test_Acc: 49.80, test_bacc: 43.32, test_f1: 36.95
Epoch:334, test_Acc: 49.80, test_bacc: 43.32, test_f1: 36.95
Epoch:335, test_Acc: 49.80, test_bacc: 43.32, test_f1: 36.95
Epoch:336, test_Acc: 49.80, test_bacc: 43.32, test_f1: 36.95
Epoch:337, test_Acc: 49.80, test_bacc: 43.32, test_f1: 36.95
Epoch:338, test_Acc: 49.80, test_bacc: 43.32, test_f1: 36.95
Epoch:339, test_Acc: 49.80, test_bacc: 43.32, test_f1: 36.95
Epoch:340, test_Acc: 49.80, test_bacc: 43.32, test_f1: 36.95
Epoch:341, test_Acc: 49.80, test_bacc: 43.32, test_f1: 36.95
Epoch:342, test_Acc: 49.80, test_bacc: 43.32, test_f1: 36.95
Epoch:343, test_Acc: 49.80, test_bacc: 43.32, test_f1: 36.95
Epoch:344, test_Acc: 49.80, test_bacc: 43.32, test_f1: 36.95
Epoch:345, test_Acc: 49.80, test_bacc: 43.32, test_f1: 36.95
Epoch:346, test_Acc: 49.80, test_bacc: 43.32, test_f1: 36.95
Epoch:347, test_Acc: 49.80, test_bacc: 43.32, test_f1: 36.95
Epoch:348, test_Acc: 49.80, test_bacc: 43.32, test_f1: 36.95
Epoch:349, test_Acc: 49.80, test_bacc: 43.32, test_f1: 36.95
Epoch:350, test_Acc: 49.80, test_bacc: 43.32, test_f1: 36.95
Epoch:351, test_Acc: 49.80, test_bacc: 43.32, test_f1: 36.95
Epoch:352, test_Acc: 49.80, test_bacc: 43.32, test_f1: 36.95
Epoch:353, test_Acc: 49.80, test_bacc: 43.32, test_f1: 36.95
Epoch:354, test_Acc: 49.80, test_bacc: 43.32, test_f1: 36.95
Epoch:355, test_Acc: 49.80, test_bacc: 43.32, test_f1: 36.95
Epoch:356, test_Acc: 49.80, test_bacc: 43.32, test_f1: 36.95
Epoch:357, test_Acc: 49.80, test_bacc: 43.32, test_f1: 36.95
Epoch:358, test_Acc: 49.80, test_bacc: 43.32, test_f1: 36.95
Epoch:359, test_Acc: 49.80, test_bacc: 43.32, test_f1: 36.95
Epoch:360, test_Acc: 49.80, test_bacc: 43.32, test_f1: 36.95
Epoch:361, test_Acc: 49.80, test_bacc: 43.32, test_f1: 36.95
Epoch:362, test_Acc: 49.80, test_bacc: 43.32, test_f1: 36.95
Epoch:363, test_Acc: 49.80, test_bacc: 43.32, test_f1: 36.95
Epoch:364, test_Acc: 49.80, test_bacc: 43.32, test_f1: 36.95
Epoch:365, test_Acc: 49.70, test_bacc: 43.22, test_f1: 36.99
Epoch:366, test_Acc: 49.80, test_bacc: 43.29, test_f1: 37.04
Epoch:367, test_Acc: 49.90, test_bacc: 43.39, test_f1: 37.11
Epoch:368, test_Acc: 49.90, test_bacc: 43.39, test_f1: 37.11
Epoch:369, test_Acc: 49.90, test_bacc: 43.39, test_f1: 37.11
Epoch:370, test_Acc: 49.90, test_bacc: 43.39, test_f1: 37.11
Epoch:371, test_Acc: 49.90, test_bacc: 43.39, test_f1: 37.11
Epoch:372, test_Acc: 49.90, test_bacc: 43.39, test_f1: 37.11
Epoch:373, test_Acc: 49.90, test_bacc: 43.39, test_f1: 37.11
Epoch:374, test_Acc: 49.90, test_bacc: 43.39, test_f1: 37.11
Epoch:375, test_Acc: 49.90, test_bacc: 43.39, test_f1: 37.11
Epoch:376, test_Acc: 49.90, test_bacc: 43.39, test_f1: 37.11
Epoch:377, test_Acc: 49.90, test_bacc: 43.39, test_f1: 37.11
Epoch:378, test_Acc: 49.90, test_bacc: 43.39, test_f1: 37.11
Epoch:379, test_Acc: 49.90, test_bacc: 43.39, test_f1: 37.11
Epoch:380, test_Acc: 49.90, test_bacc: 43.39, test_f1: 37.11
Epoch:381, test_Acc: 49.90, test_bacc: 43.39, test_f1: 37.11
Epoch:382, test_Acc: 49.90, test_bacc: 43.39, test_f1: 37.11
Epoch:383, test_Acc: 49.90, test_bacc: 43.39, test_f1: 37.11
Epoch:384, test_Acc: 49.90, test_bacc: 43.39, test_f1: 37.11
Epoch:385, test_Acc: 49.90, test_bacc: 43.39, test_f1: 37.11
Epoch:386, test_Acc: 49.90, test_bacc: 43.39, test_f1: 37.11
Epoch:387, test_Acc: 49.90, test_bacc: 43.39, test_f1: 37.11
Epoch:388, test_Acc: 49.90, test_bacc: 43.39, test_f1: 37.11
Epoch:389, test_Acc: 49.90, test_bacc: 43.39, test_f1: 37.11
Epoch:390, test_Acc: 49.90, test_bacc: 43.39, test_f1: 37.11
Epoch:391, test_Acc: 49.90, test_bacc: 43.39, test_f1: 37.11
Epoch:392, test_Acc: 49.90, test_bacc: 43.39, test_f1: 37.11
Epoch:393, test_Acc: 49.90, test_bacc: 43.39, test_f1: 37.11
Epoch:394, test_Acc: 49.90, test_bacc: 43.39, test_f1: 37.11
Epoch:395, test_Acc: 49.90, test_bacc: 43.39, test_f1: 37.11
Epoch:396, test_Acc: 49.90, test_bacc: 43.39, test_f1: 37.11
Epoch:397, test_Acc: 49.90, test_bacc: 43.39, test_f1: 37.11
Epoch:398, test_Acc: 49.90, test_bacc: 43.39, test_f1: 37.11
Epoch:399, test_Acc: 49.90, test_bacc: 43.39, test_f1: 37.11
Epoch:400, test_Acc: 49.90, test_bacc: 43.39, test_f1: 37.11
Epoch:401, test_Acc: 49.90, test_bacc: 43.39, test_f1: 37.11
Epoch:402, test_Acc: 49.90, test_bacc: 43.39, test_f1: 37.11
Epoch:403, test_Acc: 49.90, test_bacc: 43.39, test_f1: 37.11
Epoch:404, test_Acc: 49.90, test_bacc: 43.39, test_f1: 37.11
Epoch:405, test_Acc: 49.90, test_bacc: 43.39, test_f1: 37.11
Epoch:406, test_Acc: 49.90, test_bacc: 43.39, test_f1: 37.11
Epoch:407, test_Acc: 49.90, test_bacc: 43.39, test_f1: 37.11
Epoch:408, test_Acc: 49.90, test_bacc: 43.39, test_f1: 37.11
Epoch:409, test_Acc: 49.90, test_bacc: 43.39, test_f1: 37.11
Epoch:410, test_Acc: 49.90, test_bacc: 43.39, test_f1: 37.11
Epoch:411, test_Acc: 49.90, test_bacc: 43.39, test_f1: 37.11
Epoch:412, test_Acc: 49.90, test_bacc: 43.39, test_f1: 37.11
Epoch:413, test_Acc: 49.90, test_bacc: 43.39, test_f1: 37.11
Epoch:414, test_Acc: 49.90, test_bacc: 43.39, test_f1: 37.11
Epoch:415, test_Acc: 49.90, test_bacc: 43.39, test_f1: 37.11
Epoch:416, test_Acc: 50.20, test_bacc: 43.69, test_f1: 37.58
Epoch:417, test_Acc: 50.20, test_bacc: 43.69, test_f1: 37.58
Epoch:418, test_Acc: 50.20, test_bacc: 43.69, test_f1: 37.58
Epoch:419, test_Acc: 50.20, test_bacc: 43.69, test_f1: 37.58
Epoch:420, test_Acc: 50.20, test_bacc: 43.69, test_f1: 37.58
Epoch:421, test_Acc: 50.20, test_bacc: 43.69, test_f1: 37.58
Epoch:422, test_Acc: 50.20, test_bacc: 43.69, test_f1: 37.58
Epoch:423, test_Acc: 50.20, test_bacc: 43.69, test_f1: 37.58
Epoch:424, test_Acc: 50.20, test_bacc: 43.69, test_f1: 37.58
Epoch:425, test_Acc: 50.20, test_bacc: 43.69, test_f1: 37.58
Epoch:426, test_Acc: 50.20, test_bacc: 43.69, test_f1: 37.58
Epoch:427, test_Acc: 50.20, test_bacc: 43.69, test_f1: 37.58
Epoch:428, test_Acc: 50.20, test_bacc: 43.69, test_f1: 37.58
Epoch:429, test_Acc: 50.20, test_bacc: 43.69, test_f1: 37.58
Epoch:430, test_Acc: 50.20, test_bacc: 43.69, test_f1: 37.58
Epoch:431, test_Acc: 50.20, test_bacc: 43.69, test_f1: 37.58
Epoch:432, test_Acc: 50.20, test_bacc: 43.69, test_f1: 37.58
Epoch:433, test_Acc: 50.20, test_bacc: 43.69, test_f1: 37.58
Epoch:434, test_Acc: 50.20, test_bacc: 43.69, test_f1: 37.58
Epoch:435, test_Acc: 50.20, test_bacc: 43.69, test_f1: 37.58
Epoch:436, test_Acc: 50.20, test_bacc: 43.69, test_f1: 37.58
Epoch:437, test_Acc: 50.20, test_bacc: 43.69, test_f1: 37.58
Epoch:438, test_Acc: 50.20, test_bacc: 43.69, test_f1: 37.58
Epoch:439, test_Acc: 50.20, test_bacc: 43.69, test_f1: 37.58
Epoch:440, test_Acc: 50.20, test_bacc: 43.69, test_f1: 37.58
Epoch:441, test_Acc: 50.20, test_bacc: 43.69, test_f1: 37.58
Epoch:442, test_Acc: 50.20, test_bacc: 43.69, test_f1: 37.58
Epoch:443, test_Acc: 50.20, test_bacc: 43.69, test_f1: 37.58
Epoch:444, test_Acc: 50.20, test_bacc: 43.69, test_f1: 37.58
Epoch:445, test_Acc: 50.20, test_bacc: 43.69, test_f1: 37.58
Epoch:446, test_Acc: 50.20, test_bacc: 43.69, test_f1: 37.58
Epoch:447, test_Acc: 50.20, test_bacc: 43.69, test_f1: 37.58
Epoch:448, test_Acc: 50.20, test_bacc: 43.69, test_f1: 37.58
Epoch:449, test_Acc: 50.20, test_bacc: 43.69, test_f1: 37.58
Epoch:450, test_Acc: 50.20, test_bacc: 43.69, test_f1: 37.58
Epoch:451, test_Acc: 50.20, test_bacc: 43.69, test_f1: 37.58
Epoch:452, test_Acc: 50.20, test_bacc: 43.69, test_f1: 37.58
Epoch:453, test_Acc: 50.20, test_bacc: 43.69, test_f1: 37.58
Epoch:454, test_Acc: 50.20, test_bacc: 43.69, test_f1: 37.58
Epoch:455, test_Acc: 50.20, test_bacc: 43.69, test_f1: 37.58
Epoch:456, test_Acc: 50.20, test_bacc: 43.69, test_f1: 37.58
Epoch:457, test_Acc: 50.20, test_bacc: 43.69, test_f1: 37.58
Epoch:458, test_Acc: 50.20, test_bacc: 43.69, test_f1: 37.58
Epoch:459, test_Acc: 50.20, test_bacc: 43.69, test_f1: 37.58
Epoch:460, test_Acc: 50.20, test_bacc: 43.69, test_f1: 37.58
Epoch:461, test_Acc: 50.20, test_bacc: 43.69, test_f1: 37.58
Epoch:462, test_Acc: 50.20, test_bacc: 43.69, test_f1: 37.58
Epoch:463, test_Acc: 50.20, test_bacc: 43.69, test_f1: 37.58
Epoch:464, test_Acc: 50.20, test_bacc: 43.69, test_f1: 37.58
Epoch:465, test_Acc: 50.20, test_bacc: 43.69, test_f1: 37.58
Epoch:466, test_Acc: 50.20, test_bacc: 43.69, test_f1: 37.58
Epoch:467, test_Acc: 50.20, test_bacc: 43.69, test_f1: 37.58
Epoch:468, test_Acc: 50.20, test_bacc: 43.69, test_f1: 37.58
Epoch:469, test_Acc: 50.20, test_bacc: 43.69, test_f1: 37.58
Epoch:470, test_Acc: 50.20, test_bacc: 43.69, test_f1: 37.58
Epoch:471, test_Acc: 50.20, test_bacc: 43.69, test_f1: 37.58
Epoch:472, test_Acc: 50.20, test_bacc: 43.69, test_f1: 37.58
Epoch:473, test_Acc: 50.20, test_bacc: 43.69, test_f1: 37.58
Epoch:474, test_Acc: 50.20, test_bacc: 43.69, test_f1: 37.58
Epoch:475, test_Acc: 50.20, test_bacc: 43.69, test_f1: 37.58
Epoch:476, test_Acc: 50.20, test_bacc: 43.69, test_f1: 37.58
Epoch:477, test_Acc: 50.20, test_bacc: 43.69, test_f1: 37.58
Epoch:478, test_Acc: 50.20, test_bacc: 43.69, test_f1: 37.58
Epoch:479, test_Acc: 50.20, test_bacc: 43.69, test_f1: 37.58
Epoch:480, test_Acc: 50.20, test_bacc: 43.69, test_f1: 37.58
Epoch:481, test_Acc: 50.20, test_bacc: 43.69, test_f1: 37.58
Epoch:482, test_Acc: 50.20, test_bacc: 43.69, test_f1: 37.58
Epoch:483, test_Acc: 50.20, test_bacc: 43.69, test_f1: 37.58
Epoch:484, test_Acc: 50.20, test_bacc: 43.69, test_f1: 37.58
Epoch:485, test_Acc: 50.20, test_bacc: 43.69, test_f1: 37.58
Epoch:486, test_Acc: 50.20, test_bacc: 43.69, test_f1: 37.58
Epoch:487, test_Acc: 50.20, test_bacc: 43.69, test_f1: 37.58
Epoch:488, test_Acc: 50.20, test_bacc: 43.69, test_f1: 37.58
Epoch:489, test_Acc: 50.20, test_bacc: 43.69, test_f1: 37.58
Epoch:490, test_Acc: 50.20, test_bacc: 43.69, test_f1: 37.58
Epoch:491, test_Acc: 50.20, test_bacc: 43.69, test_f1: 37.58
Epoch:492, test_Acc: 50.20, test_bacc: 43.69, test_f1: 37.58
Epoch:493, test_Acc: 50.20, test_bacc: 43.69, test_f1: 37.58
Epoch:494, test_Acc: 50.20, test_bacc: 43.69, test_f1: 37.58
Epoch:495, test_Acc: 50.20, test_bacc: 43.69, test_f1: 37.58
Epoch:496, test_Acc: 50.20, test_bacc: 43.69, test_f1: 37.58
Epoch:497, test_Acc: 50.20, test_bacc: 43.69, test_f1: 37.58
Epoch:498, test_Acc: 50.20, test_bacc: 43.69, test_f1: 37.58
Epoch:499, test_Acc: 50.20, test_bacc: 43.69, test_f1: 37.58
Epoch:500, test_Acc: 50.20, test_bacc: 43.69, test_f1: 37.58
Epoch:501, test_Acc: 50.20, test_bacc: 43.69, test_f1: 37.58
Epoch:502, test_Acc: 50.20, test_bacc: 43.69, test_f1: 37.58
Epoch:503, test_Acc: 50.20, test_bacc: 43.69, test_f1: 37.58
Epoch:504, test_Acc: 50.20, test_bacc: 43.69, test_f1: 37.58
Epoch:505, test_Acc: 50.20, test_bacc: 43.69, test_f1: 37.58
Epoch:506, test_Acc: 50.20, test_bacc: 43.69, test_f1: 37.58
Epoch:507, test_Acc: 50.20, test_bacc: 43.69, test_f1: 37.58
Epoch:508, test_Acc: 50.20, test_bacc: 43.69, test_f1: 37.58
Epoch:509, test_Acc: 50.20, test_bacc: 43.69, test_f1: 37.58
Epoch:510, test_Acc: 50.20, test_bacc: 43.69, test_f1: 37.58
Epoch:511, test_Acc: 50.20, test_bacc: 43.69, test_f1: 37.58
Epoch:512, test_Acc: 50.20, test_bacc: 43.69, test_f1: 37.58
Epoch:513, test_Acc: 50.20, test_bacc: 43.69, test_f1: 37.58
Epoch:514, test_Acc: 50.20, test_bacc: 43.69, test_f1: 37.58
Epoch:515, test_Acc: 50.20, test_bacc: 43.69, test_f1: 37.58
Epoch:516, test_Acc: 50.20, test_bacc: 43.69, test_f1: 37.58
Epoch:517, test_Acc: 50.20, test_bacc: 43.69, test_f1: 37.58
Epoch:518, test_Acc: 50.20, test_bacc: 43.69, test_f1: 37.58
Epoch:519, test_Acc: 50.20, test_bacc: 43.69, test_f1: 37.58
Epoch:520, test_Acc: 50.20, test_bacc: 43.69, test_f1: 37.58
Epoch:521, test_Acc: 50.20, test_bacc: 43.69, test_f1: 37.58
Epoch:522, test_Acc: 50.20, test_bacc: 43.69, test_f1: 37.58
Epoch:523, test_Acc: 50.20, test_bacc: 43.69, test_f1: 37.58
Epoch:524, test_Acc: 50.20, test_bacc: 43.69, test_f1: 37.58
Epoch:525, test_Acc: 50.20, test_bacc: 43.69, test_f1: 37.58
Epoch:526, test_Acc: 50.20, test_bacc: 43.69, test_f1: 37.58
Epoch:527, test_Acc: 50.20, test_bacc: 43.69, test_f1: 37.58
Epoch:528, test_Acc: 50.20, test_bacc: 43.69, test_f1: 37.58
Epoch:529, test_Acc: 50.20, test_bacc: 43.69, test_f1: 37.58
Epoch:530, test_Acc: 50.20, test_bacc: 43.69, test_f1: 37.58
Epoch:531, test_Acc: 50.20, test_bacc: 43.69, test_f1: 37.58
Epoch:532, test_Acc: 50.20, test_bacc: 43.69, test_f1: 37.58
Epoch:533, test_Acc: 50.20, test_bacc: 43.69, test_f1: 37.58
Epoch:534, test_Acc: 50.20, test_bacc: 43.69, test_f1: 37.58
Epoch:535, test_Acc: 50.20, test_bacc: 43.69, test_f1: 37.58
Epoch:536, test_Acc: 50.20, test_bacc: 43.69, test_f1: 37.58
Epoch:537, test_Acc: 50.20, test_bacc: 43.69, test_f1: 37.58
Epoch:538, test_Acc: 50.20, test_bacc: 43.69, test_f1: 37.58
Epoch:539, test_Acc: 50.20, test_bacc: 43.69, test_f1: 37.58
Epoch:540, test_Acc: 50.20, test_bacc: 43.69, test_f1: 37.58
Epoch:541, test_Acc: 50.20, test_bacc: 43.69, test_f1: 37.58
Epoch:542, test_Acc: 50.20, test_bacc: 43.69, test_f1: 37.58
Epoch:543, test_Acc: 50.20, test_bacc: 43.69, test_f1: 37.58
Epoch:544, test_Acc: 50.20, test_bacc: 43.69, test_f1: 37.58
Epoch:545, test_Acc: 50.20, test_bacc: 43.69, test_f1: 37.58
Epoch:546, test_Acc: 50.20, test_bacc: 43.69, test_f1: 37.58
Epoch:547, test_Acc: 50.20, test_bacc: 43.69, test_f1: 37.58
Epoch:548, test_Acc: 50.20, test_bacc: 43.69, test_f1: 37.58
Epoch:549, test_Acc: 50.20, test_bacc: 43.69, test_f1: 37.58
Epoch:550, test_Acc: 50.20, test_bacc: 43.69, test_f1: 37.58
Epoch:551, test_Acc: 50.20, test_bacc: 43.69, test_f1: 37.58
Early stop at epoch:  552
split: 0, test_Acc: 50.20, test_bacc: 43.69, test_f1: 37.58
/home/qj2004/magnet/src
Total time(all splits):  239.7666358947754
