cuda:1
Namespace(withAug=False, AugDirect=20, method_name='GCN', seed=100, IsDirectedData=False, dataset='WebKB/texas', undirect_dataset='CiteSeer', MakeImbalance=True, CustomizeMask=False, K=2, heads=8, log_root='../logs/', log_path='test', data_path='../dataset/data/tmp/', epochs=1500, num_filter=2, p_q=0.95, p_inter=0.1, dropout=0.0, debug=False, new_setting=False, layer=2, lr=0.005, l2=0.0005, to_undirected=False, alpha=0.1, randomseed=-1, imb_ratio=100, n_layer=2, feat_dim=64, warmup=5, epoch=900, tau=2, max=False, no_mask=False, gdc='ppr')
excel_file_path is  FalseAug_GCN_CiteSeer_output.xlsx
12-04-19:05:07
Dataset is  CiteSeer() 
Chosen from DirectedData:  False
Num of bidrected edges: 4552, total num of edges: 9104
This is directed graph:  False
data_x torch.Size([3327, 3703])
cuda:1
0
mu  cpu cpu
StandGCN2(
  (conv1): GCNConv(3703, 64)
  (conv2): GCNConv(64, 6)
)
cuda:1
Epoch:0, test_Acc: 18.10, test_bacc: 16.67, test_f1: 5.11
Epoch:1, test_Acc: 18.10, test_bacc: 16.67, test_f1: 5.11
Epoch:2, test_Acc: 18.10, test_bacc: 16.67, test_f1: 5.11
Epoch:3, test_Acc: 18.10, test_bacc: 16.67, test_f1: 5.11
Epoch:4, test_Acc: 18.10, test_bacc: 16.67, test_f1: 5.11
Epoch:5, test_Acc: 18.10, test_bacc: 16.67, test_f1: 5.11
Epoch:6, test_Acc: 18.10, test_bacc: 16.67, test_f1: 5.11
Epoch:7, test_Acc: 18.10, test_bacc: 16.67, test_f1: 5.11
Epoch:8, test_Acc: 18.10, test_bacc: 16.67, test_f1: 5.11
Epoch:9, test_Acc: 18.10, test_bacc: 16.67, test_f1: 5.11
Epoch:10, test_Acc: 18.10, test_bacc: 16.67, test_f1: 5.11
Epoch:11, test_Acc: 18.10, test_bacc: 16.67, test_f1: 5.11
Epoch:12, test_Acc: 18.10, test_bacc: 16.67, test_f1: 5.11
Epoch:13, test_Acc: 18.10, test_bacc: 16.67, test_f1: 5.11
Epoch:14, test_Acc: 18.10, test_bacc: 16.67, test_f1: 5.11
Epoch:15, test_Acc: 18.10, test_bacc: 16.67, test_f1: 5.11
Epoch:16, test_Acc: 18.10, test_bacc: 16.67, test_f1: 5.11
Epoch:17, test_Acc: 18.10, test_bacc: 16.67, test_f1: 5.11
Epoch:18, test_Acc: 18.10, test_bacc: 16.67, test_f1: 5.11
Epoch:19, test_Acc: 18.10, test_bacc: 16.67, test_f1: 5.11
Epoch:20, test_Acc: 18.10, test_bacc: 16.67, test_f1: 5.11
Epoch:21, test_Acc: 18.10, test_bacc: 16.67, test_f1: 5.11
Epoch:22, test_Acc: 18.10, test_bacc: 16.67, test_f1: 5.11
Epoch:23, test_Acc: 18.10, test_bacc: 16.67, test_f1: 5.11
Epoch:24, test_Acc: 18.10, test_bacc: 16.67, test_f1: 5.11
Epoch:25, test_Acc: 18.10, test_bacc: 16.67, test_f1: 5.11
Epoch:26, test_Acc: 18.10, test_bacc: 16.67, test_f1: 5.11
Epoch:27, test_Acc: 18.10, test_bacc: 16.67, test_f1: 5.11
Epoch:28, test_Acc: 18.10, test_bacc: 16.67, test_f1: 5.11
Epoch:29, test_Acc: 18.10, test_bacc: 16.67, test_f1: 5.11
Epoch:30, test_Acc: 18.10, test_bacc: 16.67, test_f1: 5.11
Epoch:31, test_Acc: 18.10, test_bacc: 16.67, test_f1: 5.11
Epoch:32, test_Acc: 18.10, test_bacc: 16.67, test_f1: 5.11
Epoch:33, test_Acc: 18.10, test_bacc: 16.67, test_f1: 5.11
Epoch:34, test_Acc: 18.10, test_bacc: 16.67, test_f1: 5.11
Epoch:35, test_Acc: 18.10, test_bacc: 16.67, test_f1: 5.11
Epoch:36, test_Acc: 18.10, test_bacc: 16.67, test_f1: 5.11
Epoch:37, test_Acc: 18.10, test_bacc: 16.67, test_f1: 5.11
Epoch:38, test_Acc: 18.10, test_bacc: 16.67, test_f1: 5.11
Epoch:39, test_Acc: 18.10, test_bacc: 16.67, test_f1: 5.11
Epoch:40, test_Acc: 18.10, test_bacc: 16.67, test_f1: 5.11
Epoch:41, test_Acc: 18.10, test_bacc: 16.67, test_f1: 5.11
Epoch:42, test_Acc: 18.10, test_bacc: 16.67, test_f1: 5.11
Epoch:43, test_Acc: 18.10, test_bacc: 16.67, test_f1: 5.11
Epoch:44, test_Acc: 18.10, test_bacc: 16.67, test_f1: 5.11
Epoch:45, test_Acc: 18.10, test_bacc: 16.67, test_f1: 5.11
Epoch:46, test_Acc: 18.10, test_bacc: 16.67, test_f1: 5.11
Epoch:47, test_Acc: 18.10, test_bacc: 16.67, test_f1: 5.11
Epoch:48, test_Acc: 18.10, test_bacc: 16.67, test_f1: 5.11
Epoch:49, test_Acc: 18.10, test_bacc: 16.67, test_f1: 5.11
Epoch:50, test_Acc: 18.10, test_bacc: 16.67, test_f1: 5.11
Epoch:51, test_Acc: 18.10, test_bacc: 16.67, test_f1: 5.11
Epoch:52, test_Acc: 18.10, test_bacc: 16.67, test_f1: 5.11
Epoch:53, test_Acc: 18.10, test_bacc: 16.67, test_f1: 5.11
Epoch:54, test_Acc: 18.20, test_bacc: 16.74, test_f1: 5.26
Epoch:55, test_Acc: 18.20, test_bacc: 16.74, test_f1: 5.26
Epoch:56, test_Acc: 18.20, test_bacc: 16.74, test_f1: 5.26
Epoch:57, test_Acc: 18.20, test_bacc: 16.74, test_f1: 5.26
Epoch:58, test_Acc: 18.20, test_bacc: 16.74, test_f1: 5.26
Epoch:59, test_Acc: 18.60, test_bacc: 17.03, test_f1: 5.84
Epoch:60, test_Acc: 18.60, test_bacc: 17.03, test_f1: 5.84
Epoch:61, test_Acc: 19.00, test_bacc: 17.32, test_f1: 6.40
Epoch:62, test_Acc: 19.00, test_bacc: 17.32, test_f1: 6.40
Epoch:63, test_Acc: 19.00, test_bacc: 17.32, test_f1: 6.40
Epoch:64, test_Acc: 20.20, test_bacc: 18.18, test_f1: 7.97
Epoch:65, test_Acc: 21.20, test_bacc: 18.90, test_f1: 9.18
Epoch:66, test_Acc: 21.40, test_bacc: 19.05, test_f1: 9.41
Epoch:67, test_Acc: 21.90, test_bacc: 19.41, test_f1: 9.97
Epoch:68, test_Acc: 22.00, test_bacc: 19.48, test_f1: 10.08
Epoch:69, test_Acc: 22.30, test_bacc: 19.70, test_f1: 10.41
Epoch:70, test_Acc: 22.40, test_bacc: 19.77, test_f1: 10.52
Epoch:71, test_Acc: 23.50, test_bacc: 20.56, test_f1: 11.63
Epoch:72, test_Acc: 23.90, test_bacc: 20.85, test_f1: 12.01
Epoch:73, test_Acc: 24.80, test_bacc: 21.50, test_f1: 12.81
Epoch:74, test_Acc: 25.70, test_bacc: 22.15, test_f1: 13.58
Epoch:75, test_Acc: 25.70, test_bacc: 22.15, test_f1: 13.58
Epoch:76, test_Acc: 25.70, test_bacc: 22.15, test_f1: 13.58
Epoch:77, test_Acc: 26.80, test_bacc: 22.94, test_f1: 14.45
Epoch:78, test_Acc: 27.00, test_bacc: 23.09, test_f1: 14.54
Epoch:79, test_Acc: 27.30, test_bacc: 23.30, test_f1: 14.78
Epoch:80, test_Acc: 27.70, test_bacc: 23.59, test_f1: 15.09
Epoch:81, test_Acc: 27.90, test_bacc: 23.74, test_f1: 15.21
Epoch:82, test_Acc: 28.20, test_bacc: 23.95, test_f1: 15.41
Epoch:83, test_Acc: 28.50, test_bacc: 24.17, test_f1: 15.63
Epoch:84, test_Acc: 28.80, test_bacc: 24.39, test_f1: 15.85
Epoch:85, test_Acc: 28.90, test_bacc: 24.46, test_f1: 15.85
Epoch:86, test_Acc: 29.60, test_bacc: 24.96, test_f1: 16.29
Epoch:87, test_Acc: 29.60, test_bacc: 24.96, test_f1: 16.29
Epoch:88, test_Acc: 29.60, test_bacc: 24.96, test_f1: 16.29
Epoch:89, test_Acc: 29.60, test_bacc: 24.96, test_f1: 16.29
Epoch:90, test_Acc: 30.10, test_bacc: 25.32, test_f1: 16.60
Epoch:91, test_Acc: 30.10, test_bacc: 25.32, test_f1: 16.60
Epoch:92, test_Acc: 30.10, test_bacc: 25.32, test_f1: 16.60
Epoch:93, test_Acc: 30.30, test_bacc: 25.45, test_f1: 16.72
Epoch:94, test_Acc: 30.30, test_bacc: 25.45, test_f1: 16.72
Epoch:95, test_Acc: 30.30, test_bacc: 25.45, test_f1: 16.72
Epoch:96, test_Acc: 30.30, test_bacc: 25.45, test_f1: 16.72
Epoch:97, test_Acc: 30.30, test_bacc: 25.45, test_f1: 16.72
Epoch:98, test_Acc: 30.70, test_bacc: 25.72, test_f1: 16.94
Epoch:99, test_Acc: 31.00, test_bacc: 25.93, test_f1: 17.10
Epoch:100, test_Acc: 31.00, test_bacc: 25.93, test_f1: 17.10
Epoch:101, test_Acc: 31.00, test_bacc: 25.93, test_f1: 17.10
Epoch:102, test_Acc: 31.50, test_bacc: 26.27, test_f1: 17.37
Epoch:103, test_Acc: 31.60, test_bacc: 26.35, test_f1: 17.41
Epoch:104, test_Acc: 31.60, test_bacc: 26.35, test_f1: 17.41
Epoch:105, test_Acc: 31.60, test_bacc: 26.35, test_f1: 17.41
Epoch:106, test_Acc: 31.60, test_bacc: 26.35, test_f1: 17.41
Epoch:107, test_Acc: 32.30, test_bacc: 26.85, test_f1: 17.78
Epoch:108, test_Acc: 32.40, test_bacc: 26.92, test_f1: 17.84
Epoch:109, test_Acc: 32.40, test_bacc: 26.92, test_f1: 17.79
Epoch:110, test_Acc: 32.50, test_bacc: 27.00, test_f1: 17.85
Epoch:111, test_Acc: 32.60, test_bacc: 27.07, test_f1: 17.88
Epoch:112, test_Acc: 32.60, test_bacc: 27.07, test_f1: 17.88
Epoch:113, test_Acc: 32.50, test_bacc: 26.98, test_f1: 17.81
Epoch:114, test_Acc: 32.50, test_bacc: 26.98, test_f1: 17.81
Epoch:115, test_Acc: 32.50, test_bacc: 26.98, test_f1: 17.81
Epoch:116, test_Acc: 32.50, test_bacc: 26.98, test_f1: 17.81
Epoch:117, test_Acc: 32.50, test_bacc: 26.98, test_f1: 17.81
Epoch:118, test_Acc: 32.50, test_bacc: 26.98, test_f1: 17.81
Epoch:119, test_Acc: 32.50, test_bacc: 26.98, test_f1: 17.81
Epoch:120, test_Acc: 32.50, test_bacc: 26.98, test_f1: 17.81
Epoch:121, test_Acc: 32.50, test_bacc: 26.98, test_f1: 17.81
Epoch:122, test_Acc: 32.60, test_bacc: 27.05, test_f1: 17.86
Epoch:123, test_Acc: 32.60, test_bacc: 27.05, test_f1: 17.86
Epoch:124, test_Acc: 32.60, test_bacc: 27.05, test_f1: 17.86
Epoch:125, test_Acc: 32.60, test_bacc: 27.05, test_f1: 17.86
Epoch:126, test_Acc: 32.60, test_bacc: 27.05, test_f1: 17.86
Epoch:127, test_Acc: 32.90, test_bacc: 27.27, test_f1: 18.03
Epoch:128, test_Acc: 33.20, test_bacc: 27.53, test_f1: 18.49
Epoch:129, test_Acc: 33.20, test_bacc: 27.51, test_f1: 18.47
Epoch:130, test_Acc: 33.80, test_bacc: 28.00, test_f1: 19.06
Epoch:131, test_Acc: 33.80, test_bacc: 28.00, test_f1: 19.06
Epoch:132, test_Acc: 33.80, test_bacc: 28.00, test_f1: 19.06
Epoch:133, test_Acc: 33.80, test_bacc: 28.00, test_f1: 19.06
Epoch:134, test_Acc: 34.40, test_bacc: 28.57, test_f1: 20.12
Epoch:135, test_Acc: 34.50, test_bacc: 28.67, test_f1: 20.30
Epoch:136, test_Acc: 34.50, test_bacc: 28.67, test_f1: 20.30
Epoch:137, test_Acc: 34.70, test_bacc: 28.87, test_f1: 20.70
Epoch:138, test_Acc: 34.70, test_bacc: 28.87, test_f1: 20.70
Epoch:139, test_Acc: 34.70, test_bacc: 28.87, test_f1: 20.70
Epoch:140, test_Acc: 34.70, test_bacc: 28.87, test_f1: 20.70
Epoch:141, test_Acc: 34.70, test_bacc: 28.87, test_f1: 20.70
Epoch:142, test_Acc: 34.70, test_bacc: 28.87, test_f1: 20.70
Epoch:143, test_Acc: 34.70, test_bacc: 28.87, test_f1: 20.70
Epoch:144, test_Acc: 34.70, test_bacc: 28.87, test_f1: 20.70
Epoch:145, test_Acc: 34.70, test_bacc: 28.87, test_f1: 20.70
Epoch:146, test_Acc: 34.70, test_bacc: 28.87, test_f1: 20.70
Epoch:147, test_Acc: 34.70, test_bacc: 28.87, test_f1: 20.70
Epoch:148, test_Acc: 34.70, test_bacc: 28.87, test_f1: 20.70
Epoch:149, test_Acc: 35.80, test_bacc: 29.87, test_f1: 22.15
Epoch:150, test_Acc: 35.80, test_bacc: 29.87, test_f1: 22.15
Epoch:151, test_Acc: 35.80, test_bacc: 29.87, test_f1: 22.15
Epoch:152, test_Acc: 36.50, test_bacc: 30.54, test_f1: 23.09
Epoch:153, test_Acc: 36.50, test_bacc: 30.54, test_f1: 23.09
Epoch:154, test_Acc: 36.50, test_bacc: 30.54, test_f1: 23.09
Epoch:155, test_Acc: 36.60, test_bacc: 30.64, test_f1: 23.26
Epoch:156, test_Acc: 36.60, test_bacc: 30.64, test_f1: 23.26
Epoch:157, test_Acc: 36.60, test_bacc: 30.64, test_f1: 23.26
Epoch:158, test_Acc: 36.60, test_bacc: 30.64, test_f1: 23.26
Epoch:159, test_Acc: 36.60, test_bacc: 30.64, test_f1: 23.26
Epoch:160, test_Acc: 36.60, test_bacc: 30.64, test_f1: 23.26
Epoch:161, test_Acc: 36.60, test_bacc: 30.64, test_f1: 23.26
Epoch:162, test_Acc: 37.40, test_bacc: 31.42, test_f1: 24.44
Epoch:163, test_Acc: 37.60, test_bacc: 31.62, test_f1: 24.71
Epoch:164, test_Acc: 37.60, test_bacc: 31.62, test_f1: 24.71
Epoch:165, test_Acc: 37.60, test_bacc: 31.62, test_f1: 24.65
Epoch:166, test_Acc: 38.10, test_bacc: 32.09, test_f1: 25.19
Epoch:167, test_Acc: 38.40, test_bacc: 32.33, test_f1: 25.41
Epoch:168, test_Acc: 38.60, test_bacc: 32.53, test_f1: 25.68
Epoch:169, test_Acc: 38.90, test_bacc: 32.77, test_f1: 25.86
Epoch:170, test_Acc: 38.90, test_bacc: 32.77, test_f1: 25.83
Epoch:171, test_Acc: 38.90, test_bacc: 32.77, test_f1: 25.81
Epoch:172, test_Acc: 38.90, test_bacc: 32.77, test_f1: 25.81
Epoch:173, test_Acc: 38.90, test_bacc: 32.77, test_f1: 25.81
Epoch:174, test_Acc: 38.90, test_bacc: 32.77, test_f1: 25.87
Epoch:175, test_Acc: 38.90, test_bacc: 32.77, test_f1: 25.87
Epoch:176, test_Acc: 38.90, test_bacc: 32.77, test_f1: 25.87
Epoch:177, test_Acc: 38.90, test_bacc: 32.77, test_f1: 25.87
Epoch:178, test_Acc: 38.90, test_bacc: 32.77, test_f1: 25.87
Epoch:179, test_Acc: 38.90, test_bacc: 32.90, test_f1: 26.30
Epoch:180, test_Acc: 39.20, test_bacc: 33.15, test_f1: 26.53
Epoch:181, test_Acc: 39.60, test_bacc: 33.52, test_f1: 26.90
Epoch:182, test_Acc: 39.90, test_bacc: 33.76, test_f1: 27.08
Epoch:183, test_Acc: 40.30, test_bacc: 34.15, test_f1: 27.46
Epoch:184, test_Acc: 40.30, test_bacc: 34.15, test_f1: 27.43
Epoch:185, test_Acc: 40.30, test_bacc: 34.15, test_f1: 27.43
Epoch:186, test_Acc: 40.30, test_bacc: 34.15, test_f1: 27.43
Epoch:187, test_Acc: 40.30, test_bacc: 34.15, test_f1: 27.43
Epoch:188, test_Acc: 40.30, test_bacc: 34.15, test_f1: 27.43
Epoch:189, test_Acc: 40.30, test_bacc: 34.15, test_f1: 27.43
Epoch:190, test_Acc: 40.80, test_bacc: 34.59, test_f1: 27.80
Epoch:191, test_Acc: 40.80, test_bacc: 34.59, test_f1: 27.80
Epoch:192, test_Acc: 41.20, test_bacc: 34.99, test_f1: 28.25
Epoch:193, test_Acc: 41.20, test_bacc: 34.99, test_f1: 28.25
Epoch:194, test_Acc: 41.20, test_bacc: 34.99, test_f1: 28.25
Epoch:195, test_Acc: 41.20, test_bacc: 34.99, test_f1: 28.25
Epoch:196, test_Acc: 41.20, test_bacc: 34.99, test_f1: 28.25
Epoch:197, test_Acc: 41.20, test_bacc: 34.99, test_f1: 28.25
Epoch:198, test_Acc: 41.20, test_bacc: 34.99, test_f1: 28.25
Epoch:199, test_Acc: 41.20, test_bacc: 34.99, test_f1: 28.25
Epoch:200, test_Acc: 42.30, test_bacc: 36.07, test_f1: 29.37
Epoch:201, test_Acc: 42.30, test_bacc: 36.07, test_f1: 29.37
Epoch:202, test_Acc: 42.50, test_bacc: 36.22, test_f1: 29.46
Epoch:203, test_Acc: 42.50, test_bacc: 36.22, test_f1: 29.46
Epoch:204, test_Acc: 42.70, test_bacc: 36.41, test_f1: 29.63
Epoch:205, test_Acc: 42.70, test_bacc: 36.41, test_f1: 29.63
Epoch:206, test_Acc: 42.70, test_bacc: 36.41, test_f1: 29.63
Epoch:207, test_Acc: 42.70, test_bacc: 36.41, test_f1: 29.63
Epoch:208, test_Acc: 42.80, test_bacc: 36.51, test_f1: 29.75
Epoch:209, test_Acc: 42.80, test_bacc: 36.51, test_f1: 29.75
Epoch:210, test_Acc: 42.80, test_bacc: 36.51, test_f1: 29.75
Epoch:211, test_Acc: 42.80, test_bacc: 36.51, test_f1: 29.75
Epoch:212, test_Acc: 42.80, test_bacc: 36.51, test_f1: 29.75
Epoch:213, test_Acc: 42.80, test_bacc: 36.51, test_f1: 29.77
Epoch:214, test_Acc: 42.80, test_bacc: 36.51, test_f1: 29.77
Epoch:215, test_Acc: 42.80, test_bacc: 36.51, test_f1: 29.77
Epoch:216, test_Acc: 42.80, test_bacc: 36.51, test_f1: 29.77
Epoch:217, test_Acc: 43.00, test_bacc: 36.72, test_f1: 29.88
Epoch:218, test_Acc: 43.00, test_bacc: 36.72, test_f1: 29.88
Epoch:219, test_Acc: 43.00, test_bacc: 36.72, test_f1: 29.88
Epoch:220, test_Acc: 43.20, test_bacc: 36.91, test_f1: 30.07
Epoch:221, test_Acc: 43.20, test_bacc: 36.91, test_f1: 30.07
Epoch:222, test_Acc: 43.30, test_bacc: 37.01, test_f1: 30.16
Epoch:223, test_Acc: 43.30, test_bacc: 37.01, test_f1: 30.16
Epoch:224, test_Acc: 43.30, test_bacc: 37.01, test_f1: 30.16
Epoch:225, test_Acc: 43.30, test_bacc: 37.01, test_f1: 30.16
Epoch:226, test_Acc: 43.30, test_bacc: 37.01, test_f1: 30.16
Epoch:227, test_Acc: 43.60, test_bacc: 37.28, test_f1: 30.39
Epoch:228, test_Acc: 43.60, test_bacc: 37.28, test_f1: 30.39
Epoch:229, test_Acc: 43.70, test_bacc: 37.38, test_f1: 30.48
Epoch:230, test_Acc: 43.70, test_bacc: 37.38, test_f1: 30.48
Epoch:231, test_Acc: 43.70, test_bacc: 37.38, test_f1: 30.48
Epoch:232, test_Acc: 43.80, test_bacc: 37.48, test_f1: 30.57
Epoch:233, test_Acc: 43.80, test_bacc: 37.48, test_f1: 30.57
Epoch:234, test_Acc: 44.10, test_bacc: 37.77, test_f1: 30.86
Epoch:235, test_Acc: 44.10, test_bacc: 37.77, test_f1: 30.86
Epoch:236, test_Acc: 44.10, test_bacc: 37.77, test_f1: 30.86
Epoch:237, test_Acc: 44.50, test_bacc: 38.14, test_f1: 31.12
Epoch:238, test_Acc: 44.80, test_bacc: 38.41, test_f1: 31.34
Epoch:239, test_Acc: 44.80, test_bacc: 38.41, test_f1: 31.34
Epoch:240, test_Acc: 45.10, test_bacc: 38.71, test_f1: 31.49
Epoch:241, test_Acc: 45.10, test_bacc: 38.71, test_f1: 31.49
Epoch:242, test_Acc: 45.10, test_bacc: 38.71, test_f1: 31.49
Epoch:243, test_Acc: 45.10, test_bacc: 38.71, test_f1: 31.49
Epoch:244, test_Acc: 45.10, test_bacc: 38.71, test_f1: 31.49
Epoch:245, test_Acc: 45.10, test_bacc: 38.71, test_f1: 31.49
Epoch:246, test_Acc: 45.10, test_bacc: 38.71, test_f1: 31.49
Epoch:247, test_Acc: 45.10, test_bacc: 38.71, test_f1: 31.49
Epoch:248, test_Acc: 45.10, test_bacc: 38.71, test_f1: 31.49
Epoch:249, test_Acc: 45.10, test_bacc: 38.71, test_f1: 31.49
Epoch:250, test_Acc: 45.10, test_bacc: 38.71, test_f1: 31.49
Epoch:251, test_Acc: 45.10, test_bacc: 38.71, test_f1: 31.49
Epoch:252, test_Acc: 45.10, test_bacc: 38.71, test_f1: 31.49
Epoch:253, test_Acc: 45.20, test_bacc: 38.81, test_f1: 31.56
Epoch:254, test_Acc: 45.20, test_bacc: 38.81, test_f1: 31.56
Epoch:255, test_Acc: 45.20, test_bacc: 38.81, test_f1: 31.56
Epoch:256, test_Acc: 45.20, test_bacc: 38.81, test_f1: 31.56
Epoch:257, test_Acc: 45.20, test_bacc: 38.81, test_f1: 31.56
Epoch:258, test_Acc: 45.70, test_bacc: 39.27, test_f1: 31.88
Epoch:259, test_Acc: 45.80, test_bacc: 39.37, test_f1: 31.96
Epoch:260, test_Acc: 45.80, test_bacc: 39.37, test_f1: 31.96
Epoch:261, test_Acc: 45.80, test_bacc: 39.37, test_f1: 31.96
Epoch:262, test_Acc: 45.90, test_bacc: 39.47, test_f1: 32.08
Epoch:263, test_Acc: 45.90, test_bacc: 39.47, test_f1: 32.08
Epoch:264, test_Acc: 45.90, test_bacc: 39.47, test_f1: 32.08
Epoch:265, test_Acc: 45.90, test_bacc: 39.47, test_f1: 32.08
Epoch:266, test_Acc: 45.90, test_bacc: 39.47, test_f1: 32.08
Epoch:267, test_Acc: 45.90, test_bacc: 39.47, test_f1: 32.08
Epoch:268, test_Acc: 45.90, test_bacc: 39.47, test_f1: 32.08
Epoch:269, test_Acc: 45.90, test_bacc: 39.47, test_f1: 32.08
Epoch:270, test_Acc: 45.90, test_bacc: 39.47, test_f1: 32.08
Epoch:271, test_Acc: 45.90, test_bacc: 39.47, test_f1: 32.08
Epoch:272, test_Acc: 45.90, test_bacc: 39.47, test_f1: 32.08
Epoch:273, test_Acc: 45.90, test_bacc: 39.47, test_f1: 32.08
Epoch:274, test_Acc: 46.00, test_bacc: 39.57, test_f1: 32.11
Epoch:275, test_Acc: 46.10, test_bacc: 39.67, test_f1: 32.18
Epoch:276, test_Acc: 46.10, test_bacc: 39.67, test_f1: 32.18
Epoch:277, test_Acc: 46.30, test_bacc: 39.86, test_f1: 32.32
Epoch:278, test_Acc: 46.30, test_bacc: 39.86, test_f1: 32.32
Epoch:279, test_Acc: 46.30, test_bacc: 39.86, test_f1: 32.32
Epoch:280, test_Acc: 46.30, test_bacc: 39.86, test_f1: 32.32
Epoch:281, test_Acc: 46.30, test_bacc: 39.86, test_f1: 32.32
Epoch:282, test_Acc: 46.30, test_bacc: 39.86, test_f1: 32.32
Epoch:283, test_Acc: 46.30, test_bacc: 39.86, test_f1: 32.32
Epoch:284, test_Acc: 46.30, test_bacc: 39.86, test_f1: 32.32
Epoch:285, test_Acc: 46.30, test_bacc: 39.86, test_f1: 32.32
Epoch:286, test_Acc: 46.30, test_bacc: 39.86, test_f1: 32.32
Epoch:287, test_Acc: 46.30, test_bacc: 39.86, test_f1: 32.32
Epoch:288, test_Acc: 46.30, test_bacc: 39.86, test_f1: 32.32
Epoch:289, test_Acc: 46.30, test_bacc: 39.86, test_f1: 32.32
Epoch:290, test_Acc: 46.30, test_bacc: 39.86, test_f1: 32.32
Epoch:291, test_Acc: 46.30, test_bacc: 39.86, test_f1: 32.32
Epoch:292, test_Acc: 46.30, test_bacc: 39.86, test_f1: 32.32
Epoch:293, test_Acc: 46.30, test_bacc: 39.86, test_f1: 32.32
Epoch:294, test_Acc: 46.30, test_bacc: 39.86, test_f1: 32.32
Epoch:295, test_Acc: 46.30, test_bacc: 39.86, test_f1: 32.32
Epoch:296, test_Acc: 46.30, test_bacc: 39.86, test_f1: 32.32
Epoch:297, test_Acc: 46.30, test_bacc: 39.86, test_f1: 32.32
Epoch:298, test_Acc: 46.70, test_bacc: 40.26, test_f1: 32.56
Epoch:299, test_Acc: 46.70, test_bacc: 40.26, test_f1: 32.56
Epoch:300, test_Acc: 46.70, test_bacc: 40.26, test_f1: 32.56
Epoch:301, test_Acc: 46.70, test_bacc: 40.26, test_f1: 32.56
Epoch:302, test_Acc: 46.70, test_bacc: 40.26, test_f1: 32.56
Epoch:303, test_Acc: 46.70, test_bacc: 40.26, test_f1: 32.56
Epoch:304, test_Acc: 46.70, test_bacc: 40.26, test_f1: 32.56
Epoch:305, test_Acc: 46.70, test_bacc: 40.26, test_f1: 32.56
Epoch:306, test_Acc: 46.70, test_bacc: 40.26, test_f1: 32.56
Epoch:307, test_Acc: 46.70, test_bacc: 40.26, test_f1: 32.56
Epoch:308, test_Acc: 47.10, test_bacc: 40.63, test_f1: 32.75
Epoch:309, test_Acc: 47.10, test_bacc: 40.63, test_f1: 32.75
Epoch:310, test_Acc: 47.10, test_bacc: 40.63, test_f1: 32.75
Epoch:311, test_Acc: 47.00, test_bacc: 40.53, test_f1: 32.63
Epoch:312, test_Acc: 47.00, test_bacc: 40.53, test_f1: 32.63
Epoch:313, test_Acc: 47.00, test_bacc: 40.53, test_f1: 32.63
Epoch:314, test_Acc: 47.00, test_bacc: 40.53, test_f1: 32.63
Epoch:315, test_Acc: 47.00, test_bacc: 40.53, test_f1: 32.63
Epoch:316, test_Acc: 47.00, test_bacc: 40.53, test_f1: 32.63
Epoch:317, test_Acc: 47.00, test_bacc: 40.53, test_f1: 32.63
Epoch:318, test_Acc: 47.00, test_bacc: 40.53, test_f1: 32.63
Epoch:319, test_Acc: 47.00, test_bacc: 40.53, test_f1: 32.65
Epoch:320, test_Acc: 47.00, test_bacc: 40.53, test_f1: 32.65
Epoch:321, test_Acc: 47.00, test_bacc: 40.53, test_f1: 32.65
Epoch:322, test_Acc: 47.00, test_bacc: 40.53, test_f1: 32.65
Epoch:323, test_Acc: 47.00, test_bacc: 40.53, test_f1: 32.65
Epoch:324, test_Acc: 47.00, test_bacc: 40.53, test_f1: 32.65
Epoch:325, test_Acc: 47.00, test_bacc: 40.53, test_f1: 32.65
Epoch:326, test_Acc: 47.00, test_bacc: 40.53, test_f1: 32.65
Epoch:327, test_Acc: 47.00, test_bacc: 40.53, test_f1: 32.65
Epoch:328, test_Acc: 47.00, test_bacc: 40.53, test_f1: 32.65
Epoch:329, test_Acc: 47.00, test_bacc: 40.53, test_f1: 32.65
Epoch:330, test_Acc: 47.00, test_bacc: 40.53, test_f1: 32.65
Epoch:331, test_Acc: 47.00, test_bacc: 40.53, test_f1: 32.65
Epoch:332, test_Acc: 47.00, test_bacc: 40.53, test_f1: 32.65
Epoch:333, test_Acc: 47.00, test_bacc: 40.53, test_f1: 32.65
Epoch:334, test_Acc: 47.00, test_bacc: 40.53, test_f1: 32.65
Epoch:335, test_Acc: 47.00, test_bacc: 40.53, test_f1: 32.65
Epoch:336, test_Acc: 47.40, test_bacc: 40.90, test_f1: 32.74
Epoch:337, test_Acc: 47.40, test_bacc: 40.90, test_f1: 32.74
Epoch:338, test_Acc: 47.40, test_bacc: 40.90, test_f1: 32.74
Epoch:339, test_Acc: 47.40, test_bacc: 40.90, test_f1: 32.74
Epoch:340, test_Acc: 47.40, test_bacc: 40.90, test_f1: 32.74
Epoch:341, test_Acc: 47.40, test_bacc: 40.90, test_f1: 32.74
Epoch:342, test_Acc: 47.40, test_bacc: 40.90, test_f1: 32.74
Epoch:343, test_Acc: 47.40, test_bacc: 40.90, test_f1: 32.74
Epoch:344, test_Acc: 47.40, test_bacc: 40.90, test_f1: 32.74
Epoch:345, test_Acc: 47.40, test_bacc: 40.90, test_f1: 32.74
Epoch:346, test_Acc: 47.40, test_bacc: 40.90, test_f1: 32.74
Epoch:347, test_Acc: 47.40, test_bacc: 40.90, test_f1: 32.74
Epoch:348, test_Acc: 47.40, test_bacc: 40.90, test_f1: 32.74
Epoch:349, test_Acc: 47.40, test_bacc: 40.90, test_f1: 32.74
Epoch:350, test_Acc: 47.40, test_bacc: 40.90, test_f1: 32.74
Epoch:351, test_Acc: 47.40, test_bacc: 40.90, test_f1: 32.74
Epoch:352, test_Acc: 47.40, test_bacc: 40.90, test_f1: 32.74
Epoch:353, test_Acc: 47.40, test_bacc: 40.90, test_f1: 32.74
Epoch:354, test_Acc: 47.40, test_bacc: 40.90, test_f1: 32.74
Epoch:355, test_Acc: 47.40, test_bacc: 40.90, test_f1: 32.74
Epoch:356, test_Acc: 47.40, test_bacc: 40.90, test_f1: 32.74
Epoch:357, test_Acc: 47.40, test_bacc: 40.90, test_f1: 32.74
Epoch:358, test_Acc: 47.60, test_bacc: 41.10, test_f1: 32.80
Epoch:359, test_Acc: 47.60, test_bacc: 41.10, test_f1: 32.80
Epoch:360, test_Acc: 47.60, test_bacc: 41.10, test_f1: 32.80
Epoch:361, test_Acc: 47.60, test_bacc: 41.10, test_f1: 32.80
Epoch:362, test_Acc: 47.60, test_bacc: 41.10, test_f1: 32.80
Epoch:363, test_Acc: 47.60, test_bacc: 41.10, test_f1: 32.80
Epoch:364, test_Acc: 47.60, test_bacc: 41.10, test_f1: 32.80
Epoch:365, test_Acc: 47.60, test_bacc: 41.10, test_f1: 32.80
Epoch:366, test_Acc: 47.60, test_bacc: 41.10, test_f1: 32.84
Epoch:367, test_Acc: 47.60, test_bacc: 41.10, test_f1: 32.84
Epoch:368, test_Acc: 47.60, test_bacc: 41.10, test_f1: 32.84
Epoch:369, test_Acc: 47.60, test_bacc: 41.10, test_f1: 32.84
Epoch:370, test_Acc: 47.60, test_bacc: 41.07, test_f1: 32.76
Epoch:371, test_Acc: 47.60, test_bacc: 41.07, test_f1: 32.76
Epoch:372, test_Acc: 47.60, test_bacc: 41.07, test_f1: 32.76
Epoch:373, test_Acc: 47.60, test_bacc: 41.07, test_f1: 32.76
Epoch:374, test_Acc: 47.60, test_bacc: 41.07, test_f1: 32.76
Epoch:375, test_Acc: 47.60, test_bacc: 41.07, test_f1: 32.76
Epoch:376, test_Acc: 47.60, test_bacc: 41.07, test_f1: 32.76
Epoch:377, test_Acc: 48.00, test_bacc: 41.47, test_f1: 32.98
Epoch:378, test_Acc: 48.00, test_bacc: 41.47, test_f1: 32.98
Epoch:379, test_Acc: 48.00, test_bacc: 41.47, test_f1: 32.98
Epoch:380, test_Acc: 48.00, test_bacc: 41.47, test_f1: 32.98
Epoch:381, test_Acc: 48.00, test_bacc: 41.47, test_f1: 32.98
Epoch:382, test_Acc: 48.00, test_bacc: 41.47, test_f1: 32.98
Epoch:383, test_Acc: 48.00, test_bacc: 41.47, test_f1: 32.98
Epoch:384, test_Acc: 48.00, test_bacc: 41.47, test_f1: 32.98
Epoch:385, test_Acc: 48.00, test_bacc: 41.47, test_f1: 32.98
Epoch:386, test_Acc: 48.00, test_bacc: 41.47, test_f1: 32.98
Epoch:387, test_Acc: 48.00, test_bacc: 41.47, test_f1: 32.98
Epoch:388, test_Acc: 48.00, test_bacc: 41.47, test_f1: 32.98
Epoch:389, test_Acc: 48.00, test_bacc: 41.47, test_f1: 32.98
Epoch:390, test_Acc: 48.00, test_bacc: 41.47, test_f1: 32.98
Epoch:391, test_Acc: 48.00, test_bacc: 41.47, test_f1: 32.98
Epoch:392, test_Acc: 48.00, test_bacc: 41.47, test_f1: 32.98
Epoch:393, test_Acc: 48.00, test_bacc: 41.47, test_f1: 32.98
Epoch:394, test_Acc: 48.00, test_bacc: 41.47, test_f1: 32.98
Epoch:395, test_Acc: 48.00, test_bacc: 41.47, test_f1: 32.98
Epoch:396, test_Acc: 48.00, test_bacc: 41.47, test_f1: 32.98
Epoch:397, test_Acc: 48.00, test_bacc: 41.47, test_f1: 32.98
Epoch:398, test_Acc: 48.00, test_bacc: 41.47, test_f1: 32.98
Epoch:399, test_Acc: 48.00, test_bacc: 41.47, test_f1: 32.98
Epoch:400, test_Acc: 48.00, test_bacc: 41.47, test_f1: 32.98
Epoch:401, test_Acc: 48.00, test_bacc: 41.47, test_f1: 32.98
Epoch:402, test_Acc: 48.00, test_bacc: 41.47, test_f1: 32.98
Epoch:403, test_Acc: 48.00, test_bacc: 41.47, test_f1: 32.98
Epoch:404, test_Acc: 48.00, test_bacc: 41.47, test_f1: 32.98
Epoch:405, test_Acc: 48.00, test_bacc: 41.47, test_f1: 32.98
Epoch:406, test_Acc: 48.00, test_bacc: 41.47, test_f1: 32.98
Epoch:407, test_Acc: 48.00, test_bacc: 41.47, test_f1: 32.98
Epoch:408, test_Acc: 48.00, test_bacc: 41.47, test_f1: 32.98
Epoch:409, test_Acc: 48.00, test_bacc: 41.47, test_f1: 32.98
Epoch:410, test_Acc: 48.00, test_bacc: 41.47, test_f1: 32.98
Epoch:411, test_Acc: 48.00, test_bacc: 41.47, test_f1: 32.98
Epoch:412, test_Acc: 48.00, test_bacc: 41.47, test_f1: 32.98
Epoch:413, test_Acc: 48.00, test_bacc: 41.47, test_f1: 32.98
Epoch:414, test_Acc: 48.00, test_bacc: 41.47, test_f1: 32.98
Epoch:415, test_Acc: 48.00, test_bacc: 41.47, test_f1: 32.98
Epoch:416, test_Acc: 48.00, test_bacc: 41.47, test_f1: 32.98
Epoch:417, test_Acc: 48.00, test_bacc: 41.47, test_f1: 32.98
Epoch:418, test_Acc: 48.00, test_bacc: 41.47, test_f1: 32.98
Epoch:419, test_Acc: 48.00, test_bacc: 41.47, test_f1: 32.98
Epoch:420, test_Acc: 48.00, test_bacc: 41.47, test_f1: 32.98
Epoch:421, test_Acc: 48.00, test_bacc: 41.47, test_f1: 32.98
Epoch:422, test_Acc: 48.00, test_bacc: 41.47, test_f1: 32.98
Epoch:423, test_Acc: 48.00, test_bacc: 41.47, test_f1: 32.98
Epoch:424, test_Acc: 48.00, test_bacc: 41.47, test_f1: 32.98
Epoch:425, test_Acc: 48.00, test_bacc: 41.47, test_f1: 32.98
Epoch:426, test_Acc: 48.00, test_bacc: 41.47, test_f1: 32.98
Epoch:427, test_Acc: 48.00, test_bacc: 41.47, test_f1: 32.98
Epoch:428, test_Acc: 48.00, test_bacc: 41.47, test_f1: 32.98
Epoch:429, test_Acc: 48.00, test_bacc: 41.47, test_f1: 32.98
Epoch:430, test_Acc: 48.00, test_bacc: 41.47, test_f1: 32.98
Epoch:431, test_Acc: 48.00, test_bacc: 41.47, test_f1: 32.98
Epoch:432, test_Acc: 48.00, test_bacc: 41.47, test_f1: 32.98
Epoch:433, test_Acc: 48.00, test_bacc: 41.47, test_f1: 32.98
Epoch:434, test_Acc: 48.00, test_bacc: 41.47, test_f1: 32.98
Epoch:435, test_Acc: 48.00, test_bacc: 41.47, test_f1: 32.98
Epoch:436, test_Acc: 48.00, test_bacc: 41.47, test_f1: 32.98
Epoch:437, test_Acc: 48.00, test_bacc: 41.47, test_f1: 32.98
Epoch:438, test_Acc: 48.10, test_bacc: 41.57, test_f1: 33.02
Epoch:439, test_Acc: 48.10, test_bacc: 41.57, test_f1: 33.02
Epoch:440, test_Acc: 48.10, test_bacc: 41.57, test_f1: 33.02
Epoch:441, test_Acc: 48.10, test_bacc: 41.57, test_f1: 33.02
Epoch:442, test_Acc: 48.20, test_bacc: 41.67, test_f1: 33.02
Epoch:443, test_Acc: 48.20, test_bacc: 41.67, test_f1: 33.02
Epoch:444, test_Acc: 48.20, test_bacc: 41.67, test_f1: 33.02
Epoch:445, test_Acc: 48.20, test_bacc: 41.67, test_f1: 33.02
Epoch:446, test_Acc: 48.20, test_bacc: 41.67, test_f1: 33.02
Epoch:447, test_Acc: 48.20, test_bacc: 41.67, test_f1: 33.02
Epoch:448, test_Acc: 48.20, test_bacc: 41.67, test_f1: 33.02
Epoch:449, test_Acc: 48.20, test_bacc: 41.67, test_f1: 33.02
Epoch:450, test_Acc: 48.20, test_bacc: 41.67, test_f1: 33.02
Epoch:451, test_Acc: 48.20, test_bacc: 41.67, test_f1: 33.02
Epoch:452, test_Acc: 48.20, test_bacc: 41.67, test_f1: 33.02
Epoch:453, test_Acc: 48.20, test_bacc: 41.67, test_f1: 33.02
Epoch:454, test_Acc: 48.20, test_bacc: 41.67, test_f1: 33.02
Epoch:455, test_Acc: 48.20, test_bacc: 41.67, test_f1: 33.02
Epoch:456, test_Acc: 48.20, test_bacc: 41.67, test_f1: 33.02
Epoch:457, test_Acc: 48.20, test_bacc: 41.67, test_f1: 33.02
Epoch:458, test_Acc: 48.20, test_bacc: 41.67, test_f1: 33.02
Epoch:459, test_Acc: 48.20, test_bacc: 41.67, test_f1: 33.02
Epoch:460, test_Acc: 48.20, test_bacc: 41.67, test_f1: 33.02
Epoch:461, test_Acc: 48.20, test_bacc: 41.67, test_f1: 33.02
Epoch:462, test_Acc: 48.20, test_bacc: 41.67, test_f1: 33.02
Epoch:463, test_Acc: 48.20, test_bacc: 41.67, test_f1: 33.02
Epoch:464, test_Acc: 48.20, test_bacc: 41.67, test_f1: 33.02
Epoch:465, test_Acc: 48.20, test_bacc: 41.67, test_f1: 33.02
Epoch:466, test_Acc: 48.20, test_bacc: 41.67, test_f1: 33.02
Epoch:467, test_Acc: 48.20, test_bacc: 41.67, test_f1: 33.02
Epoch:468, test_Acc: 48.20, test_bacc: 41.67, test_f1: 33.02
Epoch:469, test_Acc: 48.20, test_bacc: 41.67, test_f1: 33.02
Epoch:470, test_Acc: 48.20, test_bacc: 41.67, test_f1: 33.02
Epoch:471, test_Acc: 48.20, test_bacc: 41.67, test_f1: 33.02
Epoch:472, test_Acc: 48.20, test_bacc: 41.67, test_f1: 33.02
Epoch:473, test_Acc: 48.20, test_bacc: 41.67, test_f1: 33.02
Epoch:474, test_Acc: 48.20, test_bacc: 41.67, test_f1: 33.02
Epoch:475, test_Acc: 48.20, test_bacc: 41.67, test_f1: 33.02
Epoch:476, test_Acc: 48.20, test_bacc: 41.67, test_f1: 33.02
Epoch:477, test_Acc: 48.20, test_bacc: 41.67, test_f1: 33.02
Epoch:478, test_Acc: 48.20, test_bacc: 41.67, test_f1: 33.02
Epoch:479, test_Acc: 48.40, test_bacc: 41.81, test_f1: 33.04
Epoch:480, test_Acc: 48.40, test_bacc: 41.81, test_f1: 33.04
Epoch:481, test_Acc: 48.40, test_bacc: 41.81, test_f1: 33.04
Epoch:482, test_Acc: 48.40, test_bacc: 41.81, test_f1: 33.04
Epoch:483, test_Acc: 48.40, test_bacc: 41.81, test_f1: 33.04
Epoch:484, test_Acc: 48.40, test_bacc: 41.81, test_f1: 33.04
Epoch:485, test_Acc: 48.40, test_bacc: 41.81, test_f1: 33.04
Epoch:486, test_Acc: 48.40, test_bacc: 41.81, test_f1: 33.04
Epoch:487, test_Acc: 48.40, test_bacc: 41.81, test_f1: 33.04
Epoch:488, test_Acc: 48.40, test_bacc: 41.81, test_f1: 33.04
Epoch:489, test_Acc: 48.40, test_bacc: 41.81, test_f1: 33.04
Epoch:490, test_Acc: 48.30, test_bacc: 41.74, test_f1: 33.06
Epoch:491, test_Acc: 48.30, test_bacc: 41.74, test_f1: 33.06
Epoch:492, test_Acc: 48.30, test_bacc: 41.74, test_f1: 33.06
Epoch:493, test_Acc: 48.30, test_bacc: 41.74, test_f1: 33.06
Epoch:494, test_Acc: 48.30, test_bacc: 41.74, test_f1: 33.06
Epoch:495, test_Acc: 48.30, test_bacc: 41.74, test_f1: 33.06
Epoch:496, test_Acc: 48.30, test_bacc: 41.74, test_f1: 33.06
Epoch:497, test_Acc: 48.30, test_bacc: 41.74, test_f1: 33.06
Epoch:498, test_Acc: 48.30, test_bacc: 41.74, test_f1: 33.06
Epoch:499, test_Acc: 48.30, test_bacc: 41.74, test_f1: 33.06
Epoch:500, test_Acc: 48.30, test_bacc: 41.74, test_f1: 33.06
Epoch:501, test_Acc: 48.30, test_bacc: 41.74, test_f1: 33.06
Epoch:502, test_Acc: 48.30, test_bacc: 41.74, test_f1: 33.06
Epoch:503, test_Acc: 48.30, test_bacc: 41.74, test_f1: 33.06
Epoch:504, test_Acc: 48.30, test_bacc: 41.74, test_f1: 33.06
Epoch:505, test_Acc: 48.30, test_bacc: 41.74, test_f1: 33.06
Epoch:506, test_Acc: 48.30, test_bacc: 41.74, test_f1: 33.06
Epoch:507, test_Acc: 48.30, test_bacc: 41.74, test_f1: 33.06
Epoch:508, test_Acc: 48.30, test_bacc: 41.74, test_f1: 33.06
Epoch:509, test_Acc: 48.30, test_bacc: 41.74, test_f1: 33.06
Epoch:510, test_Acc: 48.30, test_bacc: 41.74, test_f1: 33.06
Epoch:511, test_Acc: 48.30, test_bacc: 41.74, test_f1: 33.06
Epoch:512, test_Acc: 48.30, test_bacc: 41.74, test_f1: 33.06
Epoch:513, test_Acc: 48.30, test_bacc: 41.74, test_f1: 33.06
Epoch:514, test_Acc: 48.30, test_bacc: 41.74, test_f1: 33.06
Epoch:515, test_Acc: 48.30, test_bacc: 41.74, test_f1: 33.06
Epoch:516, test_Acc: 48.30, test_bacc: 41.74, test_f1: 33.06
Epoch:517, test_Acc: 48.30, test_bacc: 41.74, test_f1: 33.06
Epoch:518, test_Acc: 48.30, test_bacc: 41.74, test_f1: 33.06
Epoch:519, test_Acc: 48.30, test_bacc: 41.74, test_f1: 33.06
Epoch:520, test_Acc: 48.30, test_bacc: 41.74, test_f1: 33.06
Epoch:521, test_Acc: 48.30, test_bacc: 41.74, test_f1: 33.06
Epoch:522, test_Acc: 48.30, test_bacc: 41.74, test_f1: 33.06
Epoch:523, test_Acc: 48.30, test_bacc: 41.74, test_f1: 33.06
Epoch:524, test_Acc: 48.30, test_bacc: 41.74, test_f1: 33.06
Epoch:525, test_Acc: 48.30, test_bacc: 41.74, test_f1: 33.06
Epoch:526, test_Acc: 48.30, test_bacc: 41.74, test_f1: 33.06
Epoch:527, test_Acc: 48.30, test_bacc: 41.74, test_f1: 33.06
Epoch:528, test_Acc: 48.30, test_bacc: 41.74, test_f1: 33.06
Epoch:529, test_Acc: 48.30, test_bacc: 41.74, test_f1: 33.06
Epoch:530, test_Acc: 48.30, test_bacc: 41.74, test_f1: 33.06
Epoch:531, test_Acc: 48.30, test_bacc: 41.74, test_f1: 32.88
Epoch:532, test_Acc: 48.30, test_bacc: 41.74, test_f1: 32.88
Epoch:533, test_Acc: 48.30, test_bacc: 41.74, test_f1: 32.88
Epoch:534, test_Acc: 48.30, test_bacc: 41.74, test_f1: 32.88
Epoch:535, test_Acc: 48.30, test_bacc: 41.74, test_f1: 32.88
Epoch:536, test_Acc: 48.30, test_bacc: 41.74, test_f1: 32.88
Epoch:537, test_Acc: 48.30, test_bacc: 41.74, test_f1: 32.88
Epoch:538, test_Acc: 48.30, test_bacc: 41.74, test_f1: 32.88
Epoch:539, test_Acc: 48.30, test_bacc: 41.74, test_f1: 32.88
Epoch:540, test_Acc: 48.30, test_bacc: 41.74, test_f1: 32.88
Epoch:541, test_Acc: 48.30, test_bacc: 41.74, test_f1: 32.88
Epoch:542, test_Acc: 48.30, test_bacc: 41.74, test_f1: 32.88
Epoch:543, test_Acc: 48.30, test_bacc: 41.74, test_f1: 32.88
Epoch:544, test_Acc: 48.30, test_bacc: 41.74, test_f1: 32.88
Epoch:545, test_Acc: 48.30, test_bacc: 41.74, test_f1: 32.88
Epoch:546, test_Acc: 48.30, test_bacc: 41.74, test_f1: 32.88
Epoch:547, test_Acc: 48.40, test_bacc: 41.81, test_f1: 32.89
Epoch:548, test_Acc: 48.50, test_bacc: 41.88, test_f1: 32.89
Epoch:549, test_Acc: 48.50, test_bacc: 41.88, test_f1: 32.89
Epoch:550, test_Acc: 48.50, test_bacc: 41.88, test_f1: 32.89
Epoch:551, test_Acc: 48.50, test_bacc: 41.88, test_f1: 32.89
Epoch:552, test_Acc: 48.50, test_bacc: 41.88, test_f1: 32.89
Epoch:553, test_Acc: 48.50, test_bacc: 41.88, test_f1: 32.89
Epoch:554, test_Acc: 48.50, test_bacc: 41.88, test_f1: 32.89
Epoch:555, test_Acc: 48.50, test_bacc: 41.88, test_f1: 32.89
Epoch:556, test_Acc: 48.50, test_bacc: 41.88, test_f1: 32.89
Epoch:557, test_Acc: 48.50, test_bacc: 41.88, test_f1: 32.89
Epoch:558, test_Acc: 48.50, test_bacc: 41.88, test_f1: 32.89
Epoch:559, test_Acc: 48.50, test_bacc: 41.88, test_f1: 32.89
Epoch:560, test_Acc: 48.50, test_bacc: 41.88, test_f1: 32.89
Epoch:561, test_Acc: 48.50, test_bacc: 41.88, test_f1: 32.89
Epoch:562, test_Acc: 48.50, test_bacc: 41.88, test_f1: 32.89
Epoch:563, test_Acc: 48.50, test_bacc: 41.88, test_f1: 32.89
Epoch:564, test_Acc: 48.50, test_bacc: 41.88, test_f1: 32.89
Epoch:565, test_Acc: 48.50, test_bacc: 41.88, test_f1: 32.89
Epoch:566, test_Acc: 48.50, test_bacc: 41.88, test_f1: 32.89
Epoch:567, test_Acc: 48.50, test_bacc: 41.88, test_f1: 32.89
Epoch:568, test_Acc: 48.50, test_bacc: 41.88, test_f1: 32.89
Epoch:569, test_Acc: 48.50, test_bacc: 41.88, test_f1: 32.89
Epoch:570, test_Acc: 48.50, test_bacc: 41.88, test_f1: 32.89
Epoch:571, test_Acc: 48.50, test_bacc: 41.88, test_f1: 32.89
Epoch:572, test_Acc: 48.50, test_bacc: 41.88, test_f1: 32.89
Epoch:573, test_Acc: 48.50, test_bacc: 41.88, test_f1: 32.89
Epoch:574, test_Acc: 48.50, test_bacc: 41.88, test_f1: 32.89
Epoch:575, test_Acc: 48.50, test_bacc: 41.88, test_f1: 32.89
Epoch:576, test_Acc: 48.50, test_bacc: 41.88, test_f1: 32.89
Epoch:577, test_Acc: 48.50, test_bacc: 41.88, test_f1: 32.89
Epoch:578, test_Acc: 48.50, test_bacc: 41.88, test_f1: 32.89
Epoch:579, test_Acc: 48.50, test_bacc: 41.88, test_f1: 32.89
Epoch:580, test_Acc: 48.50, test_bacc: 41.88, test_f1: 32.89
Epoch:581, test_Acc: 48.50, test_bacc: 41.88, test_f1: 32.89
Epoch:582, test_Acc: 48.50, test_bacc: 41.88, test_f1: 32.89
Epoch:583, test_Acc: 48.50, test_bacc: 41.88, test_f1: 32.89
Epoch:584, test_Acc: 48.50, test_bacc: 41.88, test_f1: 32.89
Epoch:585, test_Acc: 48.50, test_bacc: 41.88, test_f1: 32.89
Epoch:586, test_Acc: 48.50, test_bacc: 41.88, test_f1: 32.89
Epoch:587, test_Acc: 48.50, test_bacc: 41.88, test_f1: 32.89
Epoch:588, test_Acc: 48.50, test_bacc: 41.88, test_f1: 32.89
Epoch:589, test_Acc: 48.50, test_bacc: 41.88, test_f1: 32.89
Epoch:590, test_Acc: 48.50, test_bacc: 41.88, test_f1: 32.89
Epoch:591, test_Acc: 48.50, test_bacc: 41.88, test_f1: 32.89
Epoch:592, test_Acc: 48.50, test_bacc: 41.88, test_f1: 32.89
Epoch:593, test_Acc: 48.50, test_bacc: 41.88, test_f1: 32.89
Epoch:594, test_Acc: 48.50, test_bacc: 41.88, test_f1: 32.89
Epoch:595, test_Acc: 48.50, test_bacc: 41.88, test_f1: 32.89
Epoch:596, test_Acc: 48.50, test_bacc: 41.88, test_f1: 32.89
Epoch:597, test_Acc: 48.50, test_bacc: 41.88, test_f1: 32.89
Epoch:598, test_Acc: 48.50, test_bacc: 41.88, test_f1: 32.89
Epoch:599, test_Acc: 48.50, test_bacc: 41.88, test_f1: 32.89
Epoch:600, test_Acc: 48.50, test_bacc: 41.88, test_f1: 32.89
Epoch:601, test_Acc: 48.50, test_bacc: 41.88, test_f1: 32.89
Epoch:602, test_Acc: 48.50, test_bacc: 41.88, test_f1: 32.89
Epoch:603, test_Acc: 48.50, test_bacc: 41.88, test_f1: 32.89
Epoch:604, test_Acc: 48.50, test_bacc: 41.88, test_f1: 32.89
Epoch:605, test_Acc: 48.50, test_bacc: 41.88, test_f1: 32.89
Epoch:606, test_Acc: 48.50, test_bacc: 41.88, test_f1: 32.89
Epoch:607, test_Acc: 48.50, test_bacc: 41.88, test_f1: 32.89
Epoch:608, test_Acc: 48.50, test_bacc: 41.88, test_f1: 32.89
Epoch:609, test_Acc: 48.50, test_bacc: 41.88, test_f1: 32.89
Epoch:610, test_Acc: 48.50, test_bacc: 41.88, test_f1: 32.89
Epoch:611, test_Acc: 48.50, test_bacc: 41.88, test_f1: 32.89
Epoch:612, test_Acc: 48.50, test_bacc: 41.88, test_f1: 32.89
Early stop at epoch:  613
split: 0, test_Acc: 48.50, test_bacc: 41.88, test_f1: 32.89
/home/qj2004/magnet/src
Total time(all splits):  259.183974981308
