cuda:1
Namespace(withAug=False, AugDirect=20, method_name='GAT', seed=100, IsDirectedData=False, dataset='WebKB/texas', undirect_dataset='Cora', MakeImbalance=True, CustomizeMask=False, K=2, heads=8, log_root='../logs/', log_path='test', data_path='../dataset/data/tmp/', epochs=1500, num_filter=2, p_q=0.95, p_inter=0.1, dropout=0.0, debug=False, new_setting=False, layer=2, lr=0.005, l2=0.0005, to_undirected=False, alpha=0.1, randomseed=-1, imb_ratio=100, n_layer=2, feat_dim=64, warmup=5, epoch=900, tau=2, max=False, no_mask=False, gdc='ppr')
excel_file_path is  FalseAug_GAT_Cora_output.xlsx
12-04-19:33:12
Dataset is  Cora() 
Chosen from DirectedData:  False
Num of bidrected edges: 5278, total num of edges: 10556
This is directed graph:  False
data_x torch.Size([2708, 1433])
cuda:1
0
mu  cpu cpu
StandGAT2(
  (conv1): GATConv(1433, 16, heads=4)
  (conv2): GATConv(64, 7, heads=1)
)
cuda:1
Epoch:0, test_Acc: 31.90, test_bacc: 14.29, test_f1: 6.91
Epoch:1, test_Acc: 31.90, test_bacc: 14.29, test_f1: 6.91
Epoch:2, test_Acc: 31.90, test_bacc: 14.29, test_f1: 6.91
Epoch:3, test_Acc: 31.90, test_bacc: 14.29, test_f1: 6.91
Epoch:4, test_Acc: 31.90, test_bacc: 14.29, test_f1: 6.91
Epoch:5, test_Acc: 31.90, test_bacc: 14.29, test_f1: 6.91
Epoch:6, test_Acc: 31.90, test_bacc: 14.29, test_f1: 6.91
Epoch:7, test_Acc: 31.90, test_bacc: 14.29, test_f1: 6.91
Epoch:8, test_Acc: 31.90, test_bacc: 14.29, test_f1: 6.91
Epoch:9, test_Acc: 31.90, test_bacc: 14.29, test_f1: 6.91
Epoch:10, test_Acc: 31.90, test_bacc: 14.29, test_f1: 6.91
Epoch:11, test_Acc: 31.90, test_bacc: 14.29, test_f1: 6.91
Epoch:12, test_Acc: 31.90, test_bacc: 14.29, test_f1: 6.91
Epoch:13, test_Acc: 31.90, test_bacc: 14.29, test_f1: 6.91
Epoch:14, test_Acc: 31.90, test_bacc: 14.29, test_f1: 6.91
Epoch:15, test_Acc: 31.90, test_bacc: 14.29, test_f1: 6.91
Epoch:16, test_Acc: 31.90, test_bacc: 14.29, test_f1: 6.91
Epoch:17, test_Acc: 31.90, test_bacc: 14.29, test_f1: 6.91
Epoch:18, test_Acc: 31.90, test_bacc: 14.29, test_f1: 6.91
Epoch:19, test_Acc: 31.90, test_bacc: 14.29, test_f1: 6.91
Epoch:20, test_Acc: 31.90, test_bacc: 14.29, test_f1: 6.91
Epoch:21, test_Acc: 31.90, test_bacc: 14.29, test_f1: 6.91
Epoch:22, test_Acc: 31.90, test_bacc: 14.29, test_f1: 6.91
Epoch:23, test_Acc: 31.90, test_bacc: 14.29, test_f1: 6.91
Epoch:24, test_Acc: 31.90, test_bacc: 14.29, test_f1: 6.91
Epoch:25, test_Acc: 31.90, test_bacc: 14.29, test_f1: 6.91
Epoch:26, test_Acc: 31.90, test_bacc: 14.29, test_f1: 6.91
Epoch:27, test_Acc: 31.90, test_bacc: 14.29, test_f1: 6.91
Epoch:28, test_Acc: 31.90, test_bacc: 14.29, test_f1: 6.91
Epoch:29, test_Acc: 31.90, test_bacc: 14.29, test_f1: 6.91
Epoch:30, test_Acc: 31.90, test_bacc: 14.29, test_f1: 6.91
Epoch:31, test_Acc: 31.90, test_bacc: 14.29, test_f1: 6.91
Epoch:32, test_Acc: 31.90, test_bacc: 14.29, test_f1: 6.91
Epoch:33, test_Acc: 31.90, test_bacc: 14.29, test_f1: 6.91
Epoch:34, test_Acc: 31.90, test_bacc: 14.29, test_f1: 6.91
Epoch:35, test_Acc: 32.40, test_bacc: 14.78, test_f1: 7.90
Epoch:36, test_Acc: 33.90, test_bacc: 16.27, test_f1: 10.50
Epoch:37, test_Acc: 35.20, test_bacc: 17.56, test_f1: 12.39
Epoch:38, test_Acc: 36.90, test_bacc: 19.25, test_f1: 14.51
Epoch:39, test_Acc: 38.90, test_bacc: 21.23, test_f1: 16.61
Epoch:40, test_Acc: 39.90, test_bacc: 22.22, test_f1: 17.63
Epoch:41, test_Acc: 40.30, test_bacc: 22.62, test_f1: 17.90
Epoch:42, test_Acc: 41.30, test_bacc: 23.61, test_f1: 18.72
Epoch:43, test_Acc: 42.20, test_bacc: 24.50, test_f1: 19.37
Epoch:44, test_Acc: 42.50, test_bacc: 24.80, test_f1: 19.59
Epoch:45, test_Acc: 42.70, test_bacc: 25.00, test_f1: 19.73
Epoch:46, test_Acc: 43.00, test_bacc: 25.29, test_f1: 19.90
Epoch:47, test_Acc: 43.30, test_bacc: 25.59, test_f1: 20.07
Epoch:48, test_Acc: 43.40, test_bacc: 25.69, test_f1: 20.06
Epoch:49, test_Acc: 43.60, test_bacc: 25.89, test_f1: 20.15
Epoch:50, test_Acc: 43.60, test_bacc: 25.89, test_f1: 20.15
Epoch:51, test_Acc: 43.70, test_bacc: 25.99, test_f1: 20.10
Epoch:52, test_Acc: 43.70, test_bacc: 25.99, test_f1: 20.10
Epoch:53, test_Acc: 43.80, test_bacc: 26.09, test_f1: 20.02
Epoch:54, test_Acc: 43.90, test_bacc: 26.19, test_f1: 20.04
Epoch:55, test_Acc: 43.90, test_bacc: 26.19, test_f1: 20.01
Epoch:56, test_Acc: 44.20, test_bacc: 26.48, test_f1: 20.13
Epoch:57, test_Acc: 44.20, test_bacc: 26.48, test_f1: 20.13
Epoch:58, test_Acc: 44.20, test_bacc: 26.48, test_f1: 20.13
Epoch:59, test_Acc: 44.20, test_bacc: 26.48, test_f1: 20.13
Epoch:60, test_Acc: 44.20, test_bacc: 26.48, test_f1: 20.13
Epoch:61, test_Acc: 44.20, test_bacc: 26.48, test_f1: 20.13
Epoch:62, test_Acc: 44.20, test_bacc: 26.48, test_f1: 20.13
Epoch:63, test_Acc: 44.20, test_bacc: 26.48, test_f1: 20.13
Epoch:64, test_Acc: 44.20, test_bacc: 26.48, test_f1: 20.13
Epoch:65, test_Acc: 44.90, test_bacc: 27.23, test_f1: 20.09
Epoch:66, test_Acc: 44.90, test_bacc: 27.23, test_f1: 20.09
Epoch:67, test_Acc: 44.90, test_bacc: 27.23, test_f1: 20.09
Epoch:68, test_Acc: 44.90, test_bacc: 27.23, test_f1: 20.09
Epoch:69, test_Acc: 44.90, test_bacc: 27.23, test_f1: 20.09
Epoch:70, test_Acc: 44.90, test_bacc: 27.23, test_f1: 20.09
Epoch:71, test_Acc: 44.90, test_bacc: 27.23, test_f1: 20.09
Epoch:72, test_Acc: 44.90, test_bacc: 27.23, test_f1: 20.09
Epoch:73, test_Acc: 44.90, test_bacc: 27.23, test_f1: 20.09
Epoch:74, test_Acc: 44.90, test_bacc: 27.23, test_f1: 20.09
Epoch:75, test_Acc: 44.90, test_bacc: 27.23, test_f1: 20.09
Epoch:76, test_Acc: 44.90, test_bacc: 27.34, test_f1: 19.93
Epoch:77, test_Acc: 44.90, test_bacc: 27.34, test_f1: 19.93
Epoch:78, test_Acc: 44.90, test_bacc: 27.34, test_f1: 19.93
Epoch:79, test_Acc: 44.90, test_bacc: 27.34, test_f1: 19.93
Epoch:80, test_Acc: 44.90, test_bacc: 27.34, test_f1: 19.93
Epoch:81, test_Acc: 45.20, test_bacc: 27.63, test_f1: 20.26
Epoch:82, test_Acc: 45.20, test_bacc: 27.63, test_f1: 20.26
Epoch:83, test_Acc: 45.20, test_bacc: 27.63, test_f1: 20.26
Epoch:84, test_Acc: 45.50, test_bacc: 27.92, test_f1: 20.81
Epoch:85, test_Acc: 45.70, test_bacc: 28.11, test_f1: 21.20
Epoch:86, test_Acc: 45.70, test_bacc: 28.11, test_f1: 21.20
Epoch:87, test_Acc: 45.80, test_bacc: 28.21, test_f1: 21.40
Epoch:88, test_Acc: 45.80, test_bacc: 28.21, test_f1: 21.40
Epoch:89, test_Acc: 45.80, test_bacc: 28.21, test_f1: 21.40
Epoch:90, test_Acc: 46.20, test_bacc: 28.64, test_f1: 22.09
Epoch:91, test_Acc: 46.20, test_bacc: 28.64, test_f1: 22.09
Epoch:92, test_Acc: 46.60, test_bacc: 29.03, test_f1: 22.74
Epoch:93, test_Acc: 46.50, test_bacc: 28.98, test_f1: 22.63
Epoch:94, test_Acc: 46.80, test_bacc: 29.27, test_f1: 23.00
Epoch:95, test_Acc: 47.20, test_bacc: 29.66, test_f1: 23.53
Epoch:96, test_Acc: 47.30, test_bacc: 29.80, test_f1: 23.69
Epoch:97, test_Acc: 47.60, test_bacc: 30.09, test_f1: 24.10
Epoch:98, test_Acc: 47.60, test_bacc: 30.09, test_f1: 24.10
Epoch:99, test_Acc: 47.60, test_bacc: 30.09, test_f1: 24.10
Epoch:100, test_Acc: 48.10, test_bacc: 30.57, test_f1: 24.79
Epoch:101, test_Acc: 48.30, test_bacc: 30.76, test_f1: 25.10
Epoch:102, test_Acc: 48.60, test_bacc: 31.05, test_f1: 25.52
Epoch:103, test_Acc: 48.60, test_bacc: 31.05, test_f1: 25.57
Epoch:104, test_Acc: 48.60, test_bacc: 31.05, test_f1: 25.57
Epoch:105, test_Acc: 48.60, test_bacc: 31.05, test_f1: 25.57
Epoch:106, test_Acc: 48.60, test_bacc: 31.05, test_f1: 25.57
Epoch:107, test_Acc: 48.90, test_bacc: 31.34, test_f1: 25.97
Epoch:108, test_Acc: 48.90, test_bacc: 31.34, test_f1: 25.97
Epoch:109, test_Acc: 48.90, test_bacc: 31.34, test_f1: 25.97
Epoch:110, test_Acc: 49.70, test_bacc: 32.11, test_f1: 26.82
Epoch:111, test_Acc: 49.90, test_bacc: 32.30, test_f1: 26.96
Epoch:112, test_Acc: 50.00, test_bacc: 32.40, test_f1: 27.00
Epoch:113, test_Acc: 50.20, test_bacc: 32.59, test_f1: 27.20
Epoch:114, test_Acc: 50.40, test_bacc: 32.79, test_f1: 27.42
Epoch:115, test_Acc: 50.50, test_bacc: 32.88, test_f1: 27.53
Epoch:116, test_Acc: 50.50, test_bacc: 32.88, test_f1: 27.60
Epoch:117, test_Acc: 50.50, test_bacc: 32.88, test_f1: 27.60
Epoch:118, test_Acc: 50.50, test_bacc: 32.88, test_f1: 27.60
Epoch:119, test_Acc: 50.50, test_bacc: 32.88, test_f1: 27.60
Epoch:120, test_Acc: 50.90, test_bacc: 33.25, test_f1: 28.30
Epoch:121, test_Acc: 51.10, test_bacc: 33.47, test_f1: 28.86
Epoch:122, test_Acc: 51.20, test_bacc: 33.57, test_f1: 28.96
Epoch:123, test_Acc: 51.20, test_bacc: 33.57, test_f1: 28.99
Epoch:124, test_Acc: 51.20, test_bacc: 33.57, test_f1: 29.04
Epoch:125, test_Acc: 51.40, test_bacc: 33.76, test_f1: 29.19
Epoch:126, test_Acc: 51.40, test_bacc: 33.76, test_f1: 29.19
Epoch:127, test_Acc: 51.40, test_bacc: 33.76, test_f1: 29.19
Epoch:128, test_Acc: 51.80, test_bacc: 34.14, test_f1: 29.39
Epoch:129, test_Acc: 52.10, test_bacc: 34.44, test_f1: 29.42
Epoch:130, test_Acc: 52.10, test_bacc: 34.44, test_f1: 29.42
Epoch:131, test_Acc: 52.10, test_bacc: 34.44, test_f1: 29.42
Epoch:132, test_Acc: 52.10, test_bacc: 34.44, test_f1: 29.42
Epoch:133, test_Acc: 52.10, test_bacc: 34.44, test_f1: 29.42
Epoch:134, test_Acc: 52.10, test_bacc: 34.44, test_f1: 29.42
Epoch:135, test_Acc: 52.10, test_bacc: 34.44, test_f1: 29.42
Epoch:136, test_Acc: 52.10, test_bacc: 34.44, test_f1: 29.42
Epoch:137, test_Acc: 52.10, test_bacc: 34.44, test_f1: 29.42
Epoch:138, test_Acc: 52.70, test_bacc: 35.03, test_f1: 30.63
Epoch:139, test_Acc: 52.70, test_bacc: 35.03, test_f1: 30.63
Epoch:140, test_Acc: 53.20, test_bacc: 35.51, test_f1: 31.08
Epoch:141, test_Acc: 53.50, test_bacc: 35.81, test_f1: 31.52
Epoch:142, test_Acc: 53.50, test_bacc: 35.81, test_f1: 31.52
Epoch:143, test_Acc: 53.80, test_bacc: 36.10, test_f1: 31.75
Epoch:144, test_Acc: 53.70, test_bacc: 36.01, test_f1: 31.66
Epoch:145, test_Acc: 53.70, test_bacc: 36.01, test_f1: 31.66
Epoch:146, test_Acc: 53.80, test_bacc: 36.13, test_f1: 31.99
Epoch:147, test_Acc: 53.80, test_bacc: 36.13, test_f1: 31.96
Epoch:148, test_Acc: 54.10, test_bacc: 36.42, test_f1: 32.13
Epoch:149, test_Acc: 54.10, test_bacc: 36.42, test_f1: 32.13
Epoch:150, test_Acc: 54.30, test_bacc: 36.63, test_f1: 32.15
Epoch:151, test_Acc: 54.30, test_bacc: 36.63, test_f1: 32.01
Epoch:152, test_Acc: 54.30, test_bacc: 36.63, test_f1: 32.01
Epoch:153, test_Acc: 54.30, test_bacc: 36.63, test_f1: 32.01
Epoch:154, test_Acc: 54.30, test_bacc: 36.63, test_f1: 32.01
Epoch:155, test_Acc: 54.30, test_bacc: 36.63, test_f1: 32.01
Epoch:156, test_Acc: 54.30, test_bacc: 36.63, test_f1: 32.01
Epoch:157, test_Acc: 54.30, test_bacc: 36.63, test_f1: 32.01
Epoch:158, test_Acc: 54.30, test_bacc: 36.63, test_f1: 32.01
Epoch:159, test_Acc: 54.30, test_bacc: 36.63, test_f1: 32.01
Epoch:160, test_Acc: 54.30, test_bacc: 36.63, test_f1: 32.01
Epoch:161, test_Acc: 54.30, test_bacc: 36.63, test_f1: 32.01
Epoch:162, test_Acc: 54.30, test_bacc: 36.63, test_f1: 32.01
Epoch:163, test_Acc: 54.30, test_bacc: 36.63, test_f1: 32.01
Epoch:164, test_Acc: 54.80, test_bacc: 37.15, test_f1: 33.02
Epoch:165, test_Acc: 54.90, test_bacc: 37.26, test_f1: 33.05
Epoch:166, test_Acc: 54.90, test_bacc: 37.26, test_f1: 33.05
Epoch:167, test_Acc: 54.90, test_bacc: 37.26, test_f1: 33.05
Epoch:168, test_Acc: 54.90, test_bacc: 37.26, test_f1: 33.05
Epoch:169, test_Acc: 54.90, test_bacc: 37.26, test_f1: 33.05
Epoch:170, test_Acc: 54.90, test_bacc: 37.26, test_f1: 33.05
Epoch:171, test_Acc: 54.90, test_bacc: 37.26, test_f1: 33.05
Epoch:172, test_Acc: 54.90, test_bacc: 37.26, test_f1: 33.05
Epoch:173, test_Acc: 54.90, test_bacc: 37.26, test_f1: 33.05
Epoch:174, test_Acc: 54.90, test_bacc: 37.26, test_f1: 33.05
Epoch:175, test_Acc: 54.90, test_bacc: 37.26, test_f1: 33.05
Epoch:176, test_Acc: 54.90, test_bacc: 37.26, test_f1: 33.05
Epoch:177, test_Acc: 54.90, test_bacc: 37.26, test_f1: 33.05
Epoch:178, test_Acc: 55.50, test_bacc: 37.98, test_f1: 34.30
Epoch:179, test_Acc: 55.80, test_bacc: 38.27, test_f1: 34.43
Epoch:180, test_Acc: 56.20, test_bacc: 38.76, test_f1: 34.89
Epoch:181, test_Acc: 56.30, test_bacc: 38.87, test_f1: 34.98
Epoch:182, test_Acc: 56.30, test_bacc: 38.87, test_f1: 34.96
Epoch:183, test_Acc: 56.20, test_bacc: 38.78, test_f1: 34.95
Epoch:184, test_Acc: 56.20, test_bacc: 38.78, test_f1: 34.95
Epoch:185, test_Acc: 56.20, test_bacc: 38.78, test_f1: 34.95
Epoch:186, test_Acc: 56.20, test_bacc: 38.78, test_f1: 34.95
Epoch:187, test_Acc: 56.20, test_bacc: 38.78, test_f1: 34.95
Epoch:188, test_Acc: 56.20, test_bacc: 38.78, test_f1: 34.95
Epoch:189, test_Acc: 56.20, test_bacc: 38.78, test_f1: 34.95
Epoch:190, test_Acc: 56.20, test_bacc: 38.78, test_f1: 34.95
Epoch:191, test_Acc: 56.20, test_bacc: 38.78, test_f1: 34.95
Epoch:192, test_Acc: 55.70, test_bacc: 38.28, test_f1: 34.37
Epoch:193, test_Acc: 56.20, test_bacc: 38.79, test_f1: 34.85
Epoch:194, test_Acc: 56.20, test_bacc: 38.79, test_f1: 34.85
Epoch:195, test_Acc: 56.20, test_bacc: 38.79, test_f1: 34.85
Epoch:196, test_Acc: 56.20, test_bacc: 38.79, test_f1: 34.85
Epoch:197, test_Acc: 56.20, test_bacc: 38.79, test_f1: 34.85
Epoch:198, test_Acc: 56.20, test_bacc: 38.79, test_f1: 34.85
Epoch:199, test_Acc: 56.20, test_bacc: 38.79, test_f1: 34.85
Epoch:200, test_Acc: 56.20, test_bacc: 38.79, test_f1: 34.85
Epoch:201, test_Acc: 56.20, test_bacc: 38.79, test_f1: 34.85
Epoch:202, test_Acc: 56.20, test_bacc: 38.79, test_f1: 34.85
Epoch:203, test_Acc: 56.20, test_bacc: 38.79, test_f1: 34.85
Epoch:204, test_Acc: 56.20, test_bacc: 38.79, test_f1: 34.85
Epoch:205, test_Acc: 56.20, test_bacc: 38.79, test_f1: 34.85
Epoch:206, test_Acc: 56.20, test_bacc: 38.79, test_f1: 34.85
Epoch:207, test_Acc: 56.20, test_bacc: 38.79, test_f1: 34.85
Epoch:208, test_Acc: 56.20, test_bacc: 38.79, test_f1: 34.85
Epoch:209, test_Acc: 56.20, test_bacc: 38.79, test_f1: 34.85
Epoch:210, test_Acc: 56.20, test_bacc: 38.79, test_f1: 34.85
Epoch:211, test_Acc: 56.20, test_bacc: 38.79, test_f1: 34.85
Epoch:212, test_Acc: 56.20, test_bacc: 38.79, test_f1: 34.85
Epoch:213, test_Acc: 56.20, test_bacc: 38.79, test_f1: 34.85
Epoch:214, test_Acc: 56.20, test_bacc: 38.79, test_f1: 34.85
Epoch:215, test_Acc: 56.20, test_bacc: 38.79, test_f1: 34.85
Epoch:216, test_Acc: 56.20, test_bacc: 38.79, test_f1: 34.85
Epoch:217, test_Acc: 56.20, test_bacc: 38.79, test_f1: 34.85
Epoch:218, test_Acc: 56.20, test_bacc: 38.79, test_f1: 34.85
Epoch:219, test_Acc: 56.20, test_bacc: 38.79, test_f1: 34.85
Epoch:220, test_Acc: 56.20, test_bacc: 38.79, test_f1: 34.85
Epoch:221, test_Acc: 56.20, test_bacc: 38.79, test_f1: 34.85
Epoch:222, test_Acc: 57.20, test_bacc: 40.13, test_f1: 36.27
Epoch:223, test_Acc: 57.20, test_bacc: 40.13, test_f1: 36.27
Epoch:224, test_Acc: 57.20, test_bacc: 40.13, test_f1: 36.27
Epoch:225, test_Acc: 57.20, test_bacc: 40.13, test_f1: 36.27
Epoch:226, test_Acc: 57.20, test_bacc: 40.13, test_f1: 36.27
Epoch:227, test_Acc: 57.20, test_bacc: 40.13, test_f1: 36.27
Epoch:228, test_Acc: 57.20, test_bacc: 40.13, test_f1: 36.27
Epoch:229, test_Acc: 57.20, test_bacc: 40.13, test_f1: 36.27
Epoch:230, test_Acc: 57.20, test_bacc: 40.13, test_f1: 36.27
Epoch:231, test_Acc: 57.20, test_bacc: 40.13, test_f1: 36.27
Epoch:232, test_Acc: 57.20, test_bacc: 40.13, test_f1: 36.27
Epoch:233, test_Acc: 57.20, test_bacc: 40.13, test_f1: 36.27
Epoch:234, test_Acc: 57.20, test_bacc: 40.13, test_f1: 36.27
Epoch:235, test_Acc: 57.20, test_bacc: 40.13, test_f1: 36.27
Epoch:236, test_Acc: 57.20, test_bacc: 40.13, test_f1: 36.27
Epoch:237, test_Acc: 57.20, test_bacc: 40.13, test_f1: 36.27
Epoch:238, test_Acc: 57.20, test_bacc: 40.13, test_f1: 36.27
Epoch:239, test_Acc: 57.20, test_bacc: 40.13, test_f1: 36.27
Epoch:240, test_Acc: 57.20, test_bacc: 40.13, test_f1: 36.27
Epoch:241, test_Acc: 57.20, test_bacc: 40.13, test_f1: 36.27
Epoch:242, test_Acc: 57.20, test_bacc: 40.13, test_f1: 36.27
Epoch:243, test_Acc: 57.20, test_bacc: 40.13, test_f1: 36.27
Epoch:244, test_Acc: 57.20, test_bacc: 40.13, test_f1: 36.27
Epoch:245, test_Acc: 57.20, test_bacc: 40.13, test_f1: 36.27
Epoch:246, test_Acc: 57.20, test_bacc: 40.13, test_f1: 36.27
Epoch:247, test_Acc: 57.20, test_bacc: 40.13, test_f1: 36.27
Epoch:248, test_Acc: 57.20, test_bacc: 40.13, test_f1: 36.27
Epoch:249, test_Acc: 57.20, test_bacc: 40.13, test_f1: 36.27
Epoch:250, test_Acc: 57.20, test_bacc: 40.13, test_f1: 36.27
Epoch:251, test_Acc: 57.20, test_bacc: 40.13, test_f1: 36.27
Epoch:252, test_Acc: 57.20, test_bacc: 40.13, test_f1: 36.27
Epoch:253, test_Acc: 57.20, test_bacc: 40.13, test_f1: 36.27
Epoch:254, test_Acc: 57.20, test_bacc: 40.13, test_f1: 36.27
Epoch:255, test_Acc: 57.20, test_bacc: 40.13, test_f1: 36.27
Epoch:256, test_Acc: 57.20, test_bacc: 40.13, test_f1: 36.27
Epoch:257, test_Acc: 57.20, test_bacc: 40.13, test_f1: 36.27
Epoch:258, test_Acc: 57.20, test_bacc: 40.13, test_f1: 36.27
Epoch:259, test_Acc: 57.20, test_bacc: 40.13, test_f1: 36.27
Epoch:260, test_Acc: 56.30, test_bacc: 39.31, test_f1: 35.53
Epoch:261, test_Acc: 56.60, test_bacc: 39.68, test_f1: 35.72
Epoch:262, test_Acc: 56.60, test_bacc: 39.68, test_f1: 35.72
Epoch:263, test_Acc: 56.60, test_bacc: 39.68, test_f1: 35.72
Epoch:264, test_Acc: 56.60, test_bacc: 39.68, test_f1: 35.72
Epoch:265, test_Acc: 56.60, test_bacc: 39.68, test_f1: 35.72
Epoch:266, test_Acc: 56.60, test_bacc: 39.68, test_f1: 35.72
Epoch:267, test_Acc: 56.60, test_bacc: 39.68, test_f1: 35.72
Epoch:268, test_Acc: 56.60, test_bacc: 39.68, test_f1: 35.72
Epoch:269, test_Acc: 56.60, test_bacc: 39.68, test_f1: 35.72
Epoch:270, test_Acc: 56.60, test_bacc: 39.68, test_f1: 35.72
Epoch:271, test_Acc: 56.60, test_bacc: 39.68, test_f1: 35.72
Epoch:272, test_Acc: 56.60, test_bacc: 39.68, test_f1: 35.72
Epoch:273, test_Acc: 56.60, test_bacc: 39.68, test_f1: 35.72
Epoch:274, test_Acc: 56.60, test_bacc: 39.68, test_f1: 35.72
Epoch:275, test_Acc: 56.60, test_bacc: 39.68, test_f1: 35.72
Epoch:276, test_Acc: 56.60, test_bacc: 39.68, test_f1: 35.72
Epoch:277, test_Acc: 56.60, test_bacc: 39.68, test_f1: 35.72
Epoch:278, test_Acc: 56.60, test_bacc: 39.68, test_f1: 35.72
Epoch:279, test_Acc: 56.60, test_bacc: 39.68, test_f1: 35.72
Epoch:280, test_Acc: 56.60, test_bacc: 39.68, test_f1: 35.72
Epoch:281, test_Acc: 56.60, test_bacc: 39.68, test_f1: 35.72
Epoch:282, test_Acc: 56.60, test_bacc: 39.68, test_f1: 35.72
Epoch:283, test_Acc: 56.60, test_bacc: 39.68, test_f1: 35.72
Epoch:284, test_Acc: 56.60, test_bacc: 39.68, test_f1: 35.72
Epoch:285, test_Acc: 56.60, test_bacc: 39.68, test_f1: 35.72
Epoch:286, test_Acc: 56.60, test_bacc: 39.68, test_f1: 35.72
Epoch:287, test_Acc: 56.60, test_bacc: 39.68, test_f1: 35.72
Epoch:288, test_Acc: 56.60, test_bacc: 39.68, test_f1: 35.72
Epoch:289, test_Acc: 56.60, test_bacc: 39.68, test_f1: 35.72
Epoch:290, test_Acc: 56.60, test_bacc: 39.68, test_f1: 35.72
Epoch:291, test_Acc: 56.60, test_bacc: 39.68, test_f1: 35.72
Epoch:292, test_Acc: 56.60, test_bacc: 39.68, test_f1: 35.72
Epoch:293, test_Acc: 56.60, test_bacc: 39.68, test_f1: 35.72
Epoch:294, test_Acc: 56.60, test_bacc: 39.68, test_f1: 35.72
Epoch:295, test_Acc: 56.60, test_bacc: 39.68, test_f1: 35.72
Epoch:296, test_Acc: 56.60, test_bacc: 39.68, test_f1: 35.72
Epoch:297, test_Acc: 56.60, test_bacc: 39.68, test_f1: 35.72
Epoch:298, test_Acc: 56.60, test_bacc: 39.68, test_f1: 35.72
Epoch:299, test_Acc: 56.60, test_bacc: 39.68, test_f1: 35.72
Epoch:300, test_Acc: 56.60, test_bacc: 39.68, test_f1: 35.72
Epoch:301, test_Acc: 56.60, test_bacc: 39.68, test_f1: 35.72
Epoch:302, test_Acc: 56.60, test_bacc: 39.68, test_f1: 35.72
Epoch:303, test_Acc: 56.60, test_bacc: 39.68, test_f1: 35.72
Epoch:304, test_Acc: 56.60, test_bacc: 39.68, test_f1: 35.72
Epoch:305, test_Acc: 56.60, test_bacc: 39.68, test_f1: 35.72
Epoch:306, test_Acc: 56.60, test_bacc: 39.68, test_f1: 35.72
Epoch:307, test_Acc: 56.60, test_bacc: 39.68, test_f1: 35.72
Epoch:308, test_Acc: 56.60, test_bacc: 39.68, test_f1: 35.72
Epoch:309, test_Acc: 56.60, test_bacc: 39.68, test_f1: 35.72
Epoch:310, test_Acc: 56.60, test_bacc: 39.68, test_f1: 35.72
Epoch:311, test_Acc: 56.60, test_bacc: 39.68, test_f1: 35.72
Epoch:312, test_Acc: 56.60, test_bacc: 39.68, test_f1: 35.72
Epoch:313, test_Acc: 56.60, test_bacc: 39.68, test_f1: 35.72
Epoch:314, test_Acc: 56.60, test_bacc: 39.68, test_f1: 35.72
Epoch:315, test_Acc: 56.60, test_bacc: 39.68, test_f1: 35.72
Epoch:316, test_Acc: 56.60, test_bacc: 39.68, test_f1: 35.72
Epoch:317, test_Acc: 56.60, test_bacc: 39.68, test_f1: 35.72
Epoch:318, test_Acc: 56.60, test_bacc: 39.68, test_f1: 35.72
Epoch:319, test_Acc: 56.60, test_bacc: 39.68, test_f1: 35.72
Epoch:320, test_Acc: 56.60, test_bacc: 39.68, test_f1: 35.72
Epoch:321, test_Acc: 56.60, test_bacc: 39.68, test_f1: 35.72
Epoch:322, test_Acc: 56.60, test_bacc: 39.68, test_f1: 35.72
Epoch:323, test_Acc: 56.60, test_bacc: 39.68, test_f1: 35.72
Epoch:324, test_Acc: 56.60, test_bacc: 39.68, test_f1: 35.72
Epoch:325, test_Acc: 56.60, test_bacc: 39.68, test_f1: 35.72
Epoch:326, test_Acc: 56.60, test_bacc: 39.68, test_f1: 35.72
Epoch:327, test_Acc: 56.60, test_bacc: 39.68, test_f1: 35.72
Epoch:328, test_Acc: 56.60, test_bacc: 39.68, test_f1: 35.72
Epoch:329, test_Acc: 56.60, test_bacc: 39.68, test_f1: 35.72
Epoch:330, test_Acc: 56.60, test_bacc: 39.68, test_f1: 35.72
Epoch:331, test_Acc: 56.60, test_bacc: 39.68, test_f1: 35.72
Epoch:332, test_Acc: 56.60, test_bacc: 39.68, test_f1: 35.72
Epoch:333, test_Acc: 56.60, test_bacc: 39.68, test_f1: 35.72
Epoch:334, test_Acc: 56.60, test_bacc: 39.68, test_f1: 35.72
Epoch:335, test_Acc: 56.60, test_bacc: 39.68, test_f1: 35.72
Epoch:336, test_Acc: 56.60, test_bacc: 39.68, test_f1: 35.72
Epoch:337, test_Acc: 56.60, test_bacc: 39.68, test_f1: 35.72
Epoch:338, test_Acc: 56.60, test_bacc: 39.68, test_f1: 35.72
Epoch:339, test_Acc: 56.60, test_bacc: 39.68, test_f1: 35.72
Epoch:340, test_Acc: 56.60, test_bacc: 39.68, test_f1: 35.72
Epoch:341, test_Acc: 56.60, test_bacc: 39.68, test_f1: 35.72
Epoch:342, test_Acc: 56.60, test_bacc: 39.68, test_f1: 35.72
Epoch:343, test_Acc: 56.60, test_bacc: 39.68, test_f1: 35.72
Epoch:344, test_Acc: 56.60, test_bacc: 39.68, test_f1: 35.72
Epoch:345, test_Acc: 56.60, test_bacc: 39.68, test_f1: 35.72
Epoch:346, test_Acc: 56.60, test_bacc: 39.68, test_f1: 35.72
Epoch:347, test_Acc: 56.60, test_bacc: 39.68, test_f1: 35.72
Epoch:348, test_Acc: 56.60, test_bacc: 39.68, test_f1: 35.72
Epoch:349, test_Acc: 56.60, test_bacc: 39.68, test_f1: 35.72
Epoch:350, test_Acc: 56.60, test_bacc: 39.68, test_f1: 35.72
Epoch:351, test_Acc: 56.60, test_bacc: 39.68, test_f1: 35.72
Epoch:352, test_Acc: 56.60, test_bacc: 39.68, test_f1: 35.72
Epoch:353, test_Acc: 56.60, test_bacc: 39.68, test_f1: 35.72
Epoch:354, test_Acc: 56.60, test_bacc: 39.68, test_f1: 35.72
Epoch:355, test_Acc: 56.60, test_bacc: 39.68, test_f1: 35.72
Epoch:356, test_Acc: 56.60, test_bacc: 39.68, test_f1: 35.72
Epoch:357, test_Acc: 56.60, test_bacc: 39.68, test_f1: 35.72
Epoch:358, test_Acc: 56.60, test_bacc: 39.68, test_f1: 35.72
Epoch:359, test_Acc: 56.60, test_bacc: 39.68, test_f1: 35.72
Epoch:360, test_Acc: 56.60, test_bacc: 39.68, test_f1: 35.72
Epoch:361, test_Acc: 56.60, test_bacc: 39.68, test_f1: 35.72
Epoch:362, test_Acc: 58.00, test_bacc: 41.37, test_f1: 38.31
Epoch:363, test_Acc: 58.00, test_bacc: 41.37, test_f1: 38.31
Epoch:364, test_Acc: 58.00, test_bacc: 41.37, test_f1: 38.31
Epoch:365, test_Acc: 58.00, test_bacc: 41.37, test_f1: 38.31
Epoch:366, test_Acc: 58.00, test_bacc: 41.37, test_f1: 38.31
Epoch:367, test_Acc: 58.00, test_bacc: 41.37, test_f1: 38.31
Epoch:368, test_Acc: 58.00, test_bacc: 41.37, test_f1: 38.31
Epoch:369, test_Acc: 58.00, test_bacc: 41.37, test_f1: 38.31
Epoch:370, test_Acc: 58.00, test_bacc: 41.37, test_f1: 38.31
Epoch:371, test_Acc: 58.00, test_bacc: 41.37, test_f1: 38.31
Epoch:372, test_Acc: 58.00, test_bacc: 41.37, test_f1: 38.31
Epoch:373, test_Acc: 58.00, test_bacc: 41.37, test_f1: 38.31
Epoch:374, test_Acc: 58.00, test_bacc: 41.37, test_f1: 38.31
Epoch:375, test_Acc: 58.00, test_bacc: 41.37, test_f1: 38.31
Epoch:376, test_Acc: 58.00, test_bacc: 41.37, test_f1: 38.31
Epoch:377, test_Acc: 58.00, test_bacc: 41.37, test_f1: 38.31
Epoch:378, test_Acc: 58.00, test_bacc: 41.37, test_f1: 38.31
Epoch:379, test_Acc: 58.00, test_bacc: 41.37, test_f1: 38.31
Epoch:380, test_Acc: 58.00, test_bacc: 41.37, test_f1: 38.31
Epoch:381, test_Acc: 58.00, test_bacc: 41.37, test_f1: 38.31
Epoch:382, test_Acc: 58.00, test_bacc: 41.37, test_f1: 38.31
Epoch:383, test_Acc: 58.00, test_bacc: 41.37, test_f1: 38.31
Epoch:384, test_Acc: 58.00, test_bacc: 41.37, test_f1: 38.31
Epoch:385, test_Acc: 58.00, test_bacc: 41.37, test_f1: 38.31
Epoch:386, test_Acc: 58.00, test_bacc: 41.37, test_f1: 38.31
Epoch:387, test_Acc: 58.00, test_bacc: 41.37, test_f1: 38.31
Epoch:388, test_Acc: 58.30, test_bacc: 41.74, test_f1: 38.71
Epoch:389, test_Acc: 58.30, test_bacc: 41.74, test_f1: 38.71
Epoch:390, test_Acc: 58.30, test_bacc: 41.74, test_f1: 38.71
Epoch:391, test_Acc: 58.30, test_bacc: 41.74, test_f1: 38.71
Epoch:392, test_Acc: 58.30, test_bacc: 41.74, test_f1: 38.71
Epoch:393, test_Acc: 58.30, test_bacc: 41.74, test_f1: 38.71
Epoch:394, test_Acc: 58.30, test_bacc: 41.74, test_f1: 38.71
Epoch:395, test_Acc: 58.30, test_bacc: 41.74, test_f1: 38.71
Epoch:396, test_Acc: 58.30, test_bacc: 41.74, test_f1: 38.71
Epoch:397, test_Acc: 58.40, test_bacc: 41.95, test_f1: 39.44
Epoch:398, test_Acc: 58.50, test_bacc: 42.05, test_f1: 39.42
Epoch:399, test_Acc: 58.50, test_bacc: 42.05, test_f1: 39.42
Epoch:400, test_Acc: 59.20, test_bacc: 42.89, test_f1: 40.49
Epoch:401, test_Acc: 59.20, test_bacc: 42.89, test_f1: 40.49
Epoch:402, test_Acc: 59.20, test_bacc: 42.89, test_f1: 40.49
Epoch:403, test_Acc: 59.20, test_bacc: 42.89, test_f1: 40.49
Epoch:404, test_Acc: 59.20, test_bacc: 42.89, test_f1: 40.49
Epoch:405, test_Acc: 59.20, test_bacc: 42.89, test_f1: 40.49
Epoch:406, test_Acc: 59.20, test_bacc: 42.89, test_f1: 40.49
Epoch:407, test_Acc: 59.20, test_bacc: 42.89, test_f1: 40.49
Epoch:408, test_Acc: 59.20, test_bacc: 42.89, test_f1: 40.49
Epoch:409, test_Acc: 59.20, test_bacc: 42.89, test_f1: 40.49
Epoch:410, test_Acc: 59.20, test_bacc: 42.89, test_f1: 40.49
Epoch:411, test_Acc: 59.20, test_bacc: 42.89, test_f1: 40.49
Epoch:412, test_Acc: 59.20, test_bacc: 42.89, test_f1: 40.49
Epoch:413, test_Acc: 59.20, test_bacc: 42.89, test_f1: 40.49
Epoch:414, test_Acc: 59.20, test_bacc: 42.89, test_f1: 40.49
Epoch:415, test_Acc: 59.20, test_bacc: 42.89, test_f1: 40.49
Epoch:416, test_Acc: 59.20, test_bacc: 42.89, test_f1: 40.49
Epoch:417, test_Acc: 59.20, test_bacc: 42.89, test_f1: 40.49
Epoch:418, test_Acc: 59.20, test_bacc: 42.89, test_f1: 40.49
Epoch:419, test_Acc: 59.20, test_bacc: 42.89, test_f1: 40.49
Epoch:420, test_Acc: 59.20, test_bacc: 42.89, test_f1: 40.49
Epoch:421, test_Acc: 59.20, test_bacc: 42.89, test_f1: 40.49
Epoch:422, test_Acc: 59.20, test_bacc: 42.89, test_f1: 40.49
Epoch:423, test_Acc: 59.20, test_bacc: 42.89, test_f1: 40.49
Epoch:424, test_Acc: 59.20, test_bacc: 42.89, test_f1: 40.49
Epoch:425, test_Acc: 59.20, test_bacc: 42.89, test_f1: 40.49
Epoch:426, test_Acc: 59.20, test_bacc: 42.89, test_f1: 40.49
Epoch:427, test_Acc: 59.20, test_bacc: 42.89, test_f1: 40.49
Epoch:428, test_Acc: 59.20, test_bacc: 42.89, test_f1: 40.49
Epoch:429, test_Acc: 59.20, test_bacc: 42.89, test_f1: 40.49
Epoch:430, test_Acc: 59.20, test_bacc: 42.89, test_f1: 40.49
Epoch:431, test_Acc: 59.20, test_bacc: 42.89, test_f1: 40.49
Epoch:432, test_Acc: 59.20, test_bacc: 42.89, test_f1: 40.49
Epoch:433, test_Acc: 59.20, test_bacc: 42.89, test_f1: 40.49
Epoch:434, test_Acc: 59.20, test_bacc: 42.89, test_f1: 40.49
Epoch:435, test_Acc: 59.20, test_bacc: 42.89, test_f1: 40.49
Epoch:436, test_Acc: 59.20, test_bacc: 42.89, test_f1: 40.49
Epoch:437, test_Acc: 59.20, test_bacc: 42.89, test_f1: 40.49
Epoch:438, test_Acc: 59.20, test_bacc: 42.89, test_f1: 40.49
Epoch:439, test_Acc: 59.20, test_bacc: 42.89, test_f1: 40.49
Epoch:440, test_Acc: 59.20, test_bacc: 42.89, test_f1: 40.49
Epoch:441, test_Acc: 59.20, test_bacc: 42.89, test_f1: 40.49
Epoch:442, test_Acc: 59.20, test_bacc: 42.89, test_f1: 40.49
Epoch:443, test_Acc: 59.20, test_bacc: 42.89, test_f1: 40.49
Epoch:444, test_Acc: 59.20, test_bacc: 42.89, test_f1: 40.49
Epoch:445, test_Acc: 59.20, test_bacc: 42.89, test_f1: 40.49
Epoch:446, test_Acc: 59.20, test_bacc: 42.89, test_f1: 40.49
Epoch:447, test_Acc: 59.20, test_bacc: 42.89, test_f1: 40.49
Epoch:448, test_Acc: 59.20, test_bacc: 42.89, test_f1: 40.49
Epoch:449, test_Acc: 59.20, test_bacc: 42.89, test_f1: 40.49
Epoch:450, test_Acc: 59.30, test_bacc: 43.14, test_f1: 41.24
Epoch:451, test_Acc: 59.50, test_bacc: 43.47, test_f1: 41.33
Epoch:452, test_Acc: 59.50, test_bacc: 43.47, test_f1: 41.33
Epoch:453, test_Acc: 59.50, test_bacc: 43.47, test_f1: 41.33
Epoch:454, test_Acc: 59.50, test_bacc: 43.47, test_f1: 41.33
Epoch:455, test_Acc: 59.50, test_bacc: 43.47, test_f1: 41.33
Epoch:456, test_Acc: 59.50, test_bacc: 43.47, test_f1: 41.33
Epoch:457, test_Acc: 59.50, test_bacc: 43.47, test_f1: 41.33
Epoch:458, test_Acc: 59.50, test_bacc: 43.47, test_f1: 41.33
Epoch:459, test_Acc: 59.50, test_bacc: 43.47, test_f1: 41.33
Epoch:460, test_Acc: 59.50, test_bacc: 43.47, test_f1: 41.33
Epoch:461, test_Acc: 59.50, test_bacc: 43.47, test_f1: 41.33
Epoch:462, test_Acc: 59.50, test_bacc: 43.47, test_f1: 41.33
Epoch:463, test_Acc: 59.50, test_bacc: 43.47, test_f1: 41.33
Epoch:464, test_Acc: 59.50, test_bacc: 43.47, test_f1: 41.33
Epoch:465, test_Acc: 59.50, test_bacc: 43.47, test_f1: 41.33
Epoch:466, test_Acc: 59.50, test_bacc: 43.47, test_f1: 41.33
Epoch:467, test_Acc: 59.50, test_bacc: 43.47, test_f1: 41.33
Epoch:468, test_Acc: 59.50, test_bacc: 43.47, test_f1: 41.33
Epoch:469, test_Acc: 59.50, test_bacc: 43.47, test_f1: 41.33
Epoch:470, test_Acc: 59.50, test_bacc: 43.47, test_f1: 41.33
Epoch:471, test_Acc: 59.50, test_bacc: 43.47, test_f1: 41.33
Epoch:472, test_Acc: 59.50, test_bacc: 43.47, test_f1: 41.33
Epoch:473, test_Acc: 59.50, test_bacc: 43.47, test_f1: 41.33
Epoch:474, test_Acc: 59.50, test_bacc: 43.47, test_f1: 41.33
Epoch:475, test_Acc: 59.50, test_bacc: 43.47, test_f1: 41.33
Epoch:476, test_Acc: 59.50, test_bacc: 43.47, test_f1: 41.33
Epoch:477, test_Acc: 59.50, test_bacc: 43.47, test_f1: 41.33
Epoch:478, test_Acc: 59.50, test_bacc: 43.47, test_f1: 41.33
Epoch:479, test_Acc: 59.50, test_bacc: 43.47, test_f1: 41.33
Epoch:480, test_Acc: 59.50, test_bacc: 43.47, test_f1: 41.33
Epoch:481, test_Acc: 59.50, test_bacc: 43.47, test_f1: 41.33
Epoch:482, test_Acc: 59.50, test_bacc: 43.47, test_f1: 41.33
Epoch:483, test_Acc: 59.50, test_bacc: 43.47, test_f1: 41.33
Epoch:484, test_Acc: 59.50, test_bacc: 43.47, test_f1: 41.33
Epoch:485, test_Acc: 58.80, test_bacc: 42.72, test_f1: 41.14
Epoch:486, test_Acc: 58.80, test_bacc: 42.72, test_f1: 41.14
Epoch:487, test_Acc: 58.80, test_bacc: 42.72, test_f1: 41.14
Epoch:488, test_Acc: 58.80, test_bacc: 42.72, test_f1: 41.14
Epoch:489, test_Acc: 58.80, test_bacc: 42.72, test_f1: 41.14
Epoch:490, test_Acc: 58.80, test_bacc: 42.72, test_f1: 41.14
Epoch:491, test_Acc: 59.50, test_bacc: 43.54, test_f1: 42.03
Epoch:492, test_Acc: 59.40, test_bacc: 43.44, test_f1: 41.98
Epoch:493, test_Acc: 59.40, test_bacc: 43.44, test_f1: 41.98
Epoch:494, test_Acc: 59.40, test_bacc: 43.44, test_f1: 41.98
Epoch:495, test_Acc: 59.40, test_bacc: 43.44, test_f1: 41.98
Epoch:496, test_Acc: 59.40, test_bacc: 43.44, test_f1: 41.98
Epoch:497, test_Acc: 59.40, test_bacc: 43.44, test_f1: 41.98
Epoch:498, test_Acc: 59.40, test_bacc: 43.44, test_f1: 41.98
Epoch:499, test_Acc: 59.40, test_bacc: 43.44, test_f1: 41.98
Epoch:500, test_Acc: 59.40, test_bacc: 43.44, test_f1: 41.98
Epoch:501, test_Acc: 59.40, test_bacc: 43.44, test_f1: 41.98
Epoch:502, test_Acc: 59.40, test_bacc: 43.44, test_f1: 41.98
Epoch:503, test_Acc: 59.40, test_bacc: 43.44, test_f1: 41.98
Epoch:504, test_Acc: 59.40, test_bacc: 43.44, test_f1: 41.98
Epoch:505, test_Acc: 59.40, test_bacc: 43.44, test_f1: 41.98
Epoch:506, test_Acc: 59.40, test_bacc: 43.44, test_f1: 41.98
Epoch:507, test_Acc: 59.40, test_bacc: 43.44, test_f1: 41.98
Epoch:508, test_Acc: 59.40, test_bacc: 43.44, test_f1: 41.98
Epoch:509, test_Acc: 59.40, test_bacc: 43.44, test_f1: 41.98
Epoch:510, test_Acc: 59.40, test_bacc: 43.44, test_f1: 41.98
Epoch:511, test_Acc: 59.40, test_bacc: 43.44, test_f1: 41.98
Epoch:512, test_Acc: 59.40, test_bacc: 43.44, test_f1: 41.98
Epoch:513, test_Acc: 59.40, test_bacc: 43.44, test_f1: 41.98
Epoch:514, test_Acc: 59.40, test_bacc: 43.44, test_f1: 41.98
Epoch:515, test_Acc: 59.40, test_bacc: 43.44, test_f1: 41.98
Epoch:516, test_Acc: 59.40, test_bacc: 43.44, test_f1: 41.98
Epoch:517, test_Acc: 59.40, test_bacc: 43.44, test_f1: 41.98
Epoch:518, test_Acc: 59.40, test_bacc: 43.44, test_f1: 41.98
Epoch:519, test_Acc: 59.40, test_bacc: 43.44, test_f1: 41.98
Epoch:520, test_Acc: 59.40, test_bacc: 43.44, test_f1: 41.98
Epoch:521, test_Acc: 59.40, test_bacc: 43.44, test_f1: 41.98
Epoch:522, test_Acc: 59.40, test_bacc: 43.44, test_f1: 41.98
Epoch:523, test_Acc: 59.40, test_bacc: 43.44, test_f1: 41.98
Epoch:524, test_Acc: 59.40, test_bacc: 43.44, test_f1: 41.98
Epoch:525, test_Acc: 59.40, test_bacc: 43.44, test_f1: 41.98
Epoch:526, test_Acc: 59.40, test_bacc: 43.44, test_f1: 41.98
Epoch:527, test_Acc: 59.40, test_bacc: 43.44, test_f1: 41.98
Epoch:528, test_Acc: 59.40, test_bacc: 43.44, test_f1: 41.98
Epoch:529, test_Acc: 59.40, test_bacc: 43.44, test_f1: 41.98
Epoch:530, test_Acc: 59.40, test_bacc: 43.44, test_f1: 41.98
Epoch:531, test_Acc: 59.40, test_bacc: 43.44, test_f1: 41.98
Epoch:532, test_Acc: 59.40, test_bacc: 43.44, test_f1: 41.98
Epoch:533, test_Acc: 59.40, test_bacc: 43.44, test_f1: 41.98
Epoch:534, test_Acc: 59.40, test_bacc: 43.44, test_f1: 41.98
Epoch:535, test_Acc: 59.40, test_bacc: 43.44, test_f1: 41.98
Epoch:536, test_Acc: 59.40, test_bacc: 43.44, test_f1: 41.98
Epoch:537, test_Acc: 59.40, test_bacc: 43.44, test_f1: 41.98
Epoch:538, test_Acc: 59.40, test_bacc: 43.44, test_f1: 41.98
Epoch:539, test_Acc: 59.40, test_bacc: 43.44, test_f1: 41.98
Epoch:540, test_Acc: 59.40, test_bacc: 43.44, test_f1: 41.98
Epoch:541, test_Acc: 60.20, test_bacc: 44.58, test_f1: 43.27
Epoch:542, test_Acc: 60.20, test_bacc: 44.58, test_f1: 43.27
Epoch:543, test_Acc: 60.20, test_bacc: 44.58, test_f1: 43.27
Epoch:544, test_Acc: 59.50, test_bacc: 43.60, test_f1: 42.11
Epoch:545, test_Acc: 59.40, test_bacc: 43.49, test_f1: 42.06
Epoch:546, test_Acc: 59.30, test_bacc: 43.35, test_f1: 41.81
Epoch:547, test_Acc: 59.30, test_bacc: 43.35, test_f1: 41.81
Epoch:548, test_Acc: 59.30, test_bacc: 43.35, test_f1: 41.81
Epoch:549, test_Acc: 59.30, test_bacc: 43.35, test_f1: 41.81
Epoch:550, test_Acc: 59.30, test_bacc: 43.35, test_f1: 41.81
Epoch:551, test_Acc: 59.30, test_bacc: 43.35, test_f1: 41.81
Epoch:552, test_Acc: 59.30, test_bacc: 43.35, test_f1: 41.81
Epoch:553, test_Acc: 59.30, test_bacc: 43.35, test_f1: 41.81
Epoch:554, test_Acc: 59.30, test_bacc: 43.35, test_f1: 41.81
Epoch:555, test_Acc: 59.30, test_bacc: 43.35, test_f1: 41.81
Epoch:556, test_Acc: 59.30, test_bacc: 43.35, test_f1: 41.81
Epoch:557, test_Acc: 59.30, test_bacc: 43.35, test_f1: 41.81
Epoch:558, test_Acc: 59.30, test_bacc: 43.35, test_f1: 41.81
Epoch:559, test_Acc: 59.30, test_bacc: 43.35, test_f1: 41.81
Epoch:560, test_Acc: 59.30, test_bacc: 43.35, test_f1: 41.81
Epoch:561, test_Acc: 59.30, test_bacc: 43.35, test_f1: 41.81
Epoch:562, test_Acc: 59.30, test_bacc: 43.35, test_f1: 41.81
Epoch:563, test_Acc: 59.30, test_bacc: 43.35, test_f1: 41.81
Epoch:564, test_Acc: 59.30, test_bacc: 43.35, test_f1: 41.81
Epoch:565, test_Acc: 59.30, test_bacc: 43.35, test_f1: 41.81
Epoch:566, test_Acc: 59.30, test_bacc: 43.35, test_f1: 41.81
Epoch:567, test_Acc: 59.30, test_bacc: 43.35, test_f1: 41.81
Epoch:568, test_Acc: 59.30, test_bacc: 43.35, test_f1: 41.81
Epoch:569, test_Acc: 59.30, test_bacc: 43.35, test_f1: 41.81
Epoch:570, test_Acc: 59.30, test_bacc: 43.35, test_f1: 41.81
Epoch:571, test_Acc: 59.30, test_bacc: 43.35, test_f1: 41.81
Epoch:572, test_Acc: 59.30, test_bacc: 43.35, test_f1: 41.81
Epoch:573, test_Acc: 59.30, test_bacc: 43.35, test_f1: 41.81
Epoch:574, test_Acc: 59.30, test_bacc: 43.35, test_f1: 41.81
Epoch:575, test_Acc: 59.30, test_bacc: 43.35, test_f1: 41.81
Epoch:576, test_Acc: 59.30, test_bacc: 43.35, test_f1: 41.81
Epoch:577, test_Acc: 59.30, test_bacc: 43.35, test_f1: 41.81
Epoch:578, test_Acc: 59.30, test_bacc: 43.35, test_f1: 41.81
Epoch:579, test_Acc: 59.30, test_bacc: 43.35, test_f1: 41.81
Epoch:580, test_Acc: 59.30, test_bacc: 43.35, test_f1: 41.81
Epoch:581, test_Acc: 59.30, test_bacc: 43.35, test_f1: 41.81
Epoch:582, test_Acc: 59.30, test_bacc: 43.35, test_f1: 41.81
Epoch:583, test_Acc: 59.30, test_bacc: 43.35, test_f1: 41.81
Epoch:584, test_Acc: 59.30, test_bacc: 43.35, test_f1: 41.81
Epoch:585, test_Acc: 59.30, test_bacc: 43.35, test_f1: 41.81
Epoch:586, test_Acc: 59.30, test_bacc: 43.35, test_f1: 41.81
Epoch:587, test_Acc: 59.30, test_bacc: 43.35, test_f1: 41.81
Epoch:588, test_Acc: 59.30, test_bacc: 43.35, test_f1: 41.81
Epoch:589, test_Acc: 59.30, test_bacc: 43.35, test_f1: 41.81
Epoch:590, test_Acc: 59.30, test_bacc: 43.35, test_f1: 41.81
Epoch:591, test_Acc: 59.30, test_bacc: 43.35, test_f1: 41.81
Epoch:592, test_Acc: 59.30, test_bacc: 43.35, test_f1: 41.81
Early stop at epoch:  593
split: 0, test_Acc: 59.30, test_bacc: 43.35, test_f1: 41.81
/home/qj2004/magnet/src
Total time(all splits):  226.95805478096008
