Downloading https://github.com/kimiyoung/planetoid/raw/master/data/ind.citeseer.x
Downloading https://github.com/kimiyoung/planetoid/raw/master/data/ind.citeseer.tx
Downloading https://github.com/kimiyoung/planetoid/raw/master/data/ind.citeseer.allx
Downloading https://github.com/kimiyoung/planetoid/raw/master/data/ind.citeseer.y
Downloading https://github.com/kimiyoung/planetoid/raw/master/data/ind.citeseer.ty
Downloading https://github.com/kimiyoung/planetoid/raw/master/data/ind.citeseer.ally
Downloading https://github.com/kimiyoung/planetoid/raw/master/data/ind.citeseer.graph
Downloading https://github.com/kimiyoung/planetoid/raw/master/data/ind.citeseer.test.index
Processing...
Done!
cuda:1
Namespace(withAug=True, AugDirect=1, method_name='Cheb', seed=100, IsDirectedData=False, dataset='WebKB/texas', undirect_dataset='CiteSeer', MakeImbalance=True, CustomizeMask=False, K=2, heads=8, log_root='../logs/', log_path='test', data_path='../dataset/data/tmp/', epochs=1500, num_filter=2, p_q=0.95, p_inter=0.1, dropout=0.0, debug=False, new_setting=False, layer=2, lr=0.005, l2=0.0005, to_undirected=False, alpha=0.1, randomseed=-1, imb_ratio=100, n_layer=2, feat_dim=64, warmup=5, epoch=900, tau=2, max=False, no_mask=False, gdc='ppr')
excel_file_path is  TrueAug_Cheb_CiteSeer_output.xlsx
12-04-18:33:00
Dataset is  CiteSeer() 
Chosen from DirectedData:  False
Num of bidrected edges: 4552, total num of edges: 9104
This is directed graph:  False
data_x torch.Size([3327, 3703])
cuda:1
0
mu  cpu cpu
ChebModelBen(
  (conv1): ChebConv(3703, 2, K=2, normalization=sym)
  (conv2): ChebConv(2, 2, K=2, normalization=sym)
  (Conv): Conv1d(2, 6, kernel_size=(1,), stride=(1,))
)
cuda:1
Epoch:0, test_Acc: 23.00, test_bacc: 16.85, test_f1: 7.53
Epoch:1, test_Acc: 23.00, test_bacc: 16.85, test_f1: 7.53
Epoch:2, test_Acc: 23.00, test_bacc: 16.85, test_f1: 7.53
Epoch:3, test_Acc: 23.00, test_bacc: 16.85, test_f1: 7.53
Epoch:4, test_Acc: 23.00, test_bacc: 16.85, test_f1: 7.53
Epoch:5, test_Acc: 23.00, test_bacc: 16.85, test_f1: 7.53
Epoch:6, test_Acc: 23.00, test_bacc: 16.85, test_f1: 7.53
Epoch:7, test_Acc: 23.00, test_bacc: 16.85, test_f1: 7.53
Epoch:8, test_Acc: 23.00, test_bacc: 16.85, test_f1: 7.53
Epoch:9, test_Acc: 23.00, test_bacc: 16.85, test_f1: 7.53
Epoch:10, test_Acc: 23.00, test_bacc: 16.85, test_f1: 7.53
Epoch:11, test_Acc: 23.40, test_bacc: 17.46, test_f1: 8.66
Epoch:12, test_Acc: 23.40, test_bacc: 17.46, test_f1: 8.66
Epoch:13, test_Acc: 23.50, test_bacc: 17.69, test_f1: 9.05
Epoch:14, test_Acc: 23.70, test_bacc: 17.90, test_f1: 9.25
Epoch:15, test_Acc: 23.70, test_bacc: 17.90, test_f1: 9.25
Epoch:16, test_Acc: 23.70, test_bacc: 17.90, test_f1: 9.25
Epoch:17, test_Acc: 23.70, test_bacc: 18.03, test_f1: 9.48
Epoch:18, test_Acc: 23.70, test_bacc: 18.06, test_f1: 9.54
Epoch:19, test_Acc: 23.70, test_bacc: 18.09, test_f1: 9.58
Epoch:20, test_Acc: 23.80, test_bacc: 18.26, test_f1: 9.78
Epoch:21, test_Acc: 24.10, test_bacc: 18.56, test_f1: 10.15
Epoch:22, test_Acc: 24.60, test_bacc: 19.03, test_f1: 11.31
Epoch:23, test_Acc: 25.50, test_bacc: 19.85, test_f1: 12.89
Epoch:24, test_Acc: 26.70, test_bacc: 20.82, test_f1: 14.63
Epoch:25, test_Acc: 28.30, test_bacc: 22.01, test_f1: 13.73
Epoch:26, test_Acc: 29.20, test_bacc: 23.06, test_f1: 13.94
Epoch:27, test_Acc: 29.70, test_bacc: 23.84, test_f1: 14.18
Epoch:28, test_Acc: 29.70, test_bacc: 23.84, test_f1: 14.18
Epoch:29, test_Acc: 29.70, test_bacc: 23.84, test_f1: 14.18
Epoch:30, test_Acc: 29.70, test_bacc: 23.84, test_f1: 14.18
Epoch:31, test_Acc: 29.70, test_bacc: 23.84, test_f1: 14.18
Epoch:32, test_Acc: 29.70, test_bacc: 23.84, test_f1: 14.18
Epoch:33, test_Acc: 29.70, test_bacc: 23.84, test_f1: 14.18
Epoch:34, test_Acc: 29.70, test_bacc: 23.84, test_f1: 14.18
Epoch:35, test_Acc: 29.70, test_bacc: 23.84, test_f1: 14.18
Epoch:36, test_Acc: 29.70, test_bacc: 23.84, test_f1: 14.18
Epoch:37, test_Acc: 29.70, test_bacc: 23.84, test_f1: 14.18
Epoch:38, test_Acc: 29.70, test_bacc: 23.84, test_f1: 14.18
Epoch:39, test_Acc: 29.70, test_bacc: 23.84, test_f1: 14.18
Epoch:40, test_Acc: 29.70, test_bacc: 23.84, test_f1: 14.18
Epoch:41, test_Acc: 29.70, test_bacc: 23.84, test_f1: 14.18
Epoch:42, test_Acc: 29.70, test_bacc: 23.84, test_f1: 14.18
Epoch:43, test_Acc: 29.70, test_bacc: 23.84, test_f1: 14.18
Epoch:44, test_Acc: 29.70, test_bacc: 23.84, test_f1: 14.18
Epoch:45, test_Acc: 29.70, test_bacc: 23.84, test_f1: 14.18
Epoch:46, test_Acc: 29.70, test_bacc: 23.84, test_f1: 14.18
Epoch:47, test_Acc: 29.70, test_bacc: 23.84, test_f1: 14.18
Epoch:48, test_Acc: 29.70, test_bacc: 23.84, test_f1: 14.18
Epoch:49, test_Acc: 29.70, test_bacc: 23.84, test_f1: 14.18
Epoch:50, test_Acc: 29.70, test_bacc: 23.84, test_f1: 14.18
Epoch:51, test_Acc: 29.70, test_bacc: 23.84, test_f1: 14.18
Epoch:52, test_Acc: 29.70, test_bacc: 23.84, test_f1: 14.18
Epoch:53, test_Acc: 29.70, test_bacc: 23.84, test_f1: 14.18
Epoch:54, test_Acc: 29.70, test_bacc: 23.84, test_f1: 14.18
Epoch:55, test_Acc: 29.70, test_bacc: 23.84, test_f1: 14.18
Epoch:56, test_Acc: 29.70, test_bacc: 23.84, test_f1: 14.18
Epoch:57, test_Acc: 29.70, test_bacc: 23.84, test_f1: 14.18
Epoch:58, test_Acc: 29.70, test_bacc: 23.84, test_f1: 14.18
Epoch:59, test_Acc: 29.70, test_bacc: 23.84, test_f1: 14.18
Epoch:60, test_Acc: 29.70, test_bacc: 23.84, test_f1: 14.18
Epoch:61, test_Acc: 29.70, test_bacc: 23.84, test_f1: 14.18
Epoch:62, test_Acc: 29.70, test_bacc: 23.84, test_f1: 14.18
Epoch:63, test_Acc: 29.70, test_bacc: 23.84, test_f1: 14.18
Epoch:64, test_Acc: 29.70, test_bacc: 23.84, test_f1: 14.18
Epoch:65, test_Acc: 29.70, test_bacc: 23.84, test_f1: 14.18
Epoch:66, test_Acc: 29.70, test_bacc: 23.84, test_f1: 14.18
Epoch:67, test_Acc: 29.70, test_bacc: 23.84, test_f1: 14.18
Epoch:68, test_Acc: 29.70, test_bacc: 23.84, test_f1: 14.18
Epoch:69, test_Acc: 29.70, test_bacc: 23.84, test_f1: 14.18
Epoch:70, test_Acc: 29.70, test_bacc: 23.84, test_f1: 14.18
Epoch:71, test_Acc: 29.70, test_bacc: 23.84, test_f1: 14.18
Epoch:72, test_Acc: 29.70, test_bacc: 23.84, test_f1: 14.18
Epoch:73, test_Acc: 29.70, test_bacc: 23.84, test_f1: 14.18
Epoch:74, test_Acc: 29.70, test_bacc: 23.84, test_f1: 14.18
Epoch:75, test_Acc: 29.70, test_bacc: 23.84, test_f1: 14.18
Epoch:76, test_Acc: 29.70, test_bacc: 23.84, test_f1: 14.18
Epoch:77, test_Acc: 29.70, test_bacc: 23.84, test_f1: 14.18
Epoch:78, test_Acc: 29.70, test_bacc: 23.84, test_f1: 14.18
Epoch:79, test_Acc: 29.70, test_bacc: 23.84, test_f1: 14.18
Epoch:80, test_Acc: 29.70, test_bacc: 23.84, test_f1: 14.18
Epoch:81, test_Acc: 29.70, test_bacc: 23.84, test_f1: 14.18
Epoch:82, test_Acc: 29.70, test_bacc: 23.84, test_f1: 14.18
Epoch:83, test_Acc: 29.70, test_bacc: 23.84, test_f1: 14.18
Epoch:84, test_Acc: 29.70, test_bacc: 23.84, test_f1: 14.18
Epoch:85, test_Acc: 29.70, test_bacc: 23.84, test_f1: 14.18
Epoch:86, test_Acc: 29.70, test_bacc: 23.84, test_f1: 14.18
Epoch:87, test_Acc: 29.70, test_bacc: 23.84, test_f1: 14.18
Epoch:88, test_Acc: 29.70, test_bacc: 23.84, test_f1: 14.18
Epoch:89, test_Acc: 29.70, test_bacc: 23.84, test_f1: 14.18
Epoch:90, test_Acc: 29.70, test_bacc: 23.84, test_f1: 14.18
Epoch:91, test_Acc: 29.70, test_bacc: 23.84, test_f1: 14.18
Epoch:92, test_Acc: 29.70, test_bacc: 23.84, test_f1: 14.18
Epoch:93, test_Acc: 29.70, test_bacc: 23.84, test_f1: 14.18
Epoch:94, test_Acc: 29.70, test_bacc: 23.84, test_f1: 14.18
Epoch:95, test_Acc: 29.70, test_bacc: 23.84, test_f1: 14.18
Epoch:96, test_Acc: 29.70, test_bacc: 23.84, test_f1: 14.18
Epoch:97, test_Acc: 29.70, test_bacc: 23.84, test_f1: 14.18
Epoch:98, test_Acc: 29.70, test_bacc: 23.84, test_f1: 14.18
Epoch:99, test_Acc: 29.70, test_bacc: 23.84, test_f1: 14.18
Epoch:100, test_Acc: 29.70, test_bacc: 23.84, test_f1: 14.18
Epoch:101, test_Acc: 29.70, test_bacc: 23.84, test_f1: 14.18
Epoch:102, test_Acc: 29.70, test_bacc: 23.84, test_f1: 14.18
Epoch:103, test_Acc: 29.70, test_bacc: 23.84, test_f1: 14.18
Epoch:104, test_Acc: 29.70, test_bacc: 23.84, test_f1: 14.18
Epoch:105, test_Acc: 29.70, test_bacc: 23.84, test_f1: 14.18
Epoch:106, test_Acc: 29.70, test_bacc: 23.84, test_f1: 14.18
Epoch:107, test_Acc: 29.70, test_bacc: 23.84, test_f1: 14.18
Epoch:108, test_Acc: 29.70, test_bacc: 23.84, test_f1: 14.18
Epoch:109, test_Acc: 29.70, test_bacc: 23.84, test_f1: 14.18
Epoch:110, test_Acc: 29.70, test_bacc: 23.84, test_f1: 14.18
Epoch:111, test_Acc: 29.70, test_bacc: 23.84, test_f1: 14.18
Epoch:112, test_Acc: 29.70, test_bacc: 23.84, test_f1: 14.18
Epoch:113, test_Acc: 29.70, test_bacc: 23.84, test_f1: 14.18
Epoch:114, test_Acc: 29.70, test_bacc: 23.84, test_f1: 14.18
Epoch:115, test_Acc: 29.70, test_bacc: 23.84, test_f1: 14.18
Epoch:116, test_Acc: 29.70, test_bacc: 23.84, test_f1: 14.18
Epoch:117, test_Acc: 29.70, test_bacc: 23.84, test_f1: 14.18
Epoch:118, test_Acc: 29.70, test_bacc: 23.84, test_f1: 14.18
Epoch:119, test_Acc: 29.70, test_bacc: 23.84, test_f1: 14.18
Epoch:120, test_Acc: 29.70, test_bacc: 23.84, test_f1: 14.18
Epoch:121, test_Acc: 29.70, test_bacc: 23.84, test_f1: 14.18
Epoch:122, test_Acc: 29.70, test_bacc: 23.84, test_f1: 14.18
Epoch:123, test_Acc: 29.70, test_bacc: 23.84, test_f1: 14.18
Epoch:124, test_Acc: 29.70, test_bacc: 23.84, test_f1: 14.18
Epoch:125, test_Acc: 29.00, test_bacc: 24.49, test_f1: 14.41
Epoch:126, test_Acc: 29.20, test_bacc: 24.64, test_f1: 14.51
Epoch:127, test_Acc: 29.30, test_bacc: 24.71, test_f1: 14.54
Epoch:128, test_Acc: 29.40, test_bacc: 24.78, test_f1: 14.57
Epoch:129, test_Acc: 29.40, test_bacc: 24.78, test_f1: 14.57
Epoch:130, test_Acc: 29.90, test_bacc: 25.14, test_f1: 14.79
Epoch:131, test_Acc: 30.00, test_bacc: 25.21, test_f1: 14.76
Epoch:132, test_Acc: 30.00, test_bacc: 25.21, test_f1: 14.76
Epoch:133, test_Acc: 30.00, test_bacc: 25.21, test_f1: 14.76
Epoch:134, test_Acc: 30.00, test_bacc: 25.21, test_f1: 14.76
Epoch:135, test_Acc: 30.00, test_bacc: 25.21, test_f1: 14.76
Epoch:136, test_Acc: 30.60, test_bacc: 25.61, test_f1: 14.95
Epoch:137, test_Acc: 30.60, test_bacc: 25.61, test_f1: 14.95
Epoch:138, test_Acc: 30.60, test_bacc: 25.61, test_f1: 14.95
Epoch:139, test_Acc: 31.20, test_bacc: 26.04, test_f1: 15.14
Epoch:140, test_Acc: 31.50, test_bacc: 26.26, test_f1: 15.24
Epoch:141, test_Acc: 31.50, test_bacc: 26.26, test_f1: 15.24
Epoch:142, test_Acc: 31.90, test_bacc: 26.54, test_f1: 15.40
Epoch:143, test_Acc: 31.90, test_bacc: 26.54, test_f1: 15.40
Epoch:144, test_Acc: 31.90, test_bacc: 26.54, test_f1: 15.40
Epoch:145, test_Acc: 31.90, test_bacc: 26.54, test_f1: 15.40
Epoch:146, test_Acc: 31.90, test_bacc: 26.54, test_f1: 15.40
Epoch:147, test_Acc: 31.90, test_bacc: 26.54, test_f1: 15.40
Epoch:148, test_Acc: 32.70, test_bacc: 27.12, test_f1: 15.71
Epoch:149, test_Acc: 32.70, test_bacc: 27.12, test_f1: 15.71
Epoch:150, test_Acc: 32.70, test_bacc: 27.12, test_f1: 15.71
Epoch:151, test_Acc: 33.00, test_bacc: 27.34, test_f1: 15.83
Epoch:152, test_Acc: 33.00, test_bacc: 27.34, test_f1: 15.83
Epoch:153, test_Acc: 33.00, test_bacc: 27.34, test_f1: 15.83
Epoch:154, test_Acc: 33.30, test_bacc: 27.53, test_f1: 15.90
Epoch:155, test_Acc: 33.30, test_bacc: 27.53, test_f1: 15.90
Epoch:156, test_Acc: 33.30, test_bacc: 27.53, test_f1: 15.90
Epoch:157, test_Acc: 33.30, test_bacc: 27.53, test_f1: 15.90
Epoch:158, test_Acc: 33.40, test_bacc: 27.59, test_f1: 15.91
Epoch:159, test_Acc: 33.40, test_bacc: 27.59, test_f1: 15.91
Epoch:160, test_Acc: 33.40, test_bacc: 27.59, test_f1: 15.91
Epoch:161, test_Acc: 33.40, test_bacc: 27.59, test_f1: 15.91
Epoch:162, test_Acc: 33.40, test_bacc: 27.59, test_f1: 15.91
Epoch:163, test_Acc: 33.40, test_bacc: 27.59, test_f1: 15.91
Epoch:164, test_Acc: 33.40, test_bacc: 27.59, test_f1: 15.91
Epoch:165, test_Acc: 33.40, test_bacc: 27.59, test_f1: 15.91
Epoch:166, test_Acc: 33.40, test_bacc: 27.59, test_f1: 15.91
Epoch:167, test_Acc: 33.40, test_bacc: 27.59, test_f1: 15.91
Epoch:168, test_Acc: 33.40, test_bacc: 27.59, test_f1: 15.91
Epoch:169, test_Acc: 33.40, test_bacc: 27.59, test_f1: 15.91
Epoch:170, test_Acc: 33.40, test_bacc: 27.59, test_f1: 15.91
Epoch:171, test_Acc: 33.40, test_bacc: 27.59, test_f1: 15.91
Epoch:172, test_Acc: 33.40, test_bacc: 27.59, test_f1: 15.91
Epoch:173, test_Acc: 33.40, test_bacc: 27.59, test_f1: 15.91
Epoch:174, test_Acc: 33.40, test_bacc: 27.59, test_f1: 15.91
Epoch:175, test_Acc: 33.40, test_bacc: 27.59, test_f1: 15.91
Epoch:176, test_Acc: 33.40, test_bacc: 27.59, test_f1: 15.91
Epoch:177, test_Acc: 33.40, test_bacc: 27.59, test_f1: 15.91
Epoch:178, test_Acc: 33.40, test_bacc: 27.59, test_f1: 15.91
Epoch:179, test_Acc: 33.40, test_bacc: 27.59, test_f1: 15.91
Epoch:180, test_Acc: 33.40, test_bacc: 27.59, test_f1: 15.91
Epoch:181, test_Acc: 33.40, test_bacc: 27.59, test_f1: 15.91
Epoch:182, test_Acc: 34.70, test_bacc: 28.46, test_f1: 16.44
Epoch:183, test_Acc: 34.70, test_bacc: 28.46, test_f1: 16.44
Epoch:184, test_Acc: 34.70, test_bacc: 28.46, test_f1: 16.44
Epoch:185, test_Acc: 34.70, test_bacc: 28.46, test_f1: 16.43
Epoch:186, test_Acc: 34.70, test_bacc: 28.46, test_f1: 16.43
Epoch:187, test_Acc: 34.70, test_bacc: 28.46, test_f1: 16.43
Epoch:188, test_Acc: 34.70, test_bacc: 28.46, test_f1: 16.43
Epoch:189, test_Acc: 34.70, test_bacc: 28.46, test_f1: 16.43
Epoch:190, test_Acc: 34.70, test_bacc: 28.46, test_f1: 16.43
Epoch:191, test_Acc: 34.70, test_bacc: 28.46, test_f1: 16.43
Epoch:192, test_Acc: 34.70, test_bacc: 28.46, test_f1: 16.43
Epoch:193, test_Acc: 34.70, test_bacc: 28.46, test_f1: 16.43
Epoch:194, test_Acc: 34.70, test_bacc: 28.44, test_f1: 16.41
Epoch:195, test_Acc: 34.70, test_bacc: 28.44, test_f1: 16.41
Epoch:196, test_Acc: 34.70, test_bacc: 28.44, test_f1: 16.41
Epoch:197, test_Acc: 34.70, test_bacc: 28.44, test_f1: 16.41
Epoch:198, test_Acc: 34.70, test_bacc: 28.44, test_f1: 16.41
Epoch:199, test_Acc: 34.70, test_bacc: 28.44, test_f1: 16.41
Epoch:200, test_Acc: 34.70, test_bacc: 28.44, test_f1: 16.41
Epoch:201, test_Acc: 34.70, test_bacc: 28.44, test_f1: 16.41
Epoch:202, test_Acc: 34.70, test_bacc: 28.44, test_f1: 16.41
Epoch:203, test_Acc: 34.70, test_bacc: 28.44, test_f1: 16.41
Epoch:204, test_Acc: 34.70, test_bacc: 28.44, test_f1: 16.41
Epoch:205, test_Acc: 34.70, test_bacc: 28.44, test_f1: 16.41
Epoch:206, test_Acc: 34.70, test_bacc: 28.44, test_f1: 16.41
Epoch:207, test_Acc: 34.70, test_bacc: 28.44, test_f1: 16.41
Epoch:208, test_Acc: 34.80, test_bacc: 28.50, test_f1: 16.45
Epoch:209, test_Acc: 34.90, test_bacc: 28.57, test_f1: 16.49
Epoch:210, test_Acc: 34.90, test_bacc: 28.57, test_f1: 16.49
Epoch:211, test_Acc: 34.90, test_bacc: 28.57, test_f1: 16.49
Epoch:212, test_Acc: 34.90, test_bacc: 28.57, test_f1: 16.49
Epoch:213, test_Acc: 34.90, test_bacc: 28.57, test_f1: 16.49
Epoch:214, test_Acc: 34.90, test_bacc: 28.57, test_f1: 16.49
Epoch:215, test_Acc: 34.90, test_bacc: 28.57, test_f1: 16.49
Epoch:216, test_Acc: 34.90, test_bacc: 28.57, test_f1: 16.49
Epoch:217, test_Acc: 34.90, test_bacc: 28.57, test_f1: 16.49
Epoch:218, test_Acc: 34.90, test_bacc: 28.57, test_f1: 16.49
Epoch:219, test_Acc: 34.90, test_bacc: 28.57, test_f1: 16.49
Epoch:220, test_Acc: 34.90, test_bacc: 28.57, test_f1: 16.49
Epoch:221, test_Acc: 34.90, test_bacc: 28.57, test_f1: 16.49
Epoch:222, test_Acc: 34.90, test_bacc: 28.57, test_f1: 16.49
Epoch:223, test_Acc: 34.90, test_bacc: 28.57, test_f1: 16.49
Epoch:224, test_Acc: 34.90, test_bacc: 28.57, test_f1: 16.49
Epoch:225, test_Acc: 34.90, test_bacc: 28.57, test_f1: 16.49
Epoch:226, test_Acc: 34.90, test_bacc: 28.57, test_f1: 16.49
Epoch:227, test_Acc: 34.90, test_bacc: 28.55, test_f1: 16.48
Epoch:228, test_Acc: 34.90, test_bacc: 28.55, test_f1: 16.47
Epoch:229, test_Acc: 34.90, test_bacc: 28.55, test_f1: 16.47
Epoch:230, test_Acc: 34.90, test_bacc: 28.55, test_f1: 16.47
Epoch:231, test_Acc: 34.90, test_bacc: 28.55, test_f1: 16.47
Epoch:232, test_Acc: 34.90, test_bacc: 28.55, test_f1: 16.47
Epoch:233, test_Acc: 34.90, test_bacc: 28.55, test_f1: 16.47
Epoch:234, test_Acc: 34.90, test_bacc: 28.55, test_f1: 16.47
Epoch:235, test_Acc: 34.90, test_bacc: 28.55, test_f1: 16.47
Epoch:236, test_Acc: 34.90, test_bacc: 28.55, test_f1: 16.47
Epoch:237, test_Acc: 34.90, test_bacc: 28.55, test_f1: 16.47
Epoch:238, test_Acc: 34.90, test_bacc: 28.55, test_f1: 16.47
Epoch:239, test_Acc: 34.90, test_bacc: 28.55, test_f1: 16.47
Epoch:240, test_Acc: 34.90, test_bacc: 28.55, test_f1: 16.47
Epoch:241, test_Acc: 34.90, test_bacc: 28.55, test_f1: 16.47
Epoch:242, test_Acc: 34.90, test_bacc: 28.55, test_f1: 16.47
Epoch:243, test_Acc: 34.90, test_bacc: 28.55, test_f1: 16.47
Epoch:244, test_Acc: 34.90, test_bacc: 28.55, test_f1: 16.47
Epoch:245, test_Acc: 34.90, test_bacc: 28.55, test_f1: 16.47
Epoch:246, test_Acc: 34.90, test_bacc: 28.55, test_f1: 16.47
Epoch:247, test_Acc: 34.90, test_bacc: 28.55, test_f1: 16.47
Epoch:248, test_Acc: 34.90, test_bacc: 28.55, test_f1: 16.47
Epoch:249, test_Acc: 34.90, test_bacc: 28.55, test_f1: 16.47
Epoch:250, test_Acc: 34.90, test_bacc: 28.55, test_f1: 16.47
Epoch:251, test_Acc: 34.90, test_bacc: 28.55, test_f1: 16.47
Epoch:252, test_Acc: 34.90, test_bacc: 28.55, test_f1: 16.47
Epoch:253, test_Acc: 34.90, test_bacc: 28.55, test_f1: 16.47
Epoch:254, test_Acc: 34.90, test_bacc: 28.55, test_f1: 16.47
Epoch:255, test_Acc: 34.90, test_bacc: 28.55, test_f1: 16.47
Epoch:256, test_Acc: 34.90, test_bacc: 28.55, test_f1: 16.47
Epoch:257, test_Acc: 34.90, test_bacc: 28.55, test_f1: 16.47
Epoch:258, test_Acc: 34.90, test_bacc: 28.55, test_f1: 16.47
Epoch:259, test_Acc: 34.90, test_bacc: 28.55, test_f1: 16.47
Epoch:260, test_Acc: 34.90, test_bacc: 28.55, test_f1: 16.47
Epoch:261, test_Acc: 34.90, test_bacc: 28.55, test_f1: 16.47
Epoch:262, test_Acc: 34.90, test_bacc: 28.55, test_f1: 16.47
Epoch:263, test_Acc: 34.90, test_bacc: 28.55, test_f1: 16.47
Epoch:264, test_Acc: 34.90, test_bacc: 28.55, test_f1: 16.47
Epoch:265, test_Acc: 34.90, test_bacc: 28.55, test_f1: 16.47
Epoch:266, test_Acc: 34.90, test_bacc: 28.55, test_f1: 16.47
Epoch:267, test_Acc: 34.90, test_bacc: 28.55, test_f1: 16.47
Epoch:268, test_Acc: 34.90, test_bacc: 28.55, test_f1: 16.47
Epoch:269, test_Acc: 34.90, test_bacc: 28.55, test_f1: 16.47
Epoch:270, test_Acc: 34.90, test_bacc: 28.55, test_f1: 16.47
Epoch:271, test_Acc: 34.90, test_bacc: 28.55, test_f1: 16.47
Epoch:272, test_Acc: 34.90, test_bacc: 28.55, test_f1: 16.47
Epoch:273, test_Acc: 34.90, test_bacc: 28.55, test_f1: 16.47
Epoch:274, test_Acc: 34.90, test_bacc: 28.55, test_f1: 16.47
Epoch:275, test_Acc: 34.90, test_bacc: 28.55, test_f1: 16.47
Epoch:276, test_Acc: 34.90, test_bacc: 28.55, test_f1: 16.47
Epoch:277, test_Acc: 34.90, test_bacc: 28.55, test_f1: 16.47
Epoch:278, test_Acc: 34.90, test_bacc: 28.55, test_f1: 16.47
Epoch:279, test_Acc: 34.90, test_bacc: 28.55, test_f1: 16.47
Epoch:280, test_Acc: 34.90, test_bacc: 28.55, test_f1: 16.47
Epoch:281, test_Acc: 34.90, test_bacc: 28.55, test_f1: 16.47
Epoch:282, test_Acc: 34.90, test_bacc: 28.55, test_f1: 16.47
Epoch:283, test_Acc: 34.90, test_bacc: 28.55, test_f1: 16.47
Epoch:284, test_Acc: 34.90, test_bacc: 28.55, test_f1: 16.47
Epoch:285, test_Acc: 34.90, test_bacc: 28.55, test_f1: 16.47
Epoch:286, test_Acc: 34.90, test_bacc: 28.55, test_f1: 16.47
Epoch:287, test_Acc: 34.90, test_bacc: 28.55, test_f1: 16.47
Epoch:288, test_Acc: 34.90, test_bacc: 28.55, test_f1: 16.47
Epoch:289, test_Acc: 34.90, test_bacc: 28.55, test_f1: 16.47
Epoch:290, test_Acc: 34.90, test_bacc: 28.55, test_f1: 16.47
Epoch:291, test_Acc: 34.90, test_bacc: 28.55, test_f1: 16.47
Epoch:292, test_Acc: 34.90, test_bacc: 28.55, test_f1: 16.47
Epoch:293, test_Acc: 34.90, test_bacc: 28.55, test_f1: 16.47
Epoch:294, test_Acc: 35.30, test_bacc: 28.80, test_f1: 16.65
Epoch:295, test_Acc: 35.30, test_bacc: 28.80, test_f1: 16.65
Epoch:296, test_Acc: 35.30, test_bacc: 28.80, test_f1: 16.65
Epoch:297, test_Acc: 35.30, test_bacc: 28.80, test_f1: 16.65
Epoch:298, test_Acc: 35.30, test_bacc: 28.80, test_f1: 16.65
Epoch:299, test_Acc: 35.30, test_bacc: 28.80, test_f1: 16.65
Epoch:300, test_Acc: 35.30, test_bacc: 28.80, test_f1: 16.65
Epoch:301, test_Acc: 35.30, test_bacc: 28.80, test_f1: 16.65
Epoch:302, test_Acc: 35.30, test_bacc: 28.80, test_f1: 16.65
Epoch:303, test_Acc: 35.30, test_bacc: 28.80, test_f1: 16.65
Epoch:304, test_Acc: 35.30, test_bacc: 28.80, test_f1: 16.65
Epoch:305, test_Acc: 35.30, test_bacc: 28.80, test_f1: 16.66
Epoch:306, test_Acc: 35.30, test_bacc: 28.80, test_f1: 16.66
Epoch:307, test_Acc: 35.30, test_bacc: 28.80, test_f1: 16.66
Epoch:308, test_Acc: 35.30, test_bacc: 28.80, test_f1: 16.66
Epoch:309, test_Acc: 35.30, test_bacc: 28.80, test_f1: 16.66
Epoch:310, test_Acc: 35.70, test_bacc: 29.09, test_f1: 16.84
Epoch:311, test_Acc: 35.70, test_bacc: 29.09, test_f1: 16.84
Epoch:312, test_Acc: 35.70, test_bacc: 29.09, test_f1: 16.84
Epoch:313, test_Acc: 35.70, test_bacc: 29.09, test_f1: 16.84
Epoch:314, test_Acc: 35.70, test_bacc: 29.09, test_f1: 16.84
Epoch:315, test_Acc: 35.70, test_bacc: 29.09, test_f1: 16.84
Epoch:316, test_Acc: 35.70, test_bacc: 29.09, test_f1: 16.84
Epoch:317, test_Acc: 35.70, test_bacc: 29.09, test_f1: 16.84
Epoch:318, test_Acc: 35.70, test_bacc: 29.09, test_f1: 16.84
Epoch:319, test_Acc: 35.70, test_bacc: 29.09, test_f1: 16.84
Epoch:320, test_Acc: 35.70, test_bacc: 29.09, test_f1: 16.84
Epoch:321, test_Acc: 35.70, test_bacc: 29.09, test_f1: 16.84
Epoch:322, test_Acc: 35.70, test_bacc: 29.09, test_f1: 16.84
Epoch:323, test_Acc: 35.70, test_bacc: 29.09, test_f1: 16.84
Epoch:324, test_Acc: 35.70, test_bacc: 29.09, test_f1: 16.84
Epoch:325, test_Acc: 35.70, test_bacc: 29.09, test_f1: 16.84
Epoch:326, test_Acc: 35.70, test_bacc: 29.09, test_f1: 16.84
Epoch:327, test_Acc: 35.70, test_bacc: 29.09, test_f1: 16.84
Epoch:328, test_Acc: 35.70, test_bacc: 29.09, test_f1: 16.84
Epoch:329, test_Acc: 35.70, test_bacc: 29.09, test_f1: 16.84
Epoch:330, test_Acc: 35.70, test_bacc: 29.09, test_f1: 16.84
Epoch:331, test_Acc: 35.70, test_bacc: 29.09, test_f1: 16.84
Epoch:332, test_Acc: 35.70, test_bacc: 29.09, test_f1: 16.84
Epoch:333, test_Acc: 35.70, test_bacc: 29.09, test_f1: 16.84
Epoch:334, test_Acc: 35.70, test_bacc: 29.09, test_f1: 16.84
Epoch:335, test_Acc: 35.70, test_bacc: 29.09, test_f1: 16.84
Epoch:336, test_Acc: 35.70, test_bacc: 29.09, test_f1: 16.84
Epoch:337, test_Acc: 35.70, test_bacc: 29.09, test_f1: 16.84
Epoch:338, test_Acc: 35.70, test_bacc: 29.09, test_f1: 16.84
Epoch:339, test_Acc: 35.70, test_bacc: 29.09, test_f1: 16.84
Epoch:340, test_Acc: 35.70, test_bacc: 29.09, test_f1: 16.84
Epoch:341, test_Acc: 35.70, test_bacc: 29.09, test_f1: 16.84
Epoch:342, test_Acc: 35.70, test_bacc: 29.10, test_f1: 17.17
Epoch:343, test_Acc: 35.70, test_bacc: 29.10, test_f1: 17.17
Epoch:344, test_Acc: 35.70, test_bacc: 29.10, test_f1: 17.17
Epoch:345, test_Acc: 35.70, test_bacc: 29.10, test_f1: 17.17
Epoch:346, test_Acc: 35.70, test_bacc: 29.10, test_f1: 17.17
Epoch:347, test_Acc: 35.70, test_bacc: 29.10, test_f1: 17.17
Epoch:348, test_Acc: 35.70, test_bacc: 29.10, test_f1: 17.17
Epoch:349, test_Acc: 35.70, test_bacc: 29.10, test_f1: 17.17
Epoch:350, test_Acc: 35.70, test_bacc: 29.10, test_f1: 17.17
Epoch:351, test_Acc: 35.70, test_bacc: 29.10, test_f1: 17.17
Epoch:352, test_Acc: 35.70, test_bacc: 29.10, test_f1: 17.17
Epoch:353, test_Acc: 35.70, test_bacc: 29.10, test_f1: 17.17
Epoch:354, test_Acc: 35.50, test_bacc: 28.94, test_f1: 17.10
Epoch:355, test_Acc: 35.50, test_bacc: 28.94, test_f1: 17.09
Epoch:356, test_Acc: 35.50, test_bacc: 28.94, test_f1: 17.09
Epoch:357, test_Acc: 35.50, test_bacc: 28.94, test_f1: 17.09
Epoch:358, test_Acc: 35.50, test_bacc: 28.94, test_f1: 17.09
Epoch:359, test_Acc: 35.50, test_bacc: 28.94, test_f1: 17.09
Epoch:360, test_Acc: 35.50, test_bacc: 28.94, test_f1: 17.09
Epoch:361, test_Acc: 35.50, test_bacc: 28.94, test_f1: 17.09
Epoch:362, test_Acc: 35.50, test_bacc: 28.94, test_f1: 17.09
Epoch:363, test_Acc: 35.50, test_bacc: 28.94, test_f1: 17.09
Epoch:364, test_Acc: 35.50, test_bacc: 29.00, test_f1: 17.51
Epoch:365, test_Acc: 35.50, test_bacc: 28.96, test_f1: 17.24
Epoch:366, test_Acc: 35.50, test_bacc: 28.96, test_f1: 17.24
Epoch:367, test_Acc: 35.50, test_bacc: 28.96, test_f1: 17.24
Epoch:368, test_Acc: 35.50, test_bacc: 28.96, test_f1: 17.24
Epoch:369, test_Acc: 35.60, test_bacc: 29.05, test_f1: 17.57
Epoch:370, test_Acc: 35.60, test_bacc: 29.07, test_f1: 17.57
Epoch:371, test_Acc: 35.60, test_bacc: 29.07, test_f1: 17.57
Epoch:372, test_Acc: 35.60, test_bacc: 29.07, test_f1: 17.57
Epoch:373, test_Acc: 35.60, test_bacc: 29.07, test_f1: 17.57
Epoch:374, test_Acc: 35.60, test_bacc: 29.07, test_f1: 17.57
Epoch:375, test_Acc: 35.20, test_bacc: 28.76, test_f1: 17.41
Epoch:376, test_Acc: 35.20, test_bacc: 28.74, test_f1: 17.42
Epoch:377, test_Acc: 35.20, test_bacc: 28.74, test_f1: 17.43
Epoch:378, test_Acc: 35.20, test_bacc: 28.74, test_f1: 17.43
Epoch:379, test_Acc: 35.20, test_bacc: 28.74, test_f1: 17.43
Epoch:380, test_Acc: 35.20, test_bacc: 28.74, test_f1: 17.43
Epoch:381, test_Acc: 35.50, test_bacc: 29.00, test_f1: 17.84
Epoch:382, test_Acc: 35.50, test_bacc: 29.02, test_f1: 17.95
Epoch:383, test_Acc: 35.50, test_bacc: 29.02, test_f1: 17.95
Epoch:384, test_Acc: 35.50, test_bacc: 29.02, test_f1: 17.95
Epoch:385, test_Acc: 35.50, test_bacc: 29.02, test_f1: 17.95
Epoch:386, test_Acc: 35.50, test_bacc: 29.02, test_f1: 17.95
Epoch:387, test_Acc: 35.80, test_bacc: 29.27, test_f1: 18.35
Epoch:388, test_Acc: 35.80, test_bacc: 29.27, test_f1: 18.35
Epoch:389, test_Acc: 35.80, test_bacc: 29.27, test_f1: 18.35
Epoch:390, test_Acc: 35.80, test_bacc: 29.27, test_f1: 18.35
Epoch:391, test_Acc: 35.90, test_bacc: 29.36, test_f1: 18.51
Epoch:392, test_Acc: 35.90, test_bacc: 29.36, test_f1: 18.51
Epoch:393, test_Acc: 35.90, test_bacc: 29.36, test_f1: 18.51
Epoch:394, test_Acc: 35.90, test_bacc: 29.36, test_f1: 18.51
Epoch:395, test_Acc: 35.90, test_bacc: 29.36, test_f1: 18.51
Epoch:396, test_Acc: 36.30, test_bacc: 29.71, test_f1: 19.04
Epoch:397, test_Acc: 36.30, test_bacc: 29.71, test_f1: 19.04
Epoch:398, test_Acc: 36.30, test_bacc: 29.71, test_f1: 19.04
Epoch:399, test_Acc: 36.30, test_bacc: 29.71, test_f1: 19.04
Epoch:400, test_Acc: 36.60, test_bacc: 30.01, test_f1: 19.60
Epoch:401, test_Acc: 36.60, test_bacc: 30.01, test_f1: 19.60
Epoch:402, test_Acc: 36.60, test_bacc: 30.01, test_f1: 19.60
Epoch:403, test_Acc: 36.80, test_bacc: 30.19, test_f1: 19.89
Epoch:404, test_Acc: 36.80, test_bacc: 30.19, test_f1: 19.89
Epoch:405, test_Acc: 36.80, test_bacc: 30.19, test_f1: 19.89
Epoch:406, test_Acc: 36.80, test_bacc: 30.19, test_f1: 19.89
Epoch:407, test_Acc: 36.80, test_bacc: 30.19, test_f1: 19.89
Epoch:408, test_Acc: 36.80, test_bacc: 30.19, test_f1: 19.89
Epoch:409, test_Acc: 36.80, test_bacc: 30.19, test_f1: 19.89
Epoch:410, test_Acc: 36.80, test_bacc: 30.19, test_f1: 19.89
Epoch:411, test_Acc: 36.80, test_bacc: 30.19, test_f1: 19.89
Epoch:412, test_Acc: 36.90, test_bacc: 30.24, test_f1: 19.94
Epoch:413, test_Acc: 36.90, test_bacc: 30.24, test_f1: 19.94
Epoch:414, test_Acc: 36.90, test_bacc: 30.24, test_f1: 19.94
Epoch:415, test_Acc: 36.90, test_bacc: 30.24, test_f1: 19.94
Epoch:416, test_Acc: 36.90, test_bacc: 30.24, test_f1: 19.94
Epoch:417, test_Acc: 36.90, test_bacc: 30.24, test_f1: 19.94
Epoch:418, test_Acc: 36.90, test_bacc: 30.24, test_f1: 19.94
Epoch:419, test_Acc: 36.90, test_bacc: 30.24, test_f1: 19.94
Epoch:420, test_Acc: 36.90, test_bacc: 30.24, test_f1: 19.94
Epoch:421, test_Acc: 36.90, test_bacc: 30.24, test_f1: 19.94
Epoch:422, test_Acc: 36.90, test_bacc: 30.24, test_f1: 19.94
Epoch:423, test_Acc: 36.90, test_bacc: 30.24, test_f1: 19.94
Epoch:424, test_Acc: 36.90, test_bacc: 30.24, test_f1: 19.94
Epoch:425, test_Acc: 36.90, test_bacc: 30.24, test_f1: 19.94
Epoch:426, test_Acc: 36.90, test_bacc: 30.24, test_f1: 19.94
Epoch:427, test_Acc: 36.90, test_bacc: 30.24, test_f1: 19.94
Epoch:428, test_Acc: 36.90, test_bacc: 30.24, test_f1: 19.94
Epoch:429, test_Acc: 36.80, test_bacc: 30.25, test_f1: 20.33
Epoch:430, test_Acc: 36.90, test_bacc: 30.34, test_f1: 20.46
Epoch:431, test_Acc: 36.70, test_bacc: 30.17, test_f1: 20.28
Epoch:432, test_Acc: 36.70, test_bacc: 30.17, test_f1: 20.28
Epoch:433, test_Acc: 36.70, test_bacc: 30.17, test_f1: 20.28
Epoch:434, test_Acc: 36.70, test_bacc: 30.17, test_f1: 20.28
Epoch:435, test_Acc: 36.70, test_bacc: 30.17, test_f1: 20.28
Epoch:436, test_Acc: 36.70, test_bacc: 30.17, test_f1: 20.28
Epoch:437, test_Acc: 36.70, test_bacc: 30.17, test_f1: 20.28
Epoch:438, test_Acc: 36.70, test_bacc: 30.17, test_f1: 20.28
Epoch:439, test_Acc: 37.30, test_bacc: 30.66, test_f1: 20.95
Epoch:440, test_Acc: 37.30, test_bacc: 30.66, test_f1: 20.95
Epoch:441, test_Acc: 37.30, test_bacc: 30.66, test_f1: 20.95
Epoch:442, test_Acc: 37.30, test_bacc: 30.66, test_f1: 20.95
Epoch:443, test_Acc: 37.30, test_bacc: 30.66, test_f1: 20.95
Epoch:444, test_Acc: 37.30, test_bacc: 30.66, test_f1: 20.95
Epoch:445, test_Acc: 37.30, test_bacc: 30.66, test_f1: 20.95
Epoch:446, test_Acc: 37.30, test_bacc: 30.66, test_f1: 20.95
Epoch:447, test_Acc: 37.90, test_bacc: 31.27, test_f1: 21.85
Epoch:448, test_Acc: 38.20, test_bacc: 31.51, test_f1: 22.06
Epoch:449, test_Acc: 38.20, test_bacc: 31.51, test_f1: 22.06
Traceback (most recent call last):
  File "/home/qj2004/magnet/src/GNNChangeTrainTest.py", line 589, in <module>
    int(args.num_filter)) + 'alpha' + str(int(100 * args.alpha)) + 'layer' + str(
  File "/home/qj2004/magnet/src/GNNChangeTrainTest.py", line 479, in main
    workbook.remove(workbook['Epoch'])
  File "/home/qj2004/.conda/envs/myenv/lib/python3.10/site-packages/pandas/io/excel/_openpyxl.py", line 75, in __init__
    self._book = load_workbook(self._handles.handle, **engine_kwargs)
  File "/home/qj2004/.conda/envs/myenv/lib/python3.10/site-packages/openpyxl/reader/excel.py", line 346, in load_workbook
    reader.read()
  File "/home/qj2004/.conda/envs/myenv/lib/python3.10/site-packages/openpyxl/reader/excel.py", line 293, in read
    self.read_properties()
  File "/home/qj2004/.conda/envs/myenv/lib/python3.10/site-packages/openpyxl/reader/excel.py", line 175, in read_properties
    src = fromstring(self.archive.read(ARC_CORE))
  File "/home/qj2004/.conda/envs/myenv/lib/python3.10/zipfile.py", line 1478, in read
    return fp.read()
  File "/home/qj2004/.conda/envs/myenv/lib/python3.10/zipfile.py", line 913, in read
    buf += self._read1(self.MAX_N)
  File "/home/qj2004/.conda/envs/myenv/lib/python3.10/zipfile.py", line 1017, in _read1
    self._update_crc(data)
  File "/home/qj2004/.conda/envs/myenv/lib/python3.10/zipfile.py", line 945, in _update_crc
    raise BadZipFile("Bad CRC-32 for file %r" % self.name)
zipfile.BadZipFile: Bad CRC-32 for file 'docProps/core.xml'
