cuda:1
Namespace(withAug=True, AugDirect=20, method_name='SAGE', seed=100, IsDirectedData=False, dataset='WebKB/texas', undirect_dataset='CiteSeer', MakeImbalance=True, CustomizeMask=False, K=2, heads=8, log_root='../logs/', log_path='test', data_path='../dataset/data/tmp/', epochs=1500, num_filter=2, p_q=0.95, p_inter=0.1, dropout=0.0, debug=False, new_setting=False, layer=2, lr=0.005, l2=0.0005, to_undirected=False, alpha=0.1, randomseed=-1, imb_ratio=100, n_layer=2, feat_dim=64, warmup=5, epoch=900, tau=2, max=False, no_mask=False, gdc='ppr')
excel_file_path is  TrueAug_SAGE_CiteSeer_output.xlsx
12-04-19:01:14
Dataset is  CiteSeer() 
Chosen from DirectedData:  False
Num of bidrected edges: 4552, total num of edges: 9104
This is directed graph:  False
data_x torch.Size([3327, 3703])
cuda:1
0
mu  cpu cpu
GraphSAGE2(
  (conv1): SAGEConv(3703, 64)
  (conv2): SAGEConv(64, 6)
)
cuda:1
Epoch:0, test_Acc: 18.10, test_bacc: 16.67, test_f1: 5.11
Epoch:1, test_Acc: 18.10, test_bacc: 16.67, test_f1: 5.11
Epoch:2, test_Acc: 18.10, test_bacc: 16.67, test_f1: 5.11
Epoch:3, test_Acc: 18.10, test_bacc: 16.67, test_f1: 5.11
Epoch:4, test_Acc: 18.10, test_bacc: 16.67, test_f1: 5.11
Epoch:5, test_Acc: 18.10, test_bacc: 16.67, test_f1: 5.11
Epoch:6, test_Acc: 18.10, test_bacc: 16.67, test_f1: 5.11
Epoch:7, test_Acc: 18.10, test_bacc: 16.67, test_f1: 5.11
Epoch:8, test_Acc: 18.10, test_bacc: 16.67, test_f1: 5.11
Epoch:9, test_Acc: 18.10, test_bacc: 16.67, test_f1: 5.11
Epoch:10, test_Acc: 18.10, test_bacc: 16.67, test_f1: 5.11
Epoch:11, test_Acc: 18.10, test_bacc: 16.67, test_f1: 5.11
Epoch:12, test_Acc: 18.10, test_bacc: 16.67, test_f1: 5.11
Epoch:13, test_Acc: 18.10, test_bacc: 16.67, test_f1: 5.11
Epoch:14, test_Acc: 18.10, test_bacc: 16.67, test_f1: 5.11
Epoch:15, test_Acc: 18.10, test_bacc: 16.67, test_f1: 5.11
Epoch:16, test_Acc: 18.10, test_bacc: 16.67, test_f1: 5.11
Epoch:17, test_Acc: 18.10, test_bacc: 16.67, test_f1: 5.11
Epoch:18, test_Acc: 18.10, test_bacc: 16.67, test_f1: 5.11
Epoch:19, test_Acc: 18.10, test_bacc: 16.67, test_f1: 5.11
Epoch:20, test_Acc: 18.10, test_bacc: 16.67, test_f1: 5.11
Epoch:21, test_Acc: 18.10, test_bacc: 16.67, test_f1: 5.11
Epoch:22, test_Acc: 18.10, test_bacc: 16.67, test_f1: 5.11
Epoch:23, test_Acc: 18.10, test_bacc: 16.67, test_f1: 5.11
Epoch:24, test_Acc: 18.10, test_bacc: 16.67, test_f1: 5.11
Epoch:25, test_Acc: 18.10, test_bacc: 16.67, test_f1: 5.11
Epoch:26, test_Acc: 18.10, test_bacc: 16.67, test_f1: 5.11
Epoch:27, test_Acc: 18.10, test_bacc: 16.67, test_f1: 5.11
Epoch:28, test_Acc: 18.10, test_bacc: 16.67, test_f1: 5.11
Epoch:29, test_Acc: 18.90, test_bacc: 17.24, test_f1: 6.26
Epoch:30, test_Acc: 20.70, test_bacc: 18.54, test_f1: 8.58
Epoch:31, test_Acc: 22.40, test_bacc: 19.77, test_f1: 10.46
Epoch:32, test_Acc: 24.40, test_bacc: 21.21, test_f1: 12.39
Epoch:33, test_Acc: 25.60, test_bacc: 22.10, test_f1: 13.42
Epoch:34, test_Acc: 27.50, test_bacc: 23.50, test_f1: 14.94
Epoch:35, test_Acc: 28.80, test_bacc: 24.55, test_f1: 16.22
Epoch:36, test_Acc: 29.50, test_bacc: 25.11, test_f1: 17.00
Epoch:37, test_Acc: 30.70, test_bacc: 26.11, test_f1: 18.29
Epoch:38, test_Acc: 32.00, test_bacc: 27.26, test_f1: 19.99
Epoch:39, test_Acc: 33.10, test_bacc: 28.13, test_f1: 20.98
Epoch:40, test_Acc: 33.60, test_bacc: 28.62, test_f1: 21.71
Epoch:41, test_Acc: 34.30, test_bacc: 29.24, test_f1: 22.47
Epoch:42, test_Acc: 35.00, test_bacc: 29.90, test_f1: 23.35
Epoch:43, test_Acc: 35.70, test_bacc: 30.51, test_f1: 24.06
Epoch:44, test_Acc: 36.50, test_bacc: 31.25, test_f1: 25.02
Epoch:45, test_Acc: 37.40, test_bacc: 32.04, test_f1: 25.94
Epoch:46, test_Acc: 38.10, test_bacc: 32.65, test_f1: 26.48
Epoch:47, test_Acc: 39.00, test_bacc: 33.47, test_f1: 27.30
Epoch:48, test_Acc: 40.60, test_bacc: 34.88, test_f1: 28.60
Epoch:49, test_Acc: 41.10, test_bacc: 35.38, test_f1: 29.07
Epoch:50, test_Acc: 41.70, test_bacc: 35.93, test_f1: 29.56
Epoch:51, test_Acc: 42.50, test_bacc: 36.58, test_f1: 30.06
Epoch:52, test_Acc: 42.60, test_bacc: 36.66, test_f1: 30.08
Epoch:53, test_Acc: 42.60, test_bacc: 36.66, test_f1: 30.08
Epoch:54, test_Acc: 43.00, test_bacc: 37.06, test_f1: 30.57
Epoch:55, test_Acc: 43.20, test_bacc: 37.40, test_f1: 31.29
Epoch:56, test_Acc: 43.50, test_bacc: 37.71, test_f1: 31.68
Epoch:57, test_Acc: 43.50, test_bacc: 37.71, test_f1: 31.68
Epoch:58, test_Acc: 43.50, test_bacc: 37.71, test_f1: 31.68
Epoch:59, test_Acc: 44.90, test_bacc: 38.85, test_f1: 32.30
Epoch:60, test_Acc: 44.90, test_bacc: 38.85, test_f1: 32.30
Epoch:61, test_Acc: 45.50, test_bacc: 39.41, test_f1: 32.80
Epoch:62, test_Acc: 45.50, test_bacc: 39.41, test_f1: 32.74
Epoch:63, test_Acc: 45.60, test_bacc: 39.51, test_f1: 32.81
Epoch:64, test_Acc: 45.60, test_bacc: 39.51, test_f1: 32.81
Epoch:65, test_Acc: 45.60, test_bacc: 39.51, test_f1: 32.81
Epoch:66, test_Acc: 46.40, test_bacc: 40.26, test_f1: 33.44
Epoch:67, test_Acc: 46.40, test_bacc: 40.26, test_f1: 33.44
Epoch:68, test_Acc: 47.20, test_bacc: 40.98, test_f1: 34.15
Epoch:69, test_Acc: 47.40, test_bacc: 41.16, test_f1: 34.38
Epoch:70, test_Acc: 47.20, test_bacc: 40.99, test_f1: 34.28
Epoch:71, test_Acc: 47.20, test_bacc: 40.99, test_f1: 34.28
Epoch:72, test_Acc: 47.20, test_bacc: 40.99, test_f1: 34.28
Epoch:73, test_Acc: 46.40, test_bacc: 40.29, test_f1: 33.89
Epoch:74, test_Acc: 46.40, test_bacc: 40.29, test_f1: 33.89
Epoch:75, test_Acc: 46.40, test_bacc: 40.29, test_f1: 33.89
Epoch:76, test_Acc: 47.10, test_bacc: 40.88, test_f1: 34.28
Epoch:77, test_Acc: 47.30, test_bacc: 41.08, test_f1: 34.38
Epoch:78, test_Acc: 47.30, test_bacc: 41.08, test_f1: 34.38
Epoch:79, test_Acc: 47.30, test_bacc: 41.08, test_f1: 34.38
Epoch:80, test_Acc: 47.30, test_bacc: 41.08, test_f1: 34.38
Epoch:81, test_Acc: 48.30, test_bacc: 42.01, test_f1: 35.36
Epoch:82, test_Acc: 48.20, test_bacc: 41.93, test_f1: 35.26
Epoch:83, test_Acc: 48.40, test_bacc: 42.07, test_f1: 35.37
Epoch:84, test_Acc: 48.40, test_bacc: 42.07, test_f1: 35.37
Epoch:85, test_Acc: 48.40, test_bacc: 42.07, test_f1: 35.37
Epoch:86, test_Acc: 48.40, test_bacc: 42.07, test_f1: 35.37
Epoch:87, test_Acc: 47.50, test_bacc: 41.31, test_f1: 34.89
Epoch:88, test_Acc: 47.50, test_bacc: 41.31, test_f1: 34.89
Epoch:89, test_Acc: 47.50, test_bacc: 41.31, test_f1: 34.90
Epoch:90, test_Acc: 48.30, test_bacc: 42.02, test_f1: 35.60
Epoch:91, test_Acc: 48.90, test_bacc: 42.58, test_f1: 36.16
Epoch:92, test_Acc: 49.40, test_bacc: 43.06, test_f1: 36.70
Epoch:93, test_Acc: 49.50, test_bacc: 43.16, test_f1: 36.74
Epoch:94, test_Acc: 49.50, test_bacc: 43.16, test_f1: 36.74
Epoch:95, test_Acc: 49.50, test_bacc: 43.16, test_f1: 36.74
Epoch:96, test_Acc: 49.50, test_bacc: 43.16, test_f1: 36.74
Epoch:97, test_Acc: 49.50, test_bacc: 43.16, test_f1: 36.74
Epoch:98, test_Acc: 49.50, test_bacc: 43.16, test_f1: 36.74
Epoch:99, test_Acc: 49.50, test_bacc: 43.16, test_f1: 36.74
Epoch:100, test_Acc: 49.50, test_bacc: 43.16, test_f1: 36.74
Epoch:101, test_Acc: 49.50, test_bacc: 43.16, test_f1: 36.74
Epoch:102, test_Acc: 49.50, test_bacc: 43.16, test_f1: 36.74
Epoch:103, test_Acc: 49.60, test_bacc: 43.25, test_f1: 37.02
Epoch:104, test_Acc: 49.60, test_bacc: 43.27, test_f1: 37.14
Epoch:105, test_Acc: 49.60, test_bacc: 43.27, test_f1: 37.14
Epoch:106, test_Acc: 49.60, test_bacc: 43.27, test_f1: 37.14
Epoch:107, test_Acc: 49.60, test_bacc: 43.27, test_f1: 37.14
Epoch:108, test_Acc: 49.60, test_bacc: 43.27, test_f1: 37.14
Epoch:109, test_Acc: 50.00, test_bacc: 43.65, test_f1: 38.01
Epoch:110, test_Acc: 50.00, test_bacc: 43.65, test_f1: 38.01
Epoch:111, test_Acc: 50.00, test_bacc: 43.65, test_f1: 38.01
Epoch:112, test_Acc: 50.00, test_bacc: 43.65, test_f1: 38.01
Epoch:113, test_Acc: 50.00, test_bacc: 43.65, test_f1: 38.01
Epoch:114, test_Acc: 50.00, test_bacc: 43.65, test_f1: 38.01
Epoch:115, test_Acc: 50.00, test_bacc: 43.65, test_f1: 38.01
Epoch:116, test_Acc: 50.00, test_bacc: 43.65, test_f1: 38.01
Epoch:117, test_Acc: 50.00, test_bacc: 43.65, test_f1: 38.01
Epoch:118, test_Acc: 50.00, test_bacc: 43.65, test_f1: 38.01
Epoch:119, test_Acc: 50.00, test_bacc: 43.65, test_f1: 38.01
Epoch:120, test_Acc: 50.00, test_bacc: 43.65, test_f1: 38.01
Epoch:121, test_Acc: 50.00, test_bacc: 43.65, test_f1: 38.01
Epoch:122, test_Acc: 50.70, test_bacc: 44.27, test_f1: 39.06
Epoch:123, test_Acc: 50.40, test_bacc: 43.96, test_f1: 38.67
Epoch:124, test_Acc: 50.00, test_bacc: 43.58, test_f1: 38.25
Epoch:125, test_Acc: 50.00, test_bacc: 43.58, test_f1: 38.25
Epoch:126, test_Acc: 50.00, test_bacc: 43.58, test_f1: 38.25
Epoch:127, test_Acc: 50.00, test_bacc: 43.58, test_f1: 38.25
Epoch:128, test_Acc: 51.00, test_bacc: 44.61, test_f1: 39.65
Epoch:129, test_Acc: 51.10, test_bacc: 44.74, test_f1: 39.88
Epoch:130, test_Acc: 51.50, test_bacc: 45.10, test_f1: 40.28
Epoch:131, test_Acc: 51.50, test_bacc: 45.10, test_f1: 40.28
Epoch:132, test_Acc: 51.50, test_bacc: 45.10, test_f1: 40.28
Epoch:133, test_Acc: 51.50, test_bacc: 45.10, test_f1: 40.28
Epoch:134, test_Acc: 51.50, test_bacc: 45.10, test_f1: 40.28
Epoch:135, test_Acc: 51.50, test_bacc: 45.10, test_f1: 40.28
Epoch:136, test_Acc: 51.50, test_bacc: 45.10, test_f1: 40.28
Epoch:137, test_Acc: 51.50, test_bacc: 45.10, test_f1: 40.28
Epoch:138, test_Acc: 51.50, test_bacc: 45.10, test_f1: 40.28
Epoch:139, test_Acc: 51.50, test_bacc: 45.10, test_f1: 40.28
Epoch:140, test_Acc: 51.50, test_bacc: 45.10, test_f1: 40.28
Epoch:141, test_Acc: 51.50, test_bacc: 45.10, test_f1: 40.28
Epoch:142, test_Acc: 51.50, test_bacc: 45.10, test_f1: 40.28
Epoch:143, test_Acc: 51.50, test_bacc: 45.10, test_f1: 40.28
Epoch:144, test_Acc: 51.50, test_bacc: 45.10, test_f1: 40.28
Epoch:145, test_Acc: 51.50, test_bacc: 45.10, test_f1: 40.28
Epoch:146, test_Acc: 51.50, test_bacc: 45.10, test_f1: 40.28
Epoch:147, test_Acc: 51.50, test_bacc: 45.10, test_f1: 40.28
Epoch:148, test_Acc: 51.50, test_bacc: 45.10, test_f1: 40.28
Epoch:149, test_Acc: 51.50, test_bacc: 45.10, test_f1: 40.28
Epoch:150, test_Acc: 51.50, test_bacc: 45.10, test_f1: 40.28
Epoch:151, test_Acc: 51.50, test_bacc: 45.10, test_f1: 40.28
Epoch:152, test_Acc: 51.50, test_bacc: 45.10, test_f1: 40.28
Epoch:153, test_Acc: 51.50, test_bacc: 45.10, test_f1: 40.28
Epoch:154, test_Acc: 51.50, test_bacc: 45.10, test_f1: 40.28
Epoch:155, test_Acc: 51.50, test_bacc: 45.10, test_f1: 40.28
Epoch:156, test_Acc: 51.50, test_bacc: 45.10, test_f1: 40.28
Epoch:157, test_Acc: 51.60, test_bacc: 45.14, test_f1: 40.18
Epoch:158, test_Acc: 51.90, test_bacc: 45.37, test_f1: 40.34
Epoch:159, test_Acc: 51.90, test_bacc: 45.37, test_f1: 40.34
Epoch:160, test_Acc: 51.90, test_bacc: 45.37, test_f1: 40.34
Epoch:161, test_Acc: 51.90, test_bacc: 45.37, test_f1: 40.34
Epoch:162, test_Acc: 51.90, test_bacc: 45.37, test_f1: 40.34
Epoch:163, test_Acc: 51.90, test_bacc: 45.37, test_f1: 40.34
Epoch:164, test_Acc: 51.90, test_bacc: 45.37, test_f1: 40.34
Epoch:165, test_Acc: 51.90, test_bacc: 45.37, test_f1: 40.34
Epoch:166, test_Acc: 51.90, test_bacc: 45.37, test_f1: 40.34
Epoch:167, test_Acc: 51.90, test_bacc: 45.37, test_f1: 40.34
Epoch:168, test_Acc: 51.90, test_bacc: 45.37, test_f1: 40.34
Epoch:169, test_Acc: 51.90, test_bacc: 45.37, test_f1: 40.34
Epoch:170, test_Acc: 51.90, test_bacc: 45.37, test_f1: 40.34
Epoch:171, test_Acc: 51.90, test_bacc: 45.37, test_f1: 40.34
Epoch:172, test_Acc: 51.90, test_bacc: 45.37, test_f1: 40.34
Epoch:173, test_Acc: 51.90, test_bacc: 45.37, test_f1: 40.34
Epoch:174, test_Acc: 51.90, test_bacc: 45.37, test_f1: 40.34
Epoch:175, test_Acc: 51.90, test_bacc: 45.37, test_f1: 40.34
Epoch:176, test_Acc: 51.90, test_bacc: 45.37, test_f1: 40.34
Epoch:177, test_Acc: 51.90, test_bacc: 45.37, test_f1: 40.34
Epoch:178, test_Acc: 51.90, test_bacc: 45.37, test_f1: 40.34
Epoch:179, test_Acc: 51.90, test_bacc: 45.37, test_f1: 40.34
Epoch:180, test_Acc: 51.90, test_bacc: 45.37, test_f1: 40.34
Epoch:181, test_Acc: 51.90, test_bacc: 45.37, test_f1: 40.34
Epoch:182, test_Acc: 51.90, test_bacc: 45.37, test_f1: 40.34
Epoch:183, test_Acc: 51.90, test_bacc: 45.37, test_f1: 40.34
Epoch:184, test_Acc: 51.90, test_bacc: 45.37, test_f1: 40.34
Epoch:185, test_Acc: 51.90, test_bacc: 45.37, test_f1: 40.34
Epoch:186, test_Acc: 51.90, test_bacc: 45.37, test_f1: 40.34
Epoch:187, test_Acc: 51.90, test_bacc: 45.37, test_f1: 40.34
Epoch:188, test_Acc: 51.90, test_bacc: 45.37, test_f1: 40.34
Epoch:189, test_Acc: 51.90, test_bacc: 45.37, test_f1: 40.34
Epoch:190, test_Acc: 51.90, test_bacc: 45.37, test_f1: 40.34
Epoch:191, test_Acc: 51.90, test_bacc: 45.37, test_f1: 40.34
Epoch:192, test_Acc: 51.90, test_bacc: 45.37, test_f1: 40.34
Epoch:193, test_Acc: 52.50, test_bacc: 45.92, test_f1: 40.81
Epoch:194, test_Acc: 52.50, test_bacc: 45.92, test_f1: 40.81
Epoch:195, test_Acc: 52.50, test_bacc: 45.92, test_f1: 40.81
Epoch:196, test_Acc: 52.50, test_bacc: 45.92, test_f1: 40.81
Epoch:197, test_Acc: 52.50, test_bacc: 45.92, test_f1: 40.81
Epoch:198, test_Acc: 52.50, test_bacc: 45.92, test_f1: 40.81
Epoch:199, test_Acc: 52.50, test_bacc: 45.92, test_f1: 40.81
Epoch:200, test_Acc: 52.50, test_bacc: 45.92, test_f1: 40.81
Epoch:201, test_Acc: 52.60, test_bacc: 46.02, test_f1: 41.52
Epoch:202, test_Acc: 52.80, test_bacc: 46.23, test_f1: 41.77
Epoch:203, test_Acc: 52.80, test_bacc: 46.23, test_f1: 41.77
Epoch:204, test_Acc: 52.80, test_bacc: 46.23, test_f1: 41.77
Epoch:205, test_Acc: 52.80, test_bacc: 46.23, test_f1: 41.77
Epoch:206, test_Acc: 52.80, test_bacc: 46.23, test_f1: 41.77
Epoch:207, test_Acc: 52.80, test_bacc: 46.23, test_f1: 41.77
Epoch:208, test_Acc: 52.80, test_bacc: 46.23, test_f1: 41.77
Epoch:209, test_Acc: 52.80, test_bacc: 46.23, test_f1: 41.77
Epoch:210, test_Acc: 52.80, test_bacc: 46.23, test_f1: 41.77
Epoch:211, test_Acc: 52.80, test_bacc: 46.23, test_f1: 41.77
Epoch:212, test_Acc: 52.80, test_bacc: 46.23, test_f1: 41.77
Epoch:213, test_Acc: 52.80, test_bacc: 46.23, test_f1: 41.77
Epoch:214, test_Acc: 52.80, test_bacc: 46.23, test_f1: 41.77
Epoch:215, test_Acc: 52.80, test_bacc: 46.23, test_f1: 41.77
Epoch:216, test_Acc: 52.80, test_bacc: 46.23, test_f1: 41.77
Epoch:217, test_Acc: 52.80, test_bacc: 46.23, test_f1: 41.77
Epoch:218, test_Acc: 52.80, test_bacc: 46.23, test_f1: 41.77
Epoch:219, test_Acc: 52.80, test_bacc: 46.23, test_f1: 41.77
Epoch:220, test_Acc: 52.80, test_bacc: 46.23, test_f1: 41.77
Epoch:221, test_Acc: 52.50, test_bacc: 45.98, test_f1: 41.28
Epoch:222, test_Acc: 52.40, test_bacc: 45.88, test_f1: 41.13
Epoch:223, test_Acc: 52.40, test_bacc: 45.88, test_f1: 41.13
Epoch:224, test_Acc: 52.40, test_bacc: 45.88, test_f1: 41.13
Epoch:225, test_Acc: 52.40, test_bacc: 45.88, test_f1: 41.13
Epoch:226, test_Acc: 52.40, test_bacc: 45.88, test_f1: 41.13
Epoch:227, test_Acc: 52.40, test_bacc: 45.88, test_f1: 41.13
Epoch:228, test_Acc: 52.40, test_bacc: 45.88, test_f1: 41.13
Epoch:229, test_Acc: 52.40, test_bacc: 45.88, test_f1: 41.13
Epoch:230, test_Acc: 52.40, test_bacc: 45.88, test_f1: 41.13
Epoch:231, test_Acc: 52.40, test_bacc: 45.88, test_f1: 41.13
Epoch:232, test_Acc: 52.40, test_bacc: 45.88, test_f1: 41.13
Epoch:233, test_Acc: 52.40, test_bacc: 45.88, test_f1: 41.13
Epoch:234, test_Acc: 52.40, test_bacc: 45.88, test_f1: 41.13
Epoch:235, test_Acc: 52.40, test_bacc: 45.88, test_f1: 41.13
Epoch:236, test_Acc: 52.40, test_bacc: 45.88, test_f1: 41.13
Epoch:237, test_Acc: 52.40, test_bacc: 45.88, test_f1: 41.13
Epoch:238, test_Acc: 52.40, test_bacc: 45.88, test_f1: 41.13
Epoch:239, test_Acc: 52.40, test_bacc: 45.88, test_f1: 41.13
Epoch:240, test_Acc: 52.40, test_bacc: 45.88, test_f1: 41.13
Epoch:241, test_Acc: 52.40, test_bacc: 45.88, test_f1: 41.13
Epoch:242, test_Acc: 52.40, test_bacc: 45.88, test_f1: 41.13
Epoch:243, test_Acc: 52.40, test_bacc: 45.90, test_f1: 41.25
Epoch:244, test_Acc: 52.40, test_bacc: 45.90, test_f1: 41.25
Epoch:245, test_Acc: 52.40, test_bacc: 45.90, test_f1: 41.25
Epoch:246, test_Acc: 52.40, test_bacc: 45.90, test_f1: 41.25
Epoch:247, test_Acc: 52.40, test_bacc: 45.90, test_f1: 41.25
Epoch:248, test_Acc: 52.40, test_bacc: 45.90, test_f1: 41.25
Epoch:249, test_Acc: 52.40, test_bacc: 45.90, test_f1: 41.25
Epoch:250, test_Acc: 52.40, test_bacc: 45.90, test_f1: 41.25
Epoch:251, test_Acc: 52.40, test_bacc: 45.90, test_f1: 41.25
Epoch:252, test_Acc: 52.40, test_bacc: 45.90, test_f1: 41.25
Epoch:253, test_Acc: 52.40, test_bacc: 45.90, test_f1: 41.25
Epoch:254, test_Acc: 52.40, test_bacc: 45.90, test_f1: 41.25
Epoch:255, test_Acc: 52.40, test_bacc: 45.90, test_f1: 41.25
Epoch:256, test_Acc: 52.40, test_bacc: 45.90, test_f1: 41.25
Epoch:257, test_Acc: 52.40, test_bacc: 45.90, test_f1: 41.25
Epoch:258, test_Acc: 52.40, test_bacc: 45.90, test_f1: 41.25
Epoch:259, test_Acc: 52.40, test_bacc: 45.90, test_f1: 41.25
Epoch:260, test_Acc: 52.40, test_bacc: 45.90, test_f1: 41.25
Epoch:261, test_Acc: 52.40, test_bacc: 45.90, test_f1: 41.25
Epoch:262, test_Acc: 52.40, test_bacc: 45.90, test_f1: 41.25
Epoch:263, test_Acc: 52.40, test_bacc: 45.90, test_f1: 41.25
Epoch:264, test_Acc: 52.40, test_bacc: 45.90, test_f1: 41.25
Epoch:265, test_Acc: 52.40, test_bacc: 45.90, test_f1: 41.25
Epoch:266, test_Acc: 52.40, test_bacc: 45.90, test_f1: 41.25
Epoch:267, test_Acc: 52.40, test_bacc: 45.90, test_f1: 41.25
Epoch:268, test_Acc: 52.40, test_bacc: 45.90, test_f1: 41.25
Epoch:269, test_Acc: 52.40, test_bacc: 45.90, test_f1: 41.25
Epoch:270, test_Acc: 52.40, test_bacc: 45.90, test_f1: 41.25
Epoch:271, test_Acc: 52.40, test_bacc: 45.90, test_f1: 41.25
Epoch:272, test_Acc: 52.40, test_bacc: 45.90, test_f1: 41.25
Epoch:273, test_Acc: 52.40, test_bacc: 45.90, test_f1: 41.25
Epoch:274, test_Acc: 52.40, test_bacc: 45.90, test_f1: 41.25
Epoch:275, test_Acc: 52.40, test_bacc: 45.90, test_f1: 41.25
Epoch:276, test_Acc: 52.40, test_bacc: 45.90, test_f1: 41.25
Epoch:277, test_Acc: 52.40, test_bacc: 45.90, test_f1: 41.25
Epoch:278, test_Acc: 52.40, test_bacc: 45.90, test_f1: 41.25
Epoch:279, test_Acc: 52.40, test_bacc: 45.90, test_f1: 41.25
Epoch:280, test_Acc: 52.40, test_bacc: 45.90, test_f1: 41.25
Epoch:281, test_Acc: 52.40, test_bacc: 45.90, test_f1: 41.25
Epoch:282, test_Acc: 52.40, test_bacc: 45.90, test_f1: 41.25
Epoch:283, test_Acc: 52.40, test_bacc: 45.90, test_f1: 41.25
Epoch:284, test_Acc: 52.40, test_bacc: 45.90, test_f1: 41.25
Epoch:285, test_Acc: 52.40, test_bacc: 45.90, test_f1: 41.25
Epoch:286, test_Acc: 52.40, test_bacc: 45.90, test_f1: 41.25
Epoch:287, test_Acc: 52.40, test_bacc: 45.90, test_f1: 41.25
Epoch:288, test_Acc: 52.40, test_bacc: 45.90, test_f1: 41.25
Epoch:289, test_Acc: 52.40, test_bacc: 45.90, test_f1: 41.25
Epoch:290, test_Acc: 52.40, test_bacc: 45.90, test_f1: 41.25
Epoch:291, test_Acc: 52.40, test_bacc: 45.90, test_f1: 41.25
Epoch:292, test_Acc: 52.40, test_bacc: 45.90, test_f1: 41.25
Epoch:293, test_Acc: 52.40, test_bacc: 45.90, test_f1: 41.25
Epoch:294, test_Acc: 52.40, test_bacc: 45.90, test_f1: 41.25
Epoch:295, test_Acc: 52.40, test_bacc: 45.90, test_f1: 41.25
Epoch:296, test_Acc: 52.40, test_bacc: 45.90, test_f1: 41.25
Epoch:297, test_Acc: 52.40, test_bacc: 45.90, test_f1: 41.25
Epoch:298, test_Acc: 52.40, test_bacc: 45.90, test_f1: 41.25
Epoch:299, test_Acc: 52.40, test_bacc: 45.90, test_f1: 41.25
Epoch:300, test_Acc: 52.40, test_bacc: 45.90, test_f1: 41.25
Epoch:301, test_Acc: 52.40, test_bacc: 45.90, test_f1: 41.25
Epoch:302, test_Acc: 52.40, test_bacc: 45.90, test_f1: 41.25
Epoch:303, test_Acc: 52.40, test_bacc: 45.90, test_f1: 41.25
Epoch:304, test_Acc: 52.40, test_bacc: 45.90, test_f1: 41.25
Epoch:305, test_Acc: 52.40, test_bacc: 45.90, test_f1: 41.25
Epoch:306, test_Acc: 52.40, test_bacc: 45.90, test_f1: 41.25
Epoch:307, test_Acc: 52.40, test_bacc: 45.90, test_f1: 41.25
Epoch:308, test_Acc: 52.40, test_bacc: 45.90, test_f1: 41.25
Epoch:309, test_Acc: 52.40, test_bacc: 45.90, test_f1: 41.25
Epoch:310, test_Acc: 52.40, test_bacc: 45.90, test_f1: 41.25
Epoch:311, test_Acc: 52.40, test_bacc: 45.90, test_f1: 41.25
Epoch:312, test_Acc: 52.40, test_bacc: 45.90, test_f1: 41.25
Epoch:313, test_Acc: 52.40, test_bacc: 45.90, test_f1: 41.25
Epoch:314, test_Acc: 52.40, test_bacc: 45.90, test_f1: 41.25
Epoch:315, test_Acc: 52.40, test_bacc: 45.90, test_f1: 41.25
Epoch:316, test_Acc: 52.40, test_bacc: 45.90, test_f1: 41.25
Epoch:317, test_Acc: 52.40, test_bacc: 45.90, test_f1: 41.25
Epoch:318, test_Acc: 52.40, test_bacc: 45.90, test_f1: 41.25
Epoch:319, test_Acc: 52.40, test_bacc: 45.90, test_f1: 41.25
Epoch:320, test_Acc: 52.40, test_bacc: 45.90, test_f1: 41.25
Epoch:321, test_Acc: 52.40, test_bacc: 45.90, test_f1: 41.25
Epoch:322, test_Acc: 52.40, test_bacc: 45.90, test_f1: 41.25
Epoch:323, test_Acc: 52.40, test_bacc: 45.90, test_f1: 41.25
Epoch:324, test_Acc: 52.40, test_bacc: 45.90, test_f1: 41.25
Epoch:325, test_Acc: 52.40, test_bacc: 45.90, test_f1: 41.25
Epoch:326, test_Acc: 52.40, test_bacc: 45.90, test_f1: 41.25
Epoch:327, test_Acc: 52.40, test_bacc: 45.90, test_f1: 41.25
Epoch:328, test_Acc: 52.40, test_bacc: 45.90, test_f1: 41.25
Epoch:329, test_Acc: 52.40, test_bacc: 45.90, test_f1: 41.25
Epoch:330, test_Acc: 52.40, test_bacc: 45.90, test_f1: 41.25
Epoch:331, test_Acc: 52.40, test_bacc: 45.90, test_f1: 41.25
Epoch:332, test_Acc: 52.40, test_bacc: 45.90, test_f1: 41.25
Epoch:333, test_Acc: 52.40, test_bacc: 45.90, test_f1: 41.25
Epoch:334, test_Acc: 52.40, test_bacc: 45.90, test_f1: 41.25
Epoch:335, test_Acc: 52.40, test_bacc: 45.90, test_f1: 41.25
Epoch:336, test_Acc: 52.40, test_bacc: 45.90, test_f1: 41.25
Epoch:337, test_Acc: 52.40, test_bacc: 45.90, test_f1: 41.25
Epoch:338, test_Acc: 52.40, test_bacc: 45.90, test_f1: 41.25
Epoch:339, test_Acc: 52.40, test_bacc: 45.90, test_f1: 41.25
Epoch:340, test_Acc: 52.40, test_bacc: 45.90, test_f1: 41.25
Epoch:341, test_Acc: 52.40, test_bacc: 45.90, test_f1: 41.25
Epoch:342, test_Acc: 52.40, test_bacc: 45.90, test_f1: 41.25
Epoch:343, test_Acc: 52.40, test_bacc: 45.90, test_f1: 41.25
Epoch:344, test_Acc: 52.40, test_bacc: 45.90, test_f1: 41.25
Epoch:345, test_Acc: 52.40, test_bacc: 45.90, test_f1: 41.25
Epoch:346, test_Acc: 52.40, test_bacc: 45.90, test_f1: 41.25
Epoch:347, test_Acc: 52.40, test_bacc: 45.90, test_f1: 41.25
Epoch:348, test_Acc: 52.40, test_bacc: 45.90, test_f1: 41.25
Epoch:349, test_Acc: 52.40, test_bacc: 45.90, test_f1: 41.25
Epoch:350, test_Acc: 52.40, test_bacc: 45.90, test_f1: 41.25
Epoch:351, test_Acc: 52.40, test_bacc: 45.90, test_f1: 41.25
Epoch:352, test_Acc: 52.40, test_bacc: 45.90, test_f1: 41.25
Epoch:353, test_Acc: 52.40, test_bacc: 45.90, test_f1: 41.25
Epoch:354, test_Acc: 52.40, test_bacc: 45.90, test_f1: 41.25
Epoch:355, test_Acc: 52.40, test_bacc: 45.90, test_f1: 41.25
Epoch:356, test_Acc: 52.40, test_bacc: 45.90, test_f1: 41.25
Epoch:357, test_Acc: 52.40, test_bacc: 45.90, test_f1: 41.25
Epoch:358, test_Acc: 52.40, test_bacc: 45.90, test_f1: 41.25
Epoch:359, test_Acc: 52.40, test_bacc: 45.90, test_f1: 41.25
Epoch:360, test_Acc: 52.40, test_bacc: 45.90, test_f1: 41.25
Epoch:361, test_Acc: 52.40, test_bacc: 45.90, test_f1: 41.25
Epoch:362, test_Acc: 52.40, test_bacc: 45.90, test_f1: 41.25
Epoch:363, test_Acc: 52.40, test_bacc: 45.90, test_f1: 41.25
Epoch:364, test_Acc: 52.40, test_bacc: 45.90, test_f1: 41.25
Epoch:365, test_Acc: 52.40, test_bacc: 45.90, test_f1: 41.25
Epoch:366, test_Acc: 52.40, test_bacc: 45.90, test_f1: 41.25
Epoch:367, test_Acc: 52.40, test_bacc: 45.90, test_f1: 41.25
Epoch:368, test_Acc: 52.40, test_bacc: 45.90, test_f1: 41.25
Epoch:369, test_Acc: 52.40, test_bacc: 45.90, test_f1: 41.25
Epoch:370, test_Acc: 52.40, test_bacc: 45.90, test_f1: 41.25
Epoch:371, test_Acc: 52.40, test_bacc: 45.90, test_f1: 41.25
Epoch:372, test_Acc: 52.40, test_bacc: 45.90, test_f1: 41.25
Epoch:373, test_Acc: 52.40, test_bacc: 45.90, test_f1: 41.25
Epoch:374, test_Acc: 52.40, test_bacc: 45.90, test_f1: 41.25
Epoch:375, test_Acc: 52.40, test_bacc: 45.90, test_f1: 41.25
Epoch:376, test_Acc: 52.40, test_bacc: 45.90, test_f1: 41.25
Epoch:377, test_Acc: 52.40, test_bacc: 45.90, test_f1: 41.25
Epoch:378, test_Acc: 52.40, test_bacc: 45.90, test_f1: 41.25
Epoch:379, test_Acc: 52.40, test_bacc: 45.90, test_f1: 41.25
Epoch:380, test_Acc: 52.40, test_bacc: 45.90, test_f1: 41.25
Epoch:381, test_Acc: 52.40, test_bacc: 45.90, test_f1: 41.25
Epoch:382, test_Acc: 52.40, test_bacc: 45.90, test_f1: 41.25
Epoch:383, test_Acc: 52.40, test_bacc: 45.90, test_f1: 41.25
Epoch:384, test_Acc: 52.40, test_bacc: 45.90, test_f1: 41.25
Epoch:385, test_Acc: 52.40, test_bacc: 45.90, test_f1: 41.25
Epoch:386, test_Acc: 52.40, test_bacc: 45.90, test_f1: 41.25
Epoch:387, test_Acc: 52.40, test_bacc: 45.90, test_f1: 41.25
Epoch:388, test_Acc: 52.40, test_bacc: 45.90, test_f1: 41.25
Epoch:389, test_Acc: 52.40, test_bacc: 45.90, test_f1: 41.25
Epoch:390, test_Acc: 52.40, test_bacc: 45.90, test_f1: 41.25
Epoch:391, test_Acc: 52.40, test_bacc: 45.90, test_f1: 41.25
Epoch:392, test_Acc: 52.40, test_bacc: 45.90, test_f1: 41.25
Epoch:393, test_Acc: 52.40, test_bacc: 45.90, test_f1: 41.25
Epoch:394, test_Acc: 52.40, test_bacc: 45.90, test_f1: 41.25
Epoch:395, test_Acc: 52.40, test_bacc: 45.90, test_f1: 41.25
Epoch:396, test_Acc: 52.40, test_bacc: 45.90, test_f1: 41.25
Epoch:397, test_Acc: 52.40, test_bacc: 45.90, test_f1: 41.25
Epoch:398, test_Acc: 52.40, test_bacc: 45.90, test_f1: 41.25
Epoch:399, test_Acc: 52.40, test_bacc: 45.90, test_f1: 41.25
Epoch:400, test_Acc: 52.40, test_bacc: 45.90, test_f1: 41.25
Epoch:401, test_Acc: 52.40, test_bacc: 45.90, test_f1: 41.25
Epoch:402, test_Acc: 52.40, test_bacc: 45.90, test_f1: 41.25
Epoch:403, test_Acc: 52.40, test_bacc: 45.90, test_f1: 41.25
Epoch:404, test_Acc: 52.40, test_bacc: 45.90, test_f1: 41.25
Epoch:405, test_Acc: 52.40, test_bacc: 45.90, test_f1: 41.25
Epoch:406, test_Acc: 52.40, test_bacc: 45.90, test_f1: 41.25
Epoch:407, test_Acc: 52.40, test_bacc: 45.90, test_f1: 41.25
Epoch:408, test_Acc: 52.40, test_bacc: 45.90, test_f1: 41.25
Epoch:409, test_Acc: 52.50, test_bacc: 46.00, test_f1: 41.32
Epoch:410, test_Acc: 52.50, test_bacc: 46.00, test_f1: 41.32
Epoch:411, test_Acc: 52.50, test_bacc: 46.00, test_f1: 41.32
Epoch:412, test_Acc: 52.50, test_bacc: 46.00, test_f1: 41.32
Epoch:413, test_Acc: 52.50, test_bacc: 46.00, test_f1: 41.32
Epoch:414, test_Acc: 52.50, test_bacc: 46.00, test_f1: 41.32
Epoch:415, test_Acc: 52.50, test_bacc: 46.00, test_f1: 41.32
Epoch:416, test_Acc: 52.50, test_bacc: 46.00, test_f1: 41.32
Epoch:417, test_Acc: 52.50, test_bacc: 46.00, test_f1: 41.32
Epoch:418, test_Acc: 52.50, test_bacc: 46.00, test_f1: 41.32
Epoch:419, test_Acc: 52.50, test_bacc: 46.00, test_f1: 41.32
Epoch:420, test_Acc: 52.50, test_bacc: 46.00, test_f1: 41.32
Epoch:421, test_Acc: 52.50, test_bacc: 46.00, test_f1: 41.32
Epoch:422, test_Acc: 52.50, test_bacc: 46.00, test_f1: 41.32
Epoch:423, test_Acc: 52.50, test_bacc: 46.00, test_f1: 41.32
Epoch:424, test_Acc: 52.50, test_bacc: 46.00, test_f1: 41.32
Epoch:425, test_Acc: 52.50, test_bacc: 46.00, test_f1: 41.32
Epoch:426, test_Acc: 52.50, test_bacc: 46.00, test_f1: 41.32
Epoch:427, test_Acc: 52.50, test_bacc: 46.00, test_f1: 41.32
Epoch:428, test_Acc: 52.50, test_bacc: 46.00, test_f1: 41.32
Epoch:429, test_Acc: 52.50, test_bacc: 46.00, test_f1: 41.32
Epoch:430, test_Acc: 52.50, test_bacc: 46.00, test_f1: 41.32
Epoch:431, test_Acc: 52.50, test_bacc: 46.00, test_f1: 41.32
Epoch:432, test_Acc: 52.50, test_bacc: 46.00, test_f1: 41.32
Epoch:433, test_Acc: 52.50, test_bacc: 46.00, test_f1: 41.32
Epoch:434, test_Acc: 52.50, test_bacc: 46.00, test_f1: 41.32
Epoch:435, test_Acc: 52.50, test_bacc: 46.00, test_f1: 41.32
Epoch:436, test_Acc: 52.50, test_bacc: 46.00, test_f1: 41.32
Epoch:437, test_Acc: 52.50, test_bacc: 46.00, test_f1: 41.32
Epoch:438, test_Acc: 52.50, test_bacc: 46.00, test_f1: 41.32
Epoch:439, test_Acc: 52.50, test_bacc: 46.00, test_f1: 41.32
Epoch:440, test_Acc: 52.50, test_bacc: 46.00, test_f1: 41.32
Epoch:441, test_Acc: 52.50, test_bacc: 46.00, test_f1: 41.32
Epoch:442, test_Acc: 52.50, test_bacc: 46.00, test_f1: 41.32
Epoch:443, test_Acc: 52.50, test_bacc: 46.00, test_f1: 41.32
Epoch:444, test_Acc: 52.50, test_bacc: 46.00, test_f1: 41.32
Epoch:445, test_Acc: 52.50, test_bacc: 46.00, test_f1: 41.32
Epoch:446, test_Acc: 52.50, test_bacc: 46.00, test_f1: 41.32
Epoch:447, test_Acc: 52.50, test_bacc: 46.00, test_f1: 41.32
Epoch:448, test_Acc: 52.50, test_bacc: 46.00, test_f1: 41.32
Epoch:449, test_Acc: 52.50, test_bacc: 46.00, test_f1: 41.32
Epoch:450, test_Acc: 52.50, test_bacc: 46.00, test_f1: 41.32
Epoch:451, test_Acc: 52.50, test_bacc: 46.00, test_f1: 41.32
Epoch:452, test_Acc: 52.50, test_bacc: 46.00, test_f1: 41.32
Epoch:453, test_Acc: 52.50, test_bacc: 46.00, test_f1: 41.32
Epoch:454, test_Acc: 52.50, test_bacc: 46.00, test_f1: 41.32
Epoch:455, test_Acc: 52.50, test_bacc: 46.00, test_f1: 41.32
Epoch:456, test_Acc: 52.50, test_bacc: 46.00, test_f1: 41.32
Epoch:457, test_Acc: 52.50, test_bacc: 46.00, test_f1: 41.32
Epoch:458, test_Acc: 52.50, test_bacc: 46.00, test_f1: 41.32
Epoch:459, test_Acc: 52.50, test_bacc: 46.00, test_f1: 41.32
Epoch:460, test_Acc: 52.50, test_bacc: 46.00, test_f1: 41.32
Epoch:461, test_Acc: 52.50, test_bacc: 46.00, test_f1: 41.32
Epoch:462, test_Acc: 52.50, test_bacc: 46.00, test_f1: 41.32
Epoch:463, test_Acc: 52.50, test_bacc: 46.00, test_f1: 41.32
Epoch:464, test_Acc: 52.50, test_bacc: 46.00, test_f1: 41.32
Epoch:465, test_Acc: 52.50, test_bacc: 46.00, test_f1: 41.32
Epoch:466, test_Acc: 52.50, test_bacc: 46.00, test_f1: 41.32
Epoch:467, test_Acc: 52.50, test_bacc: 46.00, test_f1: 41.32
Epoch:468, test_Acc: 52.50, test_bacc: 46.00, test_f1: 41.32
Epoch:469, test_Acc: 52.50, test_bacc: 46.00, test_f1: 41.32
Epoch:470, test_Acc: 52.50, test_bacc: 46.00, test_f1: 41.32
Epoch:471, test_Acc: 52.50, test_bacc: 46.00, test_f1: 41.32
Epoch:472, test_Acc: 52.50, test_bacc: 46.00, test_f1: 41.32
Epoch:473, test_Acc: 52.50, test_bacc: 46.00, test_f1: 41.32
Epoch:474, test_Acc: 52.50, test_bacc: 46.00, test_f1: 41.32
Epoch:475, test_Acc: 52.50, test_bacc: 46.00, test_f1: 41.32
Epoch:476, test_Acc: 52.50, test_bacc: 46.00, test_f1: 41.32
Epoch:477, test_Acc: 52.50, test_bacc: 46.00, test_f1: 41.32
Epoch:478, test_Acc: 52.50, test_bacc: 46.00, test_f1: 41.32
Epoch:479, test_Acc: 52.50, test_bacc: 46.00, test_f1: 41.32
Epoch:480, test_Acc: 52.50, test_bacc: 46.00, test_f1: 41.32
Epoch:481, test_Acc: 52.50, test_bacc: 46.00, test_f1: 41.32
Epoch:482, test_Acc: 52.50, test_bacc: 46.00, test_f1: 41.32
Epoch:483, test_Acc: 52.50, test_bacc: 46.00, test_f1: 41.32
Epoch:484, test_Acc: 52.50, test_bacc: 46.00, test_f1: 41.32
Epoch:485, test_Acc: 52.50, test_bacc: 46.00, test_f1: 41.32
Epoch:486, test_Acc: 52.50, test_bacc: 46.00, test_f1: 41.32
Epoch:487, test_Acc: 52.50, test_bacc: 46.00, test_f1: 41.32
Epoch:488, test_Acc: 52.50, test_bacc: 46.00, test_f1: 41.32
Epoch:489, test_Acc: 52.50, test_bacc: 46.00, test_f1: 41.32
Epoch:490, test_Acc: 52.50, test_bacc: 46.00, test_f1: 41.32
Epoch:491, test_Acc: 52.50, test_bacc: 46.00, test_f1: 41.32
Epoch:492, test_Acc: 52.50, test_bacc: 46.00, test_f1: 41.32
Epoch:493, test_Acc: 52.50, test_bacc: 46.00, test_f1: 41.32
Epoch:494, test_Acc: 52.50, test_bacc: 46.00, test_f1: 41.32
Epoch:495, test_Acc: 52.50, test_bacc: 46.00, test_f1: 41.32
Epoch:496, test_Acc: 52.50, test_bacc: 46.00, test_f1: 41.32
Epoch:497, test_Acc: 52.50, test_bacc: 46.00, test_f1: 41.32
Epoch:498, test_Acc: 52.50, test_bacc: 46.00, test_f1: 41.32
Epoch:499, test_Acc: 52.50, test_bacc: 46.00, test_f1: 41.32
Epoch:500, test_Acc: 52.50, test_bacc: 46.00, test_f1: 41.32
Epoch:501, test_Acc: 52.50, test_bacc: 46.00, test_f1: 41.32
Epoch:502, test_Acc: 52.50, test_bacc: 46.00, test_f1: 41.32
Epoch:503, test_Acc: 52.50, test_bacc: 46.00, test_f1: 41.32
Epoch:504, test_Acc: 52.50, test_bacc: 46.00, test_f1: 41.32
Epoch:505, test_Acc: 52.50, test_bacc: 46.00, test_f1: 41.32
Epoch:506, test_Acc: 52.50, test_bacc: 46.00, test_f1: 41.32
Epoch:507, test_Acc: 52.50, test_bacc: 46.00, test_f1: 41.32
Epoch:508, test_Acc: 52.50, test_bacc: 46.00, test_f1: 41.32
Epoch:509, test_Acc: 52.50, test_bacc: 46.00, test_f1: 41.32
Epoch:510, test_Acc: 52.50, test_bacc: 46.00, test_f1: 41.32
Epoch:511, test_Acc: 52.50, test_bacc: 46.00, test_f1: 41.32
Epoch:512, test_Acc: 52.50, test_bacc: 46.00, test_f1: 41.32
Epoch:513, test_Acc: 52.50, test_bacc: 46.00, test_f1: 41.32
Epoch:514, test_Acc: 52.50, test_bacc: 46.00, test_f1: 41.32
Epoch:515, test_Acc: 52.50, test_bacc: 46.00, test_f1: 41.32
Epoch:516, test_Acc: 52.50, test_bacc: 46.00, test_f1: 41.32
Epoch:517, test_Acc: 52.50, test_bacc: 46.00, test_f1: 41.32
Epoch:518, test_Acc: 52.50, test_bacc: 46.00, test_f1: 41.32
Epoch:519, test_Acc: 52.50, test_bacc: 46.00, test_f1: 41.32
Epoch:520, test_Acc: 52.50, test_bacc: 46.00, test_f1: 41.32
Epoch:521, test_Acc: 52.50, test_bacc: 46.00, test_f1: 41.32
Epoch:522, test_Acc: 52.50, test_bacc: 46.00, test_f1: 41.32
Epoch:523, test_Acc: 52.50, test_bacc: 46.00, test_f1: 41.32
Epoch:524, test_Acc: 52.50, test_bacc: 46.00, test_f1: 41.32
Epoch:525, test_Acc: 52.50, test_bacc: 46.00, test_f1: 41.32
Epoch:526, test_Acc: 52.50, test_bacc: 46.00, test_f1: 41.32
Epoch:527, test_Acc: 52.50, test_bacc: 46.00, test_f1: 41.32
Epoch:528, test_Acc: 52.50, test_bacc: 46.00, test_f1: 41.32
Epoch:529, test_Acc: 52.50, test_bacc: 46.00, test_f1: 41.32
Epoch:530, test_Acc: 52.50, test_bacc: 46.00, test_f1: 41.32
Epoch:531, test_Acc: 52.50, test_bacc: 46.00, test_f1: 41.32
Epoch:532, test_Acc: 52.50, test_bacc: 46.00, test_f1: 41.32
Epoch:533, test_Acc: 52.50, test_bacc: 46.00, test_f1: 41.32
Epoch:534, test_Acc: 52.50, test_bacc: 46.00, test_f1: 41.32
Epoch:535, test_Acc: 52.50, test_bacc: 46.00, test_f1: 41.32
Epoch:536, test_Acc: 52.50, test_bacc: 46.00, test_f1: 41.32
Epoch:537, test_Acc: 52.50, test_bacc: 46.00, test_f1: 41.32
Epoch:538, test_Acc: 52.50, test_bacc: 46.00, test_f1: 41.32
Epoch:539, test_Acc: 52.50, test_bacc: 46.00, test_f1: 41.32
Epoch:540, test_Acc: 52.50, test_bacc: 46.00, test_f1: 41.32
Epoch:541, test_Acc: 52.50, test_bacc: 46.00, test_f1: 41.32
Epoch:542, test_Acc: 52.50, test_bacc: 46.00, test_f1: 41.32
Epoch:543, test_Acc: 52.50, test_bacc: 46.00, test_f1: 41.32
Epoch:544, test_Acc: 52.50, test_bacc: 46.00, test_f1: 41.32
Epoch:545, test_Acc: 52.50, test_bacc: 46.00, test_f1: 41.32
Epoch:546, test_Acc: 52.50, test_bacc: 46.00, test_f1: 41.32
Epoch:547, test_Acc: 52.50, test_bacc: 46.00, test_f1: 41.32
Epoch:548, test_Acc: 52.50, test_bacc: 46.00, test_f1: 41.32
Epoch:549, test_Acc: 52.50, test_bacc: 46.00, test_f1: 41.32
Epoch:550, test_Acc: 52.50, test_bacc: 46.00, test_f1: 41.32
Epoch:551, test_Acc: 52.50, test_bacc: 46.00, test_f1: 41.32
Epoch:552, test_Acc: 52.50, test_bacc: 46.00, test_f1: 41.32
Epoch:553, test_Acc: 52.50, test_bacc: 46.00, test_f1: 41.32
Epoch:554, test_Acc: 52.50, test_bacc: 46.00, test_f1: 41.32
Epoch:555, test_Acc: 52.50, test_bacc: 46.00, test_f1: 41.32
Epoch:556, test_Acc: 52.50, test_bacc: 46.00, test_f1: 41.32
Epoch:557, test_Acc: 52.50, test_bacc: 46.00, test_f1: 41.32
Epoch:558, test_Acc: 52.50, test_bacc: 46.00, test_f1: 41.32
Epoch:559, test_Acc: 52.50, test_bacc: 46.00, test_f1: 41.32
Epoch:560, test_Acc: 52.50, test_bacc: 46.00, test_f1: 41.32
Epoch:561, test_Acc: 52.50, test_bacc: 46.00, test_f1: 41.32
Epoch:562, test_Acc: 52.50, test_bacc: 46.00, test_f1: 41.32
Epoch:563, test_Acc: 52.50, test_bacc: 46.00, test_f1: 41.32
Epoch:564, test_Acc: 52.50, test_bacc: 46.00, test_f1: 41.32
Epoch:565, test_Acc: 52.50, test_bacc: 46.00, test_f1: 41.32
Early stop at epoch:  566
split: 0, test_Acc: 52.50, test_bacc: 46.00, test_f1: 41.32
/home/qj2004/magnet/src
Total time(all splits):  28559.234822511673
