cuda:0
Namespace(withAug=True, AugDirect=20, method_name='Cheb', seed=100, IsDirectedData=True, dataset='WikipediaNetwork/chameleon', undirect_dataset='CiteSeer', MakeImbalance=True, CustomizeMask=False, K=2, heads=8, log_root='../logs/', log_path='test', data_path='../dataset/data/tmp/', epochs=1500, num_filter=2, p_q=0.95, p_inter=0.1, dropout=0.0, debug=False, new_setting=False, layer=2, lr=0.005, l2=0.0005, to_undirected=False, alpha=0.1, randomseed=-1, imb_ratio=100, n_layer=2, feat_dim=64, warmup=5, epoch=900, tau=2, max=False, no_mask=False, gdc='ppr')
dataset is  WikipediaNetwork
Dataset is  WikipediaNetwork() 
Chosen from DirectedData:  True
Num of bidrected edges: 4680, total num of edges: 36101
This is directed graph:  True
data_x torch.Size([2277, 2325])
cuda:0
splits 10
0
cuda:0
Epoch:0, test_Acc: 20.61, test_bacc: 20.29, test_f1: 11.70
Epoch:1, test_Acc: 18.42, test_bacc: 18.43, test_f1: 11.54
Epoch:2, test_Acc: 18.42, test_bacc: 18.43, test_f1: 11.54
Epoch:3, test_Acc: 18.42, test_bacc: 18.43, test_f1: 11.54
Epoch:4, test_Acc: 18.42, test_bacc: 18.43, test_f1: 11.54
Epoch:5, test_Acc: 18.42, test_bacc: 18.43, test_f1: 11.54
Epoch:6, test_Acc: 18.42, test_bacc: 18.43, test_f1: 11.54
Epoch:7, test_Acc: 18.42, test_bacc: 18.43, test_f1: 11.54
Epoch:8, test_Acc: 18.42, test_bacc: 18.43, test_f1: 11.54
Epoch:9, test_Acc: 18.42, test_bacc: 18.43, test_f1: 11.54
Epoch:10, test_Acc: 18.42, test_bacc: 18.43, test_f1: 11.54
Epoch:11, test_Acc: 18.42, test_bacc: 18.43, test_f1: 11.54
Epoch:12, test_Acc: 18.42, test_bacc: 18.43, test_f1: 11.54
Epoch:13, test_Acc: 18.42, test_bacc: 18.43, test_f1: 11.54
Epoch:14, test_Acc: 18.42, test_bacc: 18.43, test_f1: 11.54
Epoch:15, test_Acc: 19.74, test_bacc: 21.28, test_f1: 9.13
Epoch:16, test_Acc: 20.61, test_bacc: 22.07, test_f1: 10.21
Epoch:17, test_Acc: 21.27, test_bacc: 22.61, test_f1: 11.02
Epoch:18, test_Acc: 22.81, test_bacc: 23.94, test_f1: 12.57
Epoch:19, test_Acc: 25.88, test_bacc: 26.68, test_f1: 15.10
Epoch:20, test_Acc: 27.85, test_bacc: 28.49, test_f1: 16.30
Epoch:21, test_Acc: 29.17, test_bacc: 29.62, test_f1: 16.99
Epoch:22, test_Acc: 30.26, test_bacc: 30.60, test_f1: 17.50
Epoch:23, test_Acc: 31.80, test_bacc: 31.98, test_f1: 18.38
Epoch:24, test_Acc: 33.33, test_bacc: 33.26, test_f1: 19.25
Epoch:25, test_Acc: 35.09, test_bacc: 34.78, test_f1: 20.10
Epoch:26, test_Acc: 35.53, test_bacc: 35.13, test_f1: 20.23
Epoch:27, test_Acc: 35.53, test_bacc: 35.13, test_f1: 20.23
Epoch:28, test_Acc: 35.53, test_bacc: 35.13, test_f1: 20.23
Epoch:29, test_Acc: 35.53, test_bacc: 35.13, test_f1: 20.23
Epoch:30, test_Acc: 35.53, test_bacc: 35.13, test_f1: 20.23
Epoch:31, test_Acc: 35.09, test_bacc: 34.27, test_f1: 20.58
Epoch:32, test_Acc: 34.65, test_bacc: 33.74, test_f1: 20.43
Epoch:33, test_Acc: 34.43, test_bacc: 33.41, test_f1: 20.26
Epoch:34, test_Acc: 34.43, test_bacc: 33.41, test_f1: 20.33
Epoch:35, test_Acc: 33.33, test_bacc: 32.20, test_f1: 19.63
Epoch:36, test_Acc: 33.33, test_bacc: 32.20, test_f1: 19.63
Epoch:37, test_Acc: 33.33, test_bacc: 32.20, test_f1: 19.63
Epoch:38, test_Acc: 33.33, test_bacc: 32.20, test_f1: 19.63
Epoch:39, test_Acc: 33.33, test_bacc: 32.20, test_f1: 19.63
Epoch:40, test_Acc: 33.33, test_bacc: 32.20, test_f1: 19.63
Epoch:41, test_Acc: 33.33, test_bacc: 32.20, test_f1: 19.63
Epoch:42, test_Acc: 33.33, test_bacc: 32.20, test_f1: 19.63
Epoch:43, test_Acc: 33.33, test_bacc: 32.20, test_f1: 19.63
Epoch:44, test_Acc: 33.33, test_bacc: 32.20, test_f1: 19.63
Epoch:45, test_Acc: 33.33, test_bacc: 32.20, test_f1: 19.63
Epoch:46, test_Acc: 33.33, test_bacc: 32.20, test_f1: 19.63
Epoch:47, test_Acc: 33.33, test_bacc: 32.20, test_f1: 19.63
Epoch:48, test_Acc: 33.33, test_bacc: 32.20, test_f1: 19.63
Epoch:49, test_Acc: 33.33, test_bacc: 32.20, test_f1: 19.63
Epoch:50, test_Acc: 33.33, test_bacc: 32.20, test_f1: 19.63
Epoch:51, test_Acc: 33.33, test_bacc: 32.20, test_f1: 19.63
Epoch:52, test_Acc: 33.33, test_bacc: 32.20, test_f1: 19.63
Epoch:53, test_Acc: 33.33, test_bacc: 32.20, test_f1: 19.63
Epoch:54, test_Acc: 33.33, test_bacc: 32.20, test_f1: 19.63
Epoch:55, test_Acc: 33.33, test_bacc: 32.20, test_f1: 19.63
Epoch:56, test_Acc: 33.33, test_bacc: 32.20, test_f1: 19.63
Epoch:57, test_Acc: 33.33, test_bacc: 32.20, test_f1: 19.63
Epoch:58, test_Acc: 33.33, test_bacc: 32.20, test_f1: 19.63
Epoch:59, test_Acc: 33.33, test_bacc: 32.20, test_f1: 19.63
Epoch:60, test_Acc: 33.33, test_bacc: 32.20, test_f1: 19.63
Epoch:61, test_Acc: 33.33, test_bacc: 32.20, test_f1: 19.63
Epoch:62, test_Acc: 33.33, test_bacc: 32.20, test_f1: 19.63
Epoch:63, test_Acc: 33.33, test_bacc: 32.20, test_f1: 19.63
Epoch:64, test_Acc: 33.33, test_bacc: 32.20, test_f1: 19.63
Epoch:65, test_Acc: 33.33, test_bacc: 32.20, test_f1: 19.63
Epoch:66, test_Acc: 33.33, test_bacc: 32.20, test_f1: 19.63
Epoch:67, test_Acc: 33.33, test_bacc: 32.20, test_f1: 19.63
Epoch:68, test_Acc: 33.33, test_bacc: 32.20, test_f1: 19.63
Epoch:69, test_Acc: 33.33, test_bacc: 32.20, test_f1: 19.63
Epoch:70, test_Acc: 33.33, test_bacc: 32.20, test_f1: 19.63
Epoch:71, test_Acc: 33.33, test_bacc: 32.20, test_f1: 19.63
Epoch:72, test_Acc: 33.33, test_bacc: 32.20, test_f1: 19.63
Epoch:73, test_Acc: 33.33, test_bacc: 32.20, test_f1: 19.63
Epoch:74, test_Acc: 33.33, test_bacc: 32.20, test_f1: 19.63
Epoch:75, test_Acc: 33.33, test_bacc: 32.20, test_f1: 19.63
Epoch:76, test_Acc: 33.33, test_bacc: 32.20, test_f1: 19.63
Epoch:77, test_Acc: 33.33, test_bacc: 32.20, test_f1: 19.63
Epoch:78, test_Acc: 33.33, test_bacc: 32.20, test_f1: 19.63
Epoch:79, test_Acc: 33.33, test_bacc: 32.20, test_f1: 19.63
Epoch:80, test_Acc: 33.33, test_bacc: 32.20, test_f1: 19.63
Epoch:81, test_Acc: 33.33, test_bacc: 32.20, test_f1: 19.63
Epoch:82, test_Acc: 33.33, test_bacc: 32.20, test_f1: 19.63
Epoch:83, test_Acc: 33.33, test_bacc: 32.20, test_f1: 19.63
Epoch:84, test_Acc: 33.33, test_bacc: 32.20, test_f1: 19.63
Epoch:85, test_Acc: 33.33, test_bacc: 32.20, test_f1: 19.63
Epoch:86, test_Acc: 33.33, test_bacc: 32.20, test_f1: 19.63
Epoch:87, test_Acc: 33.33, test_bacc: 32.20, test_f1: 19.63
Epoch:88, test_Acc: 33.33, test_bacc: 32.20, test_f1: 19.63
Epoch:89, test_Acc: 33.33, test_bacc: 32.20, test_f1: 19.63
Epoch:90, test_Acc: 33.33, test_bacc: 32.20, test_f1: 19.63
Epoch:91, test_Acc: 33.33, test_bacc: 32.20, test_f1: 19.63
Epoch:92, test_Acc: 33.33, test_bacc: 32.20, test_f1: 19.63
Epoch:93, test_Acc: 33.33, test_bacc: 32.20, test_f1: 19.63
Epoch:94, test_Acc: 33.33, test_bacc: 32.20, test_f1: 19.63
Epoch:95, test_Acc: 33.33, test_bacc: 32.20, test_f1: 19.63
Epoch:96, test_Acc: 33.33, test_bacc: 32.20, test_f1: 19.63
Epoch:97, test_Acc: 33.33, test_bacc: 32.20, test_f1: 19.63
Epoch:98, test_Acc: 33.33, test_bacc: 32.20, test_f1: 19.63
Epoch:99, test_Acc: 33.33, test_bacc: 32.20, test_f1: 19.63
Epoch:100, test_Acc: 33.33, test_bacc: 32.20, test_f1: 19.63
Epoch:101, test_Acc: 33.33, test_bacc: 32.20, test_f1: 19.63
Epoch:102, test_Acc: 33.33, test_bacc: 32.20, test_f1: 19.63
Epoch:103, test_Acc: 33.33, test_bacc: 32.20, test_f1: 19.63
Epoch:104, test_Acc: 33.33, test_bacc: 32.20, test_f1: 19.63
Epoch:105, test_Acc: 33.33, test_bacc: 32.20, test_f1: 19.63
Epoch:106, test_Acc: 33.33, test_bacc: 32.20, test_f1: 19.63
Epoch:107, test_Acc: 33.33, test_bacc: 32.20, test_f1: 19.63
Epoch:108, test_Acc: 33.33, test_bacc: 32.20, test_f1: 19.63
Epoch:109, test_Acc: 33.33, test_bacc: 32.20, test_f1: 19.63
Epoch:110, test_Acc: 33.33, test_bacc: 32.20, test_f1: 19.63
Epoch:111, test_Acc: 33.33, test_bacc: 32.20, test_f1: 19.63
Epoch:112, test_Acc: 33.33, test_bacc: 32.20, test_f1: 19.63
Epoch:113, test_Acc: 33.33, test_bacc: 32.20, test_f1: 19.63
Epoch:114, test_Acc: 33.33, test_bacc: 32.20, test_f1: 19.63
Epoch:115, test_Acc: 33.33, test_bacc: 32.20, test_f1: 19.63
Epoch:116, test_Acc: 33.33, test_bacc: 32.20, test_f1: 19.63
Epoch:117, test_Acc: 33.33, test_bacc: 32.20, test_f1: 19.63
Epoch:118, test_Acc: 33.33, test_bacc: 32.20, test_f1: 19.63
Epoch:119, test_Acc: 33.33, test_bacc: 32.20, test_f1: 19.63
Epoch:120, test_Acc: 33.33, test_bacc: 32.20, test_f1: 19.63
Epoch:121, test_Acc: 33.33, test_bacc: 32.20, test_f1: 19.63
Epoch:122, test_Acc: 33.33, test_bacc: 32.20, test_f1: 19.63
Epoch:123, test_Acc: 33.33, test_bacc: 32.20, test_f1: 19.63
Epoch:124, test_Acc: 33.33, test_bacc: 32.20, test_f1: 19.63
Epoch:125, test_Acc: 33.33, test_bacc: 32.20, test_f1: 19.63
Epoch:126, test_Acc: 33.33, test_bacc: 32.20, test_f1: 19.63
Epoch:127, test_Acc: 33.33, test_bacc: 32.20, test_f1: 19.63
Epoch:128, test_Acc: 33.33, test_bacc: 32.20, test_f1: 19.63
Epoch:129, test_Acc: 33.33, test_bacc: 32.20, test_f1: 19.63
Epoch:130, test_Acc: 33.33, test_bacc: 32.20, test_f1: 19.63
Epoch:131, test_Acc: 33.33, test_bacc: 32.20, test_f1: 19.63
Epoch:132, test_Acc: 33.33, test_bacc: 32.20, test_f1: 19.63
Epoch:133, test_Acc: 33.33, test_bacc: 32.20, test_f1: 19.63
Epoch:134, test_Acc: 33.33, test_bacc: 32.20, test_f1: 19.63
Epoch:135, test_Acc: 33.33, test_bacc: 32.20, test_f1: 19.63
Epoch:136, test_Acc: 33.33, test_bacc: 32.20, test_f1: 19.63
Epoch:137, test_Acc: 33.33, test_bacc: 32.20, test_f1: 19.63
Epoch:138, test_Acc: 33.33, test_bacc: 32.20, test_f1: 19.63
Epoch:139, test_Acc: 33.33, test_bacc: 32.20, test_f1: 19.63
Epoch:140, test_Acc: 33.33, test_bacc: 32.20, test_f1: 19.63
Epoch:141, test_Acc: 33.33, test_bacc: 32.20, test_f1: 19.63
Epoch:142, test_Acc: 33.33, test_bacc: 32.20, test_f1: 19.63
Epoch:143, test_Acc: 33.33, test_bacc: 32.20, test_f1: 19.63
Epoch:144, test_Acc: 33.33, test_bacc: 32.20, test_f1: 19.63
Epoch:145, test_Acc: 33.33, test_bacc: 32.20, test_f1: 19.63
Epoch:146, test_Acc: 33.33, test_bacc: 32.20, test_f1: 19.63
Epoch:147, test_Acc: 33.33, test_bacc: 32.20, test_f1: 19.63
Epoch:148, test_Acc: 33.33, test_bacc: 32.20, test_f1: 19.63
Epoch:149, test_Acc: 33.33, test_bacc: 32.20, test_f1: 19.63
Epoch:150, test_Acc: 33.33, test_bacc: 32.20, test_f1: 19.63
Epoch:151, test_Acc: 33.33, test_bacc: 32.20, test_f1: 19.63
Epoch:152, test_Acc: 33.33, test_bacc: 32.20, test_f1: 19.63
Epoch:153, test_Acc: 33.33, test_bacc: 32.20, test_f1: 19.63
Epoch:154, test_Acc: 33.33, test_bacc: 32.20, test_f1: 19.63
Epoch:155, test_Acc: 33.33, test_bacc: 32.20, test_f1: 19.63
Epoch:156, test_Acc: 33.33, test_bacc: 32.20, test_f1: 19.63
Epoch:157, test_Acc: 33.33, test_bacc: 32.20, test_f1: 19.63
Epoch:158, test_Acc: 33.33, test_bacc: 32.20, test_f1: 19.63
Epoch:159, test_Acc: 33.33, test_bacc: 32.20, test_f1: 19.63
Epoch:160, test_Acc: 33.33, test_bacc: 32.20, test_f1: 19.63
Epoch:161, test_Acc: 33.33, test_bacc: 32.20, test_f1: 19.63
Epoch:162, test_Acc: 33.33, test_bacc: 32.20, test_f1: 19.63
Epoch:163, test_Acc: 33.33, test_bacc: 32.20, test_f1: 19.63
Epoch:164, test_Acc: 33.33, test_bacc: 32.20, test_f1: 19.63
Epoch:165, test_Acc: 34.65, test_bacc: 33.76, test_f1: 19.99
Epoch:166, test_Acc: 34.65, test_bacc: 33.76, test_f1: 19.99
Epoch:167, test_Acc: 34.65, test_bacc: 33.76, test_f1: 19.99
Epoch:168, test_Acc: 34.65, test_bacc: 33.76, test_f1: 19.99
Epoch:169, test_Acc: 34.65, test_bacc: 33.76, test_f1: 19.99
Epoch:170, test_Acc: 34.65, test_bacc: 33.76, test_f1: 19.99
Epoch:171, test_Acc: 34.65, test_bacc: 33.76, test_f1: 19.99
Epoch:172, test_Acc: 34.65, test_bacc: 33.76, test_f1: 19.99
Epoch:173, test_Acc: 34.65, test_bacc: 33.76, test_f1: 19.99
Epoch:174, test_Acc: 34.65, test_bacc: 33.76, test_f1: 19.99
Epoch:175, test_Acc: 34.65, test_bacc: 33.76, test_f1: 19.99
Epoch:176, test_Acc: 34.65, test_bacc: 33.76, test_f1: 19.99
Epoch:177, test_Acc: 34.65, test_bacc: 33.76, test_f1: 19.99
Epoch:178, test_Acc: 34.65, test_bacc: 33.76, test_f1: 19.99
Epoch:179, test_Acc: 34.65, test_bacc: 33.76, test_f1: 19.99
Epoch:180, test_Acc: 34.65, test_bacc: 33.76, test_f1: 19.99
Epoch:181, test_Acc: 34.65, test_bacc: 33.76, test_f1: 19.99
Epoch:182, test_Acc: 34.65, test_bacc: 33.76, test_f1: 19.99
Epoch:183, test_Acc: 34.65, test_bacc: 33.76, test_f1: 19.99
Epoch:184, test_Acc: 34.65, test_bacc: 33.76, test_f1: 19.99
Epoch:185, test_Acc: 34.65, test_bacc: 33.76, test_f1: 19.99
Epoch:186, test_Acc: 34.65, test_bacc: 33.76, test_f1: 19.99
Epoch:187, test_Acc: 34.65, test_bacc: 33.76, test_f1: 19.99
Epoch:188, test_Acc: 34.65, test_bacc: 33.76, test_f1: 19.99
Epoch:189, test_Acc: 34.65, test_bacc: 33.76, test_f1: 19.99
Epoch:190, test_Acc: 34.65, test_bacc: 33.76, test_f1: 19.99
Epoch:191, test_Acc: 34.65, test_bacc: 33.76, test_f1: 19.99
Epoch:192, test_Acc: 34.65, test_bacc: 33.76, test_f1: 19.99
Epoch:193, test_Acc: 34.65, test_bacc: 33.76, test_f1: 19.99
Epoch:194, test_Acc: 34.87, test_bacc: 34.00, test_f1: 20.02
Epoch:195, test_Acc: 34.87, test_bacc: 34.00, test_f1: 20.02
Epoch:196, test_Acc: 34.87, test_bacc: 34.00, test_f1: 20.02
Epoch:197, test_Acc: 34.87, test_bacc: 34.00, test_f1: 20.02
Epoch:198, test_Acc: 34.87, test_bacc: 34.00, test_f1: 20.02
Epoch:199, test_Acc: 34.87, test_bacc: 34.00, test_f1: 20.02
Epoch:200, test_Acc: 34.87, test_bacc: 34.00, test_f1: 20.02
Epoch:201, test_Acc: 34.87, test_bacc: 34.00, test_f1: 20.02
Epoch:202, test_Acc: 34.87, test_bacc: 34.00, test_f1: 20.02
Epoch:203, test_Acc: 34.87, test_bacc: 34.00, test_f1: 20.02
Epoch:204, test_Acc: 34.87, test_bacc: 34.00, test_f1: 20.02
Epoch:205, test_Acc: 34.87, test_bacc: 34.00, test_f1: 20.02
Epoch:206, test_Acc: 34.87, test_bacc: 34.00, test_f1: 20.02
Epoch:207, test_Acc: 34.87, test_bacc: 34.00, test_f1: 20.02
Epoch:208, test_Acc: 34.87, test_bacc: 34.00, test_f1: 20.02
Epoch:209, test_Acc: 34.87, test_bacc: 34.00, test_f1: 20.02
Traceback (most recent call last):
  File "/home/qj2004/magnet/src/GNNChangeTrainTest.py", line 514, in <module>
    main(args)
  File "/home/qj2004/magnet/src/GNNChangeTrainTest.py", line 402, in main
    book = load_workbook(excel_file_path)
  File "/home/qj2004/.conda/envs/myenv/lib/python3.10/site-packages/openpyxl/reader/excel.py", line 344, in load_workbook
    reader = ExcelReader(filename, read_only, keep_vba,
  File "/home/qj2004/.conda/envs/myenv/lib/python3.10/site-packages/openpyxl/reader/excel.py", line 123, in __init__
    self.archive = _validate_archive(fn)
  File "/home/qj2004/.conda/envs/myenv/lib/python3.10/site-packages/openpyxl/reader/excel.py", line 95, in _validate_archive
    archive = ZipFile(filename, 'r')
  File "/home/qj2004/.conda/envs/myenv/lib/python3.10/zipfile.py", line 1269, in __init__
    self._RealGetContents()
  File "/home/qj2004/.conda/envs/myenv/lib/python3.10/zipfile.py", line 1336, in _RealGetContents
    raise BadZipFile("File is not a zip file")
zipfile.BadZipFile: File is not a zip file
